2025-12-15 10:38:10.725 [main] WARN  com.alibaba.nacos.client.logging.NacosLogging - Load Logback Configuration of Nacos fail, message: Could not initialize Logback Nacos logging from classpath:nacos-logback.xml
2025-12-15 10:38:10.789 [main] WARN  com.alibaba.nacos.client.logging.NacosLogging - Load Logback Configuration of Nacos fail, message: Could not initialize Logback Nacos logging from classpath:nacos-logback.xml
2025-12-15 10:38:11.184 [main] WARN  com.alibaba.nacos.client.logging.NacosLogging - Load Logback Configuration of Nacos fail, message: Could not initialize Logback Nacos logging from classpath:nacos-logback.xml
2025-12-15 10:38:11.201 [main] WARN  com.alibaba.nacos.client.logging.NacosLogging - Load Logback Configuration of Nacos fail, message: Could not initialize Logback Nacos logging from classpath:nacos-logback.xml
2025-12-15 10:38:11.202 [main] INFO  c.q.XiaohashuDistributedIdGeneratorApplication - The following 1 profile is active: "dev"
2025-12-15 10:38:11.933 [main] INFO  o.springframework.cloud.context.scope.GenericScope - BeanFactory id=0f0d0129-a988-3a23-933a-587241c9e5e0
2025-12-15 10:38:12.174 [main] INFO  o.s.boot.web.embedded.tomcat.TomcatWebServer - Tomcat initialized with port(s): 8085 (http)
2025-12-15 10:38:12.182 [main] INFO  org.apache.catalina.core.StandardService - Starting service [Tomcat]
2025-12-15 10:38:12.182 [main] INFO  org.apache.catalina.core.StandardEngine - Starting Servlet engine: [Apache Tomcat/10.1.5]
2025-12-15 10:38:12.251 [main] INFO  o.a.c.core.ContainerBase.[Tomcat].[localhost].[/] - Initializing Spring embedded WebApplicationContext
2025-12-15 10:38:12.251 [main] INFO  o.s.b.w.s.c.ServletWebServerApplicationContext - Root WebApplicationContext: initialization completed in 1038 ms
2025-12-15 10:38:12.368 [main] INFO  com.alibaba.druid.pool.DruidDataSource - {dataSource-1} inited
2025-12-15 10:38:12.420 [main] INFO  c.q.x.d.id.generator.core.segment.SegmentIDGenImpl - Init ...
2025-12-15 10:38:12.421 [main] INFO  c.q.x.d.id.generator.core.segment.SegmentIDGenImpl - update cache from db
2025-12-15 10:38:12.573 [main] INFO  c.q.x.d.id.generator.core.segment.SegmentIDGenImpl - Add tag leaf-segment-test from db to IdCache, SegmentBuffer SegmentBuffer{key='leaf-segment-test', segments=[Segment(value:0,max:0,step:0), Segment(value:0,max:0,step:0)], currentPos=0, nextReady=false, initOk=false, threadRunning=false, step=0, minStep=0, updateTimestamp=0}
2025-12-15 10:38:12.573 [main] INFO  c.q.x.d.id.generator.core.segment.SegmentIDGenImpl - Add tag leaf-segment-user-id from db to IdCache, SegmentBuffer SegmentBuffer{key='leaf-segment-user-id', segments=[Segment(value:0,max:0,step:0), Segment(value:0,max:0,step:0)], currentPos=0, nextReady=false, initOk=false, threadRunning=false, step=0, minStep=0, updateTimestamp=0}
2025-12-15 10:38:12.573 [main] INFO  c.q.x.d.id.generator.core.segment.SegmentIDGenImpl - Add tag leaf-segment-xiaohashu-id from db to IdCache, SegmentBuffer SegmentBuffer{key='leaf-segment-xiaohashu-id', segments=[Segment(value:0,max:0,step:0), Segment(value:0,max:0,step:0)], currentPos=0, nextReady=false, initOk=false, threadRunning=false, step=0, minStep=0, updateTimestamp=0}
2025-12-15 10:38:12.573 [main] INFO  org.perf4j.TimingLogger - start[1765766292421] time[152] tag[updateCacheFromDb]
2025-12-15 10:38:12.574 [main] INFO  c.q.x.d.id.generator.service.SegmentService - Segment Service Init Successfully
2025-12-15 10:38:12.591 [main] INFO  c.q.x.d.i.g.core.snowflake.SnowflakeIDGenImpl - twepoch:1288834974657 ,ip:172.28.129.13 ,zkAddress:192.168.88.101:2181 port:2222
2025-12-15 10:38:12.656 [main] WARN  org.apache.curator.CuratorZookeeperClient - session timeout [6000] is less than connection timeout [10000]
2025-12-15 10:38:12.673 [main] INFO  o.a.curator.framework.imps.CuratorFrameworkImpl - Starting
2025-12-15 10:38:12.679 [main] INFO  org.apache.zookeeper.ZooKeeper - Client environment:zookeeper.version=3.6.0--b4c89dc7f6083829e18fae6e446907ae0b1f22d7, built on 02/25/2020 14:38 GMT
2025-12-15 10:38:12.680 [main] INFO  org.apache.zookeeper.ZooKeeper - Client environment:host.name=DESKTOP-HH7TJVB
2025-12-15 10:38:12.680 [main] INFO  org.apache.zookeeper.ZooKeeper - Client environment:java.version=17.0.12
2025-12-15 10:38:12.680 [main] INFO  org.apache.zookeeper.ZooKeeper - Client environment:java.vendor=Oracle Corporation
2025-12-15 10:38:12.680 [main] INFO  org.apache.zookeeper.ZooKeeper - Client environment:java.home=D:\work\JavaJdks
2025-12-15 10:38:12.680 [main] INFO  org.apache.zookeeper.ZooKeeper - Client environment:java.class.path=D:\data\java\xiaohashu\xiaohashu-distributed-id-generator\xiaohashu-distributed-id-generator-biz\target\classes;D:\data\java\xiaohashu\xiaoha-framework\xiaoha-common\target\classes;D:\work\maven-repo\org\projectlombok\lombok\1.18.30\lombok-1.18.30.jar;D:\work\maven-repo\com\fasterxml\jackson\core\jackson-databind\2.16.1\jackson-databind-2.16.1.jar;D:\work\maven-repo\com\fasterxml\jackson\core\jackson-annotations\2.14.1\jackson-annotations-2.14.1.jar;D:\work\maven-repo\com\fasterxml\jackson\core\jackson-core\2.16.1\jackson-core-2.16.1.jar;D:\work\maven-repo\jakarta\validation\jakarta.validation-api\3.0.2\jakarta.validation-api-3.0.2.jar;D:\work\maven-repo\org\hibernate\validator\hibernate-validator\8.0.0.Final\hibernate-validator-8.0.0.Final.jar;D:\work\maven-repo\org\jboss\logging\jboss-logging\3.5.0.Final\jboss-logging-3.5.0.Final.jar;D:\work\maven-repo\com\fasterxml\classmate\1.5.1\classmate-1.5.1.jar;D:\work\maven-repo\com\fasterxml\jackson\datatype\jackson-datatype-jsr310\2.14.1\jackson-datatype-jsr310-2.14.1.jar;D:\work\maven-repo\org\apache\commons\commons-lang3\3.12.0\commons-lang3-3.12.0.jar;D:\work\maven-repo\org\springframework\boot\spring-boot-starter-web\3.0.2\spring-boot-starter-web-3.0.2.jar;D:\work\maven-repo\org\springframework\boot\spring-boot-starter\3.0.2\spring-boot-starter-3.0.2.jar;D:\work\maven-repo\org\springframework\boot\spring-boot\3.0.2\spring-boot-3.0.2.jar;D:\work\maven-repo\org\springframework\boot\spring-boot-autoconfigure\3.0.2\spring-boot-autoconfigure-3.0.2.jar;D:\work\maven-repo\org\springframework\boot\spring-boot-starter-logging\3.0.2\spring-boot-starter-logging-3.0.2.jar;D:\work\maven-repo\ch\qos\logback\logback-classic\1.4.5\logback-classic-1.4.5.jar;D:\work\maven-repo\ch\qos\logback\logback-core\1.4.5\logback-core-1.4.5.jar;D:\work\maven-repo\org\apache\logging\log4j\log4j-to-slf4j\2.19.0\log4j-to-slf4j-2.19.0.jar;D:\work\maven-repo\org\apache\logging\log4j\log4j-api\2.19.0\log4j-api-2.19.0.jar;D:\work\maven-repo\org\slf4j\jul-to-slf4j\2.0.6\jul-to-slf4j-2.0.6.jar;D:\work\maven-repo\jakarta\annotation\jakarta.annotation-api\2.1.1\jakarta.annotation-api-2.1.1.jar;D:\work\maven-repo\org\yaml\snakeyaml\1.33\snakeyaml-1.33.jar;D:\work\maven-repo\org\springframework\boot\spring-boot-starter-json\3.0.2\spring-boot-starter-json-3.0.2.jar;D:\work\maven-repo\com\fasterxml\jackson\datatype\jackson-datatype-jdk8\2.14.1\jackson-datatype-jdk8-2.14.1.jar;D:\work\maven-repo\com\fasterxml\jackson\module\jackson-module-parameter-names\2.14.1\jackson-module-parameter-names-2.14.1.jar;D:\work\maven-repo\org\springframework\boot\spring-boot-starter-tomcat\3.0.2\spring-boot-starter-tomcat-3.0.2.jar;D:\work\maven-repo\org\apache\tomcat\embed\tomcat-embed-core\10.1.5\tomcat-embed-core-10.1.5.jar;D:\work\maven-repo\org\apache\tomcat\embed\tomcat-embed-el\10.1.5\tomcat-embed-el-10.1.5.jar;D:\work\maven-repo\org\apache\tomcat\embed\tomcat-embed-websocket\10.1.5\tomcat-embed-websocket-10.1.5.jar;D:\work\maven-repo\org\springframework\spring-web\6.0.4\spring-web-6.0.4.jar;D:\work\maven-repo\org\springframework\spring-beans\6.0.4\spring-beans-6.0.4.jar;D:\work\maven-repo\io\micrometer\micrometer-observation\1.10.3\micrometer-observation-1.10.3.jar;D:\work\maven-repo\io\micrometer\micrometer-commons\1.10.3\micrometer-commons-1.10.3.jar;D:\work\maven-repo\org\springframework\spring-webmvc\6.0.4\spring-webmvc-6.0.4.jar;D:\work\maven-repo\org\springframework\spring-aop\6.0.4\spring-aop-6.0.4.jar;D:\work\maven-repo\org\springframework\spring-context\6.0.4\spring-context-6.0.4.jar;D:\work\maven-repo\org\springframework\spring-expression\6.0.4\spring-expression-6.0.4.jar;D:\work\maven-repo\org\slf4j\slf4j-api\2.0.6\slf4j-api-2.0.6.jar;D:\work\maven-repo\org\springframework\spring-core\6.0.4\spring-core-6.0.4.jar;D:\work\maven-repo\org\springframework\spring-jcl\6.0.4\spring-jcl-6.0.4.jar;D:\work\maven-repo\org\springframework\cloud\spring-cloud-starter-bootstrap\4.0.0\spring-cloud-starter-bootstrap-4.0.0.jar;D:\work\maven-repo\org\springframework\cloud\spring-cloud-starter\4.0.0\spring-cloud-starter-4.0.0.jar;D:\work\maven-repo\org\springframework\security\spring-security-rsa\1.0.11.RELEASE\spring-security-rsa-1.0.11.RELEASE.jar;D:\work\maven-repo\org\bouncycastle\bcpkix-jdk15on\1.69\bcpkix-jdk15on-1.69.jar;D:\work\maven-repo\org\bouncycastle\bcprov-jdk15on\1.69\bcprov-jdk15on-1.69.jar;D:\work\maven-repo\org\bouncycastle\bcutil-jdk15on\1.69\bcutil-jdk15on-1.69.jar;D:\work\maven-repo\com\alibaba\cloud\spring-cloud-starter-alibaba-nacos-discovery\2022.0.0.0\spring-cloud-starter-alibaba-nacos-discovery-2022.0.0.0.jar;D:\work\maven-repo\com\alibaba\cloud\spring-cloud-alibaba-commons\2022.0.0.0\spring-cloud-alibaba-commons-2022.0.0.0.jar;D:\work\maven-repo\com\alibaba\nacos\nacos-client\2.2.1\nacos-client-2.2.1.jar;D:\work\maven-repo\com\alibaba\nacos\nacos-auth-plugin\2.2.1\nacos-auth-plugin-2.2.1.jar;D:\work\maven-repo\com\alibaba\nacos\nacos-encryption-plugin\2.2.1\nacos-encryption-plugin-2.2.1.jar;D:\work\maven-repo\commons-codec\commons-codec\1.15\commons-codec-1.15.jar;D:\work\maven-repo\org\apache\httpcomponents\httpasyncclient\4.1.5\httpasyncclient-4.1.5.jar;D:\work\maven-repo\org\apache\httpcomponents\httpcore\4.4.16\httpcore-4.4.16.jar;D:\work\maven-repo\org\apache\httpcomponents\httpcore-nio\4.4.16\httpcore-nio-4.4.16.jar;D:\work\maven-repo\org\apache\httpcomponents\httpclient\4.5.14\httpclient-4.5.14.jar;D:\work\maven-repo\io\prometheus\simpleclient\0.16.0\simpleclient-0.16.0.jar;D:\work\maven-repo\io\prometheus\simpleclient_tracer_otel\0.16.0\simpleclient_tracer_otel-0.16.0.jar;D:\work\maven-repo\io\prometheus\simpleclient_tracer_common\0.16.0\simpleclient_tracer_common-0.16.0.jar;D:\work\maven-repo\io\prometheus\simpleclient_tracer_otel_agent\0.16.0\simpleclient_tracer_otel_agent-0.16.0.jar;D:\work\maven-repo\com\alibaba\spring\spring-context-support\1.0.11\spring-context-support-1.0.11.jar;D:\work\maven-repo\org\springframework\cloud\spring-cloud-commons\4.0.0\spring-cloud-commons-4.0.0.jar;D:\work\maven-repo\org\springframework\security\spring-security-crypto\6.0.1\spring-security-crypto-6.0.1.jar;D:\work\maven-repo\org\springframework\cloud\spring-cloud-context\4.0.0\spring-cloud-context-4.0.0.jar;D:\work\maven-repo\commons-io\commons-io\2.4\commons-io-2.4.jar;D:\work\maven-repo\org\perf4j\perf4j\0.9.16\perf4j-0.9.16.jar;D:\work\maven-repo\mysql\mysql-connector-java\8.0.29\mysql-connector-java-8.0.29.jar;D:\work\maven-repo\com\google\protobuf\protobuf-java\3.19.4\protobuf-java-3.19.4.jar;D:\work\maven-repo\com\alibaba\druid\1.0.18\druid-1.0.18.jar;D:\work\maven-repo\org\mybatis\mybatis\3.3.0\mybatis-3.3.0.jar;D:\work\maven-repo\org\apache\curator\curator-recipes\2.6.0\curator-recipes-2.6.0.jar;D:\work\maven-repo\org\apache\curator\curator-framework\5.1.0\curator-framework-5.1.0.jar;D:\work\maven-repo\org\apache\curator\curator-client\5.1.0\curator-client-5.1.0.jar;D:\work\maven-repo\com\google\guava\guava\33.0.0-jre\guava-33.0.0-jre.jar;D:\work\maven-repo\com\google\guava\failureaccess\1.0.2\failureaccess-1.0.2.jar;D:\work\maven-repo\com\google\guava\listenablefuture\9999.0-empty-to-avoid-conflict-with-guava\listenablefuture-9999.0-empty-to-avoid-conflict-with-guava.jar;D:\work\maven-repo\com\google\code\findbugs\jsr305\3.0.2\jsr305-3.0.2.jar;D:\work\maven-repo\org\checkerframework\checker-qual\3.41.0\checker-qual-3.41.0.jar;D:\work\maven-repo\com\google\errorprone\error_prone_annotations\2.23.0\error_prone_annotations-2.23.0.jar;D:\work\maven-repo\com\google\j2objc\j2objc-annotations\2.8\j2objc-annotations-2.8.jar;D:\work\maven-repo\org\apache\zookeeper\zookeeper\3.6.0\zookeeper-3.6.0.jar;D:\work\maven-repo\commons-lang\commons-lang\2.6\commons-lang-2.6.jar;D:\work\maven-repo\org\apache\zookeeper\zookeeper-jute\3.6.0\zookeeper-jute-3.6.0.jar;D:\work\maven-repo\org\apache\yetus\audience-annotations\0.5.0\audience-annotations-0.5.0.jar;D:\work\maven-repo\io\netty\netty-handler\4.1.87.Final\netty-handler-4.1.87.Final.jar;D:\work\maven-repo\io\netty\netty-common\4.1.87.Final\netty-common-4.1.87.Final.jar;D:\work\maven-repo\io\netty\netty-resolver\4.1.87.Final\netty-resolver-4.1.87.Final.jar;D:\work\maven-repo\io\netty\netty-buffer\4.1.87.Final\netty-buffer-4.1.87.Final.jar;D:\work\maven-repo\io\netty\netty-transport\4.1.87.Final\netty-transport-4.1.87.Final.jar;D:\work\maven-repo\io\netty\netty-transport-native-unix-common\4.1.87.Final\netty-transport-native-unix-common-4.1.87.Final.jar;D:\work\maven-repo\io\netty\netty-codec\4.1.87.Final\netty-codec-4.1.87.Final.jar;D:\work\maven-repo\io\netty\netty-transport-native-epoll\4.1.87.Final\netty-transport-native-epoll-4.1.87.Final.jar;D:\work\maven-repo\io\netty\netty-transport-classes-epoll\4.1.87.Final\netty-transport-classes-epoll-4.1.87.Final.jar
2025-12-15 10:38:12.680 [main] INFO  org.apache.zookeeper.ZooKeeper - Client environment:java.library.path=D:\work\JavaJdks\bin;C:\Windows\Sun\Java\bin;C:\Windows\system32;C:\Windows;C:\Program Files\Common Files\Oracle\Java\javapath;C:\Program Files (x86)\Common Files\Oracle\Java\java8path;C:\Program Files (x86)\Common Files\Oracle\Java\javapath;C:\Windows\system32;C:\Windows;C:\Windows\System32\Wbem;C:\Windows\System32\WindowsPowerShell\v1.0\;C:\Windows\System32\OpenSSH\;C:\Program Files (x86)\NVIDIA Corporation\PhysX\Common;C:\Program Files\NVIDIA Corporation\NVIDIA App\NvDLISR;%MAVEN_HOME%\bin;D:\work\Git\cmd;C:\Program Files\MySQL\MySQL Shell 8.0\bin\;C:\Users\LeeShuchen\AppData\Local\Microsoft\WindowsApps;D:\work\Pycharm\bin;D:\work\Code\bin;D:\work\maven\apache-maven-3.8.9\bin;D:\work\Idea\bin;D:\work\DataGrip\bin;D:\work\redis;;.
2025-12-15 10:38:12.680 [main] INFO  org.apache.zookeeper.ZooKeeper - Client environment:java.io.tmpdir=C:\Users\LEESHU~1\AppData\Local\Temp\
2025-12-15 10:38:12.680 [main] INFO  org.apache.zookeeper.ZooKeeper - Client environment:java.compiler=<NA>
2025-12-15 10:38:12.680 [main] INFO  org.apache.zookeeper.ZooKeeper - Client environment:os.name=Windows 11
2025-12-15 10:38:12.680 [main] INFO  org.apache.zookeeper.ZooKeeper - Client environment:os.arch=amd64
2025-12-15 10:38:12.680 [main] INFO  org.apache.zookeeper.ZooKeeper - Client environment:os.version=10.0
2025-12-15 10:38:12.680 [main] INFO  org.apache.zookeeper.ZooKeeper - Client environment:user.name=LeeShuchen
2025-12-15 10:38:12.680 [main] INFO  org.apache.zookeeper.ZooKeeper - Client environment:user.home=C:\Users\LeeShuchen
2025-12-15 10:38:12.680 [main] INFO  org.apache.zookeeper.ZooKeeper - Client environment:user.dir=D:\data\java\xiaohashu
2025-12-15 10:38:12.680 [main] INFO  org.apache.zookeeper.ZooKeeper - Client environment:os.memory.free=60MB
2025-12-15 10:38:12.680 [main] INFO  org.apache.zookeeper.ZooKeeper - Client environment:os.memory.max=3898MB
2025-12-15 10:38:12.680 [main] INFO  org.apache.zookeeper.ZooKeeper - Client environment:os.memory.total=88MB
2025-12-15 10:38:12.684 [main] INFO  org.apache.zookeeper.ZooKeeper - Initiating client connection, connectString=192.168.88.101:2181 sessionTimeout=6000 watcher=org.apache.curator.ConnectionState@7ed49a7f
2025-12-15 10:38:12.688 [main] INFO  org.apache.zookeeper.common.X509Util - Setting -D jdk.tls.rejectClientInitiatedRenegotiation=true to disable client-initiated TLS renegotiation
2025-12-15 10:38:12.697 [main] INFO  org.apache.zookeeper.ClientCnxnSocket - jute.maxbuffer value is 1048575 Bytes
2025-12-15 10:38:12.703 [main] INFO  org.apache.zookeeper.ClientCnxn - zookeeper.request.timeout value is 0. feature enabled=false
2025-12-15 10:38:12.709 [main] INFO  o.a.curator.framework.imps.CuratorFrameworkImpl - Default schema
2025-12-15 10:38:22.663 [main-SendThread(192.168.88.101:2181)] INFO  org.apache.zookeeper.ClientCnxn - Opening socket connection to server 192.168.88.101/192.168.88.101:2181.
2025-12-15 10:38:22.664 [main-SendThread(192.168.88.101:2181)] INFO  org.apache.zookeeper.ClientCnxn - SASL config status: Will not attempt to authenticate using SASL (unknown error)
2025-12-15 10:38:22.669 [main-SendThread(192.168.88.101:2181)] INFO  org.apache.zookeeper.ClientCnxn - Socket connection established, initiating session, client: /192.168.88.1:64340, server: 192.168.88.101/192.168.88.101:2181
2025-12-15 10:38:22.795 [main-SendThread(192.168.88.101:2181)] INFO  org.apache.zookeeper.ClientCnxn - Session establishment complete on server 192.168.88.101/192.168.88.101:2181, session id = 0x1000001c496000f, negotiated timeout = 6000
2025-12-15 10:38:22.797 [main-EventThread] INFO  o.a.curator.framework.state.ConnectionStateManager - State change: CONNECTED
2025-12-15 10:38:22.820 [main-EventThread] INFO  org.apache.curator.framework.imps.EnsembleTracker - New config event received: {}
2025-12-15 10:38:22.820 [main-EventThread] INFO  org.apache.curator.framework.imps.EnsembleTracker - New config event received: {}
2025-12-15 10:38:22.855 [main] INFO  c.q.x.d.i.g.c.snowflake.SnowflakeZookeeperHolder - file exists status is true
2025-12-15 10:38:22.861 [main] INFO  c.q.x.d.i.g.c.snowflake.SnowflakeZookeeperHolder - update file cache workerID is 0
2025-12-15 10:38:22.861 [main] INFO  c.q.x.d.i.g.c.snowflake.SnowflakeZookeeperHolder - [Old NODE]find forever node have this endpoint ip-172.28.129.13 port-2222 workid-0 childnode and start SUCCESS
2025-12-15 10:38:22.861 [main] INFO  c.q.x.d.i.g.core.snowflake.SnowflakeIDGenImpl - START SUCCESS USE ZK WORKERID-0
2025-12-15 10:38:22.862 [main] INFO  c.q.x.d.id.generator.service.SnowflakeService - Snowflake Service Init Successfully
2025-12-15 10:38:24.491 [main] INFO  o.s.boot.web.embedded.tomcat.TomcatWebServer - Tomcat started on port(s): 8085 (http) with context path ''
2025-12-15 10:38:24.495 [main] WARN  com.alibaba.nacos.client.logging.NacosLogging - Load Logback Configuration of Nacos fail, message: Could not initialize Logback Nacos logging from classpath:nacos-logback.xml
2025-12-15 10:38:24.495 [main] INFO  com.alibaba.nacos.client.naming - initializer namespace from ans.namespace attribute : null
2025-12-15 10:38:24.496 [main] INFO  com.alibaba.nacos.client.naming - initializer namespace from ALIBABA_ALIWARE_NAMESPACE attribute :null
2025-12-15 10:38:24.496 [main] INFO  com.alibaba.nacos.client.naming - initializer namespace from namespace attribute :null
2025-12-15 10:38:24.508 [main] INFO  com.alibaba.nacos.client.utils.ParamUtil - [settings] [req-serv] nacos-server port:8848
2025-12-15 10:38:24.508 [main] INFO  com.alibaba.nacos.client.utils.ParamUtil - [settings] [http-client] connect timeout:1000
2025-12-15 10:38:24.508 [main] INFO  com.alibaba.nacos.client.utils.ParamUtil - PER_TASK_CONFIG_SIZE: 3000.0
2025-12-15 10:38:24.510 [main] INFO  c.a.n.p.auth.spi.client.ClientAuthPluginManager - [ClientAuthPluginManager] Load ClientAuthService com.alibaba.nacos.client.auth.impl.NacosClientAuthServiceImpl success.
2025-12-15 10:38:24.510 [main] INFO  c.a.n.p.auth.spi.client.ClientAuthPluginManager - [ClientAuthPluginManager] Load ClientAuthService com.alibaba.nacos.client.auth.ram.RamClientAuthServiceImpl success.
2025-12-15 10:38:24.512 [main] INFO  c.a.n.client.auth.ram.identify.CredentialWatcher - null No credential found
2025-12-15 10:38:24.516 [main] INFO  com.alibaba.nacos.common.remote.client - [RpcClientFactory] create a new rpc client of 23d47b3a-f2ab-4465-b6dc-4827db59f2f8
2025-12-15 10:38:24.525 [main] INFO  com.alibaba.nacos.common.remote.client - [23d47b3a-f2ab-4465-b6dc-4827db59f2f8] RpcClient init, ServerListFactory = com.alibaba.nacos.client.naming.core.ServerListManager
2025-12-15 10:38:24.526 [main] INFO  com.alibaba.nacos.common.remote.client - [23d47b3a-f2ab-4465-b6dc-4827db59f2f8] Registry connection listener to current client:com.alibaba.nacos.client.naming.remote.gprc.redo.NamingGrpcRedoService
2025-12-15 10:38:24.526 [main] INFO  com.alibaba.nacos.common.remote.client - [23d47b3a-f2ab-4465-b6dc-4827db59f2f8] Register server push request handler:com.alibaba.nacos.client.naming.remote.gprc.NamingPushRequestHandler
2025-12-15 10:38:24.527 [main] INFO  com.alibaba.nacos.common.remote.client - [23d47b3a-f2ab-4465-b6dc-4827db59f2f8] Try to connect to server on start up, server: {serverIp = '192.168.88.101', server main port = 8848}
2025-12-15 10:38:24.529 [main] INFO  c.a.nacos.common.remote.client.grpc.GrpcClient - grpc client connection server:192.168.88.101 ip,serverPort:9848,grpcTslConfig:{"sslProvider":"OPENSSL","enableTls":false,"mutualAuthEnable":false,"trustAll":false}
2025-12-15 10:38:25.041 [main] INFO  com.alibaba.nacos.common.remote.client - [23d47b3a-f2ab-4465-b6dc-4827db59f2f8] Success to connect to server [192.168.88.101:8848] on start up, connectionId = 1765293819196_192.168.88.1_64350
2025-12-15 10:38:25.041 [com.alibaba.nacos.client.remote.worker] INFO  com.alibaba.nacos.common.remote.client - [23d47b3a-f2ab-4465-b6dc-4827db59f2f8] Notify connected event to listeners.
2025-12-15 10:38:25.041 [main] INFO  com.alibaba.nacos.common.remote.client - [23d47b3a-f2ab-4465-b6dc-4827db59f2f8] Register server push request handler:com.alibaba.nacos.common.remote.client.RpcClient$ConnectResetRequestHandler
2025-12-15 10:38:25.041 [com.alibaba.nacos.client.remote.worker] INFO  com.alibaba.nacos.client.naming - Grpc connection connect
2025-12-15 10:38:25.041 [main] INFO  com.alibaba.nacos.common.remote.client - [23d47b3a-f2ab-4465-b6dc-4827db59f2f8] Register server push request handler:com.alibaba.nacos.common.remote.client.RpcClient$$Lambda$978/0x000001b2d8748000
2025-12-15 10:38:25.042 [main] INFO  com.alibaba.nacos.client.naming - [REGISTER-SERVICE] xiaohashu registering service xiaohashu-distributed-id-generator with instance Instance{instanceId='null', ip='172.28.129.13', port=8085, weight=1.0, healthy=true, enabled=true, ephemeral=true, clusterName='DEFAULT', serviceName='null', metadata={IPv6=[fc00:1000:5:7af7:7513:f63f:1daf:c209], preserved.register.source=SPRING_CLOUD}}
2025-12-15 10:38:25.050 [main] INFO  c.a.cloud.nacos.registry.NacosServiceRegistry - nacos registry, DEFAULT_GROUP xiaohashu-distributed-id-generator 172.28.129.13:8085 register finished
2025-12-15 10:38:25.140 [main] INFO  c.q.XiaohashuDistributedIdGeneratorApplication - Started XiaohashuDistributedIdGeneratorApplication in 14.84 seconds (process running for 15.388)
2025-12-15 10:39:12.578 [check-idCache-thread] INFO  c.q.x.d.id.generator.core.segment.SegmentIDGenImpl - update cache from db
2025-12-15 10:39:12.584 [check-idCache-thread] INFO  org.perf4j.TimingLogger - start[1765766352578] time[5] tag[updateCacheFromDb]
2025-12-15 10:39:26.620 [http-nio-8085-exec-2] INFO  o.a.c.core.ContainerBase.[Tomcat].[localhost].[/] - Initializing Spring DispatcherServlet 'dispatcherServlet'
2025-12-15 10:39:26.620 [http-nio-8085-exec-2] INFO  org.springframework.web.servlet.DispatcherServlet - Initializing Servlet 'dispatcherServlet'
2025-12-15 10:39:26.622 [http-nio-8085-exec-2] INFO  org.springframework.web.servlet.DispatcherServlet - Completed initialization in 2 ms
2025-12-15 10:40:12.588 [check-idCache-thread] INFO  c.q.x.d.id.generator.core.segment.SegmentIDGenImpl - update cache from db
2025-12-15 10:40:12.592 [check-idCache-thread] INFO  org.perf4j.TimingLogger - start[1765766412588] time[3] tag[updateCacheFromDb]
2025-12-15 10:41:12.596 [check-idCache-thread] INFO  c.q.x.d.id.generator.core.segment.SegmentIDGenImpl - update cache from db
2025-12-15 10:41:12.618 [check-idCache-thread] INFO  org.perf4j.TimingLogger - start[1765766472596] time[21] tag[updateCacheFromDb]
2025-12-15 10:42:12.627 [check-idCache-thread] INFO  c.q.x.d.id.generator.core.segment.SegmentIDGenImpl - update cache from db
2025-12-15 10:42:12.631 [check-idCache-thread] INFO  org.perf4j.TimingLogger - start[1765766532627] time[3] tag[updateCacheFromDb]
2025-12-15 10:43:12.646 [check-idCache-thread] INFO  c.q.x.d.id.generator.core.segment.SegmentIDGenImpl - update cache from db
2025-12-15 10:43:12.650 [check-idCache-thread] INFO  org.perf4j.TimingLogger - start[1765766592646] time[3] tag[updateCacheFromDb]
2025-12-15 10:44:12.660 [check-idCache-thread] INFO  c.q.x.d.id.generator.core.segment.SegmentIDGenImpl - update cache from db
2025-12-15 10:44:12.664 [check-idCache-thread] INFO  org.perf4j.TimingLogger - start[1765766652660] time[3] tag[updateCacheFromDb]
2025-12-15 10:45:12.668 [check-idCache-thread] INFO  c.q.x.d.id.generator.core.segment.SegmentIDGenImpl - update cache from db
2025-12-15 10:45:12.672 [check-idCache-thread] INFO  org.perf4j.TimingLogger - start[1765766712668] time[4] tag[updateCacheFromDb]
2025-12-15 10:46:12.685 [check-idCache-thread] INFO  c.q.x.d.id.generator.core.segment.SegmentIDGenImpl - update cache from db
2025-12-15 10:46:12.690 [check-idCache-thread] INFO  org.perf4j.TimingLogger - start[1765766772686] time[4] tag[updateCacheFromDb]
2025-12-15 10:47:12.705 [check-idCache-thread] INFO  c.q.x.d.id.generator.core.segment.SegmentIDGenImpl - update cache from db
2025-12-15 10:47:12.708 [check-idCache-thread] INFO  org.perf4j.TimingLogger - start[1765766832705] time[3] tag[updateCacheFromDb]
2025-12-15 10:48:12.717 [check-idCache-thread] INFO  c.q.x.d.id.generator.core.segment.SegmentIDGenImpl - update cache from db
2025-12-15 10:48:12.719 [check-idCache-thread] INFO  org.perf4j.TimingLogger - start[1765766892717] time[3] tag[updateCacheFromDb]
2025-12-15 10:49:12.729 [check-idCache-thread] INFO  c.q.x.d.id.generator.core.segment.SegmentIDGenImpl - update cache from db
2025-12-15 10:49:12.733 [check-idCache-thread] INFO  org.perf4j.TimingLogger - start[1765766952729] time[4] tag[updateCacheFromDb]
2025-12-15 10:50:12.748 [check-idCache-thread] INFO  c.q.x.d.id.generator.core.segment.SegmentIDGenImpl - update cache from db
2025-12-15 10:50:12.752 [check-idCache-thread] INFO  org.perf4j.TimingLogger - start[1765767012748] time[3] tag[updateCacheFromDb]
2025-12-15 10:51:12.757 [check-idCache-thread] INFO  c.q.x.d.id.generator.core.segment.SegmentIDGenImpl - update cache from db
2025-12-15 10:51:12.760 [check-idCache-thread] INFO  org.perf4j.TimingLogger - start[1765767072757] time[3] tag[updateCacheFromDb]
2025-12-15 10:52:12.772 [check-idCache-thread] INFO  c.q.x.d.id.generator.core.segment.SegmentIDGenImpl - update cache from db
2025-12-15 10:52:12.775 [check-idCache-thread] INFO  org.perf4j.TimingLogger - start[1765767132772] time[3] tag[updateCacheFromDb]
2025-12-15 10:53:12.777 [check-idCache-thread] INFO  c.q.x.d.id.generator.core.segment.SegmentIDGenImpl - update cache from db
2025-12-15 10:53:12.781 [check-idCache-thread] INFO  org.perf4j.TimingLogger - start[1765767192777] time[3] tag[updateCacheFromDb]
2025-12-15 10:54:12.792 [check-idCache-thread] INFO  c.q.x.d.id.generator.core.segment.SegmentIDGenImpl - update cache from db
2025-12-15 10:54:12.796 [check-idCache-thread] INFO  org.perf4j.TimingLogger - start[1765767252792] time[3] tag[updateCacheFromDb]
2025-12-15 10:55:12.800 [check-idCache-thread] INFO  c.q.x.d.id.generator.core.segment.SegmentIDGenImpl - update cache from db
2025-12-15 10:55:12.803 [check-idCache-thread] INFO  org.perf4j.TimingLogger - start[1765767312800] time[3] tag[updateCacheFromDb]
2025-12-15 10:56:12.813 [check-idCache-thread] INFO  c.q.x.d.id.generator.core.segment.SegmentIDGenImpl - update cache from db
2025-12-15 10:56:12.820 [check-idCache-thread] INFO  org.perf4j.TimingLogger - start[1765767372814] time[6] tag[updateCacheFromDb]
2025-12-15 10:57:12.825 [check-idCache-thread] INFO  c.q.x.d.id.generator.core.segment.SegmentIDGenImpl - update cache from db
2025-12-15 10:57:12.828 [check-idCache-thread] INFO  org.perf4j.TimingLogger - start[1765767432825] time[2] tag[updateCacheFromDb]
2025-12-15 10:58:12.839 [check-idCache-thread] INFO  c.q.x.d.id.generator.core.segment.SegmentIDGenImpl - update cache from db
2025-12-15 10:58:12.842 [check-idCache-thread] INFO  org.perf4j.TimingLogger - start[1765767492839] time[3] tag[updateCacheFromDb]
2025-12-15 10:59:12.848 [check-idCache-thread] INFO  c.q.x.d.id.generator.core.segment.SegmentIDGenImpl - update cache from db
2025-12-15 10:59:12.850 [check-idCache-thread] INFO  org.perf4j.TimingLogger - start[1765767552848] time[2] tag[updateCacheFromDb]
2025-12-15 11:00:12.863 [check-idCache-thread] INFO  c.q.x.d.id.generator.core.segment.SegmentIDGenImpl - update cache from db
2025-12-15 11:00:12.867 [check-idCache-thread] INFO  org.perf4j.TimingLogger - start[1765767612864] time[2] tag[updateCacheFromDb]
2025-12-15 11:01:12.876 [check-idCache-thread] INFO  c.q.x.d.id.generator.core.segment.SegmentIDGenImpl - update cache from db
2025-12-15 11:01:12.880 [check-idCache-thread] INFO  org.perf4j.TimingLogger - start[1765767672876] time[3] tag[updateCacheFromDb]
2025-12-15 11:02:12.886 [check-idCache-thread] INFO  c.q.x.d.id.generator.core.segment.SegmentIDGenImpl - update cache from db
2025-12-15 11:02:12.890 [check-idCache-thread] INFO  org.perf4j.TimingLogger - start[1765767732886] time[3] tag[updateCacheFromDb]
2025-12-15 11:03:12.895 [check-idCache-thread] INFO  c.q.x.d.id.generator.core.segment.SegmentIDGenImpl - update cache from db
2025-12-15 11:03:12.899 [check-idCache-thread] INFO  org.perf4j.TimingLogger - start[1765767792895] time[3] tag[updateCacheFromDb]
2025-12-15 11:04:12.912 [check-idCache-thread] INFO  c.q.x.d.id.generator.core.segment.SegmentIDGenImpl - update cache from db
2025-12-15 11:04:12.915 [check-idCache-thread] INFO  org.perf4j.TimingLogger - start[1765767852912] time[4] tag[updateCacheFromDb]
2025-12-15 11:05:12.922 [check-idCache-thread] INFO  c.q.x.d.id.generator.core.segment.SegmentIDGenImpl - update cache from db
2025-12-15 11:05:12.927 [check-idCache-thread] INFO  org.perf4j.TimingLogger - start[1765767912922] time[5] tag[updateCacheFromDb]
2025-12-15 11:06:12.933 [check-idCache-thread] INFO  c.q.x.d.id.generator.core.segment.SegmentIDGenImpl - update cache from db
2025-12-15 11:06:12.937 [check-idCache-thread] INFO  org.perf4j.TimingLogger - start[1765767972933] time[3] tag[updateCacheFromDb]
2025-12-15 11:07:12.951 [check-idCache-thread] INFO  c.q.x.d.id.generator.core.segment.SegmentIDGenImpl - update cache from db
2025-12-15 11:07:12.954 [check-idCache-thread] INFO  org.perf4j.TimingLogger - start[1765768032951] time[4] tag[updateCacheFromDb]
2025-12-15 11:08:12.970 [check-idCache-thread] INFO  c.q.x.d.id.generator.core.segment.SegmentIDGenImpl - update cache from db
2025-12-15 11:08:12.975 [check-idCache-thread] INFO  org.perf4j.TimingLogger - start[1765768092970] time[4] tag[updateCacheFromDb]
2025-12-15 11:09:12.990 [check-idCache-thread] INFO  c.q.x.d.id.generator.core.segment.SegmentIDGenImpl - update cache from db
2025-12-15 11:09:12.994 [check-idCache-thread] INFO  org.perf4j.TimingLogger - start[1765768152990] time[4] tag[updateCacheFromDb]
2025-12-15 11:10:13.009 [check-idCache-thread] INFO  c.q.x.d.id.generator.core.segment.SegmentIDGenImpl - update cache from db
2025-12-15 11:10:13.012 [check-idCache-thread] INFO  org.perf4j.TimingLogger - start[1765768213009] time[3] tag[updateCacheFromDb]
2025-12-15 11:11:13.028 [check-idCache-thread] INFO  c.q.x.d.id.generator.core.segment.SegmentIDGenImpl - update cache from db
2025-12-15 11:11:13.031 [check-idCache-thread] INFO  org.perf4j.TimingLogger - start[1765768273028] time[3] tag[updateCacheFromDb]
2025-12-15 11:12:13.045 [check-idCache-thread] INFO  c.q.x.d.id.generator.core.segment.SegmentIDGenImpl - update cache from db
2025-12-15 11:12:13.050 [check-idCache-thread] INFO  org.perf4j.TimingLogger - start[1765768333045] time[3] tag[updateCacheFromDb]
2025-12-15 11:12:14.387 [Thread-6] WARN  com.alibaba.nacos.common.notify.NotifyCenter - [NotifyCenter] Start destroying Publisher
2025-12-15 11:12:14.387 [Thread-9] WARN  c.alibaba.nacos.common.http.HttpClientBeanHolder - [HttpClientBeanHolder] Start destroying common HttpClient
2025-12-15 11:12:14.389 [Thread-6] WARN  com.alibaba.nacos.common.notify.NotifyCenter - [NotifyCenter] Destruction of the end
2025-12-15 11:12:14.390 [Thread-9] WARN  c.alibaba.nacos.common.http.HttpClientBeanHolder - [HttpClientBeanHolder] Destruction of the end
2025-12-15 11:12:14.494 [SpringApplicationShutdownHook] INFO  c.a.cloud.nacos.registry.NacosServiceRegistry - De-registering from Nacos Server now...
2025-12-15 11:12:14.495 [SpringApplicationShutdownHook] INFO  com.alibaba.nacos.client.naming - [DEREGISTER-SERVICE] xiaohashu deregistering service xiaohashu-distributed-id-generator with instance: Instance{instanceId='null', ip='172.28.129.13', port=8085, weight=1.0, healthy=true, enabled=true, ephemeral=true, clusterName='DEFAULT', serviceName='null', metadata={}}
2025-12-15 11:12:14.502 [SpringApplicationShutdownHook] INFO  c.a.cloud.nacos.registry.NacosServiceRegistry - De-registration finished.
2025-12-15 11:12:14.503 [SpringApplicationShutdownHook] INFO  com.alibaba.nacos.client.naming - com.alibaba.nacos.client.naming.cache.ServiceInfoHolder do shutdown begin
2025-12-15 11:12:14.503 [SpringApplicationShutdownHook] INFO  com.alibaba.nacos.client.naming - com.alibaba.nacos.client.naming.backups.FailoverReactor do shutdown begin
2025-12-15 11:12:14.503 [SpringApplicationShutdownHook] INFO  com.alibaba.nacos.client.naming - com.alibaba.nacos.client.naming.backups.FailoverReactor do shutdown stop
2025-12-15 11:12:14.503 [SpringApplicationShutdownHook] INFO  com.alibaba.nacos.client.naming - com.alibaba.nacos.client.naming.cache.ServiceInfoHolder do shutdown stop
2025-12-15 11:12:14.503 [SpringApplicationShutdownHook] INFO  com.alibaba.nacos.client.naming - com.alibaba.nacos.client.naming.remote.NamingClientProxyDelegate do shutdown begin
2025-12-15 11:12:14.503 [SpringApplicationShutdownHook] INFO  com.alibaba.nacos.client.naming - com.alibaba.nacos.client.naming.core.ServiceInfoUpdateService do shutdown begin
2025-12-15 11:12:14.504 [SpringApplicationShutdownHook] INFO  com.alibaba.nacos.client.naming - com.alibaba.nacos.client.naming.core.ServiceInfoUpdateService do shutdown stop
2025-12-15 11:12:14.504 [SpringApplicationShutdownHook] INFO  com.alibaba.nacos.client.naming - com.alibaba.nacos.client.naming.core.ServerListManager do shutdown begin
2025-12-15 11:12:14.504 [SpringApplicationShutdownHook] WARN  com.alibaba.nacos.client.naming - [NamingHttpClientManager] Start destroying NacosRestTemplate
2025-12-15 11:12:14.504 [SpringApplicationShutdownHook] WARN  com.alibaba.nacos.client.naming - [NamingHttpClientManager] Destruction of the end
2025-12-15 11:12:14.504 [SpringApplicationShutdownHook] INFO  com.alibaba.nacos.client.naming - com.alibaba.nacos.client.naming.core.ServerListManager do shutdown stop
2025-12-15 11:12:14.504 [SpringApplicationShutdownHook] INFO  com.alibaba.nacos.client.naming - com.alibaba.nacos.client.naming.remote.http.NamingHttpClientProxy do shutdown begin
2025-12-15 11:12:14.504 [SpringApplicationShutdownHook] WARN  com.alibaba.nacos.client.naming - [NamingHttpClientManager] Start destroying NacosRestTemplate
2025-12-15 11:12:14.504 [SpringApplicationShutdownHook] WARN  com.alibaba.nacos.client.naming - [NamingHttpClientManager] Destruction of the end
2025-12-15 11:12:14.504 [SpringApplicationShutdownHook] INFO  com.alibaba.nacos.client.naming - com.alibaba.nacos.client.naming.remote.http.NamingHttpClientProxy do shutdown stop
2025-12-15 11:12:14.504 [SpringApplicationShutdownHook] INFO  com.alibaba.nacos.common.remote.client - Shutdown rpc client, set status to shutdown
2025-12-15 11:12:14.504 [SpringApplicationShutdownHook] INFO  com.alibaba.nacos.common.remote.client - Shutdown client event executor java.util.concurrent.ScheduledThreadPoolExecutor@4d03fded[Running, pool size = 2, active threads = 2, queued tasks = 0, completed tasks = 0]
2025-12-15 11:12:14.504 [SpringApplicationShutdownHook] INFO  com.alibaba.nacos.common.remote.client - Close current connection 1765293819196_192.168.88.1_64350
2025-12-15 11:12:14.507 [nacos-grpc-client-executor-192.168.88.101-425] INFO  c.a.nacos.common.remote.client.grpc.GrpcClient - [1765293819196_192.168.88.1_64350]Ignore complete event,isRunning:false,isAbandon=false
2025-12-15 11:12:14.510 [SpringApplicationShutdownHook] INFO  c.a.nacos.common.remote.client.grpc.GrpcClient - Shutdown grpc executor java.util.concurrent.ThreadPoolExecutor@5d0b6bbf[Running, pool size = 4, active threads = 0, queued tasks = 0, completed tasks = 426]
2025-12-15 11:12:14.510 [SpringApplicationShutdownHook] INFO  com.alibaba.nacos.client.naming - Shutdown grpc redo service executor java.util.concurrent.ScheduledThreadPoolExecutor@648c01d4[Running, pool size = 1, active threads = 0, queued tasks = 1, completed tasks = 674]
2025-12-15 11:12:14.510 [SpringApplicationShutdownHook] INFO  c.a.n.client.auth.ram.identify.CredentialWatcher - [null] CredentialWatcher is stopped
2025-12-15 11:12:14.510 [SpringApplicationShutdownHook] INFO  c.a.n.client.auth.ram.identify.CredentialService - [null] CredentialService is freed
2025-12-15 11:12:14.510 [SpringApplicationShutdownHook] INFO  com.alibaba.nacos.client.naming - com.alibaba.nacos.client.naming.remote.NamingClientProxyDelegate do shutdown stop
