2025-12-07 19:12:42.646 [main] WARN  com.alibaba.nacos.client.logging.NacosLogging - Load Logback Configuration of Nacos fail, message: Could not initialize Logback Nacos logging from classpath:nacos-logback.xml
2025-12-07 19:12:42.717 [main] WARN  com.alibaba.nacos.client.logging.NacosLogging - Load Logback Configuration of Nacos fail, message: Could not initialize Logback Nacos logging from classpath:nacos-logback.xml
2025-12-07 19:12:43.211 [main] WARN  com.alibaba.nacos.client.logging.NacosLogging - Load Logback Configuration of Nacos fail, message: Could not initialize Logback Nacos logging from classpath:nacos-logback.xml
2025-12-07 19:12:43.234 [main] WARN  com.alibaba.nacos.client.logging.NacosLogging - Load Logback Configuration of Nacos fail, message: Could not initialize Logback Nacos logging from classpath:nacos-logback.xml
2025-12-07 19:12:43.236 [main] INFO  c.q.XiaohashuDistributedIdGeneratorApplication - The following 1 profile is active: "dev"
2025-12-07 19:12:43.744 [main] INFO  o.springframework.cloud.context.scope.GenericScope - BeanFactory id=0f0d0129-a988-3a23-933a-587241c9e5e0
2025-12-07 19:12:44.029 [main] INFO  o.s.boot.web.embedded.tomcat.TomcatWebServer - Tomcat initialized with port(s): 8085 (http)
2025-12-07 19:12:44.040 [main] INFO  org.apache.catalina.core.StandardService - Starting service [Tomcat]
2025-12-07 19:12:44.041 [main] INFO  org.apache.catalina.core.StandardEngine - Starting Servlet engine: [Apache Tomcat/10.1.5]
2025-12-07 19:12:44.122 [main] INFO  o.a.c.core.ContainerBase.[Tomcat].[localhost].[/] - Initializing Spring embedded WebApplicationContext
2025-12-07 19:12:44.122 [main] INFO  o.s.b.w.s.c.ServletWebServerApplicationContext - Root WebApplicationContext: initialization completed in 876 ms
2025-12-07 19:12:44.251 [main] INFO  com.alibaba.druid.pool.DruidDataSource - {dataSource-1} inited
2025-12-07 19:12:44.313 [main] INFO  c.q.x.d.id.generator.core.segment.SegmentIDGenImpl - Init ...
2025-12-07 19:12:44.313 [main] INFO  c.q.x.d.id.generator.core.segment.SegmentIDGenImpl - update cache from db
2025-12-07 19:12:44.506 [main] INFO  c.q.x.d.id.generator.core.segment.SegmentIDGenImpl - Add tag leaf-segment-test from db to IdCache, SegmentBuffer SegmentBuffer{key='leaf-segment-test', segments=[Segment(value:0,max:0,step:0), Segment(value:0,max:0,step:0)], currentPos=0, nextReady=false, initOk=false, threadRunning=false, step=0, minStep=0, updateTimestamp=0}
2025-12-07 19:12:44.506 [main] INFO  c.q.x.d.id.generator.core.segment.SegmentIDGenImpl - Add tag leaf-segment-user-id from db to IdCache, SegmentBuffer SegmentBuffer{key='leaf-segment-user-id', segments=[Segment(value:0,max:0,step:0), Segment(value:0,max:0,step:0)], currentPos=0, nextReady=false, initOk=false, threadRunning=false, step=0, minStep=0, updateTimestamp=0}
2025-12-07 19:12:44.506 [main] INFO  c.q.x.d.id.generator.core.segment.SegmentIDGenImpl - Add tag leaf-segment-xiaohashu-id from db to IdCache, SegmentBuffer SegmentBuffer{key='leaf-segment-xiaohashu-id', segments=[Segment(value:0,max:0,step:0), Segment(value:0,max:0,step:0)], currentPos=0, nextReady=false, initOk=false, threadRunning=false, step=0, minStep=0, updateTimestamp=0}
2025-12-07 19:12:44.506 [main] INFO  org.perf4j.TimingLogger - start[1765105964314] time[193] tag[updateCacheFromDb]
2025-12-07 19:12:44.507 [main] INFO  c.q.x.d.id.generator.service.SegmentService - Segment Service Init Successfully
2025-12-07 19:12:44.534 [main] INFO  c.q.x.d.i.g.core.snowflake.SnowflakeIDGenImpl - twepoch:1288834974657 ,ip:10.244.202.78 ,zkAddress:192.168.88.101:2181 port:2222
2025-12-07 19:12:44.600 [main] WARN  org.apache.curator.CuratorZookeeperClient - session timeout [6000] is less than connection timeout [10000]
2025-12-07 19:12:44.618 [main] INFO  o.a.curator.framework.imps.CuratorFrameworkImpl - Starting
2025-12-07 19:12:44.625 [main] INFO  org.apache.zookeeper.ZooKeeper - Client environment:zookeeper.version=3.6.0--b4c89dc7f6083829e18fae6e446907ae0b1f22d7, built on 02/25/2020 14:38 GMT
2025-12-07 19:12:44.625 [main] INFO  org.apache.zookeeper.ZooKeeper - Client environment:host.name=DESKTOP-HH7TJVB
2025-12-07 19:12:44.625 [main] INFO  org.apache.zookeeper.ZooKeeper - Client environment:java.version=17.0.12
2025-12-07 19:12:44.625 [main] INFO  org.apache.zookeeper.ZooKeeper - Client environment:java.vendor=Oracle Corporation
2025-12-07 19:12:44.625 [main] INFO  org.apache.zookeeper.ZooKeeper - Client environment:java.home=D:\work\JavaJdks
2025-12-07 19:12:44.625 [main] INFO  org.apache.zookeeper.ZooKeeper - Client environment:java.class.path=D:\data\java\xiaohashu\xiaohashu-distributed-id-generator\xiaohashu-distributed-id-generator-biz\target\classes;D:\data\java\xiaohashu\xiaoha-framework\xiaoha-common\target\classes;D:\work\maven-repo\org\projectlombok\lombok\1.18.30\lombok-1.18.30.jar;D:\work\maven-repo\com\fasterxml\jackson\core\jackson-databind\2.16.1\jackson-databind-2.16.1.jar;D:\work\maven-repo\com\fasterxml\jackson\core\jackson-annotations\2.14.1\jackson-annotations-2.14.1.jar;D:\work\maven-repo\com\fasterxml\jackson\core\jackson-core\2.16.1\jackson-core-2.16.1.jar;D:\work\maven-repo\jakarta\validation\jakarta.validation-api\3.0.2\jakarta.validation-api-3.0.2.jar;D:\work\maven-repo\org\hibernate\validator\hibernate-validator\8.0.0.Final\hibernate-validator-8.0.0.Final.jar;D:\work\maven-repo\org\jboss\logging\jboss-logging\3.5.0.Final\jboss-logging-3.5.0.Final.jar;D:\work\maven-repo\com\fasterxml\classmate\1.5.1\classmate-1.5.1.jar;D:\work\maven-repo\com\fasterxml\jackson\datatype\jackson-datatype-jsr310\2.14.1\jackson-datatype-jsr310-2.14.1.jar;D:\work\maven-repo\org\apache\commons\commons-lang3\3.12.0\commons-lang3-3.12.0.jar;D:\work\maven-repo\org\springframework\boot\spring-boot-starter-web\3.0.2\spring-boot-starter-web-3.0.2.jar;D:\work\maven-repo\org\springframework\boot\spring-boot-starter\3.0.2\spring-boot-starter-3.0.2.jar;D:\work\maven-repo\org\springframework\boot\spring-boot\3.0.2\spring-boot-3.0.2.jar;D:\work\maven-repo\org\springframework\boot\spring-boot-autoconfigure\3.0.2\spring-boot-autoconfigure-3.0.2.jar;D:\work\maven-repo\org\springframework\boot\spring-boot-starter-logging\3.0.2\spring-boot-starter-logging-3.0.2.jar;D:\work\maven-repo\ch\qos\logback\logback-classic\1.4.5\logback-classic-1.4.5.jar;D:\work\maven-repo\ch\qos\logback\logback-core\1.4.5\logback-core-1.4.5.jar;D:\work\maven-repo\org\apache\logging\log4j\log4j-to-slf4j\2.19.0\log4j-to-slf4j-2.19.0.jar;D:\work\maven-repo\org\apache\logging\log4j\log4j-api\2.19.0\log4j-api-2.19.0.jar;D:\work\maven-repo\org\slf4j\jul-to-slf4j\2.0.6\jul-to-slf4j-2.0.6.jar;D:\work\maven-repo\jakarta\annotation\jakarta.annotation-api\2.1.1\jakarta.annotation-api-2.1.1.jar;D:\work\maven-repo\org\yaml\snakeyaml\1.33\snakeyaml-1.33.jar;D:\work\maven-repo\org\springframework\boot\spring-boot-starter-json\3.0.2\spring-boot-starter-json-3.0.2.jar;D:\work\maven-repo\com\fasterxml\jackson\datatype\jackson-datatype-jdk8\2.14.1\jackson-datatype-jdk8-2.14.1.jar;D:\work\maven-repo\com\fasterxml\jackson\module\jackson-module-parameter-names\2.14.1\jackson-module-parameter-names-2.14.1.jar;D:\work\maven-repo\org\springframework\boot\spring-boot-starter-tomcat\3.0.2\spring-boot-starter-tomcat-3.0.2.jar;D:\work\maven-repo\org\apache\tomcat\embed\tomcat-embed-core\10.1.5\tomcat-embed-core-10.1.5.jar;D:\work\maven-repo\org\apache\tomcat\embed\tomcat-embed-el\10.1.5\tomcat-embed-el-10.1.5.jar;D:\work\maven-repo\org\apache\tomcat\embed\tomcat-embed-websocket\10.1.5\tomcat-embed-websocket-10.1.5.jar;D:\work\maven-repo\org\springframework\spring-web\6.0.4\spring-web-6.0.4.jar;D:\work\maven-repo\org\springframework\spring-beans\6.0.4\spring-beans-6.0.4.jar;D:\work\maven-repo\io\micrometer\micrometer-observation\1.10.3\micrometer-observation-1.10.3.jar;D:\work\maven-repo\io\micrometer\micrometer-commons\1.10.3\micrometer-commons-1.10.3.jar;D:\work\maven-repo\org\springframework\spring-webmvc\6.0.4\spring-webmvc-6.0.4.jar;D:\work\maven-repo\org\springframework\spring-aop\6.0.4\spring-aop-6.0.4.jar;D:\work\maven-repo\org\springframework\spring-context\6.0.4\spring-context-6.0.4.jar;D:\work\maven-repo\org\springframework\spring-expression\6.0.4\spring-expression-6.0.4.jar;D:\work\maven-repo\org\slf4j\slf4j-api\2.0.6\slf4j-api-2.0.6.jar;D:\work\maven-repo\org\springframework\spring-core\6.0.4\spring-core-6.0.4.jar;D:\work\maven-repo\org\springframework\spring-jcl\6.0.4\spring-jcl-6.0.4.jar;D:\work\maven-repo\org\springframework\cloud\spring-cloud-starter-bootstrap\4.0.0\spring-cloud-starter-bootstrap-4.0.0.jar;D:\work\maven-repo\org\springframework\cloud\spring-cloud-starter\4.0.0\spring-cloud-starter-4.0.0.jar;D:\work\maven-repo\org\springframework\security\spring-security-rsa\1.0.11.RELEASE\spring-security-rsa-1.0.11.RELEASE.jar;D:\work\maven-repo\org\bouncycastle\bcpkix-jdk15on\1.69\bcpkix-jdk15on-1.69.jar;D:\work\maven-repo\org\bouncycastle\bcprov-jdk15on\1.69\bcprov-jdk15on-1.69.jar;D:\work\maven-repo\org\bouncycastle\bcutil-jdk15on\1.69\bcutil-jdk15on-1.69.jar;D:\work\maven-repo\com\alibaba\cloud\spring-cloud-starter-alibaba-nacos-discovery\2022.0.0.0\spring-cloud-starter-alibaba-nacos-discovery-2022.0.0.0.jar;D:\work\maven-repo\com\alibaba\cloud\spring-cloud-alibaba-commons\2022.0.0.0\spring-cloud-alibaba-commons-2022.0.0.0.jar;D:\work\maven-repo\com\alibaba\nacos\nacos-client\2.2.1\nacos-client-2.2.1.jar;D:\work\maven-repo\com\alibaba\nacos\nacos-auth-plugin\2.2.1\nacos-auth-plugin-2.2.1.jar;D:\work\maven-repo\com\alibaba\nacos\nacos-encryption-plugin\2.2.1\nacos-encryption-plugin-2.2.1.jar;D:\work\maven-repo\commons-codec\commons-codec\1.15\commons-codec-1.15.jar;D:\work\maven-repo\org\apache\httpcomponents\httpasyncclient\4.1.5\httpasyncclient-4.1.5.jar;D:\work\maven-repo\org\apache\httpcomponents\httpcore\4.4.16\httpcore-4.4.16.jar;D:\work\maven-repo\org\apache\httpcomponents\httpcore-nio\4.4.16\httpcore-nio-4.4.16.jar;D:\work\maven-repo\org\apache\httpcomponents\httpclient\4.5.14\httpclient-4.5.14.jar;D:\work\maven-repo\io\prometheus\simpleclient\0.16.0\simpleclient-0.16.0.jar;D:\work\maven-repo\io\prometheus\simpleclient_tracer_otel\0.16.0\simpleclient_tracer_otel-0.16.0.jar;D:\work\maven-repo\io\prometheus\simpleclient_tracer_common\0.16.0\simpleclient_tracer_common-0.16.0.jar;D:\work\maven-repo\io\prometheus\simpleclient_tracer_otel_agent\0.16.0\simpleclient_tracer_otel_agent-0.16.0.jar;D:\work\maven-repo\com\alibaba\spring\spring-context-support\1.0.11\spring-context-support-1.0.11.jar;D:\work\maven-repo\org\springframework\cloud\spring-cloud-commons\4.0.0\spring-cloud-commons-4.0.0.jar;D:\work\maven-repo\org\springframework\security\spring-security-crypto\6.0.1\spring-security-crypto-6.0.1.jar;D:\work\maven-repo\org\springframework\cloud\spring-cloud-context\4.0.0\spring-cloud-context-4.0.0.jar;D:\work\maven-repo\commons-io\commons-io\2.4\commons-io-2.4.jar;D:\work\maven-repo\org\perf4j\perf4j\0.9.16\perf4j-0.9.16.jar;D:\work\maven-repo\mysql\mysql-connector-java\8.0.29\mysql-connector-java-8.0.29.jar;D:\work\maven-repo\com\google\protobuf\protobuf-java\3.19.4\protobuf-java-3.19.4.jar;D:\work\maven-repo\com\alibaba\druid\1.0.18\druid-1.0.18.jar;D:\work\maven-repo\org\mybatis\mybatis\3.3.0\mybatis-3.3.0.jar;D:\work\maven-repo\org\apache\curator\curator-recipes\2.6.0\curator-recipes-2.6.0.jar;D:\work\maven-repo\org\apache\curator\curator-framework\5.1.0\curator-framework-5.1.0.jar;D:\work\maven-repo\org\apache\curator\curator-client\5.1.0\curator-client-5.1.0.jar;D:\work\maven-repo\com\google\guava\guava\33.0.0-jre\guava-33.0.0-jre.jar;D:\work\maven-repo\com\google\guava\failureaccess\1.0.2\failureaccess-1.0.2.jar;D:\work\maven-repo\com\google\guava\listenablefuture\9999.0-empty-to-avoid-conflict-with-guava\listenablefuture-9999.0-empty-to-avoid-conflict-with-guava.jar;D:\work\maven-repo\com\google\code\findbugs\jsr305\3.0.2\jsr305-3.0.2.jar;D:\work\maven-repo\org\checkerframework\checker-qual\3.41.0\checker-qual-3.41.0.jar;D:\work\maven-repo\com\google\errorprone\error_prone_annotations\2.23.0\error_prone_annotations-2.23.0.jar;D:\work\maven-repo\com\google\j2objc\j2objc-annotations\2.8\j2objc-annotations-2.8.jar;D:\work\maven-repo\org\apache\zookeeper\zookeeper\3.6.0\zookeeper-3.6.0.jar;D:\work\maven-repo\commons-lang\commons-lang\2.6\commons-lang-2.6.jar;D:\work\maven-repo\org\apache\zookeeper\zookeeper-jute\3.6.0\zookeeper-jute-3.6.0.jar;D:\work\maven-repo\org\apache\yetus\audience-annotations\0.5.0\audience-annotations-0.5.0.jar;D:\work\maven-repo\io\netty\netty-handler\4.1.87.Final\netty-handler-4.1.87.Final.jar;D:\work\maven-repo\io\netty\netty-common\4.1.87.Final\netty-common-4.1.87.Final.jar;D:\work\maven-repo\io\netty\netty-resolver\4.1.87.Final\netty-resolver-4.1.87.Final.jar;D:\work\maven-repo\io\netty\netty-buffer\4.1.87.Final\netty-buffer-4.1.87.Final.jar;D:\work\maven-repo\io\netty\netty-transport\4.1.87.Final\netty-transport-4.1.87.Final.jar;D:\work\maven-repo\io\netty\netty-transport-native-unix-common\4.1.87.Final\netty-transport-native-unix-common-4.1.87.Final.jar;D:\work\maven-repo\io\netty\netty-codec\4.1.87.Final\netty-codec-4.1.87.Final.jar;D:\work\maven-repo\io\netty\netty-transport-native-epoll\4.1.87.Final\netty-transport-native-epoll-4.1.87.Final.jar;D:\work\maven-repo\io\netty\netty-transport-classes-epoll\4.1.87.Final\netty-transport-classes-epoll-4.1.87.Final.jar
2025-12-07 19:12:44.626 [main] INFO  org.apache.zookeeper.ZooKeeper - Client environment:java.library.path=D:\work\JavaJdks\bin;C:\Windows\Sun\Java\bin;C:\Windows\system32;C:\Windows;C:\Program Files\Common Files\Oracle\Java\javapath;C:\Program Files (x86)\Common Files\Oracle\Java\java8path;C:\Program Files (x86)\Common Files\Oracle\Java\javapath;C:\Windows\system32;C:\Windows;C:\Windows\System32\Wbem;C:\Windows\System32\WindowsPowerShell\v1.0\;C:\Windows\System32\OpenSSH\;C:\Program Files (x86)\NVIDIA Corporation\PhysX\Common;C:\Program Files\NVIDIA Corporation\NVIDIA App\NvDLISR;%MAVEN_HOME%\bin;D:\work\Git\cmd;C:\Program Files\MySQL\MySQL Shell 8.0\bin\;C:\Users\LeeShuchen\AppData\Local\Microsoft\WindowsApps;D:\work\Pycharm\bin;D:\work\Code\bin;D:\work\maven\apache-maven-3.8.9\bin;D:\work\Idea\bin;D:\work\DataGrip\bin;D:\work\redis;;.
2025-12-07 19:12:44.626 [main] INFO  org.apache.zookeeper.ZooKeeper - Client environment:java.io.tmpdir=C:\Users\LEESHU~1\AppData\Local\Temp\
2025-12-07 19:12:44.626 [main] INFO  org.apache.zookeeper.ZooKeeper - Client environment:java.compiler=<NA>
2025-12-07 19:12:44.626 [main] INFO  org.apache.zookeeper.ZooKeeper - Client environment:os.name=Windows 11
2025-12-07 19:12:44.626 [main] INFO  org.apache.zookeeper.ZooKeeper - Client environment:os.arch=amd64
2025-12-07 19:12:44.626 [main] INFO  org.apache.zookeeper.ZooKeeper - Client environment:os.version=10.0
2025-12-07 19:12:44.626 [main] INFO  org.apache.zookeeper.ZooKeeper - Client environment:user.name=LeeShuchen
2025-12-07 19:12:44.626 [main] INFO  org.apache.zookeeper.ZooKeeper - Client environment:user.home=C:\Users\LeeShuchen
2025-12-07 19:12:44.626 [main] INFO  org.apache.zookeeper.ZooKeeper - Client environment:user.dir=D:\data\java\xiaohashu
2025-12-07 19:12:44.627 [main] INFO  org.apache.zookeeper.ZooKeeper - Client environment:os.memory.free=60MB
2025-12-07 19:12:44.627 [main] INFO  org.apache.zookeeper.ZooKeeper - Client environment:os.memory.max=3898MB
2025-12-07 19:12:44.627 [main] INFO  org.apache.zookeeper.ZooKeeper - Client environment:os.memory.total=88MB
2025-12-07 19:12:44.630 [main] INFO  org.apache.zookeeper.ZooKeeper - Initiating client connection, connectString=192.168.88.101:2181 sessionTimeout=6000 watcher=org.apache.curator.ConnectionState@101bdd1c
2025-12-07 19:12:44.635 [main] INFO  org.apache.zookeeper.common.X509Util - Setting -D jdk.tls.rejectClientInitiatedRenegotiation=true to disable client-initiated TLS renegotiation
2025-12-07 19:12:44.647 [main] INFO  org.apache.zookeeper.ClientCnxnSocket - jute.maxbuffer value is 1048575 Bytes
2025-12-07 19:12:44.655 [main] INFO  org.apache.zookeeper.ClientCnxn - zookeeper.request.timeout value is 0. feature enabled=false
2025-12-07 19:12:44.663 [main] INFO  o.a.curator.framework.imps.CuratorFrameworkImpl - Default schema
2025-12-07 19:12:54.743 [Curator-Framework-0] INFO  o.a.curator.framework.state.ConnectionStateManager - State change: SUSPENDED
2025-12-07 19:12:54.744 [Curator-Framework-0] ERROR o.a.curator.framework.imps.CuratorFrameworkImpl - Background operation retry gave up
org.apache.zookeeper.KeeperException$ConnectionLossException: KeeperErrorCode = ConnectionLoss
	at org.apache.zookeeper.KeeperException.create(KeeperException.java:102)
	at org.apache.curator.framework.imps.CuratorFrameworkImpl.checkBackgroundRetry(CuratorFrameworkImpl.java:851)
	at org.apache.curator.framework.imps.CuratorFrameworkImpl.performBackgroundOperation(CuratorFrameworkImpl.java:999)
	at org.apache.curator.framework.imps.CuratorFrameworkImpl.backgroundOperationsLoop(CuratorFrameworkImpl.java:952)
	at org.apache.curator.framework.imps.CuratorFrameworkImpl.access$300(CuratorFrameworkImpl.java:66)
	at org.apache.curator.framework.imps.CuratorFrameworkImpl$4.call(CuratorFrameworkImpl.java:342)
	at java.base/java.util.concurrent.FutureTask.run(FutureTask.java:264)
	at java.base/java.util.concurrent.ScheduledThreadPoolExecutor$ScheduledFutureTask.run(ScheduledThreadPoolExecutor.java:304)
	at java.base/java.util.concurrent.ThreadPoolExecutor.runWorker(ThreadPoolExecutor.java:1136)
	at java.base/java.util.concurrent.ThreadPoolExecutor$Worker.run(ThreadPoolExecutor.java:635)
	at java.base/java.lang.Thread.run(Thread.java:842)
2025-12-07 19:12:54.745 [Curator-Framework-0] ERROR o.a.curator.framework.imps.CuratorFrameworkImpl - Background retry gave up
org.apache.curator.CuratorConnectionLossException: KeeperErrorCode = ConnectionLoss
	at org.apache.curator.framework.imps.CuratorFrameworkImpl.performBackgroundOperation(CuratorFrameworkImpl.java:981)
	at org.apache.curator.framework.imps.CuratorFrameworkImpl.backgroundOperationsLoop(CuratorFrameworkImpl.java:952)
	at org.apache.curator.framework.imps.CuratorFrameworkImpl.access$300(CuratorFrameworkImpl.java:66)
	at org.apache.curator.framework.imps.CuratorFrameworkImpl$4.call(CuratorFrameworkImpl.java:342)
	at java.base/java.util.concurrent.FutureTask.run(FutureTask.java:264)
	at java.base/java.util.concurrent.ScheduledThreadPoolExecutor$ScheduledFutureTask.run(ScheduledThreadPoolExecutor.java:304)
	at java.base/java.util.concurrent.ThreadPoolExecutor.runWorker(ThreadPoolExecutor.java:1136)
	at java.base/java.util.concurrent.ThreadPoolExecutor$Worker.run(ThreadPoolExecutor.java:635)
	at java.base/java.lang.Thread.run(Thread.java:842)
2025-12-07 19:12:54.876 [main-SendThread(192.168.88.101:2181)] INFO  org.apache.zookeeper.ClientCnxn - Opening socket connection to server 192.168.88.101/192.168.88.101:2181.
2025-12-07 19:12:54.877 [main-SendThread(192.168.88.101:2181)] INFO  org.apache.zookeeper.ClientCnxn - SASL config status: Will not attempt to authenticate using SASL (unknown error)
2025-12-07 19:12:54.881 [main-SendThread(192.168.88.101:2181)] WARN  org.apache.zookeeper.ClientCnxn - Client session timed out, have not heard from server in 10225ms for session id 0x0
2025-12-07 19:12:54.881 [main-SendThread(192.168.88.101:2181)] WARN  org.apache.zookeeper.ClientCnxn - Session 0x0 for sever 192.168.88.101/192.168.88.101:2181, Closing socket connection. Attempting reconnect except it is a SessionExpiredException.
org.apache.zookeeper.ClientCnxn$SessionTimeoutException: Client session timed out, have not heard from server in 10225ms for session id 0x0
	at org.apache.zookeeper.ClientCnxn$SendThread.run(ClientCnxn.java:1230)
2025-12-07 19:13:00.750 [Curator-ConnectionStateManager-0] WARN  o.a.curator.framework.state.ConnectionStateManager - Session timeout has elapsed while SUSPENDED. Injecting a session expiration. Elapsed ms: 6007. Adjusted session timeout ms: 6000
2025-12-07 19:13:00.751 [Curator-ConnectionStateManager-0] INFO  org.apache.zookeeper.ZooKeeperTestable - injectSessionExpiration() called
2025-12-07 19:13:00.752 [main-EventThread] WARN  org.apache.curator.ConnectionState - Session expired event received
2025-12-07 19:13:00.753 [main-EventThread] INFO  org.apache.zookeeper.ZooKeeper - Initiating client connection, connectString=192.168.88.101:2181 sessionTimeout=6000 watcher=org.apache.curator.ConnectionState@101bdd1c
2025-12-07 19:13:00.755 [main-EventThread] INFO  org.apache.zookeeper.ClientCnxnSocket - jute.maxbuffer value is 1048575 Bytes
2025-12-07 19:13:00.755 [main-EventThread] INFO  org.apache.zookeeper.ClientCnxn - zookeeper.request.timeout value is 0. feature enabled=false
2025-12-07 19:13:00.755 [main-EventThread] INFO  o.a.curator.framework.state.ConnectionStateManager - State change: LOST
2025-12-07 19:13:00.756 [main-EventThread] INFO  org.apache.zookeeper.ClientCnxn - EventThread shut down for session: 0x0
2025-12-07 19:13:06.051 [main-SendThread(192.168.88.101:2181)] INFO  org.apache.zookeeper.ClientCnxn - Opening socket connection to server 192.168.88.101/192.168.88.101:2181.
2025-12-07 19:13:06.051 [main-SendThread(192.168.88.101:2181)] INFO  org.apache.zookeeper.ClientCnxn - SASL config status: Will not attempt to authenticate using SASL (unknown error)
2025-12-07 19:13:06.161 [main] ERROR c.q.x.d.i.g.c.snowflake.SnowflakeZookeeperHolder - Start node ERROR {}
org.apache.zookeeper.KeeperException$SessionExpiredException: KeeperErrorCode = Session expired for /snowflake/com.sankuai.leaf.opensource.test/forever
	at org.apache.zookeeper.KeeperException.create(KeeperException.java:134)
	at org.apache.zookeeper.KeeperException.create(KeeperException.java:54)
	at org.apache.zookeeper.ZooKeeper.exists(ZooKeeper.java:2246)
	at org.apache.curator.framework.imps.ExistsBuilderImpl$3.call(ExistsBuilderImpl.java:268)
	at org.apache.curator.framework.imps.ExistsBuilderImpl$3.call(ExistsBuilderImpl.java:257)
	at org.apache.curator.RetryLoop.callWithRetry(RetryLoop.java:93)
	at org.apache.curator.framework.imps.ExistsBuilderImpl.pathInForegroundStandard(ExistsBuilderImpl.java:254)
	at org.apache.curator.framework.imps.ExistsBuilderImpl.pathInForeground(ExistsBuilderImpl.java:247)
	at org.apache.curator.framework.imps.ExistsBuilderImpl.forPath(ExistsBuilderImpl.java:206)
	at org.apache.curator.framework.imps.ExistsBuilderImpl.forPath(ExistsBuilderImpl.java:35)
	at com.quanxiaoha.xiaohashu.distributed.id.generator.core.snowflake.SnowflakeZookeeperHolder.init(SnowflakeZookeeperHolder.java:53)
	at com.quanxiaoha.xiaohashu.distributed.id.generator.core.snowflake.SnowflakeIDGenImpl.<init>(SnowflakeIDGenImpl.java:50)
	at com.quanxiaoha.xiaohashu.distributed.id.generator.core.snowflake.SnowflakeIDGenImpl.<init>(SnowflakeIDGenImpl.java:36)
	at com.quanxiaoha.xiaohashu.distributed.id.generator.service.SnowflakeService.<init>(SnowflakeService.java:28)
	at java.base/jdk.internal.reflect.NativeConstructorAccessorImpl.newInstance0(Native Method)
	at java.base/jdk.internal.reflect.NativeConstructorAccessorImpl.newInstance(NativeConstructorAccessorImpl.java:77)
	at java.base/jdk.internal.reflect.DelegatingConstructorAccessorImpl.newInstance(DelegatingConstructorAccessorImpl.java:45)
	at java.base/java.lang.reflect.Constructor.newInstanceWithCaller(Constructor.java:499)
	at java.base/java.lang.reflect.Constructor.newInstance(Constructor.java:480)
	at org.springframework.beans.BeanUtils.instantiateClass(BeanUtils.java:197)
	at org.springframework.beans.factory.support.SimpleInstantiationStrategy.instantiate(SimpleInstantiationStrategy.java:87)
	at org.springframework.beans.factory.support.AbstractAutowireCapableBeanFactory.instantiateBean(AbstractAutowireCapableBeanFactory.java:1300)
	at org.springframework.beans.factory.support.AbstractAutowireCapableBeanFactory.createBeanInstance(AbstractAutowireCapableBeanFactory.java:1198)
	at org.springframework.beans.factory.support.AbstractAutowireCapableBeanFactory.doCreateBean(AbstractAutowireCapableBeanFactory.java:561)
	at org.springframework.beans.factory.support.AbstractAutowireCapableBeanFactory.createBean(AbstractAutowireCapableBeanFactory.java:521)
	at org.springframework.beans.factory.support.AbstractBeanFactory.lambda$doGetBean$0(AbstractBeanFactory.java:326)
	at org.springframework.beans.factory.support.DefaultSingletonBeanRegistry.getSingleton(DefaultSingletonBeanRegistry.java:234)
	at org.springframework.beans.factory.support.AbstractBeanFactory.doGetBean(AbstractBeanFactory.java:324)
	at org.springframework.beans.factory.support.AbstractBeanFactory.getBean(AbstractBeanFactory.java:200)
	at org.springframework.beans.factory.config.DependencyDescriptor.resolveCandidate(DependencyDescriptor.java:254)
	at org.springframework.beans.factory.support.DefaultListableBeanFactory.doResolveDependency(DefaultListableBeanFactory.java:1405)
	at org.springframework.beans.factory.support.DefaultListableBeanFactory.resolveDependency(DefaultListableBeanFactory.java:1325)
	at org.springframework.beans.factory.annotation.AutowiredAnnotationBeanPostProcessor$AutowiredFieldElement.resolveFieldValue(AutowiredAnnotationBeanPostProcessor.java:709)
	at org.springframework.beans.factory.annotation.AutowiredAnnotationBeanPostProcessor$AutowiredFieldElement.inject(AutowiredAnnotationBeanPostProcessor.java:692)
	at org.springframework.beans.factory.annotation.InjectionMetadata.inject(InjectionMetadata.java:133)
	at org.springframework.beans.factory.annotation.AutowiredAnnotationBeanPostProcessor.postProcessProperties(AutowiredAnnotationBeanPostProcessor.java:481)
	at org.springframework.beans.factory.support.AbstractAutowireCapableBeanFactory.populateBean(AbstractAutowireCapableBeanFactory.java:1397)
	at org.springframework.beans.factory.support.AbstractAutowireCapableBeanFactory.doCreateBean(AbstractAutowireCapableBeanFactory.java:598)
	at org.springframework.beans.factory.support.AbstractAutowireCapableBeanFactory.createBean(AbstractAutowireCapableBeanFactory.java:521)
	at org.springframework.beans.factory.support.AbstractBeanFactory.lambda$doGetBean$0(AbstractBeanFactory.java:326)
	at org.springframework.beans.factory.support.DefaultSingletonBeanRegistry.getSingleton(DefaultSingletonBeanRegistry.java:234)
	at org.springframework.beans.factory.support.AbstractBeanFactory.doGetBean(AbstractBeanFactory.java:324)
	at org.springframework.beans.factory.support.AbstractBeanFactory.getBean(AbstractBeanFactory.java:200)
	at org.springframework.beans.factory.support.DefaultListableBeanFactory.preInstantiateSingletons(DefaultListableBeanFactory.java:961)
	at org.springframework.context.support.AbstractApplicationContext.finishBeanFactoryInitialization(AbstractApplicationContext.java:915)
	at org.springframework.context.support.AbstractApplicationContext.refresh(AbstractApplicationContext.java:584)
	at org.springframework.boot.web.servlet.context.ServletWebServerApplicationContext.refresh(ServletWebServerApplicationContext.java:146)
	at org.springframework.boot.SpringApplication.refresh(SpringApplication.java:730)
	at org.springframework.boot.SpringApplication.refreshContext(SpringApplication.java:432)
	at org.springframework.boot.SpringApplication.run(SpringApplication.java:308)
	at org.springframework.boot.SpringApplication.run(SpringApplication.java:1302)
	at org.springframework.boot.SpringApplication.run(SpringApplication.java:1291)
	at com.quanxiaoha.XiaohashuDistributedIdGeneratorApplication.main(XiaohashuDistributedIdGeneratorApplication.java:9)
2025-12-07 19:13:06.170 [main] WARN  c.q.x.d.i.g.c.snowflake.SnowflakeZookeeperHolder - START FAILED ,use local node file properties workerID-0
2025-12-07 19:13:06.170 [main] INFO  c.q.x.d.i.g.core.snowflake.SnowflakeIDGenImpl - START SUCCESS USE ZK WORKERID-0
2025-12-07 19:13:06.170 [main] INFO  c.q.x.d.id.generator.service.SnowflakeService - Snowflake Service Init Successfully
2025-12-07 19:13:06.667 [main] INFO  o.s.boot.web.embedded.tomcat.TomcatWebServer - Tomcat started on port(s): 8085 (http) with context path ''
2025-12-07 19:13:06.670 [main] WARN  com.alibaba.nacos.client.logging.NacosLogging - Load Logback Configuration of Nacos fail, message: Could not initialize Logback Nacos logging from classpath:nacos-logback.xml
2025-12-07 19:13:06.670 [main] INFO  com.alibaba.nacos.client.naming - initializer namespace from ans.namespace attribute : null
2025-12-07 19:13:06.672 [main] INFO  com.alibaba.nacos.client.naming - initializer namespace from ALIBABA_ALIWARE_NAMESPACE attribute :null
2025-12-07 19:13:06.672 [main] INFO  com.alibaba.nacos.client.naming - initializer namespace from namespace attribute :null
2025-12-07 19:13:06.693 [main] INFO  com.alibaba.nacos.client.utils.ParamUtil - [settings] [req-serv] nacos-server port:8848
2025-12-07 19:13:06.693 [main] INFO  com.alibaba.nacos.client.utils.ParamUtil - [settings] [http-client] connect timeout:1000
2025-12-07 19:13:06.694 [main] INFO  com.alibaba.nacos.client.utils.ParamUtil - PER_TASK_CONFIG_SIZE: 3000.0
2025-12-07 19:13:06.696 [main] INFO  c.a.n.p.auth.spi.client.ClientAuthPluginManager - [ClientAuthPluginManager] Load ClientAuthService com.alibaba.nacos.client.auth.impl.NacosClientAuthServiceImpl success.
2025-12-07 19:13:06.697 [main] INFO  c.a.n.p.auth.spi.client.ClientAuthPluginManager - [ClientAuthPluginManager] Load ClientAuthService com.alibaba.nacos.client.auth.ram.RamClientAuthServiceImpl success.
2025-12-07 19:13:06.699 [main] INFO  c.a.n.client.auth.ram.identify.CredentialWatcher - null No credential found
2025-12-07 19:13:06.705 [main] INFO  com.alibaba.nacos.common.remote.client - [RpcClientFactory] create a new rpc client of a8628e38-a392-4ff7-a275-446e0129fac4
2025-12-07 19:13:06.717 [main] INFO  com.alibaba.nacos.common.remote.client - [a8628e38-a392-4ff7-a275-446e0129fac4] RpcClient init, ServerListFactory = com.alibaba.nacos.client.naming.core.ServerListManager
2025-12-07 19:13:06.717 [main] INFO  com.alibaba.nacos.common.remote.client - [a8628e38-a392-4ff7-a275-446e0129fac4] Registry connection listener to current client:com.alibaba.nacos.client.naming.remote.gprc.redo.NamingGrpcRedoService
2025-12-07 19:13:06.717 [main] INFO  com.alibaba.nacos.common.remote.client - [a8628e38-a392-4ff7-a275-446e0129fac4] Register server push request handler:com.alibaba.nacos.client.naming.remote.gprc.NamingPushRequestHandler
2025-12-07 19:13:06.718 [main] INFO  com.alibaba.nacos.common.remote.client - [a8628e38-a392-4ff7-a275-446e0129fac4] Try to connect to server on start up, server: {serverIp = '192.168.88.101', server main port = 8848}
2025-12-07 19:13:06.740 [main] INFO  c.a.nacos.common.remote.client.grpc.GrpcClient - grpc client connection server:192.168.88.101 ip,serverPort:9848,grpcTslConfig:{"sslProvider":"OPENSSL","enableTls":false,"mutualAuthEnable":false,"trustAll":false}
2025-12-07 19:13:07.394 [main] INFO  com.alibaba.nacos.common.remote.client - [a8628e38-a392-4ff7-a275-446e0129fac4] Success to connect to server [192.168.88.101:8848] on start up, connectionId = 1764956000415_192.168.88.1_56138
2025-12-07 19:13:07.394 [com.alibaba.nacos.client.remote.worker] INFO  com.alibaba.nacos.common.remote.client - [a8628e38-a392-4ff7-a275-446e0129fac4] Notify connected event to listeners.
2025-12-07 19:13:07.394 [com.alibaba.nacos.client.remote.worker] INFO  com.alibaba.nacos.client.naming - Grpc connection connect
2025-12-07 19:13:07.395 [main] INFO  com.alibaba.nacos.common.remote.client - [a8628e38-a392-4ff7-a275-446e0129fac4] Register server push request handler:com.alibaba.nacos.common.remote.client.RpcClient$ConnectResetRequestHandler
2025-12-07 19:13:07.395 [main] INFO  com.alibaba.nacos.common.remote.client - [a8628e38-a392-4ff7-a275-446e0129fac4] Register server push request handler:com.alibaba.nacos.common.remote.client.RpcClient$$Lambda$979/0x00000272c0715180
2025-12-07 19:13:07.395 [main] INFO  com.alibaba.nacos.client.naming - [REGISTER-SERVICE] xiaohashu registering service xiaohashu-distributed-id-generator with instance Instance{instanceId='null', ip='10.244.202.78', port=8085, weight=1.0, healthy=true, enabled=true, ephemeral=true, clusterName='DEFAULT', serviceName='null', metadata={IPv6=null, preserved.register.source=SPRING_CLOUD}}
2025-12-07 19:13:07.409 [main] INFO  c.a.cloud.nacos.registry.NacosServiceRegistry - nacos registry, DEFAULT_GROUP xiaohashu-distributed-id-generator 10.244.202.78:8085 register finished
2025-12-07 19:13:07.510 [main] INFO  c.q.XiaohashuDistributedIdGeneratorApplication - Started XiaohashuDistributedIdGeneratorApplication in 25.546 seconds (process running for 26.122)
2025-12-07 19:13:10.617 [main-SendThread(192.168.88.101:2181)] INFO  org.apache.zookeeper.ClientCnxn - Opening socket connection to server 192.168.88.101/192.168.88.101:2181.
2025-12-07 19:13:10.618 [main-SendThread(192.168.88.101:2181)] INFO  org.apache.zookeeper.ClientCnxn - SASL config status: Will not attempt to authenticate using SASL (unknown error)
2025-12-07 19:13:10.619 [main-SendThread(192.168.88.101:2181)] INFO  org.apache.zookeeper.ClientCnxn - Socket connection established, initiating session, client: /192.168.88.1:56142, server: 192.168.88.101/192.168.88.101:2181
2025-12-07 19:13:10.723 [main-SendThread(192.168.88.101:2181)] INFO  org.apache.zookeeper.ClientCnxn - Session establishment complete on server 192.168.88.101/192.168.88.101:2181, session id = 0x100000113cc0007, negotiated timeout = 6000
2025-12-07 19:13:10.723 [main-EventThread] INFO  o.a.curator.framework.state.ConnectionStateManager - State change: CONNECTED
2025-12-07 19:13:10.759 [main-EventThread] INFO  org.apache.curator.framework.imps.EnsembleTracker - New config event received: {}
2025-12-07 19:13:44.516 [check-idCache-thread] INFO  c.q.x.d.id.generator.core.segment.SegmentIDGenImpl - update cache from db
2025-12-07 19:13:44.521 [check-idCache-thread] INFO  org.perf4j.TimingLogger - start[1765106024516] time[5] tag[updateCacheFromDb]
2025-12-07 19:14:44.524 [check-idCache-thread] INFO  c.q.x.d.id.generator.core.segment.SegmentIDGenImpl - update cache from db
2025-12-07 19:14:44.538 [check-idCache-thread] INFO  org.perf4j.TimingLogger - start[1765106084525] time[14] tag[updateCacheFromDb]
2025-12-07 19:15:44.552 [check-idCache-thread] INFO  c.q.x.d.id.generator.core.segment.SegmentIDGenImpl - update cache from db
2025-12-07 19:15:44.557 [check-idCache-thread] INFO  org.perf4j.TimingLogger - start[1765106144552] time[4] tag[updateCacheFromDb]
2025-12-07 19:16:44.563 [check-idCache-thread] INFO  c.q.x.d.id.generator.core.segment.SegmentIDGenImpl - update cache from db
2025-12-07 19:16:44.564 [check-idCache-thread] INFO  org.perf4j.TimingLogger - start[1765106204563] time[3] tag[updateCacheFromDb]
2025-12-07 19:17:44.567 [check-idCache-thread] INFO  c.q.x.d.id.generator.core.segment.SegmentIDGenImpl - update cache from db
2025-12-07 19:17:44.574 [check-idCache-thread] INFO  org.perf4j.TimingLogger - start[1765106264567] time[7] tag[updateCacheFromDb]
2025-12-07 19:18:44.582 [check-idCache-thread] INFO  c.q.x.d.id.generator.core.segment.SegmentIDGenImpl - update cache from db
2025-12-07 19:18:44.586 [check-idCache-thread] INFO  org.perf4j.TimingLogger - start[1765106324582] time[3] tag[updateCacheFromDb]
2025-12-07 19:19:44.597 [check-idCache-thread] INFO  c.q.x.d.id.generator.core.segment.SegmentIDGenImpl - update cache from db
2025-12-07 19:19:44.613 [check-idCache-thread] INFO  org.perf4j.TimingLogger - start[1765106384597] time[16] tag[updateCacheFromDb]
2025-12-07 19:20:44.614 [check-idCache-thread] INFO  c.q.x.d.id.generator.core.segment.SegmentIDGenImpl - update cache from db
2025-12-07 19:20:44.617 [check-idCache-thread] INFO  org.perf4j.TimingLogger - start[1765106444614] time[3] tag[updateCacheFromDb]
2025-12-07 19:21:44.630 [check-idCache-thread] INFO  c.q.x.d.id.generator.core.segment.SegmentIDGenImpl - update cache from db
2025-12-07 19:21:44.635 [check-idCache-thread] INFO  org.perf4j.TimingLogger - start[1765106504630] time[4] tag[updateCacheFromDb]
2025-12-07 19:22:44.636 [check-idCache-thread] INFO  c.q.x.d.id.generator.core.segment.SegmentIDGenImpl - update cache from db
2025-12-07 19:22:44.640 [check-idCache-thread] INFO  org.perf4j.TimingLogger - start[1765106564636] time[3] tag[updateCacheFromDb]
2025-12-07 19:23:44.642 [check-idCache-thread] INFO  c.q.x.d.id.generator.core.segment.SegmentIDGenImpl - update cache from db
2025-12-07 19:23:44.646 [check-idCache-thread] INFO  org.perf4j.TimingLogger - start[1765106624642] time[3] tag[updateCacheFromDb]
2025-12-07 19:24:44.661 [check-idCache-thread] INFO  c.q.x.d.id.generator.core.segment.SegmentIDGenImpl - update cache from db
2025-12-07 19:24:44.664 [check-idCache-thread] INFO  org.perf4j.TimingLogger - start[1765106684662] time[3] tag[updateCacheFromDb]
2025-12-07 19:24:44.798 [Thread-9] WARN  c.alibaba.nacos.common.http.HttpClientBeanHolder - [HttpClientBeanHolder] Start destroying common HttpClient
2025-12-07 19:24:44.798 [Thread-6] WARN  com.alibaba.nacos.common.notify.NotifyCenter - [NotifyCenter] Start destroying Publisher
2025-12-07 19:24:44.799 [Thread-6] WARN  com.alibaba.nacos.common.notify.NotifyCenter - [NotifyCenter] Destruction of the end
2025-12-07 19:24:44.800 [Thread-9] WARN  c.alibaba.nacos.common.http.HttpClientBeanHolder - [HttpClientBeanHolder] Destruction of the end
2025-12-07 19:24:44.843 [SpringApplicationShutdownHook] INFO  c.a.cloud.nacos.registry.NacosServiceRegistry - De-registering from Nacos Server now...
2025-12-07 19:24:44.843 [SpringApplicationShutdownHook] INFO  com.alibaba.nacos.client.naming - [DEREGISTER-SERVICE] xiaohashu deregistering service xiaohashu-distributed-id-generator with instance: Instance{instanceId='null', ip='10.244.202.78', port=8085, weight=1.0, healthy=true, enabled=true, ephemeral=true, clusterName='DEFAULT', serviceName='null', metadata={}}
2025-12-07 19:24:44.849 [SpringApplicationShutdownHook] INFO  c.a.cloud.nacos.registry.NacosServiceRegistry - De-registration finished.
2025-12-07 19:24:44.849 [SpringApplicationShutdownHook] INFO  com.alibaba.nacos.client.naming - com.alibaba.nacos.client.naming.cache.ServiceInfoHolder do shutdown begin
2025-12-07 19:24:44.849 [SpringApplicationShutdownHook] INFO  com.alibaba.nacos.client.naming - com.alibaba.nacos.client.naming.backups.FailoverReactor do shutdown begin
2025-12-07 19:24:44.849 [SpringApplicationShutdownHook] INFO  com.alibaba.nacos.client.naming - com.alibaba.nacos.client.naming.backups.FailoverReactor do shutdown stop
2025-12-07 19:24:44.849 [SpringApplicationShutdownHook] INFO  com.alibaba.nacos.client.naming - com.alibaba.nacos.client.naming.cache.ServiceInfoHolder do shutdown stop
2025-12-07 19:24:44.849 [SpringApplicationShutdownHook] INFO  com.alibaba.nacos.client.naming - com.alibaba.nacos.client.naming.remote.NamingClientProxyDelegate do shutdown begin
2025-12-07 19:24:44.849 [SpringApplicationShutdownHook] INFO  com.alibaba.nacos.client.naming - com.alibaba.nacos.client.naming.core.ServiceInfoUpdateService do shutdown begin
2025-12-07 19:24:44.849 [SpringApplicationShutdownHook] INFO  com.alibaba.nacos.client.naming - com.alibaba.nacos.client.naming.core.ServiceInfoUpdateService do shutdown stop
2025-12-07 19:24:44.849 [SpringApplicationShutdownHook] INFO  com.alibaba.nacos.client.naming - com.alibaba.nacos.client.naming.core.ServerListManager do shutdown begin
2025-12-07 19:24:44.849 [SpringApplicationShutdownHook] WARN  com.alibaba.nacos.client.naming - [NamingHttpClientManager] Start destroying NacosRestTemplate
2025-12-07 19:24:44.850 [SpringApplicationShutdownHook] WARN  com.alibaba.nacos.client.naming - [NamingHttpClientManager] Destruction of the end
2025-12-07 19:24:44.850 [SpringApplicationShutdownHook] INFO  com.alibaba.nacos.client.naming - com.alibaba.nacos.client.naming.core.ServerListManager do shutdown stop
2025-12-07 19:24:44.850 [SpringApplicationShutdownHook] INFO  com.alibaba.nacos.client.naming - com.alibaba.nacos.client.naming.remote.http.NamingHttpClientProxy do shutdown begin
2025-12-07 19:24:44.850 [SpringApplicationShutdownHook] WARN  com.alibaba.nacos.client.naming - [NamingHttpClientManager] Start destroying NacosRestTemplate
2025-12-07 19:24:44.850 [SpringApplicationShutdownHook] WARN  com.alibaba.nacos.client.naming - [NamingHttpClientManager] Destruction of the end
2025-12-07 19:24:44.850 [SpringApplicationShutdownHook] INFO  com.alibaba.nacos.client.naming - com.alibaba.nacos.client.naming.remote.http.NamingHttpClientProxy do shutdown stop
2025-12-07 19:24:44.850 [SpringApplicationShutdownHook] INFO  com.alibaba.nacos.common.remote.client - Shutdown rpc client, set status to shutdown
2025-12-07 19:24:44.850 [SpringApplicationShutdownHook] INFO  com.alibaba.nacos.common.remote.client - Shutdown client event executor java.util.concurrent.ScheduledThreadPoolExecutor@b593dc4[Running, pool size = 2, active threads = 2, queued tasks = 0, completed tasks = 0]
2025-12-07 19:24:44.850 [SpringApplicationShutdownHook] INFO  com.alibaba.nacos.common.remote.client - Close current connection 1764956000415_192.168.88.1_56138
2025-12-07 19:24:44.852 [nacos-grpc-client-executor-192.168.88.101-160] WARN  c.a.nacos.common.remote.client.grpc.GrpcClient - [1764956000415_192.168.88.1_56138]Ignore error event,isRunning:false,isAbandon=false
2025-12-07 19:24:44.852 [SpringApplicationShutdownHook] INFO  c.a.nacos.common.remote.client.grpc.GrpcClient - Shutdown grpc executor java.util.concurrent.ThreadPoolExecutor@24fc2987[Running, pool size = 4, active threads = 0, queued tasks = 0, completed tasks = 161]
2025-12-07 19:24:44.852 [SpringApplicationShutdownHook] INFO  com.alibaba.nacos.client.naming - Shutdown grpc redo service executor java.util.concurrent.ScheduledThreadPoolExecutor@1be9f2df[Running, pool size = 1, active threads = 0, queued tasks = 1, completed tasks = 232]
2025-12-07 19:24:44.852 [SpringApplicationShutdownHook] INFO  c.a.n.client.auth.ram.identify.CredentialWatcher - [null] CredentialWatcher is stopped
2025-12-07 19:24:44.855 [SpringApplicationShutdownHook] INFO  c.a.n.client.auth.ram.identify.CredentialService - [null] CredentialService is freed
2025-12-07 19:24:44.855 [SpringApplicationShutdownHook] INFO  com.alibaba.nacos.client.naming - com.alibaba.nacos.client.naming.remote.NamingClientProxyDelegate do shutdown stop
