2025-12-07 19:12:46.268 [main] WARN  com.alibaba.nacos.client.logging.NacosLogging - Load Logback Configuration of Nacos fail, message: Could not initialize Logback Nacos logging from classpath:nacos-logback.xml
2025-12-07 19:12:46.323 [main] WARN  com.alibaba.nacos.client.logging.NacosLogging - Load Logback Configuration of Nacos fail, message: Could not initialize Logback Nacos logging from classpath:nacos-logback.xml
2025-12-07 19:12:46.779 [main] WARN  com.alibaba.nacos.client.logging.NacosLogging - Load Logback Configuration of Nacos fail, message: Could not initialize Logback Nacos logging from classpath:nacos-logback.xml
2025-12-07 19:12:46.798 [main] WARN  com.alibaba.nacos.client.logging.NacosLogging - Load Logback Configuration of Nacos fail, message: Could not initialize Logback Nacos logging from classpath:nacos-logback.xml
2025-12-07 19:12:46.798 [main] INFO  c.q.xiaohashu.note.biz.XiaohashuNoteBizApplication - The following 1 profile is active: "dev"
2025-12-07 19:12:48.434 [main] INFO  o.s.d.r.config.RepositoryConfigurationDelegate - Multiple Spring Data modules found, entering strict repository configuration mode
2025-12-07 19:12:48.438 [main] INFO  o.s.d.r.config.RepositoryConfigurationDelegate - Bootstrapping Spring Data Redis repositories in DEFAULT mode.
2025-12-07 19:12:48.464 [main] INFO  o.s.d.r.config.RepositoryConfigurationDelegate - Finished Spring Data repository scanning in 11 ms. Found 0 Redis repository interfaces.
2025-12-07 19:12:48.715 [main] INFO  o.springframework.cloud.context.scope.GenericScope - BeanFactory id=1b7cd939-1fb6-3a01-9a8a-1afcb8c60ff3
2025-12-07 19:12:48.764 [main] INFO  o.s.c.s.PostProcessorRegistrationDelegate$BeanPostProcessorChecker - Bean 'com.quanxiaoha.xiaohashu.user.api.userapi.UserFeignApi' of type [org.springframework.cloud.openfeign.FeignClientFactoryBean] is not eligible for getting processed by all BeanPostProcessors (for example: not eligible for auto-proxying)
2025-12-07 19:12:48.766 [main] INFO  o.s.c.s.PostProcessorRegistrationDelegate$BeanPostProcessorChecker - Bean 'com.quanxiaoha.xiaohashu.api.DistributedIdGeneratorFeignApi' of type [org.springframework.cloud.openfeign.FeignClientFactoryBean] is not eligible for getting processed by all BeanPostProcessors (for example: not eligible for auto-proxying)
2025-12-07 19:12:48.768 [main] INFO  o.s.c.s.PostProcessorRegistrationDelegate$BeanPostProcessorChecker - Bean 'com.quanxiaoha.xiaohashu.kv.api.dto.api.KeyValueFeignApi' of type [org.springframework.cloud.openfeign.FeignClientFactoryBean] is not eligible for getting processed by all BeanPostProcessors (for example: not eligible for auto-proxying)
2025-12-07 19:12:49.107 [main] INFO  o.s.c.s.PostProcessorRegistrationDelegate$BeanPostProcessorChecker - Bean 'org.apache.rocketmq.spring.autoconfigure.MessageConverterConfiguration' of type [org.apache.rocketmq.spring.autoconfigure.MessageConverterConfiguration$$SpringCGLIB$$0] is not eligible for getting processed by all BeanPostProcessors (for example: not eligible for auto-proxying)
2025-12-07 19:12:49.238 [main] INFO  o.s.c.s.PostProcessorRegistrationDelegate$BeanPostProcessorChecker - Bean 'createRocketMQMessageConverter' of type [org.apache.rocketmq.spring.support.RocketMQMessageConverter] is not eligible for getting processed by all BeanPostProcessors (for example: not eligible for auto-proxying)
2025-12-07 19:12:49.249 [main] INFO  o.s.c.s.PostProcessorRegistrationDelegate$BeanPostProcessorChecker - Bean 'org.springframework.cloud.commons.config.CommonsConfigAutoConfiguration' of type [org.springframework.cloud.commons.config.CommonsConfigAutoConfiguration] is not eligible for getting processed by all BeanPostProcessors (for example: not eligible for auto-proxying)
2025-12-07 19:12:49.274 [main] INFO  o.s.c.s.PostProcessorRegistrationDelegate$BeanPostProcessorChecker - Bean 'org.springframework.cloud.client.loadbalancer.LoadBalancerDefaultMappingsProviderAutoConfiguration' of type [org.springframework.cloud.client.loadbalancer.LoadBalancerDefaultMappingsProviderAutoConfiguration] is not eligible for getting processed by all BeanPostProcessors (for example: not eligible for auto-proxying)
2025-12-07 19:12:49.277 [main] INFO  o.s.c.s.PostProcessorRegistrationDelegate$BeanPostProcessorChecker - Bean 'loadBalancerClientsDefaultsMappingsProvider' of type [org.springframework.cloud.client.loadbalancer.LoadBalancerDefaultMappingsProviderAutoConfiguration$$Lambda$709/0x000001fa014f1b48] is not eligible for getting processed by all BeanPostProcessors (for example: not eligible for auto-proxying)
2025-12-07 19:12:49.280 [main] INFO  o.s.c.s.PostProcessorRegistrationDelegate$BeanPostProcessorChecker - Bean 'defaultsBindHandlerAdvisor' of type [org.springframework.cloud.commons.config.DefaultsBindHandlerAdvisor] is not eligible for getting processed by all BeanPostProcessors (for example: not eligible for auto-proxying)
2025-12-07 19:12:49.287 [main] INFO  o.s.c.s.PostProcessorRegistrationDelegate$BeanPostProcessorChecker - Bean 'rocketmq-org.apache.rocketmq.spring.autoconfigure.RocketMQProperties' of type [org.apache.rocketmq.spring.autoconfigure.RocketMQProperties] is not eligible for getting processed by all BeanPostProcessors (for example: not eligible for auto-proxying)
2025-12-07 19:12:49.289 [main] INFO  o.s.c.s.PostProcessorRegistrationDelegate$BeanPostProcessorChecker - Bean 'org.apache.rocketmq.spring.autoconfigure.ListenerContainerConfiguration' of type [org.apache.rocketmq.spring.autoconfigure.ListenerContainerConfiguration$$SpringCGLIB$$0] is not eligible for getting processed by all BeanPostProcessors (for example: not eligible for auto-proxying)
2025-12-07 19:12:49.663 [main] INFO  o.s.boot.web.embedded.tomcat.TomcatWebServer - Tomcat initialized with port(s): 8001 (http)
2025-12-07 19:12:49.678 [main] INFO  org.apache.catalina.core.StandardService - Starting service [Tomcat]
2025-12-07 19:12:49.678 [main] INFO  org.apache.catalina.core.StandardEngine - Starting Servlet engine: [Apache Tomcat/10.1.5]
2025-12-07 19:12:49.805 [main] INFO  o.a.c.core.ContainerBase.[Tomcat].[localhost].[/] - Initializing Spring embedded WebApplicationContext
2025-12-07 19:12:49.806 [main] INFO  o.s.b.w.s.c.ServletWebServerApplicationContext - Root WebApplicationContext: initialization completed in 2988 ms
2025-12-07 19:12:50.722 [main] INFO  o.a.r.s.support.DefaultRocketMQListenerContainer - running container: DefaultRocketMQListenerContainer{consumerGroup='xiaohashu_group_DelayDeleteNoteRedisCacheTopic', namespace='', nameServer='192.168.88.101:9876', topic='DelayDeleteNoteRedisCacheTopic', consumeMode=CONCURRENTLY, selectorType=TAG, selectorExpression='*', messageModel=BROADCASTING', tlsEnable=false, instanceName=DEFAULT}
2025-12-07 19:12:50.722 [main] INFO  o.a.r.s.a.ListenerContainerConfiguration - Register the listener to container, listenerBeanName:delayDeleteRedisConsumer, containerBeanName:org.apache.rocketmq.spring.support.DefaultRocketMQListenerContainer_1
2025-12-07 19:12:50.865 [main] INFO  o.s.cloud.openfeign.FeignClientFactoryBean - For 'xiaohashu-distributed-id-generator' URL not provided. Will try picking an instance via load-balancing.
2025-12-07 19:12:50.917 [main] INFO  o.s.cloud.openfeign.FeignClientFactoryBean - For 'xiaohashu-kv' URL not provided. Will try picking an instance via load-balancing.
2025-12-07 19:12:50.940 [main] INFO  c.a.d.s.b.a.DruidDataSourceAutoConfigure - Init DruidDataSource
2025-12-07 19:12:51.423 [main] INFO  com.alibaba.druid.pool.DruidDataSource - {dataSource-1} inited
2025-12-07 19:12:51.774 [main] INFO  o.a.r.s.autoconfigure.RocketMQAutoConfiguration - a producer (xiaohashu_group) init on namesrv 192.168.88.101:9876
2025-12-07 19:12:51.853 [main] INFO  o.s.cloud.openfeign.FeignClientFactoryBean - For 'xiaohashu-user' URL not provided. Will try picking an instance via load-balancing.
2025-12-07 19:12:51.916 [main] INFO  o.a.r.s.support.DefaultRocketMQListenerContainer - running container: DefaultRocketMQListenerContainer{consumerGroup='xiaohashu_group', namespace='', nameServer='192.168.88.101:9876', topic='DeleteNoteLocalCacheTopic', consumeMode=CONCURRENTLY, selectorType=TAG, selectorExpression='*', messageModel=BROADCASTING', tlsEnable=false, instanceName=DEFAULT}
2025-12-07 19:12:51.917 [main] INFO  o.a.r.s.a.ListenerContainerConfiguration - Register the listener to container, listenerBeanName:deleteNoteCacheConsumer, containerBeanName:org.apache.rocketmq.spring.support.DefaultRocketMQListenerContainer_2
2025-12-07 19:12:52.882 [main] WARN  com.alibaba.nacos.client.logging.NacosLogging - Load Logback Configuration of Nacos fail, message: Could not initialize Logback Nacos logging from classpath:nacos-logback.xml
2025-12-07 19:12:52.946 [main] INFO  o.s.boot.web.embedded.tomcat.TomcatWebServer - Tomcat started on port(s): 8001 (http) with context path ''
2025-12-07 19:12:52.954 [main] WARN  com.alibaba.nacos.client.logging.NacosLogging - Load Logback Configuration of Nacos fail, message: Could not initialize Logback Nacos logging from classpath:nacos-logback.xml
2025-12-07 19:12:52.955 [main] INFO  com.alibaba.nacos.client.naming - initializer namespace from ans.namespace attribute : null
2025-12-07 19:12:52.957 [main] INFO  com.alibaba.nacos.client.naming - initializer namespace from ALIBABA_ALIWARE_NAMESPACE attribute :null
2025-12-07 19:12:52.957 [main] INFO  com.alibaba.nacos.client.naming - initializer namespace from namespace attribute :null
2025-12-07 19:12:52.980 [main] WARN  com.alibaba.nacos.client.logging.NacosLogging - Load Logback Configuration of Nacos fail, message: Could not initialize Logback Nacos logging from classpath:nacos-logback.xml
2025-12-07 19:12:52.992 [main] INFO  com.alibaba.nacos.client.utils.ParamUtil - [settings] [req-serv] nacos-server port:8848
2025-12-07 19:12:52.993 [main] INFO  com.alibaba.nacos.client.utils.ParamUtil - [settings] [http-client] connect timeout:1000
2025-12-07 19:12:52.994 [main] INFO  com.alibaba.nacos.client.utils.ParamUtil - PER_TASK_CONFIG_SIZE: 3000.0
2025-12-07 19:12:52.999 [main] INFO  c.a.n.p.auth.spi.client.ClientAuthPluginManager - [ClientAuthPluginManager] Load ClientAuthService com.alibaba.nacos.client.auth.impl.NacosClientAuthServiceImpl success.
2025-12-07 19:12:53.000 [main] INFO  c.a.n.p.auth.spi.client.ClientAuthPluginManager - [ClientAuthPluginManager] Load ClientAuthService com.alibaba.nacos.client.auth.ram.RamClientAuthServiceImpl success.
2025-12-07 19:12:53.003 [main] INFO  c.a.n.client.auth.ram.identify.CredentialWatcher - null No credential found
2025-12-07 19:12:53.015 [main] INFO  com.alibaba.nacos.common.remote.client - [RpcClientFactory] create a new rpc client of 6a93c51a-a9dd-4f2e-99b7-c82bd1294015
2025-12-07 19:12:53.041 [main] INFO  com.alibaba.nacos.common.remote.client - [6a93c51a-a9dd-4f2e-99b7-c82bd1294015] RpcClient init, ServerListFactory = com.alibaba.nacos.client.naming.core.ServerListManager
2025-12-07 19:12:53.041 [main] INFO  com.alibaba.nacos.common.remote.client - [6a93c51a-a9dd-4f2e-99b7-c82bd1294015] Registry connection listener to current client:com.alibaba.nacos.client.naming.remote.gprc.redo.NamingGrpcRedoService
2025-12-07 19:12:53.042 [main] INFO  com.alibaba.nacos.common.remote.client - [6a93c51a-a9dd-4f2e-99b7-c82bd1294015] Register server push request handler:com.alibaba.nacos.client.naming.remote.gprc.NamingPushRequestHandler
2025-12-07 19:12:53.045 [main] INFO  com.alibaba.nacos.common.remote.client - [6a93c51a-a9dd-4f2e-99b7-c82bd1294015] Try to connect to server on start up, server: {serverIp = '192.168.88.101', server main port = 8848}
2025-12-07 19:12:53.081 [main] INFO  c.a.nacos.common.remote.client.grpc.GrpcClient - grpc client connection server:192.168.88.101 ip,serverPort:9848,grpcTslConfig:{"sslProvider":"OPENSSL","enableTls":false,"mutualAuthEnable":false,"trustAll":false}
2025-12-07 19:12:53.483 [main] WARN  com.alibaba.nacos.client.logging.NacosLogging - Load Logback Configuration of Nacos fail, message: Could not initialize Logback Nacos logging from classpath:nacos-logback.xml
2025-12-07 19:12:53.504 [main] WARN  com.alibaba.nacos.client.logging.NacosLogging - Load Logback Configuration of Nacos fail, message: Could not initialize Logback Nacos logging from classpath:nacos-logback.xml
2025-12-07 19:12:53.506 [main] INFO  c.q.xiaohashu.note.biz.XiaohashuNoteBizApplication - The following 1 profile is active: "dev"
2025-12-07 19:12:54.224 [main] INFO  o.s.d.r.config.RepositoryConfigurationDelegate - Multiple Spring Data modules found, entering strict repository configuration mode
2025-12-07 19:12:54.227 [main] INFO  o.s.d.r.config.RepositoryConfigurationDelegate - Bootstrapping Spring Data Redis repositories in DEFAULT mode.
2025-12-07 19:12:54.243 [main] INFO  com.alibaba.nacos.common.remote.client - [6a93c51a-a9dd-4f2e-99b7-c82bd1294015] Success to connect to server [192.168.88.101:8848] on start up, connectionId = 1764955987206_192.168.88.1_56053
2025-12-07 19:12:54.245 [com.alibaba.nacos.client.remote.worker] INFO  com.alibaba.nacos.common.remote.client - [6a93c51a-a9dd-4f2e-99b7-c82bd1294015] Notify connected event to listeners.
2025-12-07 19:12:54.245 [com.alibaba.nacos.client.remote.worker] INFO  com.alibaba.nacos.client.naming - Grpc connection connect
2025-12-07 19:12:54.245 [main] INFO  com.alibaba.nacos.common.remote.client - [6a93c51a-a9dd-4f2e-99b7-c82bd1294015] Register server push request handler:com.alibaba.nacos.common.remote.client.RpcClient$ConnectResetRequestHandler
2025-12-07 19:12:54.245 [main] INFO  com.alibaba.nacos.common.remote.client - [6a93c51a-a9dd-4f2e-99b7-c82bd1294015] Register server push request handler:com.alibaba.nacos.common.remote.client.RpcClient$$Lambda$1277/0x000001fa019af928
2025-12-07 19:12:54.247 [main] INFO  com.alibaba.nacos.client.naming - [REGISTER-SERVICE] xiaohashu registering service xiaohashu-note with instance Instance{instanceId='null', ip='10.244.202.78', port=8001, weight=1.0, healthy=true, enabled=true, ephemeral=true, clusterName='DEFAULT', serviceName='null', metadata={IPv6=null, preserved.register.source=SPRING_CLOUD}}
2025-12-07 19:12:54.255 [main] INFO  o.s.d.r.config.RepositoryConfigurationDelegate - Finished Spring Data repository scanning in 13 ms. Found 0 Redis repository interfaces.
2025-12-07 19:12:54.276 [main] INFO  c.a.cloud.nacos.registry.NacosServiceRegistry - nacos registry, DEFAULT_GROUP xiaohashu-note 10.244.202.78:8001 register finished
2025-12-07 19:12:54.400 [main] INFO  c.q.xiaohashu.note.biz.XiaohashuNoteBizApplication - Started XiaohashuNoteBizApplication in 8.636 seconds (process running for 10.803)
2025-12-07 19:12:54.499 [main] INFO  o.springframework.cloud.context.scope.GenericScope - BeanFactory id=1b7cd939-1fb6-3a01-9a8a-1afcb8c60ff3
2025-12-07 19:12:54.537 [main] INFO  o.s.c.s.PostProcessorRegistrationDelegate$BeanPostProcessorChecker - Bean 'com.quanxiaoha.xiaohashu.user.api.userapi.UserFeignApi' of type [org.springframework.cloud.openfeign.FeignClientFactoryBean] is not eligible for getting processed by all BeanPostProcessors (for example: not eligible for auto-proxying)
2025-12-07 19:12:54.538 [main] INFO  o.s.c.s.PostProcessorRegistrationDelegate$BeanPostProcessorChecker - Bean 'com.quanxiaoha.xiaohashu.api.DistributedIdGeneratorFeignApi' of type [org.springframework.cloud.openfeign.FeignClientFactoryBean] is not eligible for getting processed by all BeanPostProcessors (for example: not eligible for auto-proxying)
2025-12-07 19:12:54.540 [main] INFO  o.s.c.s.PostProcessorRegistrationDelegate$BeanPostProcessorChecker - Bean 'com.quanxiaoha.xiaohashu.kv.api.dto.api.KeyValueFeignApi' of type [org.springframework.cloud.openfeign.FeignClientFactoryBean] is not eligible for getting processed by all BeanPostProcessors (for example: not eligible for auto-proxying)
2025-12-07 19:12:54.786 [main] INFO  o.s.c.s.PostProcessorRegistrationDelegate$BeanPostProcessorChecker - Bean 'org.apache.rocketmq.spring.autoconfigure.MessageConverterConfiguration' of type [org.apache.rocketmq.spring.autoconfigure.MessageConverterConfiguration$$SpringCGLIB$$0] is not eligible for getting processed by all BeanPostProcessors (for example: not eligible for auto-proxying)
2025-12-07 19:12:54.842 [main] INFO  o.s.c.s.PostProcessorRegistrationDelegate$BeanPostProcessorChecker - Bean 'createRocketMQMessageConverter' of type [org.apache.rocketmq.spring.support.RocketMQMessageConverter] is not eligible for getting processed by all BeanPostProcessors (for example: not eligible for auto-proxying)
2025-12-07 19:12:54.844 [main] INFO  o.s.c.s.PostProcessorRegistrationDelegate$BeanPostProcessorChecker - Bean 'org.springframework.cloud.commons.config.CommonsConfigAutoConfiguration' of type [org.springframework.cloud.commons.config.CommonsConfigAutoConfiguration] is not eligible for getting processed by all BeanPostProcessors (for example: not eligible for auto-proxying)
2025-12-07 19:12:54.845 [main] INFO  o.s.c.s.PostProcessorRegistrationDelegate$BeanPostProcessorChecker - Bean 'org.springframework.cloud.client.loadbalancer.LoadBalancerDefaultMappingsProviderAutoConfiguration' of type [org.springframework.cloud.client.loadbalancer.LoadBalancerDefaultMappingsProviderAutoConfiguration] is not eligible for getting processed by all BeanPostProcessors (for example: not eligible for auto-proxying)
2025-12-07 19:12:54.845 [main] INFO  o.s.c.s.PostProcessorRegistrationDelegate$BeanPostProcessorChecker - Bean 'loadBalancerClientsDefaultsMappingsProvider' of type [org.springframework.cloud.client.loadbalancer.LoadBalancerDefaultMappingsProviderAutoConfiguration$$Lambda$721/0x0000025ec4539b48] is not eligible for getting processed by all BeanPostProcessors (for example: not eligible for auto-proxying)
2025-12-07 19:12:54.848 [main] INFO  o.s.c.s.PostProcessorRegistrationDelegate$BeanPostProcessorChecker - Bean 'defaultsBindHandlerAdvisor' of type [org.springframework.cloud.commons.config.DefaultsBindHandlerAdvisor] is not eligible for getting processed by all BeanPostProcessors (for example: not eligible for auto-proxying)
2025-12-07 19:12:54.851 [main] INFO  o.s.c.s.PostProcessorRegistrationDelegate$BeanPostProcessorChecker - Bean 'rocketmq-org.apache.rocketmq.spring.autoconfigure.RocketMQProperties' of type [org.apache.rocketmq.spring.autoconfigure.RocketMQProperties] is not eligible for getting processed by all BeanPostProcessors (for example: not eligible for auto-proxying)
2025-12-07 19:12:54.854 [main] INFO  o.s.c.s.PostProcessorRegistrationDelegate$BeanPostProcessorChecker - Bean 'org.apache.rocketmq.spring.autoconfigure.ListenerContainerConfiguration' of type [org.apache.rocketmq.spring.autoconfigure.ListenerContainerConfiguration$$SpringCGLIB$$0] is not eligible for getting processed by all BeanPostProcessors (for example: not eligible for auto-proxying)
2025-12-07 19:12:55.132 [main] INFO  o.s.boot.web.embedded.tomcat.TomcatWebServer - Tomcat initialized with port(s): 8086 (http)
2025-12-07 19:12:55.144 [main] INFO  org.apache.catalina.core.StandardService - Starting service [Tomcat]
2025-12-07 19:12:55.145 [main] INFO  org.apache.catalina.core.StandardEngine - Starting Servlet engine: [Apache Tomcat/10.1.5]
2025-12-07 19:12:55.236 [main] INFO  o.a.c.core.ContainerBase.[Tomcat].[localhost].[/] - Initializing Spring embedded WebApplicationContext
2025-12-07 19:12:55.237 [main] INFO  o.s.b.w.s.c.ServletWebServerApplicationContext - Root WebApplicationContext: initialization completed in 1703 ms
2025-12-07 19:12:56.174 [main] INFO  o.a.r.s.support.DefaultRocketMQListenerContainer - running container: DefaultRocketMQListenerContainer{consumerGroup='xiaohashu_group_DelayDeleteNoteRedisCacheTopic', namespace='', nameServer='192.168.88.101:9876', topic='DelayDeleteNoteRedisCacheTopic', consumeMode=CONCURRENTLY, selectorType=TAG, selectorExpression='*', messageModel=BROADCASTING', tlsEnable=false, instanceName=DEFAULT}
2025-12-07 19:12:56.174 [main] INFO  o.a.r.s.a.ListenerContainerConfiguration - Register the listener to container, listenerBeanName:delayDeleteRedisConsumer, containerBeanName:org.apache.rocketmq.spring.support.DefaultRocketMQListenerContainer_1
2025-12-07 19:12:56.394 [main] INFO  o.s.cloud.openfeign.FeignClientFactoryBean - For 'xiaohashu-distributed-id-generator' URL not provided. Will try picking an instance via load-balancing.
2025-12-07 19:12:56.460 [main] INFO  o.s.cloud.openfeign.FeignClientFactoryBean - For 'xiaohashu-kv' URL not provided. Will try picking an instance via load-balancing.
2025-12-07 19:12:56.485 [main] INFO  c.a.d.s.b.a.DruidDataSourceAutoConfigure - Init DruidDataSource
2025-12-07 19:12:56.941 [main] INFO  com.alibaba.druid.pool.DruidDataSource - {dataSource-1} inited
2025-12-07 19:12:57.253 [main] INFO  o.a.r.s.autoconfigure.RocketMQAutoConfiguration - a producer (xiaohashu_group) init on namesrv 192.168.88.101:9876
2025-12-07 19:12:57.337 [main] INFO  o.s.cloud.openfeign.FeignClientFactoryBean - For 'xiaohashu-user' URL not provided. Will try picking an instance via load-balancing.
2025-12-07 19:12:57.388 [main] INFO  o.a.r.s.support.DefaultRocketMQListenerContainer - running container: DefaultRocketMQListenerContainer{consumerGroup='xiaohashu_group', namespace='', nameServer='192.168.88.101:9876', topic='DeleteNoteLocalCacheTopic', consumeMode=CONCURRENTLY, selectorType=TAG, selectorExpression='*', messageModel=BROADCASTING', tlsEnable=false, instanceName=DEFAULT}
2025-12-07 19:12:57.388 [main] INFO  o.a.r.s.a.ListenerContainerConfiguration - Register the listener to container, listenerBeanName:deleteNoteCacheConsumer, containerBeanName:org.apache.rocketmq.spring.support.DefaultRocketMQListenerContainer_2
2025-12-07 19:12:58.479 [main] INFO  o.s.boot.web.embedded.tomcat.TomcatWebServer - Tomcat started on port(s): 8086 (http) with context path ''
2025-12-07 19:12:58.486 [main] WARN  com.alibaba.nacos.client.logging.NacosLogging - Load Logback Configuration of Nacos fail, message: Could not initialize Logback Nacos logging from classpath:nacos-logback.xml
2025-12-07 19:12:58.488 [main] INFO  com.alibaba.nacos.client.naming - initializer namespace from ans.namespace attribute : null
2025-12-07 19:12:58.488 [main] INFO  com.alibaba.nacos.client.naming - initializer namespace from ALIBABA_ALIWARE_NAMESPACE attribute :null
2025-12-07 19:12:58.488 [main] INFO  com.alibaba.nacos.client.naming - initializer namespace from namespace attribute :null
2025-12-07 19:12:58.522 [main] INFO  com.alibaba.nacos.client.utils.ParamUtil - [settings] [req-serv] nacos-server port:8848
2025-12-07 19:12:58.522 [main] INFO  com.alibaba.nacos.client.utils.ParamUtil - [settings] [http-client] connect timeout:1000
2025-12-07 19:12:58.523 [main] INFO  com.alibaba.nacos.client.utils.ParamUtil - PER_TASK_CONFIG_SIZE: 3000.0
2025-12-07 19:12:58.529 [main] INFO  c.a.n.p.auth.spi.client.ClientAuthPluginManager - [ClientAuthPluginManager] Load ClientAuthService com.alibaba.nacos.client.auth.impl.NacosClientAuthServiceImpl success.
2025-12-07 19:12:58.529 [main] INFO  c.a.n.p.auth.spi.client.ClientAuthPluginManager - [ClientAuthPluginManager] Load ClientAuthService com.alibaba.nacos.client.auth.ram.RamClientAuthServiceImpl success.
2025-12-07 19:12:58.532 [main] INFO  c.a.n.client.auth.ram.identify.CredentialWatcher - null No credential found
2025-12-07 19:12:58.543 [main] INFO  com.alibaba.nacos.common.remote.client - [RpcClientFactory] create a new rpc client of 4100bcf7-76d9-458e-89c0-c9f4f2520835
2025-12-07 19:12:58.566 [main] INFO  com.alibaba.nacos.common.remote.client - [4100bcf7-76d9-458e-89c0-c9f4f2520835] RpcClient init, ServerListFactory = com.alibaba.nacos.client.naming.core.ServerListManager
2025-12-07 19:12:58.566 [main] INFO  com.alibaba.nacos.common.remote.client - [4100bcf7-76d9-458e-89c0-c9f4f2520835] Registry connection listener to current client:com.alibaba.nacos.client.naming.remote.gprc.redo.NamingGrpcRedoService
2025-12-07 19:12:58.566 [main] INFO  com.alibaba.nacos.common.remote.client - [4100bcf7-76d9-458e-89c0-c9f4f2520835] Register server push request handler:com.alibaba.nacos.client.naming.remote.gprc.NamingPushRequestHandler
2025-12-07 19:12:58.568 [main] INFO  com.alibaba.nacos.common.remote.client - [4100bcf7-76d9-458e-89c0-c9f4f2520835] Try to connect to server on start up, server: {serverIp = '192.168.88.101', server main port = 8848}
2025-12-07 19:12:58.594 [main] INFO  c.a.nacos.common.remote.client.grpc.GrpcClient - grpc client connection server:192.168.88.101 ip,serverPort:9848,grpcTslConfig:{"sslProvider":"OPENSSL","enableTls":false,"mutualAuthEnable":false,"trustAll":false}
2025-12-07 19:12:59.502 [main] INFO  com.alibaba.nacos.common.remote.client - [4100bcf7-76d9-458e-89c0-c9f4f2520835] Success to connect to server [192.168.88.101:8848] on start up, connectionId = 1764955992476_192.168.88.1_56106
2025-12-07 19:12:59.503 [com.alibaba.nacos.client.remote.worker] INFO  com.alibaba.nacos.common.remote.client - [4100bcf7-76d9-458e-89c0-c9f4f2520835] Notify connected event to listeners.
2025-12-07 19:12:59.503 [com.alibaba.nacos.client.remote.worker] INFO  com.alibaba.nacos.client.naming - Grpc connection connect
2025-12-07 19:12:59.504 [main] INFO  com.alibaba.nacos.common.remote.client - [4100bcf7-76d9-458e-89c0-c9f4f2520835] Register server push request handler:com.alibaba.nacos.common.remote.client.RpcClient$ConnectResetRequestHandler
2025-12-07 19:12:59.504 [main] INFO  com.alibaba.nacos.common.remote.client - [4100bcf7-76d9-458e-89c0-c9f4f2520835] Register server push request handler:com.alibaba.nacos.common.remote.client.RpcClient$$Lambda$1290/0x0000025ec49b2510
2025-12-07 19:12:59.506 [main] INFO  com.alibaba.nacos.client.naming - [REGISTER-SERVICE] xiaohashu registering service xiaohashu-note with instance Instance{instanceId='null', ip='10.244.202.78', port=8086, weight=1.0, healthy=true, enabled=true, ephemeral=true, clusterName='DEFAULT', serviceName='null', metadata={IPv6=null, preserved.register.source=SPRING_CLOUD}}
2025-12-07 19:12:59.521 [main] INFO  c.a.cloud.nacos.registry.NacosServiceRegistry - nacos registry, DEFAULT_GROUP xiaohashu-note 10.244.202.78:8086 register finished
2025-12-07 19:12:59.682 [main] INFO  c.q.xiaohashu.note.biz.XiaohashuNoteBizApplication - Started XiaohashuNoteBizApplication in 7.539 seconds (process running for 8.067)
2025-12-07 19:20:16.024 [http-nio-8001-exec-5] INFO  o.a.c.core.ContainerBase.[Tomcat].[localhost].[/] - Initializing Spring DispatcherServlet 'dispatcherServlet'
2025-12-07 19:20:16.025 [http-nio-8001-exec-5] INFO  org.springframework.web.servlet.DispatcherServlet - Initializing Servlet 'dispatcherServlet'
2025-12-07 19:20:16.027 [http-nio-8001-exec-5] INFO  org.springframework.web.servlet.DispatcherServlet - Completed initialization in 2 ms
2025-12-07 19:20:16.037 [http-nio-8001-exec-5] INFO  c.q.xiaohashu.context.filter.UserIdContextFilter - =====从请求头中获取userId 2100
2025-12-07 19:20:16.109 [http-nio-8001-exec-5] INFO  c.q.x.operationlog.aspect.ApiOperationLogAspect - ====== 请求开始: [查询笔记详情], 入参: {"id":1996481320368209964}, 请求类: NoteController, 请求方法: publishNote =================================== 
2025-12-07 19:20:16.469 [http-nio-8001-exec-5] WARN  c.q.x.note.biz.exception.GlobalExceptionHandler - /note/detail request fail, errorCode: NOTE-20002, errorMessage: 笔记不存在
2025-12-07 19:20:16.478 [http-nio-8001-exec-5] INFO  c.q.xiaohashu.context.filter.UserIdContextFilter - ======删除ThreadLocal userId 2100
2025-12-07 19:20:23.144 [http-nio-8086-exec-1] INFO  o.a.c.core.ContainerBase.[Tomcat].[localhost].[/] - Initializing Spring DispatcherServlet 'dispatcherServlet'
2025-12-07 19:20:23.144 [http-nio-8086-exec-1] INFO  org.springframework.web.servlet.DispatcherServlet - Initializing Servlet 'dispatcherServlet'
2025-12-07 19:20:23.145 [http-nio-8086-exec-1] INFO  org.springframework.web.servlet.DispatcherServlet - Completed initialization in 1 ms
2025-12-07 19:20:23.155 [http-nio-8086-exec-1] INFO  c.q.xiaohashu.context.filter.UserIdContextFilter - =====从请求头中获取userId 2100
2025-12-07 19:20:23.220 [http-nio-8086-exec-1] INFO  c.q.x.operationlog.aspect.ApiOperationLogAspect - ====== 请求开始: [查询笔记详情], 入参: {"id":1}, 请求类: NoteController, 请求方法: publishNote =================================== 
2025-12-07 19:20:23.581 [http-nio-8086-exec-1] WARN  c.q.x.note.biz.exception.GlobalExceptionHandler - /note/detail request fail, errorCode: NOTE-20002, errorMessage: 笔记不存在
2025-12-07 19:20:23.590 [http-nio-8086-exec-1] INFO  c.q.xiaohashu.context.filter.UserIdContextFilter - ======删除ThreadLocal userId 2100
2025-12-07 19:20:28.920 [http-nio-8001-exec-1] INFO  c.q.xiaohashu.context.filter.UserIdContextFilter - =====从请求头中获取userId 2100
2025-12-07 19:20:28.921 [http-nio-8001-exec-1] INFO  c.q.x.operationlog.aspect.ApiOperationLogAspect - ====== 请求开始: [查询笔记详情], 入参: {"id":1}, 请求类: NoteController, 请求方法: publishNote =================================== 
2025-12-07 19:20:28.927 [http-nio-8001-exec-1] WARN  c.q.x.note.biz.exception.GlobalExceptionHandler - /note/detail request fail, errorCode: NOTE-20002, errorMessage: 笔记不存在
2025-12-07 19:20:28.928 [http-nio-8001-exec-1] INFO  c.q.xiaohashu.context.filter.UserIdContextFilter - ======删除ThreadLocal userId 2100
2025-12-07 19:21:05.231 [http-nio-8086-exec-2] INFO  c.q.xiaohashu.context.filter.UserIdContextFilter - =====从请求头中获取userId 2100
2025-12-07 19:21:05.233 [http-nio-8086-exec-2] INFO  c.q.x.operationlog.aspect.ApiOperationLogAspect - ====== 请求开始: [查询笔记详情], 入参: {"id":1996497025494941725}, 请求类: NoteController, 请求方法: publishNote =================================== 
2025-12-07 19:21:05.249 [http-nio-8086-exec-2] INFO  c.q.x.context.Interceptor.FeignRequestInterceptor - ========feign 请求头添加userid 2100
2025-12-07 19:21:05.290 [http-nio-8086-exec-2] INFO  com.alibaba.nacos.client.naming - [SUBSCRIBE-SERVICE] service:xiaohashu-user, group:DEFAULT_GROUP, clusters: 
2025-12-07 19:21:05.304 [http-nio-8086-exec-2] INFO  com.alibaba.nacos.client.naming - init new ips(1) service: DEFAULT_GROUP@@xiaohashu-user -> [{"ip":"10.244.202.78","port":8082,"weight":1.0,"healthy":true,"enabled":true,"ephemeral":true,"clusterName":"DEFAULT","serviceName":"DEFAULT_GROUP@@xiaohashu-user","metadata":{"preserved.register.source":"SPRING_CLOUD"},"ipDeleteTimeout":30000,"instanceHeartBeatInterval":5000,"instanceHeartBeatTimeOut":15000}]
2025-12-07 19:21:05.311 [http-nio-8086-exec-2] INFO  com.alibaba.nacos.client.naming - current ips:(1) service: DEFAULT_GROUP@@xiaohashu-user -> [{"ip":"10.244.202.78","port":8082,"weight":1.0,"healthy":true,"enabled":true,"ephemeral":true,"clusterName":"DEFAULT","serviceName":"DEFAULT_GROUP@@xiaohashu-user","metadata":{"preserved.register.source":"SPRING_CLOUD"},"ipDeleteTimeout":30000,"instanceHeartBeatInterval":5000,"instanceHeartBeatTimeOut":15000}]
2025-12-07 19:21:05.371 [task-1] INFO  c.q.x.context.Interceptor.FeignRequestInterceptor - ========feign 请求头添加userid 2100
2025-12-07 19:21:05.371 [task-2] INFO  c.q.x.context.Interceptor.FeignRequestInterceptor - ========feign 请求头添加userid 2100
2025-12-07 19:21:05.380 [task-2] INFO  com.alibaba.nacos.client.naming - [SUBSCRIBE-SERVICE] service:xiaohashu-kv, group:DEFAULT_GROUP, clusters: 
2025-12-07 19:21:05.384 [task-2] INFO  com.alibaba.nacos.client.naming - init new ips(1) service: DEFAULT_GROUP@@xiaohashu-kv -> [{"ip":"10.244.202.78","port":8084,"weight":1.0,"healthy":true,"enabled":true,"ephemeral":true,"clusterName":"DEFAULT","serviceName":"DEFAULT_GROUP@@xiaohashu-kv","metadata":{"preserved.register.source":"SPRING_CLOUD"},"ipDeleteTimeout":30000,"instanceHeartBeatInterval":5000,"instanceHeartBeatTimeOut":15000}]
2025-12-07 19:21:05.385 [task-2] INFO  com.alibaba.nacos.client.naming - current ips:(1) service: DEFAULT_GROUP@@xiaohashu-kv -> [{"ip":"10.244.202.78","port":8084,"weight":1.0,"healthy":true,"enabled":true,"ephemeral":true,"clusterName":"DEFAULT","serviceName":"DEFAULT_GROUP@@xiaohashu-kv","metadata":{"preserved.register.source":"SPRING_CLOUD"},"ipDeleteTimeout":30000,"instanceHeartBeatInterval":5000,"instanceHeartBeatTimeOut":15000}]
2025-12-07 19:21:05.463 [task-3] INFO  c.q.x.note.biz.service.impl.NoteServiceImpl - ========将笔记1996497025494941725的信息写入Redis
2025-12-07 19:21:05.465 [http-nio-8086-exec-2] INFO  c.q.x.operationlog.aspect.ApiOperationLogAspect - ====== 请求结束: [查询笔记详情], 耗时: 231ms, 出参: {"success":true,"message":null,"errorCode":null,"data":{"id":1996497025494941725,"type":1,"title":"视频笔记测试修改","content":null,"imgUris":null,"topicId":1,"topicName":"高分美剧推荐","creatorId":2100,"creatorName":"小红薯12100","avatar":null,"videoUri":"http://116.62.199.48:9000/weblog/c89cc6b66f0341c0b7854771ae063eac.jpg","updateTime":"2025-12-04 17:24:51","visible":0}} =================================== 
2025-12-07 19:21:05.467 [http-nio-8086-exec-2] INFO  c.q.xiaohashu.context.filter.UserIdContextFilter - ======删除ThreadLocal userId 2100
2025-12-07 19:21:05.885 [nacos-grpc-client-executor-192.168.88.101-117] INFO  com.alibaba.nacos.common.remote.client - [4100bcf7-76d9-458e-89c0-c9f4f2520835] Receive server push request, request = NotifySubscriberRequest, requestId = 95
2025-12-07 19:21:05.885 [nacos-grpc-client-executor-192.168.88.101-117] INFO  com.alibaba.nacos.common.remote.client - [4100bcf7-76d9-458e-89c0-c9f4f2520835] Ack server push request, request = NotifySubscriberRequest, requestId = 95
2025-12-07 19:21:05.977 [nacos-grpc-client-executor-192.168.88.101-118] INFO  com.alibaba.nacos.common.remote.client - [4100bcf7-76d9-458e-89c0-c9f4f2520835] Receive server push request, request = NotifySubscriberRequest, requestId = 96
2025-12-07 19:21:05.978 [nacos-grpc-client-executor-192.168.88.101-118] INFO  com.alibaba.nacos.common.remote.client - [4100bcf7-76d9-458e-89c0-c9f4f2520835] Ack server push request, request = NotifySubscriberRequest, requestId = 96
2025-12-07 19:21:37.633 [http-nio-8001-exec-8] INFO  c.q.xiaohashu.context.filter.UserIdContextFilter - =====从请求头中获取userId 2100
2025-12-07 19:21:37.635 [http-nio-8001-exec-8] INFO  c.q.x.operationlog.aspect.ApiOperationLogAspect - ====== 请求开始: [查询笔记详情], 入参: {"id":1996497025494941725}, 请求类: NoteController, 请求方法: publishNote =================================== 
2025-12-07 19:21:37.648 [http-nio-8001-exec-8] INFO  c.q.x.note.biz.service.impl.NoteServiceImpl - ==========从Redis中读取笔记1996497025494941725的数据
2025-12-07 19:21:37.649 [task-1] INFO  c.q.x.note.biz.service.impl.NoteServiceImpl - ==========从Redis向缓存写笔记1996497025494941725的数据
2025-12-07 19:21:37.649 [http-nio-8001-exec-8] INFO  c.q.x.operationlog.aspect.ApiOperationLogAspect - ====== 请求结束: [查询笔记详情], 耗时: 14ms, 出参: {"success":true,"message":null,"errorCode":null,"data":{"id":1996497025494941725,"type":1,"title":"视频笔记测试修改","content":null,"imgUris":null,"topicId":1,"topicName":"高分美剧推荐","creatorId":2100,"creatorName":"小红薯12100","avatar":null,"videoUri":"http://116.62.199.48:9000/weblog/c89cc6b66f0341c0b7854771ae063eac.jpg","updateTime":"2025-12-04 17:24:51","visible":0}} =================================== 
2025-12-07 19:21:37.652 [http-nio-8001-exec-8] INFO  c.q.xiaohashu.context.filter.UserIdContextFilter - ======删除ThreadLocal userId 2100
2025-12-07 19:22:26.678 [http-nio-8086-exec-4] INFO  c.q.xiaohashu.context.filter.UserIdContextFilter - =====从请求头中获取userId 2100
2025-12-07 19:22:26.683 [http-nio-8086-exec-4] INFO  c.q.x.operationlog.aspect.ApiOperationLogAspect - ====== 请求开始: [删除笔记], 入参: {"noteId":1996497025494941725}, 请求类: NoteController, 请求方法: deleteNote =================================== 
2025-12-07 19:22:26.794 [http-nio-8086-exec-4] INFO  c.q.x.operationlog.aspect.ApiOperationLogAspect - ====== 请求结束: [删除笔记], 耗时: 111ms, 出参: {"success":true,"message":null,"errorCode":null,"data":null} =================================== 
2025-12-07 19:22:26.795 [http-nio-8086-exec-4] INFO  c.q.xiaohashu.context.filter.UserIdContextFilter - ======删除ThreadLocal userId 2100
2025-12-07 19:22:27.809 [ConsumeMessageThread_xiaohashu_group_1] INFO  c.q.x.note.biz.consumer.DeleteNoteCacheConsumer - ## 消费者消费成功, noteId: 1996497025494941725
2025-12-07 19:22:27.809 [ConsumeMessageThread_xiaohashu_group_1] INFO  c.q.x.note.biz.consumer.DeleteNoteCacheConsumer - ## 消费者消费成功, noteId: 1996497025494941725
2025-12-07 19:22:27.810 [ConsumeMessageThread_xiaohashu_group_1] INFO  c.q.x.note.biz.consumer.DeleteNoteCacheConsumer - ## 本地缓存删除成功,noteId: 1996497025494941725
2025-12-07 19:22:27.812 [ConsumeMessageThread_xiaohashu_group_1] INFO  c.q.x.note.biz.consumer.DeleteNoteCacheConsumer - ## 本地缓存删除成功,noteId: 1996497025494941725
2025-12-07 19:24:44.778 [Thread-9] WARN  com.alibaba.nacos.common.notify.NotifyCenter - [NotifyCenter] Start destroying Publisher
2025-12-07 19:24:44.778 [Thread-12] WARN  c.alibaba.nacos.common.http.HttpClientBeanHolder - [HttpClientBeanHolder] Start destroying common HttpClient
2025-12-07 19:24:44.778 [Thread-9] WARN  com.alibaba.nacos.common.notify.NotifyCenter - [NotifyCenter] Destruction of the end
2025-12-07 19:24:44.780 [Thread-12] WARN  c.alibaba.nacos.common.http.HttpClientBeanHolder - [HttpClientBeanHolder] Destruction of the end
2025-12-07 19:24:44.784 [Thread-9] WARN  com.alibaba.nacos.common.notify.NotifyCenter - [NotifyCenter] Start destroying Publisher
2025-12-07 19:24:44.784 [Thread-12] WARN  c.alibaba.nacos.common.http.HttpClientBeanHolder - [HttpClientBeanHolder] Start destroying common HttpClient
2025-12-07 19:24:44.785 [Thread-9] WARN  com.alibaba.nacos.common.notify.NotifyCenter - [NotifyCenter] Destruction of the end
2025-12-07 19:24:44.785 [Thread-12] WARN  c.alibaba.nacos.common.http.HttpClientBeanHolder - [HttpClientBeanHolder] Destruction of the end
2025-12-07 19:24:45.186 [SpringApplicationShutdownHook] INFO  c.a.cloud.nacos.registry.NacosServiceRegistry - De-registering from Nacos Server now...
2025-12-07 19:24:45.187 [SpringApplicationShutdownHook] INFO  com.alibaba.nacos.client.naming - [DEREGISTER-SERVICE] xiaohashu deregistering service xiaohashu-note with instance: Instance{instanceId='null', ip='10.244.202.78', port=8086, weight=1.0, healthy=true, enabled=true, ephemeral=true, clusterName='DEFAULT', serviceName='null', metadata={}}
2025-12-07 19:24:45.192 [SpringApplicationShutdownHook] INFO  c.a.cloud.nacos.registry.NacosServiceRegistry - De-registration finished.
2025-12-07 19:24:45.193 [SpringApplicationShutdownHook] INFO  com.alibaba.nacos.client.naming - com.alibaba.nacos.client.naming.cache.ServiceInfoHolder do shutdown begin
2025-12-07 19:24:45.193 [SpringApplicationShutdownHook] INFO  com.alibaba.nacos.client.naming - com.alibaba.nacos.client.naming.backups.FailoverReactor do shutdown begin
2025-12-07 19:24:45.193 [SpringApplicationShutdownHook] INFO  com.alibaba.nacos.client.naming - com.alibaba.nacos.client.naming.backups.FailoverReactor do shutdown stop
2025-12-07 19:24:45.193 [SpringApplicationShutdownHook] INFO  com.alibaba.nacos.client.naming - com.alibaba.nacos.client.naming.cache.ServiceInfoHolder do shutdown stop
2025-12-07 19:24:45.193 [SpringApplicationShutdownHook] INFO  com.alibaba.nacos.client.naming - com.alibaba.nacos.client.naming.remote.NamingClientProxyDelegate do shutdown begin
2025-12-07 19:24:45.193 [SpringApplicationShutdownHook] INFO  com.alibaba.nacos.client.naming - com.alibaba.nacos.client.naming.core.ServiceInfoUpdateService do shutdown begin
2025-12-07 19:24:45.193 [SpringApplicationShutdownHook] INFO  com.alibaba.nacos.client.naming - com.alibaba.nacos.client.naming.core.ServiceInfoUpdateService do shutdown stop
2025-12-07 19:24:45.194 [SpringApplicationShutdownHook] INFO  com.alibaba.nacos.client.naming - com.alibaba.nacos.client.naming.core.ServerListManager do shutdown begin
2025-12-07 19:24:45.194 [SpringApplicationShutdownHook] WARN  com.alibaba.nacos.client.naming - [NamingHttpClientManager] Start destroying NacosRestTemplate
2025-12-07 19:24:45.194 [SpringApplicationShutdownHook] WARN  com.alibaba.nacos.client.naming - [NamingHttpClientManager] Destruction of the end
2025-12-07 19:24:45.194 [SpringApplicationShutdownHook] INFO  com.alibaba.nacos.client.naming - com.alibaba.nacos.client.naming.core.ServerListManager do shutdown stop
2025-12-07 19:24:45.194 [SpringApplicationShutdownHook] INFO  com.alibaba.nacos.client.naming - com.alibaba.nacos.client.naming.remote.http.NamingHttpClientProxy do shutdown begin
2025-12-07 19:24:45.194 [SpringApplicationShutdownHook] WARN  com.alibaba.nacos.client.naming - [NamingHttpClientManager] Start destroying NacosRestTemplate
2025-12-07 19:24:45.194 [SpringApplicationShutdownHook] WARN  com.alibaba.nacos.client.naming - [NamingHttpClientManager] Destruction of the end
2025-12-07 19:24:45.194 [SpringApplicationShutdownHook] INFO  com.alibaba.nacos.client.naming - com.alibaba.nacos.client.naming.remote.http.NamingHttpClientProxy do shutdown stop
2025-12-07 19:24:45.194 [SpringApplicationShutdownHook] INFO  com.alibaba.nacos.common.remote.client - Shutdown rpc client, set status to shutdown
2025-12-07 19:24:45.194 [SpringApplicationShutdownHook] INFO  com.alibaba.nacos.common.remote.client - Shutdown client event executor java.util.concurrent.ScheduledThreadPoolExecutor@2d81534c[Running, pool size = 2, active threads = 2, queued tasks = 0, completed tasks = 0]
2025-12-07 19:24:45.194 [SpringApplicationShutdownHook] INFO  com.alibaba.nacos.common.remote.client - Close current connection 1764955992476_192.168.88.1_56106
2025-12-07 19:24:45.201 [nacos-grpc-client-executor-192.168.88.101-163] INFO  c.a.nacos.common.remote.client.grpc.GrpcClient - [1764955992476_192.168.88.1_56106]Ignore complete event,isRunning:false,isAbandon=false
2025-12-07 19:24:45.204 [SpringApplicationShutdownHook] INFO  c.a.nacos.common.remote.client.grpc.GrpcClient - Shutdown grpc executor java.util.concurrent.ThreadPoolExecutor@70b14294[Running, pool size = 4, active threads = 0, queued tasks = 0, completed tasks = 164]
2025-12-07 19:24:45.204 [SpringApplicationShutdownHook] INFO  com.alibaba.nacos.client.naming - Shutdown grpc redo service executor java.util.concurrent.ScheduledThreadPoolExecutor@17a025be[Running, pool size = 1, active threads = 0, queued tasks = 1, completed tasks = 235]
2025-12-07 19:24:45.204 [SpringApplicationShutdownHook] INFO  c.a.n.client.auth.ram.identify.CredentialWatcher - [null] CredentialWatcher is stopped
2025-12-07 19:24:45.204 [SpringApplicationShutdownHook] INFO  c.a.n.client.auth.ram.identify.CredentialService - [null] CredentialService is freed
2025-12-07 19:24:45.204 [SpringApplicationShutdownHook] INFO  com.alibaba.nacos.client.naming - com.alibaba.nacos.client.naming.remote.NamingClientProxyDelegate do shutdown stop
2025-12-07 19:24:45.204 [SpringApplicationShutdownHook] INFO  o.a.r.s.support.DefaultRocketMQListenerContainer - container destroyed, DefaultRocketMQListenerContainer{consumerGroup='xiaohashu_group', namespace='', nameServer='192.168.88.101:9876', topic='DeleteNoteLocalCacheTopic', consumeMode=CONCURRENTLY, selectorType=TAG, selectorExpression='*', messageModel=BROADCASTING', tlsEnable=false, instanceName=DEFAULT}
2025-12-07 19:24:45.223 [SpringApplicationShutdownHook] INFO  com.alibaba.druid.pool.DruidDataSource - {dataSource-1} closing ...
2025-12-07 19:24:45.228 [SpringApplicationShutdownHook] INFO  com.alibaba.druid.pool.DruidDataSource - {dataSource-1} closed
2025-12-07 19:24:45.231 [SpringApplicationShutdownHook] INFO  o.a.r.s.support.DefaultRocketMQListenerContainer - container destroyed, DefaultRocketMQListenerContainer{consumerGroup='xiaohashu_group_DelayDeleteNoteRedisCacheTopic', namespace='', nameServer='192.168.88.101:9876', topic='DelayDeleteNoteRedisCacheTopic', consumeMode=CONCURRENTLY, selectorType=TAG, selectorExpression='*', messageModel=BROADCASTING', tlsEnable=false, instanceName=DEFAULT}
2025-12-07 19:24:45.250 [SpringApplicationShutdownHook] INFO  c.a.cloud.nacos.registry.NacosServiceRegistry - De-registering from Nacos Server now...
2025-12-07 19:24:45.250 [SpringApplicationShutdownHook] INFO  com.alibaba.nacos.client.naming - [DEREGISTER-SERVICE] xiaohashu deregistering service xiaohashu-note with instance: Instance{instanceId='null', ip='10.244.202.78', port=8001, weight=1.0, healthy=true, enabled=true, ephemeral=true, clusterName='DEFAULT', serviceName='null', metadata={}}
2025-12-07 19:24:45.254 [SpringApplicationShutdownHook] INFO  c.a.cloud.nacos.registry.NacosServiceRegistry - De-registration finished.
2025-12-07 19:24:45.254 [SpringApplicationShutdownHook] INFO  com.alibaba.nacos.client.naming - com.alibaba.nacos.client.naming.cache.ServiceInfoHolder do shutdown begin
2025-12-07 19:24:45.254 [SpringApplicationShutdownHook] INFO  com.alibaba.nacos.client.naming - com.alibaba.nacos.client.naming.backups.FailoverReactor do shutdown begin
2025-12-07 19:24:45.254 [SpringApplicationShutdownHook] INFO  com.alibaba.nacos.client.naming - com.alibaba.nacos.client.naming.backups.FailoverReactor do shutdown stop
2025-12-07 19:24:45.254 [SpringApplicationShutdownHook] INFO  com.alibaba.nacos.client.naming - com.alibaba.nacos.client.naming.cache.ServiceInfoHolder do shutdown stop
2025-12-07 19:24:45.254 [SpringApplicationShutdownHook] INFO  com.alibaba.nacos.client.naming - com.alibaba.nacos.client.naming.remote.NamingClientProxyDelegate do shutdown begin
2025-12-07 19:24:45.255 [SpringApplicationShutdownHook] INFO  com.alibaba.nacos.client.naming - com.alibaba.nacos.client.naming.core.ServiceInfoUpdateService do shutdown begin
2025-12-07 19:24:45.255 [SpringApplicationShutdownHook] INFO  com.alibaba.nacos.client.naming - com.alibaba.nacos.client.naming.core.ServiceInfoUpdateService do shutdown stop
2025-12-07 19:24:45.255 [SpringApplicationShutdownHook] INFO  com.alibaba.nacos.client.naming - com.alibaba.nacos.client.naming.core.ServerListManager do shutdown begin
2025-12-07 19:24:45.255 [SpringApplicationShutdownHook] WARN  com.alibaba.nacos.client.naming - [NamingHttpClientManager] Start destroying NacosRestTemplate
2025-12-07 19:24:45.255 [SpringApplicationShutdownHook] WARN  com.alibaba.nacos.client.naming - [NamingHttpClientManager] Destruction of the end
2025-12-07 19:24:45.255 [SpringApplicationShutdownHook] INFO  com.alibaba.nacos.client.naming - com.alibaba.nacos.client.naming.core.ServerListManager do shutdown stop
2025-12-07 19:24:45.255 [SpringApplicationShutdownHook] INFO  com.alibaba.nacos.client.naming - com.alibaba.nacos.client.naming.remote.http.NamingHttpClientProxy do shutdown begin
2025-12-07 19:24:45.255 [SpringApplicationShutdownHook] WARN  com.alibaba.nacos.client.naming - [NamingHttpClientManager] Start destroying NacosRestTemplate
2025-12-07 19:24:45.255 [SpringApplicationShutdownHook] WARN  com.alibaba.nacos.client.naming - [NamingHttpClientManager] Destruction of the end
2025-12-07 19:24:45.255 [SpringApplicationShutdownHook] INFO  com.alibaba.nacos.client.naming - com.alibaba.nacos.client.naming.remote.http.NamingHttpClientProxy do shutdown stop
2025-12-07 19:24:45.255 [SpringApplicationShutdownHook] INFO  com.alibaba.nacos.common.remote.client - Shutdown rpc client, set status to shutdown
2025-12-07 19:24:45.255 [SpringApplicationShutdownHook] INFO  com.alibaba.nacos.common.remote.client - Shutdown client event executor java.util.concurrent.ScheduledThreadPoolExecutor@369270ad[Running, pool size = 2, active threads = 2, queued tasks = 0, completed tasks = 0]
2025-12-07 19:24:45.255 [SpringApplicationShutdownHook] INFO  com.alibaba.nacos.common.remote.client - Close current connection 1764955987206_192.168.88.1_56053
2025-12-07 19:24:45.256 [nacos-grpc-client-executor-192.168.88.101-165] INFO  c.a.nacos.common.remote.client.grpc.GrpcClient - [1764955987206_192.168.88.1_56053]Ignore complete event,isRunning:false,isAbandon=false
2025-12-07 19:24:45.257 [SpringApplicationShutdownHook] INFO  c.a.nacos.common.remote.client.grpc.GrpcClient - Shutdown grpc executor java.util.concurrent.ThreadPoolExecutor@54a937a4[Running, pool size = 4, active threads = 0, queued tasks = 0, completed tasks = 166]
2025-12-07 19:24:45.257 [SpringApplicationShutdownHook] INFO  com.alibaba.nacos.client.naming - Shutdown grpc redo service executor java.util.concurrent.ScheduledThreadPoolExecutor@7f7b138b[Running, pool size = 1, active threads = 0, queued tasks = 1, completed tasks = 237]
2025-12-07 19:24:45.259 [SpringApplicationShutdownHook] INFO  c.a.n.client.auth.ram.identify.CredentialWatcher - [null] CredentialWatcher is stopped
2025-12-07 19:24:45.259 [SpringApplicationShutdownHook] INFO  c.a.n.client.auth.ram.identify.CredentialService - [null] CredentialService is freed
2025-12-07 19:24:45.259 [SpringApplicationShutdownHook] INFO  com.alibaba.nacos.client.naming - com.alibaba.nacos.client.naming.remote.NamingClientProxyDelegate do shutdown stop
2025-12-07 19:24:45.259 [SpringApplicationShutdownHook] INFO  o.a.r.s.support.DefaultRocketMQListenerContainer - container destroyed, DefaultRocketMQListenerContainer{consumerGroup='xiaohashu_group', namespace='', nameServer='192.168.88.101:9876', topic='DeleteNoteLocalCacheTopic', consumeMode=CONCURRENTLY, selectorType=TAG, selectorExpression='*', messageModel=BROADCASTING', tlsEnable=false, instanceName=DEFAULT}
2025-12-07 19:24:45.272 [SpringApplicationShutdownHook] INFO  com.alibaba.druid.pool.DruidDataSource - {dataSource-1} closing ...
2025-12-07 19:24:45.276 [SpringApplicationShutdownHook] INFO  com.alibaba.druid.pool.DruidDataSource - {dataSource-1} closed
2025-12-07 19:24:45.278 [SpringApplicationShutdownHook] INFO  o.a.r.s.support.DefaultRocketMQListenerContainer - container destroyed, DefaultRocketMQListenerContainer{consumerGroup='xiaohashu_group_DelayDeleteNoteRedisCacheTopic', namespace='', nameServer='192.168.88.101:9876', topic='DelayDeleteNoteRedisCacheTopic', consumeMode=CONCURRENTLY, selectorType=TAG, selectorExpression='*', messageModel=BROADCASTING', tlsEnable=false, instanceName=DEFAULT}
