2025-12-23 17:03:44.849 [main] WARN  com.alibaba.nacos.client.logging.NacosLogging - Load Logback Configuration of Nacos fail, message: Could not initialize Logback Nacos logging from classpath:nacos-logback.xml
2025-12-23 17:03:44.910 [main] WARN  com.alibaba.nacos.client.logging.NacosLogging - Load Logback Configuration of Nacos fail, message: Could not initialize Logback Nacos logging from classpath:nacos-logback.xml
2025-12-23 17:03:45.186 [main] WARN  com.alibaba.nacos.client.logging.NacosLogging - Load Logback Configuration of Nacos fail, message: Could not initialize Logback Nacos logging from classpath:nacos-logback.xml
2025-12-23 17:03:45.197 [main] WARN  com.alibaba.nacos.client.logging.NacosLogging - Load Logback Configuration of Nacos fail, message: Could not initialize Logback Nacos logging from classpath:nacos-logback.xml
2025-12-23 17:03:45.197 [main] INFO  c.q.xiaohashu.search.XiaohashuSearchApplication - The following 1 profile is active: "dev"
2025-12-23 17:03:45.519 [main] INFO  o.springframework.cloud.context.scope.GenericScope - BeanFactory id=90297b97-2b6c-3ad7-b9f2-8c8bf593a9f2
2025-12-23 17:03:45.819 [main] INFO  o.s.boot.web.embedded.tomcat.TomcatWebServer - Tomcat initialized with port(s): 8092 (http)
2025-12-23 17:03:45.826 [main] INFO  org.apache.catalina.core.StandardService - Starting service [Tomcat]
2025-12-23 17:03:45.827 [main] INFO  org.apache.catalina.core.StandardEngine - Starting Servlet engine: [Apache Tomcat/10.1.5]
2025-12-23 17:03:45.878 [main] INFO  o.a.c.core.ContainerBase.[Tomcat].[localhost].[/] - Initializing Spring embedded WebApplicationContext
2025-12-23 17:03:45.878 [main] INFO  o.s.b.w.s.c.ServletWebServerApplicationContext - Root WebApplicationContext: initialization completed in 674 ms
2025-12-23 17:03:46.156 [main] INFO  o.s.boot.web.embedded.tomcat.TomcatWebServer - Tomcat started on port(s): 8092 (http) with context path ''
2025-12-23 17:03:46.161 [main] WARN  com.alibaba.nacos.client.logging.NacosLogging - Load Logback Configuration of Nacos fail, message: Could not initialize Logback Nacos logging from classpath:nacos-logback.xml
2025-12-23 17:03:46.161 [main] INFO  com.alibaba.nacos.client.naming - initializer namespace from ans.namespace attribute : null
2025-12-23 17:03:46.161 [main] INFO  com.alibaba.nacos.client.naming - initializer namespace from ALIBABA_ALIWARE_NAMESPACE attribute :null
2025-12-23 17:03:46.162 [main] INFO  com.alibaba.nacos.client.naming - initializer namespace from namespace attribute :null
2025-12-23 17:03:46.179 [main] INFO  com.alibaba.nacos.client.utils.ParamUtil - [settings] [req-serv] nacos-server port:8848
2025-12-23 17:03:46.179 [main] INFO  com.alibaba.nacos.client.utils.ParamUtil - [settings] [http-client] connect timeout:1000
2025-12-23 17:03:46.179 [main] INFO  com.alibaba.nacos.client.utils.ParamUtil - PER_TASK_CONFIG_SIZE: 3000.0
2025-12-23 17:03:46.182 [main] INFO  c.a.n.p.auth.spi.client.ClientAuthPluginManager - [ClientAuthPluginManager] Load ClientAuthService com.alibaba.nacos.client.auth.impl.NacosClientAuthServiceImpl success.
2025-12-23 17:03:46.182 [main] INFO  c.a.n.p.auth.spi.client.ClientAuthPluginManager - [ClientAuthPluginManager] Load ClientAuthService com.alibaba.nacos.client.auth.ram.RamClientAuthServiceImpl success.
2025-12-23 17:03:46.183 [main] INFO  c.a.n.client.auth.ram.identify.CredentialWatcher - null No credential found
2025-12-23 17:03:46.189 [main] INFO  com.alibaba.nacos.common.remote.client - [RpcClientFactory] create a new rpc client of ed525614-d3fa-4a2c-9f76-bf545fe4aaa6
2025-12-23 17:03:46.204 [main] INFO  com.alibaba.nacos.common.remote.client - [ed525614-d3fa-4a2c-9f76-bf545fe4aaa6] RpcClient init, ServerListFactory = com.alibaba.nacos.client.naming.core.ServerListManager
2025-12-23 17:03:46.204 [main] INFO  com.alibaba.nacos.common.remote.client - [ed525614-d3fa-4a2c-9f76-bf545fe4aaa6] Registry connection listener to current client:com.alibaba.nacos.client.naming.remote.gprc.redo.NamingGrpcRedoService
2025-12-23 17:03:46.204 [main] INFO  com.alibaba.nacos.common.remote.client - [ed525614-d3fa-4a2c-9f76-bf545fe4aaa6] Register server push request handler:com.alibaba.nacos.client.naming.remote.gprc.NamingPushRequestHandler
2025-12-23 17:03:46.205 [main] INFO  com.alibaba.nacos.common.remote.client - [ed525614-d3fa-4a2c-9f76-bf545fe4aaa6] Try to connect to server on start up, server: {serverIp = '192.168.88.101', server main port = 8848}
2025-12-23 17:03:46.225 [main] INFO  c.a.nacos.common.remote.client.grpc.GrpcClient - grpc client connection server:192.168.88.101 ip,serverPort:9848,grpcTslConfig:{"sslProvider":"OPENSSL","enableTls":false,"mutualAuthEnable":false,"trustAll":false}
2025-12-23 17:03:46.806 [main] INFO  com.alibaba.nacos.common.remote.client - [ed525614-d3fa-4a2c-9f76-bf545fe4aaa6] Success to connect to server [192.168.88.101:8848] on start up, connectionId = 1765352682931_192.168.88.1_59568
2025-12-23 17:03:46.806 [com.alibaba.nacos.client.remote.worker] INFO  com.alibaba.nacos.common.remote.client - [ed525614-d3fa-4a2c-9f76-bf545fe4aaa6] Notify connected event to listeners.
2025-12-23 17:03:46.806 [main] INFO  com.alibaba.nacos.common.remote.client - [ed525614-d3fa-4a2c-9f76-bf545fe4aaa6] Register server push request handler:com.alibaba.nacos.common.remote.client.RpcClient$ConnectResetRequestHandler
2025-12-23 17:03:46.806 [com.alibaba.nacos.client.remote.worker] INFO  com.alibaba.nacos.client.naming - Grpc connection connect
2025-12-23 17:03:46.807 [main] INFO  com.alibaba.nacos.common.remote.client - [ed525614-d3fa-4a2c-9f76-bf545fe4aaa6] Register server push request handler:com.alibaba.nacos.common.remote.client.RpcClient$$Lambda/0x0000019329687258
2025-12-23 17:03:46.807 [main] INFO  com.alibaba.nacos.client.naming - [REGISTER-SERVICE] xiaohashu registering service xiaohashu-search with instance Instance{instanceId='null', ip='172.28.129.13', port=8092, weight=1.0, healthy=true, enabled=true, ephemeral=true, clusterName='DEFAULT', serviceName='null', metadata={IPv6=[2001:da8:c800:9000:0:0:1:e92d], preserved.register.source=SPRING_CLOUD}}
2025-12-23 17:03:46.827 [main] INFO  c.a.cloud.nacos.registry.NacosServiceRegistry - nacos registry, DEFAULT_GROUP xiaohashu-search 172.28.129.13:8092 register finished
2025-12-23 17:03:46.834 [main] INFO  c.q.xiaohashu.search.XiaohashuSearchApplication - Started XiaohashuSearchApplication in 2.426 seconds (process running for 3.012)
2025-12-23 17:03:52.307 [Thread-8] WARN  c.alibaba.nacos.common.http.HttpClientBeanHolder - [HttpClientBeanHolder] Start destroying common HttpClient
2025-12-23 17:03:52.307 [Thread-5] WARN  com.alibaba.nacos.common.notify.NotifyCenter - [NotifyCenter] Start destroying Publisher
2025-12-23 17:03:52.308 [Thread-5] WARN  com.alibaba.nacos.common.notify.NotifyCenter - [NotifyCenter] Destruction of the end
2025-12-23 17:03:52.308 [Thread-8] WARN  c.alibaba.nacos.common.http.HttpClientBeanHolder - [HttpClientBeanHolder] Destruction of the end
2025-12-23 17:03:52.318 [SpringApplicationShutdownHook] INFO  c.a.cloud.nacos.registry.NacosServiceRegistry - De-registering from Nacos Server now...
2025-12-23 17:03:52.319 [SpringApplicationShutdownHook] INFO  com.alibaba.nacos.client.naming - [DEREGISTER-SERVICE] xiaohashu deregistering service xiaohashu-search with instance: Instance{instanceId='null', ip='172.28.129.13', port=8092, weight=1.0, healthy=true, enabled=true, ephemeral=true, clusterName='DEFAULT', serviceName='null', metadata={}}
2025-12-23 17:03:52.327 [SpringApplicationShutdownHook] INFO  c.a.cloud.nacos.registry.NacosServiceRegistry - De-registration finished.
2025-12-23 17:03:52.328 [SpringApplicationShutdownHook] INFO  com.alibaba.nacos.client.naming - com.alibaba.nacos.client.naming.cache.ServiceInfoHolder do shutdown begin
2025-12-23 17:03:52.328 [SpringApplicationShutdownHook] INFO  com.alibaba.nacos.client.naming - com.alibaba.nacos.client.naming.backups.FailoverReactor do shutdown begin
2025-12-23 17:03:52.645 [SpringApplicationShutdownHook] INFO  com.alibaba.nacos.client.naming - com.alibaba.nacos.client.naming.backups.FailoverReactor do shutdown stop
2025-12-23 17:03:52.645 [SpringApplicationShutdownHook] INFO  com.alibaba.nacos.client.naming - com.alibaba.nacos.client.naming.cache.ServiceInfoHolder do shutdown stop
2025-12-23 17:03:52.645 [SpringApplicationShutdownHook] INFO  com.alibaba.nacos.client.naming - com.alibaba.nacos.client.naming.remote.NamingClientProxyDelegate do shutdown begin
2025-12-23 17:03:52.645 [SpringApplicationShutdownHook] INFO  com.alibaba.nacos.client.naming - com.alibaba.nacos.client.naming.core.ServiceInfoUpdateService do shutdown begin
2025-12-23 17:03:52.645 [SpringApplicationShutdownHook] INFO  com.alibaba.nacos.client.naming - com.alibaba.nacos.client.naming.core.ServiceInfoUpdateService do shutdown stop
2025-12-23 17:03:52.645 [SpringApplicationShutdownHook] INFO  com.alibaba.nacos.client.naming - com.alibaba.nacos.client.naming.core.ServerListManager do shutdown begin
2025-12-23 17:03:52.645 [SpringApplicationShutdownHook] WARN  com.alibaba.nacos.client.naming - [NamingHttpClientManager] Start destroying NacosRestTemplate
2025-12-23 17:03:52.645 [SpringApplicationShutdownHook] WARN  com.alibaba.nacos.client.naming - [NamingHttpClientManager] Destruction of the end
2025-12-23 17:03:52.645 [SpringApplicationShutdownHook] INFO  com.alibaba.nacos.client.naming - com.alibaba.nacos.client.naming.core.ServerListManager do shutdown stop
2025-12-23 17:03:52.645 [SpringApplicationShutdownHook] INFO  com.alibaba.nacos.client.naming - com.alibaba.nacos.client.naming.remote.http.NamingHttpClientProxy do shutdown begin
2025-12-23 17:03:52.645 [SpringApplicationShutdownHook] WARN  com.alibaba.nacos.client.naming - [NamingHttpClientManager] Start destroying NacosRestTemplate
2025-12-23 17:03:52.645 [SpringApplicationShutdownHook] WARN  com.alibaba.nacos.client.naming - [NamingHttpClientManager] Destruction of the end
2025-12-23 17:03:52.645 [SpringApplicationShutdownHook] INFO  com.alibaba.nacos.client.naming - com.alibaba.nacos.client.naming.remote.http.NamingHttpClientProxy do shutdown stop
2025-12-23 17:03:52.645 [SpringApplicationShutdownHook] INFO  com.alibaba.nacos.common.remote.client - Shutdown rpc client, set status to shutdown
2025-12-23 17:03:52.645 [SpringApplicationShutdownHook] INFO  com.alibaba.nacos.common.remote.client - Shutdown client event executor java.util.concurrent.ScheduledThreadPoolExecutor@74fb5b59[Running, pool size = 2, active threads = 2, queued tasks = 0, completed tasks = 0]
2025-12-23 17:03:52.645 [SpringApplicationShutdownHook] INFO  com.alibaba.nacos.common.remote.client - Close current connection 1765352682931_192.168.88.1_59568
2025-12-23 17:03:52.647 [nacos-grpc-client-executor-192.168.88.101-9] WARN  c.a.nacos.common.remote.client.grpc.GrpcClient - [1765352682931_192.168.88.1_59568]Ignore error event,isRunning:false,isAbandon=false
2025-12-23 17:03:52.649 [SpringApplicationShutdownHook] INFO  c.a.nacos.common.remote.client.grpc.GrpcClient - Shutdown grpc executor java.util.concurrent.ThreadPoolExecutor@5aea8994[Running, pool size = 10, active threads = 0, queued tasks = 0, completed tasks = 10]
2025-12-23 17:03:52.649 [SpringApplicationShutdownHook] INFO  com.alibaba.nacos.client.naming - Shutdown grpc redo service executor java.util.concurrent.ScheduledThreadPoolExecutor@6ed18d80[Running, pool size = 1, active threads = 0, queued tasks = 1, completed tasks = 2]
2025-12-23 17:03:52.649 [SpringApplicationShutdownHook] INFO  c.a.n.client.auth.ram.identify.CredentialWatcher - [null] CredentialWatcher is stopped
2025-12-23 17:03:52.649 [SpringApplicationShutdownHook] INFO  c.a.n.client.auth.ram.identify.CredentialService - [null] CredentialService is freed
2025-12-23 17:03:52.649 [SpringApplicationShutdownHook] INFO  com.alibaba.nacos.client.naming - com.alibaba.nacos.client.naming.remote.NamingClientProxyDelegate do shutdown stop
2025-12-23 17:17:11.022 [main] WARN  com.alibaba.nacos.client.logging.NacosLogging - Load Logback Configuration of Nacos fail, message: Could not initialize Logback Nacos logging from classpath:nacos-logback.xml
2025-12-23 17:17:11.076 [main] WARN  com.alibaba.nacos.client.logging.NacosLogging - Load Logback Configuration of Nacos fail, message: Could not initialize Logback Nacos logging from classpath:nacos-logback.xml
2025-12-23 17:17:11.341 [main] WARN  com.alibaba.nacos.client.logging.NacosLogging - Load Logback Configuration of Nacos fail, message: Could not initialize Logback Nacos logging from classpath:nacos-logback.xml
2025-12-23 17:17:11.350 [main] WARN  com.alibaba.nacos.client.logging.NacosLogging - Load Logback Configuration of Nacos fail, message: Could not initialize Logback Nacos logging from classpath:nacos-logback.xml
2025-12-23 17:17:11.350 [main] INFO  c.q.xiaohashu.search.XiaohashuSearchApplication - The following 1 profile is active: "dev"
2025-12-23 17:17:11.713 [main] INFO  o.springframework.cloud.context.scope.GenericScope - BeanFactory id=7bf89660-be36-3550-aa89-a648bdf73b5c
2025-12-23 17:17:12.014 [main] INFO  o.s.boot.web.embedded.tomcat.TomcatWebServer - Tomcat initialized with port(s): 8092 (http)
2025-12-23 17:17:12.021 [main] INFO  org.apache.catalina.core.StandardService - Starting service [Tomcat]
2025-12-23 17:17:12.021 [main] INFO  org.apache.catalina.core.StandardEngine - Starting Servlet engine: [Apache Tomcat/10.1.5]
2025-12-23 17:17:12.077 [main] INFO  o.a.c.core.ContainerBase.[Tomcat].[localhost].[/] - Initializing Spring embedded WebApplicationContext
2025-12-23 17:17:12.077 [main] INFO  o.s.b.w.s.c.ServletWebServerApplicationContext - Root WebApplicationContext: initialization completed in 718 ms
2025-12-23 17:17:12.593 [main] INFO  o.s.boot.web.embedded.tomcat.TomcatWebServer - Tomcat started on port(s): 8092 (http) with context path ''
2025-12-23 17:17:12.597 [main] WARN  com.alibaba.nacos.client.logging.NacosLogging - Load Logback Configuration of Nacos fail, message: Could not initialize Logback Nacos logging from classpath:nacos-logback.xml
2025-12-23 17:17:12.597 [main] INFO  com.alibaba.nacos.client.naming - initializer namespace from ans.namespace attribute : null
2025-12-23 17:17:12.598 [main] INFO  com.alibaba.nacos.client.naming - initializer namespace from ALIBABA_ALIWARE_NAMESPACE attribute :null
2025-12-23 17:17:12.598 [main] INFO  com.alibaba.nacos.client.naming - initializer namespace from namespace attribute :null
2025-12-23 17:17:12.611 [main] INFO  com.alibaba.nacos.client.utils.ParamUtil - [settings] [req-serv] nacos-server port:8848
2025-12-23 17:17:12.611 [main] INFO  com.alibaba.nacos.client.utils.ParamUtil - [settings] [http-client] connect timeout:1000
2025-12-23 17:17:12.611 [main] INFO  com.alibaba.nacos.client.utils.ParamUtil - PER_TASK_CONFIG_SIZE: 3000.0
2025-12-23 17:17:12.615 [main] INFO  c.a.n.p.auth.spi.client.ClientAuthPluginManager - [ClientAuthPluginManager] Load ClientAuthService com.alibaba.nacos.client.auth.impl.NacosClientAuthServiceImpl success.
2025-12-23 17:17:12.616 [main] INFO  c.a.n.p.auth.spi.client.ClientAuthPluginManager - [ClientAuthPluginManager] Load ClientAuthService com.alibaba.nacos.client.auth.ram.RamClientAuthServiceImpl success.
2025-12-23 17:17:12.618 [main] INFO  c.a.n.client.auth.ram.identify.CredentialWatcher - null No credential found
2025-12-23 17:17:12.623 [main] INFO  com.alibaba.nacos.common.remote.client - [RpcClientFactory] create a new rpc client of 5f66105f-462c-45ad-a509-bd97315da472
2025-12-23 17:17:12.637 [main] INFO  com.alibaba.nacos.common.remote.client - [5f66105f-462c-45ad-a509-bd97315da472] RpcClient init, ServerListFactory = com.alibaba.nacos.client.naming.core.ServerListManager
2025-12-23 17:17:12.637 [main] INFO  com.alibaba.nacos.common.remote.client - [5f66105f-462c-45ad-a509-bd97315da472] Registry connection listener to current client:com.alibaba.nacos.client.naming.remote.gprc.redo.NamingGrpcRedoService
2025-12-23 17:17:12.638 [main] INFO  com.alibaba.nacos.common.remote.client - [5f66105f-462c-45ad-a509-bd97315da472] Register server push request handler:com.alibaba.nacos.client.naming.remote.gprc.NamingPushRequestHandler
2025-12-23 17:17:12.638 [main] INFO  com.alibaba.nacos.common.remote.client - [5f66105f-462c-45ad-a509-bd97315da472] Try to connect to server on start up, server: {serverIp = '192.168.88.101', server main port = 8848}
2025-12-23 17:17:12.658 [main] INFO  c.a.nacos.common.remote.client.grpc.GrpcClient - grpc client connection server:192.168.88.101 ip,serverPort:9848,grpcTslConfig:{"sslProvider":"OPENSSL","enableTls":false,"mutualAuthEnable":false,"trustAll":false}
2025-12-23 17:17:13.268 [main] INFO  com.alibaba.nacos.common.remote.client - [5f66105f-462c-45ad-a509-bd97315da472] Success to connect to server [192.168.88.101:8848] on start up, connectionId = 1765353489383_192.168.88.1_59455
2025-12-23 17:17:13.268 [com.alibaba.nacos.client.remote.worker] INFO  com.alibaba.nacos.common.remote.client - [5f66105f-462c-45ad-a509-bd97315da472] Notify connected event to listeners.
2025-12-23 17:17:13.268 [com.alibaba.nacos.client.remote.worker] INFO  com.alibaba.nacos.client.naming - Grpc connection connect
2025-12-23 17:17:13.268 [main] INFO  com.alibaba.nacos.common.remote.client - [5f66105f-462c-45ad-a509-bd97315da472] Register server push request handler:com.alibaba.nacos.common.remote.client.RpcClient$ConnectResetRequestHandler
2025-12-23 17:17:13.269 [main] INFO  com.alibaba.nacos.common.remote.client - [5f66105f-462c-45ad-a509-bd97315da472] Register server push request handler:com.alibaba.nacos.common.remote.client.RpcClient$$Lambda/0x0000027b8172afd8
2025-12-23 17:17:13.270 [main] INFO  com.alibaba.nacos.client.naming - [REGISTER-SERVICE] xiaohashu registering service xiaohashu-search with instance Instance{instanceId='null', ip='172.28.129.13', port=8092, weight=1.0, healthy=true, enabled=true, ephemeral=true, clusterName='DEFAULT', serviceName='null', metadata={IPv6=[2001:da8:c800:9000:0:0:1:e92d], preserved.register.source=SPRING_CLOUD}}
2025-12-23 17:17:13.285 [main] INFO  c.a.cloud.nacos.registry.NacosServiceRegistry - nacos registry, DEFAULT_GROUP xiaohashu-search 172.28.129.13:8092 register finished
2025-12-23 17:17:13.292 [main] INFO  c.q.xiaohashu.search.XiaohashuSearchApplication - Started XiaohashuSearchApplication in 2.672 seconds (process running for 3.129)
2025-12-23 17:17:45.524 [Thread-8] WARN  c.alibaba.nacos.common.http.HttpClientBeanHolder - [HttpClientBeanHolder] Start destroying common HttpClient
2025-12-23 17:17:45.524 [Thread-5] WARN  com.alibaba.nacos.common.notify.NotifyCenter - [NotifyCenter] Start destroying Publisher
2025-12-23 17:17:45.524 [Thread-5] WARN  com.alibaba.nacos.common.notify.NotifyCenter - [NotifyCenter] Destruction of the end
2025-12-23 17:17:45.524 [Thread-8] WARN  c.alibaba.nacos.common.http.HttpClientBeanHolder - [HttpClientBeanHolder] Destruction of the end
2025-12-23 17:17:45.537 [SpringApplicationShutdownHook] INFO  c.a.cloud.nacos.registry.NacosServiceRegistry - De-registering from Nacos Server now...
2025-12-23 17:17:45.537 [SpringApplicationShutdownHook] INFO  com.alibaba.nacos.client.naming - [DEREGISTER-SERVICE] xiaohashu deregistering service xiaohashu-search with instance: Instance{instanceId='null', ip='172.28.129.13', port=8092, weight=1.0, healthy=true, enabled=true, ephemeral=true, clusterName='DEFAULT', serviceName='null', metadata={}}
2025-12-23 17:17:45.545 [SpringApplicationShutdownHook] INFO  c.a.cloud.nacos.registry.NacosServiceRegistry - De-registration finished.
2025-12-23 17:17:45.545 [SpringApplicationShutdownHook] INFO  com.alibaba.nacos.client.naming - com.alibaba.nacos.client.naming.cache.ServiceInfoHolder do shutdown begin
2025-12-23 17:17:45.545 [SpringApplicationShutdownHook] INFO  com.alibaba.nacos.client.naming - com.alibaba.nacos.client.naming.backups.FailoverReactor do shutdown begin
2025-12-23 17:17:45.545 [SpringApplicationShutdownHook] INFO  com.alibaba.nacos.client.naming - com.alibaba.nacos.client.naming.backups.FailoverReactor do shutdown stop
2025-12-23 17:17:45.545 [SpringApplicationShutdownHook] INFO  com.alibaba.nacos.client.naming - com.alibaba.nacos.client.naming.cache.ServiceInfoHolder do shutdown stop
2025-12-23 17:17:45.545 [SpringApplicationShutdownHook] INFO  com.alibaba.nacos.client.naming - com.alibaba.nacos.client.naming.remote.NamingClientProxyDelegate do shutdown begin
2025-12-23 17:17:45.545 [SpringApplicationShutdownHook] INFO  com.alibaba.nacos.client.naming - com.alibaba.nacos.client.naming.core.ServiceInfoUpdateService do shutdown begin
2025-12-23 17:17:45.545 [SpringApplicationShutdownHook] INFO  com.alibaba.nacos.client.naming - com.alibaba.nacos.client.naming.core.ServiceInfoUpdateService do shutdown stop
2025-12-23 17:17:45.545 [SpringApplicationShutdownHook] INFO  com.alibaba.nacos.client.naming - com.alibaba.nacos.client.naming.core.ServerListManager do shutdown begin
2025-12-23 17:17:45.547 [SpringApplicationShutdownHook] WARN  com.alibaba.nacos.client.naming - [NamingHttpClientManager] Start destroying NacosRestTemplate
2025-12-23 17:17:45.547 [SpringApplicationShutdownHook] WARN  com.alibaba.nacos.client.naming - [NamingHttpClientManager] Destruction of the end
2025-12-23 17:17:45.547 [SpringApplicationShutdownHook] INFO  com.alibaba.nacos.client.naming - com.alibaba.nacos.client.naming.core.ServerListManager do shutdown stop
2025-12-23 17:17:45.547 [SpringApplicationShutdownHook] INFO  com.alibaba.nacos.client.naming - com.alibaba.nacos.client.naming.remote.http.NamingHttpClientProxy do shutdown begin
2025-12-23 17:17:45.547 [SpringApplicationShutdownHook] WARN  com.alibaba.nacos.client.naming - [NamingHttpClientManager] Start destroying NacosRestTemplate
2025-12-23 17:17:45.547 [SpringApplicationShutdownHook] WARN  com.alibaba.nacos.client.naming - [NamingHttpClientManager] Destruction of the end
2025-12-23 17:17:45.547 [SpringApplicationShutdownHook] INFO  com.alibaba.nacos.client.naming - com.alibaba.nacos.client.naming.remote.http.NamingHttpClientProxy do shutdown stop
2025-12-23 17:17:45.547 [SpringApplicationShutdownHook] INFO  com.alibaba.nacos.common.remote.client - Shutdown rpc client, set status to shutdown
2025-12-23 17:17:45.547 [SpringApplicationShutdownHook] INFO  com.alibaba.nacos.common.remote.client - Shutdown client event executor java.util.concurrent.ScheduledThreadPoolExecutor@25109608[Running, pool size = 2, active threads = 2, queued tasks = 0, completed tasks = 0]
2025-12-23 17:17:45.547 [SpringApplicationShutdownHook] INFO  com.alibaba.nacos.common.remote.client - Close current connection 1765353489383_192.168.88.1_59455
2025-12-23 17:17:45.548 [nacos-grpc-client-executor-192.168.88.101-13] WARN  c.a.nacos.common.remote.client.grpc.GrpcClient - [1765353489383_192.168.88.1_59455]Ignore error event,isRunning:false,isAbandon=false
2025-12-23 17:17:45.550 [SpringApplicationShutdownHook] INFO  c.a.nacos.common.remote.client.grpc.GrpcClient - Shutdown grpc executor java.util.concurrent.ThreadPoolExecutor@58182b96[Running, pool size = 4, active threads = 0, queued tasks = 0, completed tasks = 14]
2025-12-23 17:17:45.550 [SpringApplicationShutdownHook] INFO  com.alibaba.nacos.client.naming - Shutdown grpc redo service executor java.util.concurrent.ScheduledThreadPoolExecutor@543b0737[Running, pool size = 1, active threads = 0, queued tasks = 1, completed tasks = 10]
2025-12-23 17:17:45.550 [SpringApplicationShutdownHook] INFO  c.a.n.client.auth.ram.identify.CredentialWatcher - [null] CredentialWatcher is stopped
2025-12-23 17:17:45.550 [SpringApplicationShutdownHook] INFO  c.a.n.client.auth.ram.identify.CredentialService - [null] CredentialService is freed
2025-12-23 17:17:45.550 [SpringApplicationShutdownHook] INFO  com.alibaba.nacos.client.naming - com.alibaba.nacos.client.naming.remote.NamingClientProxyDelegate do shutdown stop
2025-12-23 17:23:23.268 [main] WARN  com.alibaba.nacos.client.logging.NacosLogging - Load Logback Configuration of Nacos fail, message: Could not initialize Logback Nacos logging from classpath:nacos-logback.xml
2025-12-23 17:23:23.311 [main] WARN  com.alibaba.nacos.client.logging.NacosLogging - Load Logback Configuration of Nacos fail, message: Could not initialize Logback Nacos logging from classpath:nacos-logback.xml
2025-12-23 17:23:23.539 [main] WARN  com.alibaba.nacos.client.logging.NacosLogging - Load Logback Configuration of Nacos fail, message: Could not initialize Logback Nacos logging from classpath:nacos-logback.xml
2025-12-23 17:23:23.550 [main] WARN  com.alibaba.nacos.client.logging.NacosLogging - Load Logback Configuration of Nacos fail, message: Could not initialize Logback Nacos logging from classpath:nacos-logback.xml
2025-12-23 17:23:23.551 [main] INFO  c.q.xiaohashu.search.XiaohashuSearchApplication - The following 1 profile is active: "dev"
2025-12-23 17:23:23.876 [main] INFO  o.springframework.cloud.context.scope.GenericScope - BeanFactory id=b9ace4a8-a81c-3e17-8f0c-16d6bede5ca4
2025-12-23 17:23:24.090 [main] INFO  o.s.boot.web.embedded.tomcat.TomcatWebServer - Tomcat initialized with port(s): 8092 (http)
2025-12-23 17:23:24.096 [main] INFO  org.apache.catalina.core.StandardService - Starting service [Tomcat]
2025-12-23 17:23:24.096 [main] INFO  org.apache.catalina.core.StandardEngine - Starting Servlet engine: [Apache Tomcat/10.1.5]
2025-12-23 17:23:24.141 [main] INFO  o.a.c.core.ContainerBase.[Tomcat].[localhost].[/] - Initializing Spring embedded WebApplicationContext
2025-12-23 17:23:24.141 [main] INFO  o.s.b.w.s.c.ServletWebServerApplicationContext - Root WebApplicationContext: initialization completed in 579 ms
2025-12-23 17:23:24.533 [main] INFO  o.s.boot.web.embedded.tomcat.TomcatWebServer - Tomcat started on port(s): 8092 (http) with context path ''
2025-12-23 17:23:24.539 [main] WARN  com.alibaba.nacos.client.logging.NacosLogging - Load Logback Configuration of Nacos fail, message: Could not initialize Logback Nacos logging from classpath:nacos-logback.xml
2025-12-23 17:23:24.539 [main] INFO  com.alibaba.nacos.client.naming - initializer namespace from ans.namespace attribute : null
2025-12-23 17:23:24.540 [main] INFO  com.alibaba.nacos.client.naming - initializer namespace from ALIBABA_ALIWARE_NAMESPACE attribute :null
2025-12-23 17:23:24.540 [main] INFO  com.alibaba.nacos.client.naming - initializer namespace from namespace attribute :null
2025-12-23 17:23:24.553 [main] INFO  com.alibaba.nacos.client.utils.ParamUtil - [settings] [req-serv] nacos-server port:8848
2025-12-23 17:23:24.553 [main] INFO  com.alibaba.nacos.client.utils.ParamUtil - [settings] [http-client] connect timeout:1000
2025-12-23 17:23:24.554 [main] INFO  com.alibaba.nacos.client.utils.ParamUtil - PER_TASK_CONFIG_SIZE: 3000.0
2025-12-23 17:23:24.557 [main] INFO  c.a.n.p.auth.spi.client.ClientAuthPluginManager - [ClientAuthPluginManager] Load ClientAuthService com.alibaba.nacos.client.auth.impl.NacosClientAuthServiceImpl success.
2025-12-23 17:23:24.557 [main] INFO  c.a.n.p.auth.spi.client.ClientAuthPluginManager - [ClientAuthPluginManager] Load ClientAuthService com.alibaba.nacos.client.auth.ram.RamClientAuthServiceImpl success.
2025-12-23 17:23:24.559 [main] INFO  c.a.n.client.auth.ram.identify.CredentialWatcher - null No credential found
2025-12-23 17:23:24.564 [main] INFO  com.alibaba.nacos.common.remote.client - [RpcClientFactory] create a new rpc client of 76be03cc-86b6-41ad-a80c-b027108b9427
2025-12-23 17:23:24.575 [main] INFO  com.alibaba.nacos.common.remote.client - [76be03cc-86b6-41ad-a80c-b027108b9427] RpcClient init, ServerListFactory = com.alibaba.nacos.client.naming.core.ServerListManager
2025-12-23 17:23:24.575 [main] INFO  com.alibaba.nacos.common.remote.client - [76be03cc-86b6-41ad-a80c-b027108b9427] Registry connection listener to current client:com.alibaba.nacos.client.naming.remote.gprc.redo.NamingGrpcRedoService
2025-12-23 17:23:24.575 [main] INFO  com.alibaba.nacos.common.remote.client - [76be03cc-86b6-41ad-a80c-b027108b9427] Register server push request handler:com.alibaba.nacos.client.naming.remote.gprc.NamingPushRequestHandler
2025-12-23 17:23:24.578 [main] INFO  com.alibaba.nacos.common.remote.client - [76be03cc-86b6-41ad-a80c-b027108b9427] Try to connect to server on start up, server: {serverIp = '192.168.88.101', server main port = 8848}
2025-12-23 17:23:24.599 [main] INFO  c.a.nacos.common.remote.client.grpc.GrpcClient - grpc client connection server:192.168.88.101 ip,serverPort:9848,grpcTslConfig:{"sslProvider":"OPENSSL","enableTls":false,"mutualAuthEnable":false,"trustAll":false}
2025-12-23 17:23:25.055 [main] INFO  com.alibaba.nacos.common.remote.client - [76be03cc-86b6-41ad-a80c-b027108b9427] Success to connect to server [192.168.88.101:8848] on start up, connectionId = 1765353861178_192.168.88.1_50675
2025-12-23 17:23:25.056 [com.alibaba.nacos.client.remote.worker] INFO  com.alibaba.nacos.common.remote.client - [76be03cc-86b6-41ad-a80c-b027108b9427] Notify connected event to listeners.
2025-12-23 17:23:25.056 [com.alibaba.nacos.client.remote.worker] INFO  com.alibaba.nacos.client.naming - Grpc connection connect
2025-12-23 17:23:25.056 [main] INFO  com.alibaba.nacos.common.remote.client - [76be03cc-86b6-41ad-a80c-b027108b9427] Register server push request handler:com.alibaba.nacos.common.remote.client.RpcClient$ConnectResetRequestHandler
2025-12-23 17:23:25.056 [main] INFO  com.alibaba.nacos.common.remote.client - [76be03cc-86b6-41ad-a80c-b027108b9427] Register server push request handler:com.alibaba.nacos.common.remote.client.RpcClient$$Lambda/0x0000022255759868
2025-12-23 17:23:25.056 [main] INFO  com.alibaba.nacos.client.naming - [REGISTER-SERVICE] xiaohashu registering service xiaohashu-search with instance Instance{instanceId='null', ip='172.28.129.13', port=8092, weight=1.0, healthy=true, enabled=true, ephemeral=true, clusterName='DEFAULT', serviceName='null', metadata={IPv6=[2001:da8:c800:9000:0:0:1:e92d], preserved.register.source=SPRING_CLOUD}}
2025-12-23 17:23:25.077 [main] INFO  c.a.cloud.nacos.registry.NacosServiceRegistry - nacos registry, DEFAULT_GROUP xiaohashu-search 172.28.129.13:8092 register finished
2025-12-23 17:23:25.086 [main] INFO  c.q.xiaohashu.search.XiaohashuSearchApplication - Started XiaohashuSearchApplication in 2.13 seconds (process running for 2.461)
2025-12-23 17:24:06.788 [Thread-8] WARN  c.alibaba.nacos.common.http.HttpClientBeanHolder - [HttpClientBeanHolder] Start destroying common HttpClient
2025-12-23 17:24:06.788 [Thread-5] WARN  com.alibaba.nacos.common.notify.NotifyCenter - [NotifyCenter] Start destroying Publisher
2025-12-23 17:24:06.789 [Thread-5] WARN  com.alibaba.nacos.common.notify.NotifyCenter - [NotifyCenter] Destruction of the end
2025-12-23 17:24:06.789 [Thread-8] WARN  c.alibaba.nacos.common.http.HttpClientBeanHolder - [HttpClientBeanHolder] Destruction of the end
2025-12-23 17:24:06.799 [SpringApplicationShutdownHook] INFO  c.a.cloud.nacos.registry.NacosServiceRegistry - De-registering from Nacos Server now...
2025-12-23 17:24:06.799 [SpringApplicationShutdownHook] INFO  com.alibaba.nacos.client.naming - [DEREGISTER-SERVICE] xiaohashu deregistering service xiaohashu-search with instance: Instance{instanceId='null', ip='172.28.129.13', port=8092, weight=1.0, healthy=true, enabled=true, ephemeral=true, clusterName='DEFAULT', serviceName='null', metadata={}}
2025-12-23 17:24:06.806 [SpringApplicationShutdownHook] INFO  c.a.cloud.nacos.registry.NacosServiceRegistry - De-registration finished.
2025-12-23 17:24:06.806 [SpringApplicationShutdownHook] INFO  com.alibaba.nacos.client.naming - com.alibaba.nacos.client.naming.cache.ServiceInfoHolder do shutdown begin
2025-12-23 17:24:06.806 [SpringApplicationShutdownHook] INFO  com.alibaba.nacos.client.naming - com.alibaba.nacos.client.naming.backups.FailoverReactor do shutdown begin
2025-12-23 17:24:06.806 [SpringApplicationShutdownHook] INFO  com.alibaba.nacos.client.naming - com.alibaba.nacos.client.naming.backups.FailoverReactor do shutdown stop
2025-12-23 17:24:06.806 [SpringApplicationShutdownHook] INFO  com.alibaba.nacos.client.naming - com.alibaba.nacos.client.naming.cache.ServiceInfoHolder do shutdown stop
2025-12-23 17:24:06.806 [SpringApplicationShutdownHook] INFO  com.alibaba.nacos.client.naming - com.alibaba.nacos.client.naming.remote.NamingClientProxyDelegate do shutdown begin
2025-12-23 17:24:06.806 [SpringApplicationShutdownHook] INFO  com.alibaba.nacos.client.naming - com.alibaba.nacos.client.naming.core.ServiceInfoUpdateService do shutdown begin
2025-12-23 17:24:06.806 [SpringApplicationShutdownHook] INFO  com.alibaba.nacos.client.naming - com.alibaba.nacos.client.naming.core.ServiceInfoUpdateService do shutdown stop
2025-12-23 17:24:06.806 [SpringApplicationShutdownHook] INFO  com.alibaba.nacos.client.naming - com.alibaba.nacos.client.naming.core.ServerListManager do shutdown begin
2025-12-23 17:24:06.806 [SpringApplicationShutdownHook] WARN  com.alibaba.nacos.client.naming - [NamingHttpClientManager] Start destroying NacosRestTemplate
2025-12-23 17:24:06.806 [SpringApplicationShutdownHook] WARN  com.alibaba.nacos.client.naming - [NamingHttpClientManager] Destruction of the end
2025-12-23 17:24:06.806 [SpringApplicationShutdownHook] INFO  com.alibaba.nacos.client.naming - com.alibaba.nacos.client.naming.core.ServerListManager do shutdown stop
2025-12-23 17:24:06.806 [SpringApplicationShutdownHook] INFO  com.alibaba.nacos.client.naming - com.alibaba.nacos.client.naming.remote.http.NamingHttpClientProxy do shutdown begin
2025-12-23 17:24:06.806 [SpringApplicationShutdownHook] WARN  com.alibaba.nacos.client.naming - [NamingHttpClientManager] Start destroying NacosRestTemplate
2025-12-23 17:24:06.806 [SpringApplicationShutdownHook] WARN  com.alibaba.nacos.client.naming - [NamingHttpClientManager] Destruction of the end
2025-12-23 17:24:06.806 [SpringApplicationShutdownHook] INFO  com.alibaba.nacos.client.naming - com.alibaba.nacos.client.naming.remote.http.NamingHttpClientProxy do shutdown stop
2025-12-23 17:24:06.806 [SpringApplicationShutdownHook] INFO  com.alibaba.nacos.common.remote.client - Shutdown rpc client, set status to shutdown
2025-12-23 17:24:06.806 [SpringApplicationShutdownHook] INFO  com.alibaba.nacos.common.remote.client - Shutdown client event executor java.util.concurrent.ScheduledThreadPoolExecutor@131ba005[Running, pool size = 2, active threads = 2, queued tasks = 0, completed tasks = 0]
2025-12-23 17:24:06.806 [SpringApplicationShutdownHook] INFO  com.alibaba.nacos.common.remote.client - Close current connection 1765353861178_192.168.88.1_50675
2025-12-23 17:24:06.810 [nacos-grpc-client-executor-192.168.88.101-17] WARN  c.a.nacos.common.remote.client.grpc.GrpcClient - [1765353861178_192.168.88.1_50675]Ignore error event,isRunning:false,isAbandon=false
2025-12-23 17:24:06.810 [SpringApplicationShutdownHook] INFO  c.a.nacos.common.remote.client.grpc.GrpcClient - Shutdown grpc executor java.util.concurrent.ThreadPoolExecutor@6dd20ec9[Running, pool size = 4, active threads = 0, queued tasks = 0, completed tasks = 18]
2025-12-23 17:24:06.811 [SpringApplicationShutdownHook] INFO  com.alibaba.nacos.client.naming - Shutdown grpc redo service executor java.util.concurrent.ScheduledThreadPoolExecutor@49986178[Running, pool size = 1, active threads = 0, queued tasks = 1, completed tasks = 14]
2025-12-23 17:24:06.811 [SpringApplicationShutdownHook] INFO  c.a.n.client.auth.ram.identify.CredentialWatcher - [null] CredentialWatcher is stopped
2025-12-23 17:24:06.811 [SpringApplicationShutdownHook] INFO  c.a.n.client.auth.ram.identify.CredentialService - [null] CredentialService is freed
2025-12-23 17:24:06.811 [SpringApplicationShutdownHook] INFO  com.alibaba.nacos.client.naming - com.alibaba.nacos.client.naming.remote.NamingClientProxyDelegate do shutdown stop
