2025-12-07 19:12:50.917 [main] WARN  com.alibaba.nacos.client.logging.NacosLogging - Load Logback Configuration of Nacos fail, message: Could not initialize Logback Nacos logging from classpath:nacos-logback.xml
2025-12-07 19:12:50.991 [main] WARN  com.alibaba.nacos.client.logging.NacosLogging - Load Logback Configuration of Nacos fail, message: Could not initialize Logback Nacos logging from classpath:nacos-logback.xml
2025-12-07 19:12:51.502 [main] WARN  com.alibaba.nacos.client.logging.NacosLogging - Load Logback Configuration of Nacos fail, message: Could not initialize Logback Nacos logging from classpath:nacos-logback.xml
2025-12-07 19:12:51.524 [main] WARN  com.alibaba.nacos.client.logging.NacosLogging - Load Logback Configuration of Nacos fail, message: Could not initialize Logback Nacos logging from classpath:nacos-logback.xml
2025-12-07 19:12:51.526 [main] INFO  c.q.x.u.r.biz.XiaohashuUserRelationBizApplication - The following 1 profile is active: "dev"
2025-12-07 19:12:52.576 [main] INFO  o.s.d.r.config.RepositoryConfigurationDelegate - Multiple Spring Data modules found, entering strict repository configuration mode
2025-12-07 19:12:52.580 [main] INFO  o.s.d.r.config.RepositoryConfigurationDelegate - Bootstrapping Spring Data Redis repositories in DEFAULT mode.
2025-12-07 19:12:52.613 [main] INFO  o.s.d.r.config.RepositoryConfigurationDelegate - Finished Spring Data repository scanning in 15 ms. Found 0 Redis repository interfaces.
2025-12-07 19:12:52.857 [main] INFO  o.springframework.cloud.context.scope.GenericScope - BeanFactory id=193460d2-b8e1-3adc-bf3a-bcaf38ff4b16
2025-12-07 19:12:52.900 [main] INFO  o.s.c.s.PostProcessorRegistrationDelegate$BeanPostProcessorChecker - Bean 'com.quanxiaoha.xiaohashu.user.api.userapi.UserFeignApi' of type [org.springframework.cloud.openfeign.FeignClientFactoryBean] is not eligible for getting processed by all BeanPostProcessors (for example: not eligible for auto-proxying)
2025-12-07 19:12:53.216 [main] INFO  o.s.c.s.PostProcessorRegistrationDelegate$BeanPostProcessorChecker - Bean 'org.apache.rocketmq.spring.autoconfigure.MessageConverterConfiguration' of type [org.apache.rocketmq.spring.autoconfigure.MessageConverterConfiguration$$SpringCGLIB$$0] is not eligible for getting processed by all BeanPostProcessors (for example: not eligible for auto-proxying)
2025-12-07 19:12:53.273 [main] INFO  o.s.c.s.PostProcessorRegistrationDelegate$BeanPostProcessorChecker - Bean 'createRocketMQMessageConverter' of type [org.apache.rocketmq.spring.support.RocketMQMessageConverter] is not eligible for getting processed by all BeanPostProcessors (for example: not eligible for auto-proxying)
2025-12-07 19:12:53.276 [main] INFO  o.s.c.s.PostProcessorRegistrationDelegate$BeanPostProcessorChecker - Bean 'org.springframework.cloud.commons.config.CommonsConfigAutoConfiguration' of type [org.springframework.cloud.commons.config.CommonsConfigAutoConfiguration] is not eligible for getting processed by all BeanPostProcessors (for example: not eligible for auto-proxying)
2025-12-07 19:12:53.280 [main] INFO  o.s.c.s.PostProcessorRegistrationDelegate$BeanPostProcessorChecker - Bean 'org.springframework.cloud.client.loadbalancer.LoadBalancerDefaultMappingsProviderAutoConfiguration' of type [org.springframework.cloud.client.loadbalancer.LoadBalancerDefaultMappingsProviderAutoConfiguration] is not eligible for getting processed by all BeanPostProcessors (for example: not eligible for auto-proxying)
2025-12-07 19:12:53.281 [main] INFO  o.s.c.s.PostProcessorRegistrationDelegate$BeanPostProcessorChecker - Bean 'loadBalancerClientsDefaultsMappingsProvider' of type [org.springframework.cloud.client.loadbalancer.LoadBalancerDefaultMappingsProviderAutoConfiguration$$Lambda$720/0x0000015a9e539490] is not eligible for getting processed by all BeanPostProcessors (for example: not eligible for auto-proxying)
2025-12-07 19:12:53.282 [main] INFO  o.s.c.s.PostProcessorRegistrationDelegate$BeanPostProcessorChecker - Bean 'defaultsBindHandlerAdvisor' of type [org.springframework.cloud.commons.config.DefaultsBindHandlerAdvisor] is not eligible for getting processed by all BeanPostProcessors (for example: not eligible for auto-proxying)
2025-12-07 19:12:53.288 [main] INFO  o.s.c.s.PostProcessorRegistrationDelegate$BeanPostProcessorChecker - Bean 'rocketmq-org.apache.rocketmq.spring.autoconfigure.RocketMQProperties' of type [org.apache.rocketmq.spring.autoconfigure.RocketMQProperties] is not eligible for getting processed by all BeanPostProcessors (for example: not eligible for auto-proxying)
2025-12-07 19:12:53.289 [main] INFO  o.s.c.s.PostProcessorRegistrationDelegate$BeanPostProcessorChecker - Bean 'org.apache.rocketmq.spring.autoconfigure.ListenerContainerConfiguration' of type [org.apache.rocketmq.spring.autoconfigure.ListenerContainerConfiguration$$SpringCGLIB$$0] is not eligible for getting processed by all BeanPostProcessors (for example: not eligible for auto-proxying)
2025-12-07 19:12:53.631 [main] INFO  o.s.boot.web.embedded.tomcat.TomcatWebServer - Tomcat initialized with port(s): 8087 (http)
2025-12-07 19:12:53.652 [main] INFO  org.apache.catalina.core.StandardService - Starting service [Tomcat]
2025-12-07 19:12:53.652 [main] INFO  org.apache.catalina.core.StandardEngine - Starting Servlet engine: [Apache Tomcat/10.1.5]
2025-12-07 19:12:53.771 [main] INFO  o.a.c.core.ContainerBase.[Tomcat].[localhost].[/] - Initializing Spring embedded WebApplicationContext
2025-12-07 19:12:53.772 [main] INFO  o.s.b.w.s.c.ServletWebServerApplicationContext - Root WebApplicationContext: initialization completed in 2217 ms
2025-12-07 19:12:54.347 [main] INFO  o.a.r.s.support.DefaultRocketMQListenerContainer - running container: DefaultRocketMQListenerContainer{consumerGroup='xiaohashu_group', namespace='', nameServer='192.168.88.101:9876', topic='FollowUnfollowTopic', consumeMode=CONCURRENTLY, selectorType=TAG, selectorExpression='*', messageModel=CLUSTERING', tlsEnable=false, instanceName=DEFAULT}
2025-12-07 19:12:54.347 [main] INFO  o.a.r.s.a.ListenerContainerConfiguration - Register the listener to container, listenerBeanName:followUserConsumer, containerBeanName:org.apache.rocketmq.spring.support.DefaultRocketMQListenerContainer_1
2025-12-07 19:12:54.461 [main] INFO  o.s.cloud.openfeign.FeignClientFactoryBean - For 'xiaohashu-user' URL not provided. Will try picking an instance via load-balancing.
2025-12-07 19:12:54.774 [main] INFO  c.a.d.s.b.a.DruidDataSourceAutoConfigure - Init DruidDataSource
2025-12-07 19:12:55.196 [main] INFO  com.alibaba.druid.pool.DruidDataSource - {dataSource-1} inited
2025-12-07 19:12:55.481 [main] INFO  o.a.r.s.autoconfigure.RocketMQAutoConfiguration - a producer (xiaohashu_group) init on namesrv 192.168.88.101:9876
2025-12-07 19:12:56.531 [main] WARN  o.s.c.l.c.LoadBalancerCacheAutoConfiguration$LoadBalancerCaffeineWarnLogger - Spring Cloud LoadBalancer is currently working with the default cache. While this cache implementation is useful for development and tests, it's recommended to use Caffeine cache in production.You can switch to using Caffeine cache, by adding it and org.springframework.cache.caffeine.CaffeineCacheManager to the classpath.
2025-12-07 19:12:56.641 [main] INFO  o.s.boot.web.embedded.tomcat.TomcatWebServer - Tomcat started on port(s): 8087 (http) with context path ''
2025-12-07 19:12:56.656 [main] WARN  com.alibaba.nacos.client.logging.NacosLogging - Load Logback Configuration of Nacos fail, message: Could not initialize Logback Nacos logging from classpath:nacos-logback.xml
2025-12-07 19:12:56.657 [main] INFO  com.alibaba.nacos.client.naming - initializer namespace from ans.namespace attribute : null
2025-12-07 19:12:56.657 [main] INFO  com.alibaba.nacos.client.naming - initializer namespace from ALIBABA_ALIWARE_NAMESPACE attribute :null
2025-12-07 19:12:56.658 [main] INFO  com.alibaba.nacos.client.naming - initializer namespace from namespace attribute :null
2025-12-07 19:12:56.689 [main] INFO  com.alibaba.nacos.client.utils.ParamUtil - [settings] [req-serv] nacos-server port:8848
2025-12-07 19:12:56.689 [main] INFO  com.alibaba.nacos.client.utils.ParamUtil - [settings] [http-client] connect timeout:1000
2025-12-07 19:12:56.691 [main] INFO  com.alibaba.nacos.client.utils.ParamUtil - PER_TASK_CONFIG_SIZE: 3000.0
2025-12-07 19:12:56.697 [main] INFO  c.a.n.p.auth.spi.client.ClientAuthPluginManager - [ClientAuthPluginManager] Load ClientAuthService com.alibaba.nacos.client.auth.impl.NacosClientAuthServiceImpl success.
2025-12-07 19:12:56.698 [main] INFO  c.a.n.p.auth.spi.client.ClientAuthPluginManager - [ClientAuthPluginManager] Load ClientAuthService com.alibaba.nacos.client.auth.ram.RamClientAuthServiceImpl success.
2025-12-07 19:12:56.702 [main] INFO  c.a.n.client.auth.ram.identify.CredentialWatcher - null No credential found
2025-12-07 19:12:56.715 [main] INFO  com.alibaba.nacos.common.remote.client - [RpcClientFactory] create a new rpc client of 3e9555d0-013e-4717-8a06-d0cfa9a4b318
2025-12-07 19:12:56.745 [main] INFO  com.alibaba.nacos.common.remote.client - [3e9555d0-013e-4717-8a06-d0cfa9a4b318] RpcClient init, ServerListFactory = com.alibaba.nacos.client.naming.core.ServerListManager
2025-12-07 19:12:56.745 [main] INFO  com.alibaba.nacos.common.remote.client - [3e9555d0-013e-4717-8a06-d0cfa9a4b318] Registry connection listener to current client:com.alibaba.nacos.client.naming.remote.gprc.redo.NamingGrpcRedoService
2025-12-07 19:12:56.746 [main] INFO  com.alibaba.nacos.common.remote.client - [3e9555d0-013e-4717-8a06-d0cfa9a4b318] Register server push request handler:com.alibaba.nacos.client.naming.remote.gprc.NamingPushRequestHandler
2025-12-07 19:12:56.748 [main] INFO  com.alibaba.nacos.common.remote.client - [3e9555d0-013e-4717-8a06-d0cfa9a4b318] Try to connect to server on start up, server: {serverIp = '192.168.88.101', server main port = 8848}
2025-12-07 19:12:56.788 [main] INFO  c.a.nacos.common.remote.client.grpc.GrpcClient - grpc client connection server:192.168.88.101 ip,serverPort:9848,grpcTslConfig:{"sslProvider":"OPENSSL","enableTls":false,"mutualAuthEnable":false,"trustAll":false}
2025-12-07 19:12:58.119 [main] INFO  com.alibaba.nacos.common.remote.client - [3e9555d0-013e-4717-8a06-d0cfa9a4b318] Success to connect to server [192.168.88.101:8848] on start up, connectionId = 1764955991091_192.168.88.1_56097
2025-12-07 19:12:58.120 [com.alibaba.nacos.client.remote.worker] INFO  com.alibaba.nacos.common.remote.client - [3e9555d0-013e-4717-8a06-d0cfa9a4b318] Notify connected event to listeners.
2025-12-07 19:12:58.121 [com.alibaba.nacos.client.remote.worker] INFO  com.alibaba.nacos.client.naming - Grpc connection connect
2025-12-07 19:12:58.121 [main] INFO  com.alibaba.nacos.common.remote.client - [3e9555d0-013e-4717-8a06-d0cfa9a4b318] Register server push request handler:com.alibaba.nacos.common.remote.client.RpcClient$ConnectResetRequestHandler
2025-12-07 19:12:58.121 [main] INFO  com.alibaba.nacos.common.remote.client - [3e9555d0-013e-4717-8a06-d0cfa9a4b318] Register server push request handler:com.alibaba.nacos.common.remote.client.RpcClient$$Lambda$1279/0x0000015a9e9ad180
2025-12-07 19:12:58.123 [main] INFO  com.alibaba.nacos.client.naming - [REGISTER-SERVICE] xiaohashu registering service xiaohashu-user-relation with instance Instance{instanceId='null', ip='10.244.202.78', port=8087, weight=1.0, healthy=true, enabled=true, ephemeral=true, clusterName='DEFAULT', serviceName='null', metadata={IPv6=null, preserved.register.source=SPRING_CLOUD}}
2025-12-07 19:12:58.145 [main] INFO  c.a.cloud.nacos.registry.NacosServiceRegistry - nacos registry, DEFAULT_GROUP xiaohashu-user-relation 10.244.202.78:8087 register finished
2025-12-07 19:12:58.299 [main] INFO  c.q.x.u.r.biz.XiaohashuUserRelationBizApplication - Started XiaohashuUserRelationBizApplication in 8.112 seconds (process running for 8.666)
2025-12-07 19:14:54.537 [http-nio-8087-exec-1] INFO  o.a.c.core.ContainerBase.[Tomcat].[localhost].[/] - Initializing Spring DispatcherServlet 'dispatcherServlet'
2025-12-07 19:14:54.537 [http-nio-8087-exec-1] INFO  org.springframework.web.servlet.DispatcherServlet - Initializing Servlet 'dispatcherServlet'
2025-12-07 19:14:54.538 [http-nio-8087-exec-1] INFO  org.springframework.web.servlet.DispatcherServlet - Completed initialization in 0 ms
2025-12-07 19:14:54.547 [http-nio-8087-exec-1] INFO  c.q.xiaohashu.context.filter.UserIdContextFilter - =====从请求头中获取userId 2100
2025-12-07 19:14:54.608 [http-nio-8087-exec-1] INFO  c.q.x.operationlog.aspect.ApiOperationLogAspect - ====== 请求开始: [关注用户], 入参: {"followUserId":4100}, 请求类: UserRelationController, 请求方法: follow =================================== 
2025-12-07 19:14:54.614 [http-nio-8087-exec-1] INFO  c.q.x.context.Interceptor.FeignRequestInterceptor - ========feign 请求头添加userid 2100
2025-12-07 19:14:54.654 [http-nio-8087-exec-1] INFO  com.alibaba.nacos.client.naming - [SUBSCRIBE-SERVICE] service:xiaohashu-user, group:DEFAULT_GROUP, clusters: 
2025-12-07 19:14:54.666 [http-nio-8087-exec-1] INFO  com.alibaba.nacos.client.naming - init new ips(1) service: DEFAULT_GROUP@@xiaohashu-user -> [{"ip":"10.244.202.78","port":8082,"weight":1.0,"healthy":true,"enabled":true,"ephemeral":true,"clusterName":"DEFAULT","serviceName":"DEFAULT_GROUP@@xiaohashu-user","metadata":{"preserved.register.source":"SPRING_CLOUD"},"ipDeleteTimeout":30000,"instanceHeartBeatInterval":5000,"instanceHeartBeatTimeOut":15000}]
2025-12-07 19:14:54.673 [http-nio-8087-exec-1] INFO  com.alibaba.nacos.client.naming - current ips:(1) service: DEFAULT_GROUP@@xiaohashu-user -> [{"ip":"10.244.202.78","port":8082,"weight":1.0,"healthy":true,"enabled":true,"ephemeral":true,"clusterName":"DEFAULT","serviceName":"DEFAULT_GROUP@@xiaohashu-user","metadata":{"preserved.register.source":"SPRING_CLOUD"},"ipDeleteTimeout":30000,"instanceHeartBeatInterval":5000,"instanceHeartBeatTimeOut":15000}]
2025-12-07 19:14:54.733 [http-nio-8087-exec-1] INFO  c.q.x.u.r.biz.service.impl.UserRelationServiceImpl - ==========您已成功关注用户{}
2025-12-07 19:14:55.154 [http-nio-8087-exec-1] INFO  c.q.x.u.r.biz.service.impl.UserRelationServiceImpl - =========在redis中新建该角色的关注列表
2025-12-07 19:14:55.158 [http-nio-8087-exec-1] INFO  c.q.x.u.r.biz.service.impl.UserRelationServiceImpl - =======ready to send message
2025-12-07 19:14:55.161 [http-nio-8087-exec-1] INFO  c.q.x.operationlog.aspect.ApiOperationLogAspect - ====== 请求结束: [关注用户], 耗时: 553ms, 出参: {"success":true,"message":null,"errorCode":null,"data":null} =================================== 
2025-12-07 19:14:55.170 [http-nio-8087-exec-1] INFO  c.q.xiaohashu.context.filter.UserIdContextFilter - ======删除ThreadLocal userId 2100
2025-12-07 19:14:55.177 [nacos-grpc-client-executor-192.168.88.101-37] INFO  com.alibaba.nacos.common.remote.client - [3e9555d0-013e-4717-8a06-d0cfa9a4b318] Receive server push request, request = NotifySubscriberRequest, requestId = 93
2025-12-07 19:14:55.178 [nacos-grpc-client-executor-192.168.88.101-37] INFO  com.alibaba.nacos.common.remote.client - [3e9555d0-013e-4717-8a06-d0cfa9a4b318] Ack server push request, request = NotifySubscriberRequest, requestId = 93
2025-12-07 19:14:55.226 [NettyClientPublicExecutor_1] INFO  c.q.x.u.r.biz.service.impl.UserRelationServiceImpl - =====send message success
2025-12-07 19:23:29.357 [Thread-9] WARN  com.alibaba.nacos.common.notify.NotifyCenter - [NotifyCenter] Start destroying Publisher
2025-12-07 19:23:29.357 [Thread-12] WARN  c.alibaba.nacos.common.http.HttpClientBeanHolder - [HttpClientBeanHolder] Start destroying common HttpClient
2025-12-07 19:23:29.357 [Thread-9] WARN  com.alibaba.nacos.common.notify.NotifyCenter - [NotifyCenter] Destruction of the end
2025-12-07 19:23:29.358 [Thread-12] WARN  c.alibaba.nacos.common.http.HttpClientBeanHolder - [HttpClientBeanHolder] Destruction of the end
2025-12-07 19:23:29.396 [SpringApplicationShutdownHook] INFO  c.a.cloud.nacos.registry.NacosServiceRegistry - De-registering from Nacos Server now...
2025-12-07 19:23:29.396 [SpringApplicationShutdownHook] INFO  com.alibaba.nacos.client.naming - [DEREGISTER-SERVICE] xiaohashu deregistering service xiaohashu-user-relation with instance: Instance{instanceId='null', ip='10.244.202.78', port=8087, weight=1.0, healthy=true, enabled=true, ephemeral=true, clusterName='DEFAULT', serviceName='null', metadata={}}
2025-12-07 19:23:29.400 [SpringApplicationShutdownHook] INFO  c.a.cloud.nacos.registry.NacosServiceRegistry - De-registration finished.
2025-12-07 19:23:29.400 [SpringApplicationShutdownHook] INFO  com.alibaba.nacos.client.naming - com.alibaba.nacos.client.naming.cache.ServiceInfoHolder do shutdown begin
2025-12-07 19:23:29.400 [SpringApplicationShutdownHook] INFO  com.alibaba.nacos.client.naming - com.alibaba.nacos.client.naming.backups.FailoverReactor do shutdown begin
2025-12-07 19:23:29.400 [SpringApplicationShutdownHook] INFO  com.alibaba.nacos.client.naming - com.alibaba.nacos.client.naming.backups.FailoverReactor do shutdown stop
2025-12-07 19:23:29.400 [SpringApplicationShutdownHook] INFO  com.alibaba.nacos.client.naming - com.alibaba.nacos.client.naming.cache.ServiceInfoHolder do shutdown stop
2025-12-07 19:23:29.400 [SpringApplicationShutdownHook] INFO  com.alibaba.nacos.client.naming - com.alibaba.nacos.client.naming.remote.NamingClientProxyDelegate do shutdown begin
2025-12-07 19:23:29.400 [SpringApplicationShutdownHook] INFO  com.alibaba.nacos.client.naming - com.alibaba.nacos.client.naming.core.ServiceInfoUpdateService do shutdown begin
2025-12-07 19:23:29.400 [SpringApplicationShutdownHook] INFO  com.alibaba.nacos.client.naming - com.alibaba.nacos.client.naming.core.ServiceInfoUpdateService do shutdown stop
2025-12-07 19:23:29.400 [SpringApplicationShutdownHook] INFO  com.alibaba.nacos.client.naming - com.alibaba.nacos.client.naming.core.ServerListManager do shutdown begin
2025-12-07 19:23:29.400 [SpringApplicationShutdownHook] WARN  com.alibaba.nacos.client.naming - [NamingHttpClientManager] Start destroying NacosRestTemplate
2025-12-07 19:23:29.400 [SpringApplicationShutdownHook] WARN  com.alibaba.nacos.client.naming - [NamingHttpClientManager] Destruction of the end
2025-12-07 19:23:29.400 [SpringApplicationShutdownHook] INFO  com.alibaba.nacos.client.naming - com.alibaba.nacos.client.naming.core.ServerListManager do shutdown stop
2025-12-07 19:23:29.400 [SpringApplicationShutdownHook] INFO  com.alibaba.nacos.client.naming - com.alibaba.nacos.client.naming.remote.http.NamingHttpClientProxy do shutdown begin
2025-12-07 19:23:29.400 [SpringApplicationShutdownHook] WARN  com.alibaba.nacos.client.naming - [NamingHttpClientManager] Start destroying NacosRestTemplate
2025-12-07 19:23:29.400 [SpringApplicationShutdownHook] WARN  com.alibaba.nacos.client.naming - [NamingHttpClientManager] Destruction of the end
2025-12-07 19:23:29.400 [SpringApplicationShutdownHook] INFO  com.alibaba.nacos.client.naming - com.alibaba.nacos.client.naming.remote.http.NamingHttpClientProxy do shutdown stop
2025-12-07 19:23:29.400 [SpringApplicationShutdownHook] INFO  com.alibaba.nacos.common.remote.client - Shutdown rpc client, set status to shutdown
2025-12-07 19:23:29.400 [SpringApplicationShutdownHook] INFO  com.alibaba.nacos.common.remote.client - Shutdown client event executor java.util.concurrent.ScheduledThreadPoolExecutor@508ebee3[Running, pool size = 2, active threads = 2, queued tasks = 0, completed tasks = 0]
2025-12-07 19:23:29.401 [SpringApplicationShutdownHook] INFO  com.alibaba.nacos.common.remote.client - Close current connection 1764955991091_192.168.88.1_56097
2025-12-07 19:23:29.402 [nacos-grpc-client-executor-192.168.88.101-144] INFO  c.a.nacos.common.remote.client.grpc.GrpcClient - [1764955991091_192.168.88.1_56097]Ignore complete event,isRunning:false,isAbandon=false
2025-12-07 19:23:29.407 [SpringApplicationShutdownHook] INFO  c.a.nacos.common.remote.client.grpc.GrpcClient - Shutdown grpc executor java.util.concurrent.ThreadPoolExecutor@53fd4cd8[Running, pool size = 5, active threads = 0, queued tasks = 0, completed tasks = 145]
2025-12-07 19:23:29.408 [SpringApplicationShutdownHook] INFO  com.alibaba.nacos.client.naming - Shutdown grpc redo service executor java.util.concurrent.ScheduledThreadPoolExecutor@3248ec41[Running, pool size = 1, active threads = 0, queued tasks = 1, completed tasks = 210]
2025-12-07 19:23:29.408 [SpringApplicationShutdownHook] INFO  c.a.n.client.auth.ram.identify.CredentialWatcher - [null] CredentialWatcher is stopped
2025-12-07 19:23:29.408 [SpringApplicationShutdownHook] INFO  c.a.n.client.auth.ram.identify.CredentialService - [null] CredentialService is freed
2025-12-07 19:23:29.408 [SpringApplicationShutdownHook] INFO  com.alibaba.nacos.client.naming - com.alibaba.nacos.client.naming.remote.NamingClientProxyDelegate do shutdown stop
2025-12-07 19:23:29.417 [SpringApplicationShutdownHook] INFO  com.alibaba.druid.pool.DruidDataSource - {dataSource-1} closing ...
2025-12-07 19:23:29.424 [SpringApplicationShutdownHook] INFO  com.alibaba.druid.pool.DruidDataSource - {dataSource-1} closed
2025-12-07 19:23:29.543 [SpringApplicationShutdownHook] INFO  o.a.r.s.support.DefaultRocketMQListenerContainer - container destroyed, DefaultRocketMQListenerContainer{consumerGroup='xiaohashu_group', namespace='', nameServer='192.168.88.101:9876', topic='FollowUnfollowTopic', consumeMode=CONCURRENTLY, selectorType=TAG, selectorExpression='*', messageModel=CLUSTERING', tlsEnable=false, instanceName=DEFAULT}
2025-12-07 19:23:32.672 [main] WARN  com.alibaba.nacos.client.logging.NacosLogging - Load Logback Configuration of Nacos fail, message: Could not initialize Logback Nacos logging from classpath:nacos-logback.xml
2025-12-07 19:23:32.725 [main] WARN  com.alibaba.nacos.client.logging.NacosLogging - Load Logback Configuration of Nacos fail, message: Could not initialize Logback Nacos logging from classpath:nacos-logback.xml
2025-12-07 19:23:33.051 [main] WARN  com.alibaba.nacos.client.logging.NacosLogging - Load Logback Configuration of Nacos fail, message: Could not initialize Logback Nacos logging from classpath:nacos-logback.xml
2025-12-07 19:23:33.060 [main] WARN  com.alibaba.nacos.client.logging.NacosLogging - Load Logback Configuration of Nacos fail, message: Could not initialize Logback Nacos logging from classpath:nacos-logback.xml
2025-12-07 19:23:33.060 [main] INFO  c.q.x.u.r.biz.XiaohashuUserRelationBizApplication - The following 1 profile is active: "dev"
2025-12-07 19:23:33.456 [main] INFO  o.s.d.r.config.RepositoryConfigurationDelegate - Multiple Spring Data modules found, entering strict repository configuration mode
2025-12-07 19:23:33.457 [main] INFO  o.s.d.r.config.RepositoryConfigurationDelegate - Bootstrapping Spring Data Redis repositories in DEFAULT mode.
2025-12-07 19:23:33.472 [main] INFO  o.s.d.r.config.RepositoryConfigurationDelegate - Finished Spring Data repository scanning in 5 ms. Found 0 Redis repository interfaces.
2025-12-07 19:23:33.611 [main] INFO  o.springframework.cloud.context.scope.GenericScope - BeanFactory id=193460d2-b8e1-3adc-bf3a-bcaf38ff4b16
2025-12-07 19:23:33.633 [main] INFO  o.s.c.s.PostProcessorRegistrationDelegate$BeanPostProcessorChecker - Bean 'com.quanxiaoha.xiaohashu.user.api.userapi.UserFeignApi' of type [org.springframework.cloud.openfeign.FeignClientFactoryBean] is not eligible for getting processed by all BeanPostProcessors (for example: not eligible for auto-proxying)
2025-12-07 19:23:33.780 [main] INFO  o.s.c.s.PostProcessorRegistrationDelegate$BeanPostProcessorChecker - Bean 'org.apache.rocketmq.spring.autoconfigure.MessageConverterConfiguration' of type [org.apache.rocketmq.spring.autoconfigure.MessageConverterConfiguration$$SpringCGLIB$$0] is not eligible for getting processed by all BeanPostProcessors (for example: not eligible for auto-proxying)
2025-12-07 19:23:33.813 [main] INFO  o.s.c.s.PostProcessorRegistrationDelegate$BeanPostProcessorChecker - Bean 'createRocketMQMessageConverter' of type [org.apache.rocketmq.spring.support.RocketMQMessageConverter] is not eligible for getting processed by all BeanPostProcessors (for example: not eligible for auto-proxying)
2025-12-07 19:23:33.814 [main] INFO  o.s.c.s.PostProcessorRegistrationDelegate$BeanPostProcessorChecker - Bean 'org.springframework.cloud.commons.config.CommonsConfigAutoConfiguration' of type [org.springframework.cloud.commons.config.CommonsConfigAutoConfiguration] is not eligible for getting processed by all BeanPostProcessors (for example: not eligible for auto-proxying)
2025-12-07 19:23:33.815 [main] INFO  o.s.c.s.PostProcessorRegistrationDelegate$BeanPostProcessorChecker - Bean 'org.springframework.cloud.client.loadbalancer.LoadBalancerDefaultMappingsProviderAutoConfiguration' of type [org.springframework.cloud.client.loadbalancer.LoadBalancerDefaultMappingsProviderAutoConfiguration] is not eligible for getting processed by all BeanPostProcessors (for example: not eligible for auto-proxying)
2025-12-07 19:23:33.815 [main] INFO  o.s.c.s.PostProcessorRegistrationDelegate$BeanPostProcessorChecker - Bean 'loadBalancerClientsDefaultsMappingsProvider' of type [org.springframework.cloud.client.loadbalancer.LoadBalancerDefaultMappingsProviderAutoConfiguration$$Lambda$720/0x000001de0f538fa8] is not eligible for getting processed by all BeanPostProcessors (for example: not eligible for auto-proxying)
2025-12-07 19:23:33.817 [main] INFO  o.s.c.s.PostProcessorRegistrationDelegate$BeanPostProcessorChecker - Bean 'defaultsBindHandlerAdvisor' of type [org.springframework.cloud.commons.config.DefaultsBindHandlerAdvisor] is not eligible for getting processed by all BeanPostProcessors (for example: not eligible for auto-proxying)
2025-12-07 19:23:33.819 [main] INFO  o.s.c.s.PostProcessorRegistrationDelegate$BeanPostProcessorChecker - Bean 'rocketmq-org.apache.rocketmq.spring.autoconfigure.RocketMQProperties' of type [org.apache.rocketmq.spring.autoconfigure.RocketMQProperties] is not eligible for getting processed by all BeanPostProcessors (for example: not eligible for auto-proxying)
2025-12-07 19:23:33.820 [main] INFO  o.s.c.s.PostProcessorRegistrationDelegate$BeanPostProcessorChecker - Bean 'org.apache.rocketmq.spring.autoconfigure.ListenerContainerConfiguration' of type [org.apache.rocketmq.spring.autoconfigure.ListenerContainerConfiguration$$SpringCGLIB$$0] is not eligible for getting processed by all BeanPostProcessors (for example: not eligible for auto-proxying)
2025-12-07 19:23:33.969 [main] INFO  o.s.boot.web.embedded.tomcat.TomcatWebServer - Tomcat initialized with port(s): 8087 (http)
2025-12-07 19:23:33.979 [main] INFO  org.apache.catalina.core.StandardService - Starting service [Tomcat]
2025-12-07 19:23:33.979 [main] INFO  org.apache.catalina.core.StandardEngine - Starting Servlet engine: [Apache Tomcat/10.1.5]
2025-12-07 19:23:34.050 [main] INFO  o.a.c.core.ContainerBase.[Tomcat].[localhost].[/] - Initializing Spring embedded WebApplicationContext
2025-12-07 19:23:34.050 [main] INFO  o.s.b.w.s.c.ServletWebServerApplicationContext - Root WebApplicationContext: initialization completed in 978 ms
2025-12-07 19:23:34.417 [main] INFO  o.a.r.s.support.DefaultRocketMQListenerContainer - running container: DefaultRocketMQListenerContainer{consumerGroup='xiaohashu_group', namespace='', nameServer='192.168.88.101:9876', topic='FollowUnfollowTopic', consumeMode=CONCURRENTLY, selectorType=TAG, selectorExpression='*', messageModel=BROADCASTING', tlsEnable=false, instanceName=DEFAULT}
2025-12-07 19:23:34.418 [main] INFO  o.a.r.s.a.ListenerContainerConfiguration - Register the listener to container, listenerBeanName:followUserConsumer, containerBeanName:org.apache.rocketmq.spring.support.DefaultRocketMQListenerContainer_1
2025-12-07 19:23:34.482 [main] INFO  o.s.cloud.openfeign.FeignClientFactoryBean - For 'xiaohashu-user' URL not provided. Will try picking an instance via load-balancing.
2025-12-07 19:23:34.663 [main] INFO  c.a.d.s.b.a.DruidDataSourceAutoConfigure - Init DruidDataSource
2025-12-07 19:23:34.891 [main] INFO  com.alibaba.druid.pool.DruidDataSource - {dataSource-1} inited
2025-12-07 19:23:35.035 [main] INFO  o.a.r.s.autoconfigure.RocketMQAutoConfiguration - a producer (xiaohashu_group) init on namesrv 192.168.88.101:9876
2025-12-07 19:23:35.554 [main] WARN  o.s.c.l.c.LoadBalancerCacheAutoConfiguration$LoadBalancerCaffeineWarnLogger - Spring Cloud LoadBalancer is currently working with the default cache. While this cache implementation is useful for development and tests, it's recommended to use Caffeine cache in production.You can switch to using Caffeine cache, by adding it and org.springframework.cache.caffeine.CaffeineCacheManager to the classpath.
2025-12-07 19:23:35.602 [main] INFO  o.s.boot.web.embedded.tomcat.TomcatWebServer - Tomcat started on port(s): 8087 (http) with context path ''
2025-12-07 19:23:35.613 [main] WARN  com.alibaba.nacos.client.logging.NacosLogging - Load Logback Configuration of Nacos fail, message: Could not initialize Logback Nacos logging from classpath:nacos-logback.xml
2025-12-07 19:23:35.613 [main] INFO  com.alibaba.nacos.client.naming - initializer namespace from ans.namespace attribute : null
2025-12-07 19:23:35.614 [main] INFO  com.alibaba.nacos.client.naming - initializer namespace from ALIBABA_ALIWARE_NAMESPACE attribute :null
2025-12-07 19:23:35.614 [main] INFO  com.alibaba.nacos.client.naming - initializer namespace from namespace attribute :null
2025-12-07 19:23:35.635 [main] INFO  com.alibaba.nacos.client.utils.ParamUtil - [settings] [req-serv] nacos-server port:8848
2025-12-07 19:23:35.635 [main] INFO  com.alibaba.nacos.client.utils.ParamUtil - [settings] [http-client] connect timeout:1000
2025-12-07 19:23:35.636 [main] INFO  com.alibaba.nacos.client.utils.ParamUtil - PER_TASK_CONFIG_SIZE: 3000.0
2025-12-07 19:23:35.639 [main] INFO  c.a.n.p.auth.spi.client.ClientAuthPluginManager - [ClientAuthPluginManager] Load ClientAuthService com.alibaba.nacos.client.auth.impl.NacosClientAuthServiceImpl success.
2025-12-07 19:23:35.639 [main] INFO  c.a.n.p.auth.spi.client.ClientAuthPluginManager - [ClientAuthPluginManager] Load ClientAuthService com.alibaba.nacos.client.auth.ram.RamClientAuthServiceImpl success.
2025-12-07 19:23:35.640 [main] INFO  c.a.n.client.auth.ram.identify.CredentialWatcher - null No credential found
2025-12-07 19:23:35.646 [main] INFO  com.alibaba.nacos.common.remote.client - [RpcClientFactory] create a new rpc client of a66fb37b-2dd3-412e-ba20-e1693f7f78e3
2025-12-07 19:23:35.661 [main] INFO  com.alibaba.nacos.common.remote.client - [a66fb37b-2dd3-412e-ba20-e1693f7f78e3] RpcClient init, ServerListFactory = com.alibaba.nacos.client.naming.core.ServerListManager
2025-12-07 19:23:35.661 [main] INFO  com.alibaba.nacos.common.remote.client - [a66fb37b-2dd3-412e-ba20-e1693f7f78e3] Registry connection listener to current client:com.alibaba.nacos.client.naming.remote.gprc.redo.NamingGrpcRedoService
2025-12-07 19:23:35.662 [main] INFO  com.alibaba.nacos.common.remote.client - [a66fb37b-2dd3-412e-ba20-e1693f7f78e3] Register server push request handler:com.alibaba.nacos.client.naming.remote.gprc.NamingPushRequestHandler
2025-12-07 19:23:35.663 [main] INFO  com.alibaba.nacos.common.remote.client - [a66fb37b-2dd3-412e-ba20-e1693f7f78e3] Try to connect to server on start up, server: {serverIp = '192.168.88.101', server main port = 8848}
2025-12-07 19:23:35.681 [main] INFO  c.a.nacos.common.remote.client.grpc.GrpcClient - grpc client connection server:192.168.88.101 ip,serverPort:9848,grpcTslConfig:{"sslProvider":"OPENSSL","enableTls":false,"mutualAuthEnable":false,"trustAll":false}
2025-12-07 19:23:36.425 [main] INFO  com.alibaba.nacos.common.remote.client - [a66fb37b-2dd3-412e-ba20-e1693f7f78e3] Success to connect to server [192.168.88.101:8848] on start up, connectionId = 1764956629440_192.168.88.1_64759
2025-12-07 19:23:36.425 [com.alibaba.nacos.client.remote.worker] INFO  com.alibaba.nacos.common.remote.client - [a66fb37b-2dd3-412e-ba20-e1693f7f78e3] Notify connected event to listeners.
2025-12-07 19:23:36.425 [com.alibaba.nacos.client.remote.worker] INFO  com.alibaba.nacos.client.naming - Grpc connection connect
2025-12-07 19:23:36.425 [main] INFO  com.alibaba.nacos.common.remote.client - [a66fb37b-2dd3-412e-ba20-e1693f7f78e3] Register server push request handler:com.alibaba.nacos.common.remote.client.RpcClient$ConnectResetRequestHandler
2025-12-07 19:23:36.425 [main] INFO  com.alibaba.nacos.common.remote.client - [a66fb37b-2dd3-412e-ba20-e1693f7f78e3] Register server push request handler:com.alibaba.nacos.common.remote.client.RpcClient$$Lambda$1279/0x000001de0f9a98c0
2025-12-07 19:23:36.426 [main] INFO  com.alibaba.nacos.client.naming - [REGISTER-SERVICE] xiaohashu registering service xiaohashu-user-relation with instance Instance{instanceId='null', ip='10.244.202.78', port=8087, weight=1.0, healthy=true, enabled=true, ephemeral=true, clusterName='DEFAULT', serviceName='null', metadata={IPv6=null, preserved.register.source=SPRING_CLOUD}}
2025-12-07 19:23:36.437 [main] INFO  c.a.cloud.nacos.registry.NacosServiceRegistry - nacos registry, DEFAULT_GROUP xiaohashu-user-relation 10.244.202.78:8087 register finished
2025-12-07 19:23:36.522 [main] INFO  c.q.x.u.r.biz.XiaohashuUserRelationBizApplication - Started XiaohashuUserRelationBizApplication in 4.301 seconds (process running for 4.659)
2025-12-07 19:24:10.001 [http-nio-8087-exec-2] INFO  o.a.c.core.ContainerBase.[Tomcat].[localhost].[/] - Initializing Spring DispatcherServlet 'dispatcherServlet'
2025-12-07 19:24:10.002 [http-nio-8087-exec-2] INFO  org.springframework.web.servlet.DispatcherServlet - Initializing Servlet 'dispatcherServlet'
2025-12-07 19:24:10.003 [http-nio-8087-exec-2] INFO  org.springframework.web.servlet.DispatcherServlet - Completed initialization in 1 ms
2025-12-07 19:24:10.010 [http-nio-8087-exec-2] INFO  c.q.xiaohashu.context.filter.UserIdContextFilter - =====从请求头中获取userId 2100
2025-12-07 19:24:10.067 [http-nio-8087-exec-2] INFO  c.q.x.operationlog.aspect.ApiOperationLogAspect - ====== 请求开始: [关注用户], 入参: {"followUserId":4100}, 请求类: UserRelationController, 请求方法: follow =================================== 
2025-12-07 19:24:10.073 [http-nio-8087-exec-2] INFO  c.q.x.context.Interceptor.FeignRequestInterceptor - ========feign 请求头添加userid 2100
2025-12-07 19:24:10.106 [http-nio-8087-exec-2] INFO  com.alibaba.nacos.client.naming - [SUBSCRIBE-SERVICE] service:xiaohashu-user, group:DEFAULT_GROUP, clusters: 
2025-12-07 19:24:10.119 [http-nio-8087-exec-2] INFO  com.alibaba.nacos.client.naming - init new ips(1) service: DEFAULT_GROUP@@xiaohashu-user -> [{"ip":"10.244.202.78","port":8082,"weight":1.0,"healthy":true,"enabled":true,"ephemeral":true,"clusterName":"DEFAULT","serviceName":"DEFAULT_GROUP@@xiaohashu-user","metadata":{"preserved.register.source":"SPRING_CLOUD"},"ipDeleteTimeout":30000,"instanceHeartBeatInterval":5000,"instanceHeartBeatTimeOut":15000}]
2025-12-07 19:24:10.124 [http-nio-8087-exec-2] INFO  com.alibaba.nacos.client.naming - current ips:(1) service: DEFAULT_GROUP@@xiaohashu-user -> [{"ip":"10.244.202.78","port":8082,"weight":1.0,"healthy":true,"enabled":true,"ephemeral":true,"clusterName":"DEFAULT","serviceName":"DEFAULT_GROUP@@xiaohashu-user","metadata":{"preserved.register.source":"SPRING_CLOUD"},"ipDeleteTimeout":30000,"instanceHeartBeatInterval":5000,"instanceHeartBeatTimeOut":15000}]
2025-12-07 19:24:10.170 [http-nio-8087-exec-2] INFO  c.q.x.u.r.biz.service.impl.UserRelationServiceImpl - ==========您已成功关注用户{}
2025-12-07 19:24:10.544 [http-nio-8087-exec-2] INFO  c.q.x.u.r.biz.service.impl.UserRelationServiceImpl - =========在redis中新建该角色的关注列表
2025-12-07 19:24:10.549 [http-nio-8087-exec-2] INFO  c.q.x.u.r.biz.service.impl.UserRelationServiceImpl - =======ready to send message
2025-12-07 19:24:10.550 [http-nio-8087-exec-2] INFO  c.q.x.operationlog.aspect.ApiOperationLogAspect - ====== 请求结束: [关注用户], 耗时: 484ms, 出参: {"success":true,"message":null,"errorCode":null,"data":null} =================================== 
2025-12-07 19:24:10.558 [http-nio-8087-exec-2] INFO  c.q.xiaohashu.context.filter.UserIdContextFilter - ======删除ThreadLocal userId 2100
2025-12-07 19:24:10.585 [NettyClientPublicExecutor_1] INFO  c.q.x.u.r.biz.service.impl.UserRelationServiceImpl - =====send message success
2025-12-07 19:24:10.597 [ConsumeMessageThread_xiaohashu_group_1] INFO  c.q.x.u.relation.biz.consumer.FollowUserConsumer - =======consumer already get message
2025-12-07 19:24:10.598 [ConsumeMessageThread_xiaohashu_group_1] INFO  c.q.x.u.relation.biz.consumer.FollowUserConsumer - =====add following info into database
2025-12-07 19:24:10.648 [nacos-grpc-client-executor-192.168.88.101-16] INFO  com.alibaba.nacos.common.remote.client - [a66fb37b-2dd3-412e-ba20-e1693f7f78e3] Receive server push request, request = NotifySubscriberRequest, requestId = 99
2025-12-07 19:24:10.648 [nacos-grpc-client-executor-192.168.88.101-16] INFO  com.alibaba.nacos.common.remote.client - [a66fb37b-2dd3-412e-ba20-e1693f7f78e3] Ack server push request, request = NotifySubscriberRequest, requestId = 99
2025-12-07 19:24:44.794 [Thread-9] WARN  com.alibaba.nacos.common.notify.NotifyCenter - [NotifyCenter] Start destroying Publisher
2025-12-07 19:24:44.794 [Thread-12] WARN  c.alibaba.nacos.common.http.HttpClientBeanHolder - [HttpClientBeanHolder] Start destroying common HttpClient
2025-12-07 19:24:44.795 [Thread-9] WARN  com.alibaba.nacos.common.notify.NotifyCenter - [NotifyCenter] Destruction of the end
2025-12-07 19:24:44.795 [Thread-12] WARN  c.alibaba.nacos.common.http.HttpClientBeanHolder - [HttpClientBeanHolder] Destruction of the end
2025-12-07 19:24:44.848 [SpringApplicationShutdownHook] INFO  c.a.cloud.nacos.registry.NacosServiceRegistry - De-registering from Nacos Server now...
2025-12-07 19:24:44.848 [SpringApplicationShutdownHook] INFO  com.alibaba.nacos.client.naming - [DEREGISTER-SERVICE] xiaohashu deregistering service xiaohashu-user-relation with instance: Instance{instanceId='null', ip='10.244.202.78', port=8087, weight=1.0, healthy=true, enabled=true, ephemeral=true, clusterName='DEFAULT', serviceName='null', metadata={}}
2025-12-07 19:24:44.852 [SpringApplicationShutdownHook] INFO  c.a.cloud.nacos.registry.NacosServiceRegistry - De-registration finished.
2025-12-07 19:24:44.852 [SpringApplicationShutdownHook] INFO  com.alibaba.nacos.client.naming - com.alibaba.nacos.client.naming.cache.ServiceInfoHolder do shutdown begin
2025-12-07 19:24:44.852 [SpringApplicationShutdownHook] INFO  com.alibaba.nacos.client.naming - com.alibaba.nacos.client.naming.backups.FailoverReactor do shutdown begin
2025-12-07 19:24:44.852 [SpringApplicationShutdownHook] INFO  com.alibaba.nacos.client.naming - com.alibaba.nacos.client.naming.backups.FailoverReactor do shutdown stop
2025-12-07 19:24:44.852 [SpringApplicationShutdownHook] INFO  com.alibaba.nacos.client.naming - com.alibaba.nacos.client.naming.cache.ServiceInfoHolder do shutdown stop
2025-12-07 19:24:44.852 [SpringApplicationShutdownHook] INFO  com.alibaba.nacos.client.naming - com.alibaba.nacos.client.naming.remote.NamingClientProxyDelegate do shutdown begin
2025-12-07 19:24:44.852 [SpringApplicationShutdownHook] INFO  com.alibaba.nacos.client.naming - com.alibaba.nacos.client.naming.core.ServiceInfoUpdateService do shutdown begin
2025-12-07 19:24:44.852 [SpringApplicationShutdownHook] INFO  com.alibaba.nacos.client.naming - com.alibaba.nacos.client.naming.core.ServiceInfoUpdateService do shutdown stop
2025-12-07 19:24:44.852 [SpringApplicationShutdownHook] INFO  com.alibaba.nacos.client.naming - com.alibaba.nacos.client.naming.core.ServerListManager do shutdown begin
2025-12-07 19:24:44.852 [SpringApplicationShutdownHook] WARN  com.alibaba.nacos.client.naming - [NamingHttpClientManager] Start destroying NacosRestTemplate
2025-12-07 19:24:44.852 [SpringApplicationShutdownHook] WARN  com.alibaba.nacos.client.naming - [NamingHttpClientManager] Destruction of the end
2025-12-07 19:24:44.852 [SpringApplicationShutdownHook] INFO  com.alibaba.nacos.client.naming - com.alibaba.nacos.client.naming.core.ServerListManager do shutdown stop
2025-12-07 19:24:44.852 [SpringApplicationShutdownHook] INFO  com.alibaba.nacos.client.naming - com.alibaba.nacos.client.naming.remote.http.NamingHttpClientProxy do shutdown begin
2025-12-07 19:24:44.852 [SpringApplicationShutdownHook] WARN  com.alibaba.nacos.client.naming - [NamingHttpClientManager] Start destroying NacosRestTemplate
2025-12-07 19:24:44.852 [SpringApplicationShutdownHook] WARN  com.alibaba.nacos.client.naming - [NamingHttpClientManager] Destruction of the end
2025-12-07 19:24:44.852 [SpringApplicationShutdownHook] INFO  com.alibaba.nacos.client.naming - com.alibaba.nacos.client.naming.remote.http.NamingHttpClientProxy do shutdown stop
2025-12-07 19:24:44.852 [SpringApplicationShutdownHook] INFO  com.alibaba.nacos.common.remote.client - Shutdown rpc client, set status to shutdown
2025-12-07 19:24:44.852 [SpringApplicationShutdownHook] INFO  com.alibaba.nacos.common.remote.client - Shutdown client event executor java.util.concurrent.ScheduledThreadPoolExecutor@781592ef[Running, pool size = 2, active threads = 2, queued tasks = 0, completed tasks = 0]
2025-12-07 19:24:44.855 [SpringApplicationShutdownHook] INFO  com.alibaba.nacos.common.remote.client - Close current connection 1764956629440_192.168.88.1_64759
2025-12-07 19:24:44.857 [SpringApplicationShutdownHook] INFO  c.a.nacos.common.remote.client.grpc.GrpcClient - Shutdown grpc executor java.util.concurrent.ThreadPoolExecutor@114d1d67[Running, pool size = 3, active threads = 0, queued tasks = 0, completed tasks = 25]
2025-12-07 19:24:44.857 [SpringApplicationShutdownHook] INFO  com.alibaba.nacos.client.naming - Shutdown grpc redo service executor java.util.concurrent.ScheduledThreadPoolExecutor@1356847e[Running, pool size = 1, active threads = 0, queued tasks = 1, completed tasks = 23]
2025-12-07 19:24:44.857 [SpringApplicationShutdownHook] INFO  c.a.n.client.auth.ram.identify.CredentialWatcher - [null] CredentialWatcher is stopped
2025-12-07 19:24:44.857 [SpringApplicationShutdownHook] INFO  c.a.n.client.auth.ram.identify.CredentialService - [null] CredentialService is freed
2025-12-07 19:24:44.857 [SpringApplicationShutdownHook] INFO  com.alibaba.nacos.client.naming - com.alibaba.nacos.client.naming.remote.NamingClientProxyDelegate do shutdown stop
2025-12-07 19:24:44.877 [SpringApplicationShutdownHook] INFO  com.alibaba.druid.pool.DruidDataSource - {dataSource-1} closing ...
2025-12-07 19:24:44.880 [SpringApplicationShutdownHook] INFO  com.alibaba.druid.pool.DruidDataSource - {dataSource-1} closed
2025-12-07 19:24:45.004 [SpringApplicationShutdownHook] INFO  o.a.r.s.support.DefaultRocketMQListenerContainer - container destroyed, DefaultRocketMQListenerContainer{consumerGroup='xiaohashu_group', namespace='', nameServer='192.168.88.101:9876', topic='FollowUnfollowTopic', consumeMode=CONCURRENTLY, selectorType=TAG, selectorExpression='*', messageModel=BROADCASTING', tlsEnable=false, instanceName=DEFAULT}
