2025-12-15 10:38:10.728 [main] WARN  com.alibaba.nacos.client.logging.NacosLogging - Load Logback Configuration of Nacos fail, message: Could not initialize Logback Nacos logging from classpath:nacos-logback.xml
2025-12-15 10:38:10.793 [main] WARN  com.alibaba.nacos.client.logging.NacosLogging - Load Logback Configuration of Nacos fail, message: Could not initialize Logback Nacos logging from classpath:nacos-logback.xml
2025-12-15 10:38:11.221 [main] WARN  com.alibaba.nacos.client.logging.NacosLogging - Load Logback Configuration of Nacos fail, message: Could not initialize Logback Nacos logging from classpath:nacos-logback.xml
2025-12-15 10:38:11.237 [main] WARN  com.alibaba.nacos.client.logging.NacosLogging - Load Logback Configuration of Nacos fail, message: Could not initialize Logback Nacos logging from classpath:nacos-logback.xml
2025-12-15 10:38:11.238 [main] INFO  c.q.xiaohashu.user.biz.XiaohashuUserApplication - The following 1 profile is active: "dev"
2025-12-15 10:38:12.219 [main] INFO  o.s.d.r.config.RepositoryConfigurationDelegate - Multiple Spring Data modules found, entering strict repository configuration mode
2025-12-15 10:38:12.222 [main] INFO  o.s.d.r.config.RepositoryConfigurationDelegate - Bootstrapping Spring Data Redis repositories in DEFAULT mode.
2025-12-15 10:38:12.250 [main] INFO  o.s.d.r.config.RepositoryConfigurationDelegate - Finished Spring Data repository scanning in 7 ms. Found 0 Redis repository interfaces.
2025-12-15 10:38:12.429 [main] INFO  o.springframework.cloud.context.scope.GenericScope - BeanFactory id=7323b37b-843d-3afa-aa2e-80e2dc3f9068
2025-12-15 10:38:12.454 [main] INFO  o.s.c.s.PostProcessorRegistrationDelegate$BeanPostProcessorChecker - Bean 'com.quanxiaoha.xiaohashu.api.DistributedIdGeneratorFeignApi' of type [org.springframework.cloud.openfeign.FeignClientFactoryBean] is not eligible for getting processed by all BeanPostProcessors (for example: not eligible for auto-proxying)
2025-12-15 10:38:12.455 [main] INFO  o.s.c.s.PostProcessorRegistrationDelegate$BeanPostProcessorChecker - Bean 'com.quanxiaoha.xiaohashu.oss.api.fileapi.FileFeignApi' of type [org.springframework.cloud.openfeign.FeignClientFactoryBean] is not eligible for getting processed by all BeanPostProcessors (for example: not eligible for auto-proxying)
2025-12-15 10:38:12.456 [main] INFO  o.s.c.s.PostProcessorRegistrationDelegate$BeanPostProcessorChecker - Bean 'com.quanxiaoha.xiaohashu.user.api.userapi.UserFeignApi' of type [org.springframework.cloud.openfeign.FeignClientFactoryBean] is not eligible for getting processed by all BeanPostProcessors (for example: not eligible for auto-proxying)
2025-12-15 10:38:12.959 [main] INFO  o.s.boot.web.embedded.tomcat.TomcatWebServer - Tomcat initialized with port(s): 8082 (http)
2025-12-15 10:38:12.966 [main] INFO  org.apache.catalina.core.StandardService - Starting service [Tomcat]
2025-12-15 10:38:12.967 [main] INFO  org.apache.catalina.core.StandardEngine - Starting Servlet engine: [Apache Tomcat/10.1.5]
2025-12-15 10:38:13.034 [main] INFO  o.a.c.core.ContainerBase.[Tomcat].[localhost].[/] - Initializing Spring embedded WebApplicationContext
2025-12-15 10:38:13.035 [main] INFO  o.s.b.w.s.c.ServletWebServerApplicationContext - Root WebApplicationContext: initialization completed in 1779 ms
2025-12-15 10:38:13.226 [main] INFO  o.s.cloud.openfeign.FeignClientFactoryBean - For 'xiaohashu-distributed-id-generator' URL not provided. Will try picking an instance via load-balancing.
2025-12-15 10:38:13.268 [main] INFO  c.a.d.s.b.a.DruidDataSourceAutoConfigure - Init DruidDataSource
2025-12-15 10:38:13.529 [main] INFO  com.alibaba.druid.pool.DruidDataSource - {dataSource-1} inited
2025-12-15 10:38:13.799 [main] INFO  o.s.cloud.openfeign.FeignClientFactoryBean - For 'xiaohashu-oss' URL not provided. Will try picking an instance via load-balancing.
2025-12-15 10:38:16.242 [main] INFO  o.s.boot.web.embedded.tomcat.TomcatWebServer - Tomcat started on port(s): 8082 (http) with context path ''
2025-12-15 10:38:16.245 [main] WARN  com.alibaba.nacos.client.logging.NacosLogging - Load Logback Configuration of Nacos fail, message: Could not initialize Logback Nacos logging from classpath:nacos-logback.xml
2025-12-15 10:38:16.245 [main] INFO  com.alibaba.nacos.client.naming - initializer namespace from ans.namespace attribute : null
2025-12-15 10:38:16.247 [main] INFO  com.alibaba.nacos.client.naming - initializer namespace from ALIBABA_ALIWARE_NAMESPACE attribute :null
2025-12-15 10:38:16.247 [main] INFO  com.alibaba.nacos.client.naming - initializer namespace from namespace attribute :null
2025-12-15 10:38:16.265 [main] INFO  com.alibaba.nacos.client.utils.ParamUtil - [settings] [req-serv] nacos-server port:8848
2025-12-15 10:38:16.265 [main] INFO  com.alibaba.nacos.client.utils.ParamUtil - [settings] [http-client] connect timeout:1000
2025-12-15 10:38:16.265 [main] INFO  com.alibaba.nacos.client.utils.ParamUtil - PER_TASK_CONFIG_SIZE: 3000.0
2025-12-15 10:38:16.268 [main] INFO  c.a.n.p.auth.spi.client.ClientAuthPluginManager - [ClientAuthPluginManager] Load ClientAuthService com.alibaba.nacos.client.auth.impl.NacosClientAuthServiceImpl success.
2025-12-15 10:38:16.268 [main] INFO  c.a.n.p.auth.spi.client.ClientAuthPluginManager - [ClientAuthPluginManager] Load ClientAuthService com.alibaba.nacos.client.auth.ram.RamClientAuthServiceImpl success.
2025-12-15 10:38:16.271 [main] INFO  c.a.n.client.auth.ram.identify.CredentialWatcher - null No credential found
2025-12-15 10:38:16.277 [main] INFO  com.alibaba.nacos.common.remote.client - [RpcClientFactory] create a new rpc client of 69cb099d-829b-429b-b404-8071e7d22158
2025-12-15 10:38:16.293 [main] INFO  com.alibaba.nacos.common.remote.client - [69cb099d-829b-429b-b404-8071e7d22158] RpcClient init, ServerListFactory = com.alibaba.nacos.client.naming.core.ServerListManager
2025-12-15 10:38:16.293 [main] INFO  com.alibaba.nacos.common.remote.client - [69cb099d-829b-429b-b404-8071e7d22158] Registry connection listener to current client:com.alibaba.nacos.client.naming.remote.gprc.redo.NamingGrpcRedoService
2025-12-15 10:38:16.293 [main] INFO  com.alibaba.nacos.common.remote.client - [69cb099d-829b-429b-b404-8071e7d22158] Register server push request handler:com.alibaba.nacos.client.naming.remote.gprc.NamingPushRequestHandler
2025-12-15 10:38:16.294 [main] INFO  com.alibaba.nacos.common.remote.client - [69cb099d-829b-429b-b404-8071e7d22158] Try to connect to server on start up, server: {serverIp = '192.168.88.101', server main port = 8848}
2025-12-15 10:38:16.316 [main] INFO  c.a.nacos.common.remote.client.grpc.GrpcClient - grpc client connection server:192.168.88.101 ip,serverPort:9848,grpcTslConfig:{"sslProvider":"OPENSSL","enableTls":false,"mutualAuthEnable":false,"trustAll":false}
2025-12-15 10:38:17.029 [main] INFO  com.alibaba.nacos.common.remote.client - [69cb099d-829b-429b-b404-8071e7d22158] Success to connect to server [192.168.88.101:8848] on start up, connectionId = 1765293811151_192.168.88.1_64288
2025-12-15 10:38:17.030 [com.alibaba.nacos.client.remote.worker] INFO  com.alibaba.nacos.common.remote.client - [69cb099d-829b-429b-b404-8071e7d22158] Notify connected event to listeners.
2025-12-15 10:38:17.030 [com.alibaba.nacos.client.remote.worker] INFO  com.alibaba.nacos.client.naming - Grpc connection connect
2025-12-15 10:38:17.030 [main] INFO  com.alibaba.nacos.common.remote.client - [69cb099d-829b-429b-b404-8071e7d22158] Register server push request handler:com.alibaba.nacos.common.remote.client.RpcClient$ConnectResetRequestHandler
2025-12-15 10:38:17.030 [main] INFO  com.alibaba.nacos.common.remote.client - [69cb099d-829b-429b-b404-8071e7d22158] Register server push request handler:com.alibaba.nacos.common.remote.client.RpcClient$$Lambda$1247/0x000002d3018dba90
2025-12-15 10:38:17.031 [main] INFO  com.alibaba.nacos.client.naming - [REGISTER-SERVICE] xiaohashu registering service xiaohashu-user with instance Instance{instanceId='null', ip='172.28.129.13', port=8082, weight=1.0, healthy=true, enabled=true, ephemeral=true, clusterName='DEFAULT', serviceName='null', metadata={IPv6=[fc00:1000:5:7af7:7513:f63f:1daf:c209], preserved.register.source=SPRING_CLOUD}}
2025-12-15 10:38:17.045 [main] INFO  c.a.cloud.nacos.registry.NacosServiceRegistry - nacos registry, DEFAULT_GROUP xiaohashu-user 172.28.129.13:8082 register finished
2025-12-15 10:38:17.139 [main] INFO  c.q.xiaohashu.user.biz.XiaohashuUserApplication - Started XiaohashuUserApplication in 6.967 seconds (process running for 8.863)
2025-12-15 10:38:17.140 [main] INFO  c.q.x.u.biz.runner.PushRolePermissions2RedisRunner - ==> 服务启动，开始同步角色权限数据到 Redis 中...
2025-12-15 10:38:17.500 [main] WARN  c.q.x.u.biz.runner.PushRolePermissions2RedisRunner - ==> 角色权限数据已经同步至 Redis 中，不再同步...
2025-12-15 10:39:04.309 [http-nio-8082-exec-1] INFO  o.a.c.core.ContainerBase.[Tomcat].[localhost].[/] - Initializing Spring DispatcherServlet 'dispatcherServlet'
2025-12-15 10:39:04.309 [http-nio-8082-exec-1] INFO  org.springframework.web.servlet.DispatcherServlet - Initializing Servlet 'dispatcherServlet'
2025-12-15 10:39:04.310 [http-nio-8082-exec-1] INFO  org.springframework.web.servlet.DispatcherServlet - Completed initialization in 1 ms
2025-12-15 10:39:04.380 [http-nio-8082-exec-1] INFO  c.q.x.operationlog.aspect.ApiOperationLogAspect - ====== 请求开始: [通过手机号查询用户信息], 入参: {"phone":"18115487706"}, 请求类: UserContorller, 请求方法: findUserByPhone =================================== 
2025-12-15 10:39:04.567 [http-nio-8082-exec-1] INFO  c.q.x.operationlog.aspect.ApiOperationLogAspect - ====== 请求结束: [通过手机号查询用户信息], 耗时: 187ms, 出参: {"success":true,"message":null,"errorCode":null,"data":{"id":2100,"password":"$2a$10$IdN8Qyn9ECU3q1FeiUP0vudl/WaXdsZAdyFAJABFXuXxHQYP8v2ry"}} =================================== 
2025-12-15 11:12:14.365 [Thread-8] WARN  c.alibaba.nacos.common.http.HttpClientBeanHolder - [HttpClientBeanHolder] Start destroying common HttpClient
2025-12-15 11:12:14.364 [Thread-5] WARN  com.alibaba.nacos.common.notify.NotifyCenter - [NotifyCenter] Start destroying Publisher
2025-12-15 11:12:14.366 [Thread-5] WARN  com.alibaba.nacos.common.notify.NotifyCenter - [NotifyCenter] Destruction of the end
2025-12-15 11:12:14.366 [Thread-8] WARN  c.alibaba.nacos.common.http.HttpClientBeanHolder - [HttpClientBeanHolder] Destruction of the end
2025-12-15 11:12:14.468 [SpringApplicationShutdownHook] INFO  c.a.cloud.nacos.registry.NacosServiceRegistry - De-registering from Nacos Server now...
2025-12-15 11:12:14.468 [SpringApplicationShutdownHook] INFO  com.alibaba.nacos.client.naming - [DEREGISTER-SERVICE] xiaohashu deregistering service xiaohashu-user with instance: Instance{instanceId='null', ip='172.28.129.13', port=8082, weight=1.0, healthy=true, enabled=true, ephemeral=true, clusterName='DEFAULT', serviceName='null', metadata={}}
2025-12-15 11:12:14.474 [SpringApplicationShutdownHook] INFO  c.a.cloud.nacos.registry.NacosServiceRegistry - De-registration finished.
2025-12-15 11:12:14.474 [SpringApplicationShutdownHook] INFO  com.alibaba.nacos.client.naming - com.alibaba.nacos.client.naming.cache.ServiceInfoHolder do shutdown begin
2025-12-15 11:12:14.474 [SpringApplicationShutdownHook] INFO  com.alibaba.nacos.client.naming - com.alibaba.nacos.client.naming.backups.FailoverReactor do shutdown begin
2025-12-15 11:12:14.477 [SpringApplicationShutdownHook] INFO  com.alibaba.nacos.client.naming - com.alibaba.nacos.client.naming.backups.FailoverReactor do shutdown stop
2025-12-15 11:12:14.477 [SpringApplicationShutdownHook] INFO  com.alibaba.nacos.client.naming - com.alibaba.nacos.client.naming.cache.ServiceInfoHolder do shutdown stop
2025-12-15 11:12:14.477 [SpringApplicationShutdownHook] INFO  com.alibaba.nacos.client.naming - com.alibaba.nacos.client.naming.remote.NamingClientProxyDelegate do shutdown begin
2025-12-15 11:12:14.477 [SpringApplicationShutdownHook] INFO  com.alibaba.nacos.client.naming - com.alibaba.nacos.client.naming.core.ServiceInfoUpdateService do shutdown begin
2025-12-15 11:12:14.477 [SpringApplicationShutdownHook] INFO  com.alibaba.nacos.client.naming - com.alibaba.nacos.client.naming.core.ServiceInfoUpdateService do shutdown stop
2025-12-15 11:12:14.477 [SpringApplicationShutdownHook] INFO  com.alibaba.nacos.client.naming - com.alibaba.nacos.client.naming.core.ServerListManager do shutdown begin
2025-12-15 11:12:14.477 [SpringApplicationShutdownHook] WARN  com.alibaba.nacos.client.naming - [NamingHttpClientManager] Start destroying NacosRestTemplate
2025-12-15 11:12:14.477 [SpringApplicationShutdownHook] WARN  com.alibaba.nacos.client.naming - [NamingHttpClientManager] Destruction of the end
2025-12-15 11:12:14.477 [SpringApplicationShutdownHook] INFO  com.alibaba.nacos.client.naming - com.alibaba.nacos.client.naming.core.ServerListManager do shutdown stop
2025-12-15 11:12:14.477 [SpringApplicationShutdownHook] INFO  com.alibaba.nacos.client.naming - com.alibaba.nacos.client.naming.remote.http.NamingHttpClientProxy do shutdown begin
2025-12-15 11:12:14.477 [SpringApplicationShutdownHook] WARN  com.alibaba.nacos.client.naming - [NamingHttpClientManager] Start destroying NacosRestTemplate
2025-12-15 11:12:14.477 [SpringApplicationShutdownHook] WARN  com.alibaba.nacos.client.naming - [NamingHttpClientManager] Destruction of the end
2025-12-15 11:12:14.477 [SpringApplicationShutdownHook] INFO  com.alibaba.nacos.client.naming - com.alibaba.nacos.client.naming.remote.http.NamingHttpClientProxy do shutdown stop
2025-12-15 11:12:14.477 [SpringApplicationShutdownHook] INFO  com.alibaba.nacos.common.remote.client - Shutdown rpc client, set status to shutdown
2025-12-15 11:12:14.477 [SpringApplicationShutdownHook] INFO  com.alibaba.nacos.common.remote.client - Shutdown client event executor java.util.concurrent.ScheduledThreadPoolExecutor@19d4319a[Running, pool size = 2, active threads = 2, queued tasks = 0, completed tasks = 0]
2025-12-15 11:12:14.477 [SpringApplicationShutdownHook] INFO  com.alibaba.nacos.common.remote.client - Close current connection 1765293811151_192.168.88.1_64288
2025-12-15 11:12:14.481 [nacos-grpc-client-executor-192.168.88.101-426] INFO  c.a.nacos.common.remote.client.grpc.GrpcClient - [1765293811151_192.168.88.1_64288]Ignore complete event,isRunning:false,isAbandon=false
2025-12-15 11:12:14.483 [SpringApplicationShutdownHook] INFO  c.a.nacos.common.remote.client.grpc.GrpcClient - Shutdown grpc executor java.util.concurrent.ThreadPoolExecutor@341d7ea2[Running, pool size = 4, active threads = 0, queued tasks = 0, completed tasks = 427]
2025-12-15 11:12:14.483 [SpringApplicationShutdownHook] INFO  com.alibaba.nacos.client.naming - Shutdown grpc redo service executor java.util.concurrent.ScheduledThreadPoolExecutor@460773d6[Running, pool size = 1, active threads = 0, queued tasks = 1, completed tasks = 677]
2025-12-15 11:12:14.484 [SpringApplicationShutdownHook] INFO  c.a.n.client.auth.ram.identify.CredentialWatcher - [null] CredentialWatcher is stopped
2025-12-15 11:12:14.484 [SpringApplicationShutdownHook] INFO  c.a.n.client.auth.ram.identify.CredentialService - [null] CredentialService is freed
2025-12-15 11:12:14.484 [SpringApplicationShutdownHook] INFO  com.alibaba.nacos.client.naming - com.alibaba.nacos.client.naming.remote.NamingClientProxyDelegate do shutdown stop
2025-12-15 11:12:14.637 [SpringApplicationShutdownHook] INFO  com.alibaba.druid.pool.DruidDataSource - {dataSource-1} closing ...
2025-12-15 11:12:14.638 [SpringApplicationShutdownHook] INFO  com.alibaba.druid.pool.DruidDataSource - {dataSource-1} closed
