2025-12-02 19:36:17.728 [main] INFO  c.q.xiaohashu.user.biz.XiaohashuUserApplication - Starting XiaohashuUserApplication using Java 17.0.12 with PID 5380 (E:\xiaohashu\xiaohashu-user\xiaohashu-user-biz\target\classes started by LeeShuchen in E:\xiaohashu)
2025-12-02 19:36:17.729 [main] INFO  c.q.xiaohashu.user.biz.XiaohashuUserApplication - The following 1 profile is active: "dev"
2025-12-02 19:36:18.160 [main] INFO  o.s.boot.web.embedded.tomcat.TomcatWebServer - Tomcat initialized with port(s): 8082 (http)
2025-12-02 19:36:18.165 [main] INFO  org.apache.catalina.core.StandardService - Starting service [Tomcat]
2025-12-02 19:36:18.166 [main] INFO  org.apache.catalina.core.StandardEngine - Starting Servlet engine: [Apache Tomcat/10.1.5]
2025-12-02 19:36:18.244 [main] INFO  o.a.c.core.ContainerBase.[Tomcat].[localhost].[/] - Initializing Spring embedded WebApplicationContext
2025-12-02 19:36:18.244 [main] INFO  o.s.b.w.s.c.ServletWebServerApplicationContext - Root WebApplicationContext: initialization completed in 489 ms
2025-12-02 19:36:18.399 [main] INFO  o.s.boot.web.embedded.tomcat.TomcatWebServer - Tomcat started on port(s): 8082 (http) with context path ''
2025-12-02 19:36:18.404 [main] INFO  c.q.xiaohashu.user.biz.XiaohashuUserApplication - Started XiaohashuUserApplication in 1.022 seconds (process running for 1.313)
2025-12-02 19:38:27.910 [main] WARN  com.alibaba.nacos.client.logging.NacosLogging - Load Logback Configuration of Nacos fail, message: Could not initialize Logback Nacos logging from classpath:nacos-logback.xml
2025-12-02 19:38:27.954 [main] WARN  com.alibaba.nacos.client.logging.NacosLogging - Load Logback Configuration of Nacos fail, message: Could not initialize Logback Nacos logging from classpath:nacos-logback.xml
2025-12-02 19:38:28.227 [main] WARN  com.alibaba.nacos.client.logging.NacosLogging - Load Logback Configuration of Nacos fail, message: Could not initialize Logback Nacos logging from classpath:nacos-logback.xml
2025-12-02 19:38:28.236 [main] WARN  com.alibaba.nacos.client.logging.NacosLogging - Load Logback Configuration of Nacos fail, message: Could not initialize Logback Nacos logging from classpath:nacos-logback.xml
2025-12-02 19:38:28.236 [main] INFO  c.q.xiaohashu.user.biz.XiaohashuUserApplication - The following 1 profile is active: "dev"
2025-12-02 19:38:28.450 [main] INFO  o.springframework.cloud.context.scope.GenericScope - BeanFactory id=89905af3-970c-3379-bb78-ec373b665129
2025-12-02 19:38:28.564 [main] INFO  o.s.boot.web.embedded.tomcat.TomcatWebServer - Tomcat initialized with port(s): 8082 (http)
2025-12-02 19:38:28.570 [main] INFO  org.apache.catalina.core.StandardService - Starting service [Tomcat]
2025-12-02 19:38:28.570 [main] INFO  org.apache.catalina.core.StandardEngine - Starting Servlet engine: [Apache Tomcat/10.1.5]
2025-12-02 19:38:28.615 [main] INFO  o.a.c.core.ContainerBase.[Tomcat].[localhost].[/] - Initializing Spring embedded WebApplicationContext
2025-12-02 19:38:28.616 [main] INFO  o.s.b.w.s.c.ServletWebServerApplicationContext - Root WebApplicationContext: initialization completed in 372 ms
2025-12-02 19:38:28.997 [main] INFO  o.s.boot.web.embedded.tomcat.TomcatWebServer - Tomcat started on port(s): 8082 (http) with context path ''
2025-12-02 19:38:29.002 [main] WARN  com.alibaba.nacos.client.logging.NacosLogging - Load Logback Configuration of Nacos fail, message: Could not initialize Logback Nacos logging from classpath:nacos-logback.xml
2025-12-02 19:38:29.002 [main] INFO  com.alibaba.nacos.client.naming - initializer namespace from ans.namespace attribute : null
2025-12-02 19:38:29.003 [main] INFO  com.alibaba.nacos.client.naming - initializer namespace from ALIBABA_ALIWARE_NAMESPACE attribute :null
2025-12-02 19:38:29.003 [main] INFO  com.alibaba.nacos.client.naming - initializer namespace from namespace attribute :null
2025-12-02 19:38:29.018 [main] INFO  com.alibaba.nacos.client.utils.ParamUtil - [settings] [req-serv] nacos-server port:8848
2025-12-02 19:38:29.019 [main] INFO  com.alibaba.nacos.client.utils.ParamUtil - [settings] [http-client] connect timeout:1000
2025-12-02 19:38:29.023 [main] INFO  com.alibaba.nacos.client.utils.ParamUtil - PER_TASK_CONFIG_SIZE: 3000.0
2025-12-02 19:38:29.026 [main] INFO  c.a.n.p.auth.spi.client.ClientAuthPluginManager - [ClientAuthPluginManager] Load ClientAuthService com.alibaba.nacos.client.auth.impl.NacosClientAuthServiceImpl success.
2025-12-02 19:38:29.027 [main] INFO  c.a.n.p.auth.spi.client.ClientAuthPluginManager - [ClientAuthPluginManager] Load ClientAuthService com.alibaba.nacos.client.auth.ram.RamClientAuthServiceImpl success.
2025-12-02 19:38:29.028 [main] INFO  c.a.n.client.auth.ram.identify.CredentialWatcher - null No credential found
2025-12-02 19:38:29.033 [main] INFO  com.alibaba.nacos.common.remote.client - [RpcClientFactory] create a new rpc client of 0cf45a07-2656-4a36-b1d5-55b3e70d5abe
2025-12-02 19:38:29.047 [main] INFO  com.alibaba.nacos.common.remote.client - [0cf45a07-2656-4a36-b1d5-55b3e70d5abe] RpcClient init, ServerListFactory = com.alibaba.nacos.client.naming.core.ServerListManager
2025-12-02 19:38:29.047 [main] INFO  com.alibaba.nacos.common.remote.client - [0cf45a07-2656-4a36-b1d5-55b3e70d5abe] Registry connection listener to current client:com.alibaba.nacos.client.naming.remote.gprc.redo.NamingGrpcRedoService
2025-12-02 19:38:29.047 [main] INFO  com.alibaba.nacos.common.remote.client - [0cf45a07-2656-4a36-b1d5-55b3e70d5abe] Register server push request handler:com.alibaba.nacos.client.naming.remote.gprc.NamingPushRequestHandler
2025-12-02 19:38:29.048 [main] INFO  com.alibaba.nacos.common.remote.client - [0cf45a07-2656-4a36-b1d5-55b3e70d5abe] Try to connect to server on start up, server: {serverIp = '192.168.88.101', server main port = 8848}
2025-12-02 19:38:29.069 [main] INFO  c.a.nacos.common.remote.client.grpc.GrpcClient - grpc client connection server:192.168.88.101 ip,serverPort:9848,grpcTslConfig:{"sslProvider":"OPENSSL","enableTls":false,"mutualAuthEnable":false,"trustAll":false}
2025-12-02 19:38:29.722 [main] INFO  com.alibaba.nacos.common.remote.client - [0cf45a07-2656-4a36-b1d5-55b3e70d5abe] Success to connect to server [192.168.88.101:8848] on start up, connectionId = 1764675508322_192.168.88.1_65275
2025-12-02 19:38:29.722 [com.alibaba.nacos.client.remote.worker] INFO  com.alibaba.nacos.common.remote.client - [0cf45a07-2656-4a36-b1d5-55b3e70d5abe] Notify connected event to listeners.
2025-12-02 19:38:29.722 [main] INFO  com.alibaba.nacos.common.remote.client - [0cf45a07-2656-4a36-b1d5-55b3e70d5abe] Register server push request handler:com.alibaba.nacos.common.remote.client.RpcClient$ConnectResetRequestHandler
2025-12-02 19:38:29.722 [com.alibaba.nacos.client.remote.worker] INFO  com.alibaba.nacos.client.naming - Grpc connection connect
2025-12-02 19:38:29.722 [main] INFO  com.alibaba.nacos.common.remote.client - [0cf45a07-2656-4a36-b1d5-55b3e70d5abe] Register server push request handler:com.alibaba.nacos.common.remote.client.RpcClient$$Lambda$906/0x0000020bd565dd88
2025-12-02 19:38:29.722 [main] INFO  com.alibaba.nacos.client.naming - [REGISTER-SERVICE] xiaohashu registering service xiaohashu-user with instance Instance{instanceId='null', ip='172.28.129.13', port=8082, weight=1.0, healthy=true, enabled=true, ephemeral=true, clusterName='DEFAULT', serviceName='null', metadata={IPv6=[2001:da8:c800:9000:0:0:1:439d], preserved.register.source=SPRING_CLOUD}}
2025-12-02 19:38:29.735 [main] INFO  c.a.cloud.nacos.registry.NacosServiceRegistry - nacos registry, DEFAULT_GROUP xiaohashu-user 172.28.129.13:8082 register finished
2025-12-02 19:38:29.813 [main] INFO  c.q.xiaohashu.user.biz.XiaohashuUserApplication - Started XiaohashuUserApplication in 2.279 seconds (process running for 2.563)
2025-12-02 19:38:44.800 [Thread-8] WARN  c.alibaba.nacos.common.http.HttpClientBeanHolder - [HttpClientBeanHolder] Start destroying common HttpClient
2025-12-02 19:38:44.800 [Thread-5] WARN  com.alibaba.nacos.common.notify.NotifyCenter - [NotifyCenter] Start destroying Publisher
2025-12-02 19:38:44.801 [Thread-5] WARN  com.alibaba.nacos.common.notify.NotifyCenter - [NotifyCenter] Destruction of the end
2025-12-02 19:38:44.801 [Thread-8] WARN  c.alibaba.nacos.common.http.HttpClientBeanHolder - [HttpClientBeanHolder] Destruction of the end
2025-12-02 19:38:44.815 [SpringApplicationShutdownHook] INFO  c.a.cloud.nacos.registry.NacosServiceRegistry - De-registering from Nacos Server now...
2025-12-02 19:38:44.815 [SpringApplicationShutdownHook] INFO  com.alibaba.nacos.client.naming - [DEREGISTER-SERVICE] xiaohashu deregistering service xiaohashu-user with instance: Instance{instanceId='null', ip='172.28.129.13', port=8082, weight=1.0, healthy=true, enabled=true, ephemeral=true, clusterName='DEFAULT', serviceName='null', metadata={}}
2025-12-02 19:38:44.819 [SpringApplicationShutdownHook] INFO  c.a.cloud.nacos.registry.NacosServiceRegistry - De-registration finished.
2025-12-02 19:38:44.819 [SpringApplicationShutdownHook] INFO  com.alibaba.nacos.client.naming - com.alibaba.nacos.client.naming.cache.ServiceInfoHolder do shutdown begin
2025-12-02 19:38:44.820 [SpringApplicationShutdownHook] INFO  com.alibaba.nacos.client.naming - com.alibaba.nacos.client.naming.backups.FailoverReactor do shutdown begin
2025-12-02 19:38:44.820 [SpringApplicationShutdownHook] INFO  com.alibaba.nacos.client.naming - com.alibaba.nacos.client.naming.backups.FailoverReactor do shutdown stop
2025-12-02 19:38:44.820 [SpringApplicationShutdownHook] INFO  com.alibaba.nacos.client.naming - com.alibaba.nacos.client.naming.cache.ServiceInfoHolder do shutdown stop
2025-12-02 19:38:44.820 [SpringApplicationShutdownHook] INFO  com.alibaba.nacos.client.naming - com.alibaba.nacos.client.naming.remote.NamingClientProxyDelegate do shutdown begin
2025-12-02 19:38:44.820 [SpringApplicationShutdownHook] INFO  com.alibaba.nacos.client.naming - com.alibaba.nacos.client.naming.core.ServiceInfoUpdateService do shutdown begin
2025-12-02 19:38:44.820 [SpringApplicationShutdownHook] INFO  com.alibaba.nacos.client.naming - com.alibaba.nacos.client.naming.core.ServiceInfoUpdateService do shutdown stop
2025-12-02 19:38:44.821 [SpringApplicationShutdownHook] INFO  com.alibaba.nacos.client.naming - com.alibaba.nacos.client.naming.core.ServerListManager do shutdown begin
2025-12-02 19:38:44.821 [SpringApplicationShutdownHook] WARN  com.alibaba.nacos.client.naming - [NamingHttpClientManager] Start destroying NacosRestTemplate
2025-12-02 19:38:44.821 [SpringApplicationShutdownHook] WARN  com.alibaba.nacos.client.naming - [NamingHttpClientManager] Destruction of the end
2025-12-02 19:38:44.821 [SpringApplicationShutdownHook] INFO  com.alibaba.nacos.client.naming - com.alibaba.nacos.client.naming.core.ServerListManager do shutdown stop
2025-12-02 19:38:44.821 [SpringApplicationShutdownHook] INFO  com.alibaba.nacos.client.naming - com.alibaba.nacos.client.naming.remote.http.NamingHttpClientProxy do shutdown begin
2025-12-02 19:38:44.821 [SpringApplicationShutdownHook] WARN  com.alibaba.nacos.client.naming - [NamingHttpClientManager] Start destroying NacosRestTemplate
2025-12-02 19:38:44.821 [SpringApplicationShutdownHook] WARN  com.alibaba.nacos.client.naming - [NamingHttpClientManager] Destruction of the end
2025-12-02 19:38:44.821 [SpringApplicationShutdownHook] INFO  com.alibaba.nacos.client.naming - com.alibaba.nacos.client.naming.remote.http.NamingHttpClientProxy do shutdown stop
2025-12-02 19:38:44.821 [SpringApplicationShutdownHook] INFO  com.alibaba.nacos.common.remote.client - Shutdown rpc client, set status to shutdown
2025-12-02 19:38:44.821 [SpringApplicationShutdownHook] INFO  com.alibaba.nacos.common.remote.client - Shutdown client event executor java.util.concurrent.ScheduledThreadPoolExecutor@3a9e61b6[Running, pool size = 2, active threads = 2, queued tasks = 0, completed tasks = 0]
2025-12-02 19:38:44.821 [SpringApplicationShutdownHook] INFO  com.alibaba.nacos.common.remote.client - Close current connection 1764675508322_192.168.88.1_65275
2025-12-02 19:38:44.822 [nacos-grpc-client-executor-192.168.88.101-11] WARN  c.a.nacos.common.remote.client.grpc.GrpcClient - [1764675508322_192.168.88.1_65275]Ignore error event,isRunning:false,isAbandon=false
2025-12-02 19:38:44.822 [SpringApplicationShutdownHook] INFO  c.a.nacos.common.remote.client.grpc.GrpcClient - Shutdown grpc executor java.util.concurrent.ThreadPoolExecutor@5cf0e282[Running, pool size = 5, active threads = 0, queued tasks = 0, completed tasks = 12]
2025-12-02 19:38:44.824 [SpringApplicationShutdownHook] INFO  com.alibaba.nacos.client.naming - Shutdown grpc redo service executor java.util.concurrent.ScheduledThreadPoolExecutor@1c0e1259[Running, pool size = 1, active threads = 0, queued tasks = 1, completed tasks = 5]
2025-12-02 19:38:44.824 [SpringApplicationShutdownHook] INFO  c.a.n.client.auth.ram.identify.CredentialWatcher - [null] CredentialWatcher is stopped
2025-12-02 19:38:44.824 [SpringApplicationShutdownHook] INFO  c.a.n.client.auth.ram.identify.CredentialService - [null] CredentialService is freed
2025-12-02 19:38:44.824 [SpringApplicationShutdownHook] INFO  com.alibaba.nacos.client.naming - com.alibaba.nacos.client.naming.remote.NamingClientProxyDelegate do shutdown stop
2025-12-02 19:51:42.511 [main] WARN  com.alibaba.nacos.client.logging.NacosLogging - Load Logback Configuration of Nacos fail, message: Could not initialize Logback Nacos logging from classpath:nacos-logback.xml
2025-12-02 19:51:42.547 [main] WARN  com.alibaba.nacos.client.logging.NacosLogging - Load Logback Configuration of Nacos fail, message: Could not initialize Logback Nacos logging from classpath:nacos-logback.xml
2025-12-02 19:51:42.844 [main] WARN  com.alibaba.nacos.client.logging.NacosLogging - Load Logback Configuration of Nacos fail, message: Could not initialize Logback Nacos logging from classpath:nacos-logback.xml
2025-12-02 19:51:42.853 [main] WARN  com.alibaba.nacos.client.logging.NacosLogging - Load Logback Configuration of Nacos fail, message: Could not initialize Logback Nacos logging from classpath:nacos-logback.xml
2025-12-02 19:51:42.854 [main] INFO  c.q.xiaohashu.user.biz.XiaohashuUserApplication - The following 1 profile is active: "dev"
2025-12-02 19:51:43.165 [main] INFO  o.springframework.cloud.context.scope.GenericScope - BeanFactory id=e94f5859-5a58-3743-bc07-18f9c9fdb776
2025-12-02 19:51:43.327 [main] INFO  o.s.boot.web.embedded.tomcat.TomcatWebServer - Tomcat initialized with port(s): 8082 (http)
2025-12-02 19:51:43.333 [main] INFO  org.apache.catalina.core.StandardService - Starting service [Tomcat]
2025-12-02 19:51:43.334 [main] INFO  org.apache.catalina.core.StandardEngine - Starting Servlet engine: [Apache Tomcat/10.1.5]
2025-12-02 19:51:43.387 [main] INFO  o.a.c.core.ContainerBase.[Tomcat].[localhost].[/] - Initializing Spring embedded WebApplicationContext
2025-12-02 19:51:43.387 [main] INFO  o.s.b.w.s.c.ServletWebServerApplicationContext - Root WebApplicationContext: initialization completed in 522 ms
2025-12-02 19:51:43.684 [main] INFO  c.a.d.s.b.a.DruidDataSourceAutoConfigure - Init DruidDataSource
2025-12-02 19:51:43.951 [main] INFO  com.alibaba.druid.pool.DruidDataSource - {dataSource-1} inited
2025-12-02 19:51:44.212 [main] INFO  o.s.boot.web.embedded.tomcat.TomcatWebServer - Tomcat started on port(s): 8082 (http) with context path ''
2025-12-02 19:51:44.215 [main] WARN  com.alibaba.nacos.client.logging.NacosLogging - Load Logback Configuration of Nacos fail, message: Could not initialize Logback Nacos logging from classpath:nacos-logback.xml
2025-12-02 19:51:44.215 [main] INFO  com.alibaba.nacos.client.naming - initializer namespace from ans.namespace attribute : null
2025-12-02 19:51:44.216 [main] INFO  com.alibaba.nacos.client.naming - initializer namespace from ALIBABA_ALIWARE_NAMESPACE attribute :null
2025-12-02 19:51:44.216 [main] INFO  com.alibaba.nacos.client.naming - initializer namespace from namespace attribute :null
2025-12-02 19:51:44.228 [main] INFO  com.alibaba.nacos.client.utils.ParamUtil - [settings] [req-serv] nacos-server port:8848
2025-12-02 19:51:44.228 [main] INFO  com.alibaba.nacos.client.utils.ParamUtil - [settings] [http-client] connect timeout:1000
2025-12-02 19:51:44.229 [main] INFO  com.alibaba.nacos.client.utils.ParamUtil - PER_TASK_CONFIG_SIZE: 3000.0
2025-12-02 19:51:44.230 [main] INFO  c.a.n.p.auth.spi.client.ClientAuthPluginManager - [ClientAuthPluginManager] Load ClientAuthService com.alibaba.nacos.client.auth.impl.NacosClientAuthServiceImpl success.
2025-12-02 19:51:44.231 [main] INFO  c.a.n.p.auth.spi.client.ClientAuthPluginManager - [ClientAuthPluginManager] Load ClientAuthService com.alibaba.nacos.client.auth.ram.RamClientAuthServiceImpl success.
2025-12-02 19:51:44.232 [main] INFO  c.a.n.client.auth.ram.identify.CredentialWatcher - null No credential found
2025-12-02 19:51:44.236 [main] INFO  com.alibaba.nacos.common.remote.client - [RpcClientFactory] create a new rpc client of 28f72a27-1eb3-46ca-8da2-633980ebb46f
2025-12-02 19:51:44.245 [main] INFO  com.alibaba.nacos.common.remote.client - [28f72a27-1eb3-46ca-8da2-633980ebb46f] RpcClient init, ServerListFactory = com.alibaba.nacos.client.naming.core.ServerListManager
2025-12-02 19:51:44.256 [main] INFO  com.alibaba.nacos.common.remote.client - [28f72a27-1eb3-46ca-8da2-633980ebb46f] Registry connection listener to current client:com.alibaba.nacos.client.naming.remote.gprc.redo.NamingGrpcRedoService
2025-12-02 19:51:44.256 [main] INFO  com.alibaba.nacos.common.remote.client - [28f72a27-1eb3-46ca-8da2-633980ebb46f] Register server push request handler:com.alibaba.nacos.client.naming.remote.gprc.NamingPushRequestHandler
2025-12-02 19:51:44.258 [main] INFO  com.alibaba.nacos.common.remote.client - [28f72a27-1eb3-46ca-8da2-633980ebb46f] Try to connect to server on start up, server: {serverIp = '192.168.88.101', server main port = 8848}
2025-12-02 19:51:44.274 [main] INFO  c.a.nacos.common.remote.client.grpc.GrpcClient - grpc client connection server:192.168.88.101 ip,serverPort:9848,grpcTslConfig:{"sslProvider":"OPENSSL","enableTls":false,"mutualAuthEnable":false,"trustAll":false}
2025-12-02 19:51:44.776 [main] INFO  com.alibaba.nacos.common.remote.client - [28f72a27-1eb3-46ca-8da2-633980ebb46f] Success to connect to server [192.168.88.101:8848] on start up, connectionId = 1764676303394_192.168.88.1_54225
2025-12-02 19:51:44.776 [com.alibaba.nacos.client.remote.worker] INFO  com.alibaba.nacos.common.remote.client - [28f72a27-1eb3-46ca-8da2-633980ebb46f] Notify connected event to listeners.
2025-12-02 19:51:44.777 [main] INFO  com.alibaba.nacos.common.remote.client - [28f72a27-1eb3-46ca-8da2-633980ebb46f] Register server push request handler:com.alibaba.nacos.common.remote.client.RpcClient$ConnectResetRequestHandler
2025-12-02 19:51:44.777 [com.alibaba.nacos.client.remote.worker] INFO  com.alibaba.nacos.client.naming - Grpc connection connect
2025-12-02 19:51:44.777 [main] INFO  com.alibaba.nacos.common.remote.client - [28f72a27-1eb3-46ca-8da2-633980ebb46f] Register server push request handler:com.alibaba.nacos.common.remote.client.RpcClient$$Lambda$1039/0x000002b64875a510
2025-12-02 19:51:44.778 [main] INFO  com.alibaba.nacos.client.naming - [REGISTER-SERVICE] xiaohashu registering service xiaohashu-user with instance Instance{instanceId='null', ip='172.28.129.13', port=8082, weight=1.0, healthy=true, enabled=true, ephemeral=true, clusterName='DEFAULT', serviceName='null', metadata={IPv6=[2001:da8:c800:9000:0:0:1:439d], preserved.register.source=SPRING_CLOUD}}
2025-12-02 19:51:44.787 [main] INFO  c.a.cloud.nacos.registry.NacosServiceRegistry - nacos registry, DEFAULT_GROUP xiaohashu-user 172.28.129.13:8082 register finished
2025-12-02 19:51:44.865 [main] INFO  c.q.xiaohashu.user.biz.XiaohashuUserApplication - Started XiaohashuUserApplication in 2.726 seconds (process running for 3.046)
2025-12-02 19:51:51.643 [Thread-5] WARN  com.alibaba.nacos.common.notify.NotifyCenter - [NotifyCenter] Start destroying Publisher
2025-12-02 19:51:51.643 [Thread-8] WARN  c.alibaba.nacos.common.http.HttpClientBeanHolder - [HttpClientBeanHolder] Start destroying common HttpClient
2025-12-02 19:51:51.643 [Thread-5] WARN  com.alibaba.nacos.common.notify.NotifyCenter - [NotifyCenter] Destruction of the end
2025-12-02 19:51:51.644 [Thread-8] WARN  c.alibaba.nacos.common.http.HttpClientBeanHolder - [HttpClientBeanHolder] Destruction of the end
2025-12-02 19:51:51.665 [SpringApplicationShutdownHook] INFO  com.alibaba.druid.pool.DruidDataSource - {dataSource-1} closing ...
2025-12-02 19:51:51.668 [SpringApplicationShutdownHook] INFO  com.alibaba.druid.pool.DruidDataSource - {dataSource-1} closed
2025-12-02 19:51:51.668 [SpringApplicationShutdownHook] INFO  c.a.cloud.nacos.registry.NacosServiceRegistry - De-registering from Nacos Server now...
2025-12-02 19:51:51.668 [SpringApplicationShutdownHook] INFO  com.alibaba.nacos.client.naming - [DEREGISTER-SERVICE] xiaohashu deregistering service xiaohashu-user with instance: Instance{instanceId='null', ip='172.28.129.13', port=8082, weight=1.0, healthy=true, enabled=true, ephemeral=true, clusterName='DEFAULT', serviceName='null', metadata={}}
2025-12-02 19:51:51.680 [SpringApplicationShutdownHook] INFO  c.a.cloud.nacos.registry.NacosServiceRegistry - De-registration finished.
2025-12-02 19:51:51.680 [SpringApplicationShutdownHook] INFO  com.alibaba.nacos.client.naming - com.alibaba.nacos.client.naming.cache.ServiceInfoHolder do shutdown begin
2025-12-02 19:51:51.680 [SpringApplicationShutdownHook] INFO  com.alibaba.nacos.client.naming - com.alibaba.nacos.client.naming.backups.FailoverReactor do shutdown begin
2025-12-02 19:51:52.008 [SpringApplicationShutdownHook] INFO  com.alibaba.nacos.client.naming - com.alibaba.nacos.client.naming.backups.FailoverReactor do shutdown stop
2025-12-02 19:51:52.009 [SpringApplicationShutdownHook] INFO  com.alibaba.nacos.client.naming - com.alibaba.nacos.client.naming.cache.ServiceInfoHolder do shutdown stop
2025-12-02 19:51:52.009 [SpringApplicationShutdownHook] INFO  com.alibaba.nacos.client.naming - com.alibaba.nacos.client.naming.remote.NamingClientProxyDelegate do shutdown begin
2025-12-02 19:51:52.009 [SpringApplicationShutdownHook] INFO  com.alibaba.nacos.client.naming - com.alibaba.nacos.client.naming.core.ServiceInfoUpdateService do shutdown begin
2025-12-02 19:51:52.009 [SpringApplicationShutdownHook] INFO  com.alibaba.nacos.client.naming - com.alibaba.nacos.client.naming.core.ServiceInfoUpdateService do shutdown stop
2025-12-02 19:51:52.009 [SpringApplicationShutdownHook] INFO  com.alibaba.nacos.client.naming - com.alibaba.nacos.client.naming.core.ServerListManager do shutdown begin
2025-12-02 19:51:52.009 [SpringApplicationShutdownHook] WARN  com.alibaba.nacos.client.naming - [NamingHttpClientManager] Start destroying NacosRestTemplate
2025-12-02 19:51:52.009 [SpringApplicationShutdownHook] WARN  com.alibaba.nacos.client.naming - [NamingHttpClientManager] Destruction of the end
2025-12-02 19:51:52.009 [SpringApplicationShutdownHook] INFO  com.alibaba.nacos.client.naming - com.alibaba.nacos.client.naming.core.ServerListManager do shutdown stop
2025-12-02 19:51:52.009 [SpringApplicationShutdownHook] INFO  com.alibaba.nacos.client.naming - com.alibaba.nacos.client.naming.remote.http.NamingHttpClientProxy do shutdown begin
2025-12-02 19:51:52.009 [SpringApplicationShutdownHook] WARN  com.alibaba.nacos.client.naming - [NamingHttpClientManager] Start destroying NacosRestTemplate
2025-12-02 19:51:52.009 [SpringApplicationShutdownHook] WARN  com.alibaba.nacos.client.naming - [NamingHttpClientManager] Destruction of the end
2025-12-02 19:51:52.009 [SpringApplicationShutdownHook] INFO  com.alibaba.nacos.client.naming - com.alibaba.nacos.client.naming.remote.http.NamingHttpClientProxy do shutdown stop
2025-12-02 19:51:52.009 [SpringApplicationShutdownHook] INFO  com.alibaba.nacos.common.remote.client - Shutdown rpc client, set status to shutdown
2025-12-02 19:51:52.009 [SpringApplicationShutdownHook] INFO  com.alibaba.nacos.common.remote.client - Shutdown client event executor java.util.concurrent.ScheduledThreadPoolExecutor@54893cf7[Running, pool size = 2, active threads = 2, queued tasks = 0, completed tasks = 0]
2025-12-02 19:51:52.009 [SpringApplicationShutdownHook] INFO  com.alibaba.nacos.common.remote.client - Close current connection 1764676303394_192.168.88.1_54225
2025-12-02 19:51:52.012 [nacos-grpc-client-executor-192.168.88.101-10] WARN  c.a.nacos.common.remote.client.grpc.GrpcClient - [1764676303394_192.168.88.1_54225]Ignore error event,isRunning:false,isAbandon=false
2025-12-02 19:51:52.013 [SpringApplicationShutdownHook] INFO  c.a.nacos.common.remote.client.grpc.GrpcClient - Shutdown grpc executor java.util.concurrent.ThreadPoolExecutor@4f7613ed[Running, pool size = 11, active threads = 0, queued tasks = 0, completed tasks = 11]
2025-12-02 19:51:52.013 [SpringApplicationShutdownHook] INFO  com.alibaba.nacos.client.naming - Shutdown grpc redo service executor java.util.concurrent.ScheduledThreadPoolExecutor@3c469b78[Running, pool size = 1, active threads = 0, queued tasks = 1, completed tasks = 2]
2025-12-02 19:51:52.014 [SpringApplicationShutdownHook] INFO  c.a.n.client.auth.ram.identify.CredentialWatcher - [null] CredentialWatcher is stopped
2025-12-02 19:51:52.014 [SpringApplicationShutdownHook] INFO  c.a.n.client.auth.ram.identify.CredentialService - [null] CredentialService is freed
2025-12-02 19:51:52.014 [SpringApplicationShutdownHook] INFO  com.alibaba.nacos.client.naming - com.alibaba.nacos.client.naming.remote.NamingClientProxyDelegate do shutdown stop
2025-12-02 20:03:26.636 [main] WARN  com.alibaba.nacos.client.logging.NacosLogging - Load Logback Configuration of Nacos fail, message: Could not initialize Logback Nacos logging from classpath:nacos-logback.xml
2025-12-02 20:03:26.674 [main] WARN  com.alibaba.nacos.client.logging.NacosLogging - Load Logback Configuration of Nacos fail, message: Could not initialize Logback Nacos logging from classpath:nacos-logback.xml
2025-12-02 20:03:26.964 [main] WARN  com.alibaba.nacos.client.logging.NacosLogging - Load Logback Configuration of Nacos fail, message: Could not initialize Logback Nacos logging from classpath:nacos-logback.xml
2025-12-02 20:03:26.972 [main] WARN  com.alibaba.nacos.client.logging.NacosLogging - Load Logback Configuration of Nacos fail, message: Could not initialize Logback Nacos logging from classpath:nacos-logback.xml
2025-12-02 20:03:26.972 [main] INFO  c.q.xiaohashu.user.biz.XiaohashuUserApplication - The following 1 profile is active: "dev"
2025-12-02 20:03:27.277 [main] INFO  o.springframework.cloud.context.scope.GenericScope - BeanFactory id=9e92e75f-305e-31c3-a06e-9b04611c7478
2025-12-02 20:03:27.397 [main] INFO  o.s.boot.web.embedded.tomcat.TomcatWebServer - Tomcat initialized with port(s): 8082 (http)
2025-12-02 20:03:27.402 [main] INFO  org.apache.catalina.core.StandardService - Starting service [Tomcat]
2025-12-02 20:03:27.402 [main] INFO  org.apache.catalina.core.StandardEngine - Starting Servlet engine: [Apache Tomcat/10.1.5]
2025-12-02 20:03:27.455 [main] INFO  o.a.c.core.ContainerBase.[Tomcat].[localhost].[/] - Initializing Spring embedded WebApplicationContext
2025-12-02 20:03:27.455 [main] INFO  o.s.b.w.s.c.ServletWebServerApplicationContext - Root WebApplicationContext: initialization completed in 475 ms
2025-12-02 20:03:27.755 [main] INFO  c.a.d.s.b.a.DruidDataSourceAutoConfigure - Init DruidDataSource
2025-12-02 20:03:27.917 [main] INFO  com.alibaba.druid.pool.DruidDataSource - {dataSource-1} inited
2025-12-02 20:03:28.148 [main] INFO  o.s.boot.web.embedded.tomcat.TomcatWebServer - Tomcat started on port(s): 8082 (http) with context path ''
2025-12-02 20:03:28.159 [main] WARN  com.alibaba.nacos.client.logging.NacosLogging - Load Logback Configuration of Nacos fail, message: Could not initialize Logback Nacos logging from classpath:nacos-logback.xml
2025-12-02 20:03:28.159 [main] INFO  com.alibaba.nacos.client.naming - initializer namespace from ans.namespace attribute : null
2025-12-02 20:03:28.160 [main] INFO  com.alibaba.nacos.client.naming - initializer namespace from ALIBABA_ALIWARE_NAMESPACE attribute :null
2025-12-02 20:03:28.160 [main] INFO  com.alibaba.nacos.client.naming - initializer namespace from namespace attribute :null
2025-12-02 20:03:28.172 [main] INFO  com.alibaba.nacos.client.utils.ParamUtil - [settings] [req-serv] nacos-server port:8848
2025-12-02 20:03:28.172 [main] INFO  com.alibaba.nacos.client.utils.ParamUtil - [settings] [http-client] connect timeout:1000
2025-12-02 20:03:28.173 [main] INFO  com.alibaba.nacos.client.utils.ParamUtil - PER_TASK_CONFIG_SIZE: 3000.0
2025-12-02 20:03:28.174 [main] INFO  c.a.n.p.auth.spi.client.ClientAuthPluginManager - [ClientAuthPluginManager] Load ClientAuthService com.alibaba.nacos.client.auth.impl.NacosClientAuthServiceImpl success.
2025-12-02 20:03:28.175 [main] INFO  c.a.n.p.auth.spi.client.ClientAuthPluginManager - [ClientAuthPluginManager] Load ClientAuthService com.alibaba.nacos.client.auth.ram.RamClientAuthServiceImpl success.
2025-12-02 20:03:28.176 [main] INFO  c.a.n.client.auth.ram.identify.CredentialWatcher - null No credential found
2025-12-02 20:03:28.180 [main] INFO  com.alibaba.nacos.common.remote.client - [RpcClientFactory] create a new rpc client of 42bb4e1a-01cd-42f2-8297-1623ccbee662
2025-12-02 20:03:28.189 [main] INFO  com.alibaba.nacos.common.remote.client - [42bb4e1a-01cd-42f2-8297-1623ccbee662] RpcClient init, ServerListFactory = com.alibaba.nacos.client.naming.core.ServerListManager
2025-12-02 20:03:28.190 [main] INFO  com.alibaba.nacos.common.remote.client - [42bb4e1a-01cd-42f2-8297-1623ccbee662] Registry connection listener to current client:com.alibaba.nacos.client.naming.remote.gprc.redo.NamingGrpcRedoService
2025-12-02 20:03:28.190 [main] INFO  com.alibaba.nacos.common.remote.client - [42bb4e1a-01cd-42f2-8297-1623ccbee662] Register server push request handler:com.alibaba.nacos.client.naming.remote.gprc.NamingPushRequestHandler
2025-12-02 20:03:28.194 [main] INFO  com.alibaba.nacos.common.remote.client - [42bb4e1a-01cd-42f2-8297-1623ccbee662] Try to connect to server on start up, server: {serverIp = '192.168.88.101', server main port = 8848}
2025-12-02 20:03:28.209 [main] INFO  c.a.nacos.common.remote.client.grpc.GrpcClient - grpc client connection server:192.168.88.101 ip,serverPort:9848,grpcTslConfig:{"sslProvider":"OPENSSL","enableTls":false,"mutualAuthEnable":false,"trustAll":false}
2025-12-02 20:03:28.708 [main] INFO  com.alibaba.nacos.common.remote.client - [42bb4e1a-01cd-42f2-8297-1623ccbee662] Success to connect to server [192.168.88.101:8848] on start up, connectionId = 1764677007317_192.168.88.1_50135
2025-12-02 20:03:28.708 [com.alibaba.nacos.client.remote.worker] INFO  com.alibaba.nacos.common.remote.client - [42bb4e1a-01cd-42f2-8297-1623ccbee662] Notify connected event to listeners.
2025-12-02 20:03:28.710 [main] INFO  com.alibaba.nacos.common.remote.client - [42bb4e1a-01cd-42f2-8297-1623ccbee662] Register server push request handler:com.alibaba.nacos.common.remote.client.RpcClient$ConnectResetRequestHandler
2025-12-02 20:03:28.710 [com.alibaba.nacos.client.remote.worker] INFO  com.alibaba.nacos.client.naming - Grpc connection connect
2025-12-02 20:03:28.710 [main] INFO  com.alibaba.nacos.common.remote.client - [42bb4e1a-01cd-42f2-8297-1623ccbee662] Register server push request handler:com.alibaba.nacos.common.remote.client.RpcClient$$Lambda$1039/0x000002015375b520
2025-12-02 20:03:28.716 [main] INFO  com.alibaba.nacos.client.naming - [REGISTER-SERVICE] xiaohashu registering service xiaohashu-user with instance Instance{instanceId='null', ip='172.28.129.13', port=8082, weight=1.0, healthy=true, enabled=true, ephemeral=true, clusterName='DEFAULT', serviceName='null', metadata={IPv6=[2001:da8:c800:9000:0:0:1:439d], preserved.register.source=SPRING_CLOUD}}
2025-12-02 20:03:28.724 [main] INFO  c.a.cloud.nacos.registry.NacosServiceRegistry - nacos registry, DEFAULT_GROUP xiaohashu-user 172.28.129.13:8082 register finished
2025-12-02 20:03:28.806 [main] INFO  c.q.xiaohashu.user.biz.XiaohashuUserApplication - Started XiaohashuUserApplication in 2.528 seconds (process running for 2.809)
2025-12-02 20:03:30.890 [Thread-5] WARN  com.alibaba.nacos.common.notify.NotifyCenter - [NotifyCenter] Start destroying Publisher
2025-12-02 20:03:30.890 [Thread-8] WARN  c.alibaba.nacos.common.http.HttpClientBeanHolder - [HttpClientBeanHolder] Start destroying common HttpClient
2025-12-02 20:03:30.892 [Thread-5] WARN  com.alibaba.nacos.common.notify.NotifyCenter - [NotifyCenter] Destruction of the end
2025-12-02 20:03:30.892 [Thread-8] WARN  c.alibaba.nacos.common.http.HttpClientBeanHolder - [HttpClientBeanHolder] Destruction of the end
2025-12-02 20:03:30.911 [SpringApplicationShutdownHook] INFO  com.alibaba.druid.pool.DruidDataSource - {dataSource-1} closing ...
2025-12-02 20:03:30.916 [SpringApplicationShutdownHook] INFO  com.alibaba.druid.pool.DruidDataSource - {dataSource-1} closed
2025-12-02 20:03:30.916 [SpringApplicationShutdownHook] INFO  c.a.cloud.nacos.registry.NacosServiceRegistry - De-registering from Nacos Server now...
2025-12-02 20:03:30.916 [SpringApplicationShutdownHook] INFO  com.alibaba.nacos.client.naming - [DEREGISTER-SERVICE] xiaohashu deregistering service xiaohashu-user with instance: Instance{instanceId='null', ip='172.28.129.13', port=8082, weight=1.0, healthy=true, enabled=true, ephemeral=true, clusterName='DEFAULT', serviceName='null', metadata={}}
2025-12-02 20:03:30.942 [SpringApplicationShutdownHook] INFO  c.a.cloud.nacos.registry.NacosServiceRegistry - De-registration finished.
2025-12-02 20:03:30.942 [SpringApplicationShutdownHook] INFO  com.alibaba.nacos.client.naming - com.alibaba.nacos.client.naming.cache.ServiceInfoHolder do shutdown begin
2025-12-02 20:03:30.942 [SpringApplicationShutdownHook] INFO  com.alibaba.nacos.client.naming - com.alibaba.nacos.client.naming.backups.FailoverReactor do shutdown begin
2025-12-02 20:03:31.190 [com.alibaba.nacos.client.naming.grpc.redo.0] INFO  com.alibaba.nacos.client.naming - Redo instance operation REMOVE for DEFAULT_GROUP@@xiaohashu-user
2025-12-02 20:03:31.270 [SpringApplicationShutdownHook] INFO  com.alibaba.nacos.client.naming - com.alibaba.nacos.client.naming.backups.FailoverReactor do shutdown stop
2025-12-02 20:03:31.270 [SpringApplicationShutdownHook] INFO  com.alibaba.nacos.client.naming - com.alibaba.nacos.client.naming.cache.ServiceInfoHolder do shutdown stop
2025-12-02 20:03:31.270 [SpringApplicationShutdownHook] INFO  com.alibaba.nacos.client.naming - com.alibaba.nacos.client.naming.remote.NamingClientProxyDelegate do shutdown begin
2025-12-02 20:03:31.270 [SpringApplicationShutdownHook] INFO  com.alibaba.nacos.client.naming - com.alibaba.nacos.client.naming.core.ServiceInfoUpdateService do shutdown begin
2025-12-02 20:03:31.270 [SpringApplicationShutdownHook] INFO  com.alibaba.nacos.client.naming - com.alibaba.nacos.client.naming.core.ServiceInfoUpdateService do shutdown stop
2025-12-02 20:03:31.270 [SpringApplicationShutdownHook] INFO  com.alibaba.nacos.client.naming - com.alibaba.nacos.client.naming.core.ServerListManager do shutdown begin
2025-12-02 20:03:31.270 [SpringApplicationShutdownHook] WARN  com.alibaba.nacos.client.naming - [NamingHttpClientManager] Start destroying NacosRestTemplate
2025-12-02 20:03:31.270 [SpringApplicationShutdownHook] WARN  com.alibaba.nacos.client.naming - [NamingHttpClientManager] Destruction of the end
2025-12-02 20:03:31.271 [SpringApplicationShutdownHook] INFO  com.alibaba.nacos.client.naming - com.alibaba.nacos.client.naming.core.ServerListManager do shutdown stop
2025-12-02 20:03:31.271 [SpringApplicationShutdownHook] INFO  com.alibaba.nacos.client.naming - com.alibaba.nacos.client.naming.remote.http.NamingHttpClientProxy do shutdown begin
2025-12-02 20:03:31.271 [SpringApplicationShutdownHook] WARN  com.alibaba.nacos.client.naming - [NamingHttpClientManager] Start destroying NacosRestTemplate
2025-12-02 20:03:31.271 [SpringApplicationShutdownHook] WARN  com.alibaba.nacos.client.naming - [NamingHttpClientManager] Destruction of the end
2025-12-02 20:03:31.271 [SpringApplicationShutdownHook] INFO  com.alibaba.nacos.client.naming - com.alibaba.nacos.client.naming.remote.http.NamingHttpClientProxy do shutdown stop
2025-12-02 20:03:31.271 [SpringApplicationShutdownHook] INFO  com.alibaba.nacos.common.remote.client - Shutdown rpc client, set status to shutdown
2025-12-02 20:03:31.271 [SpringApplicationShutdownHook] INFO  com.alibaba.nacos.common.remote.client - Shutdown client event executor java.util.concurrent.ScheduledThreadPoolExecutor@4f8f3371[Running, pool size = 2, active threads = 2, queued tasks = 0, completed tasks = 0]
2025-12-02 20:03:31.271 [SpringApplicationShutdownHook] INFO  com.alibaba.nacos.common.remote.client - Close current connection 1764677007317_192.168.88.1_50135
2025-12-02 20:03:31.273 [nacos-grpc-client-executor-192.168.88.101-9] WARN  c.a.nacos.common.remote.client.grpc.GrpcClient - [1764677007317_192.168.88.1_50135]Ignore error event,isRunning:false,isAbandon=false
2025-12-02 20:03:31.274 [SpringApplicationShutdownHook] INFO  c.a.nacos.common.remote.client.grpc.GrpcClient - Shutdown grpc executor java.util.concurrent.ThreadPoolExecutor@9e668dc[Running, pool size = 10, active threads = 0, queued tasks = 0, completed tasks = 10]
2025-12-02 20:03:31.275 [SpringApplicationShutdownHook] INFO  com.alibaba.nacos.client.naming - Shutdown grpc redo service executor java.util.concurrent.ScheduledThreadPoolExecutor@1966bfb[Running, pool size = 1, active threads = 0, queued tasks = 1, completed tasks = 1]
2025-12-02 20:03:31.275 [SpringApplicationShutdownHook] INFO  c.a.n.client.auth.ram.identify.CredentialWatcher - [null] CredentialWatcher is stopped
2025-12-02 20:03:31.275 [SpringApplicationShutdownHook] INFO  c.a.n.client.auth.ram.identify.CredentialService - [null] CredentialService is freed
2025-12-02 20:03:31.275 [SpringApplicationShutdownHook] INFO  com.alibaba.nacos.client.naming - com.alibaba.nacos.client.naming.remote.NamingClientProxyDelegate do shutdown stop
