2025-12-17 16:23:33.072 [main] WARN  com.alibaba.nacos.client.logging.NacosLogging - Load Logback Configuration of Nacos fail, message: Could not initialize Logback Nacos logging from classpath:nacos-logback.xml
2025-12-17 16:23:33.124 [main] WARN  com.alibaba.nacos.client.logging.NacosLogging - Load Logback Configuration of Nacos fail, message: Could not initialize Logback Nacos logging from classpath:nacos-logback.xml
2025-12-17 16:23:33.437 [main] WARN  com.alibaba.nacos.client.logging.NacosLogging - Load Logback Configuration of Nacos fail, message: Could not initialize Logback Nacos logging from classpath:nacos-logback.xml
2025-12-17 16:23:33.447 [main] WARN  com.alibaba.nacos.client.logging.NacosLogging - Load Logback Configuration of Nacos fail, message: Could not initialize Logback Nacos logging from classpath:nacos-logback.xml
2025-12-17 16:23:33.448 [main] INFO  c.q.xiaohashu.user.biz.XiaohashuUserApplication - The following 1 profile is active: "dev"
2025-12-17 16:23:34.038 [main] INFO  o.s.d.r.config.RepositoryConfigurationDelegate - Multiple Spring Data modules found, entering strict repository configuration mode
2025-12-17 16:23:34.041 [main] INFO  o.s.d.r.config.RepositoryConfigurationDelegate - Bootstrapping Spring Data Redis repositories in DEFAULT mode.
2025-12-17 16:23:34.054 [main] INFO  o.s.d.r.config.RepositoryConfigurationDelegate - Finished Spring Data repository scanning in 5 ms. Found 0 Redis repository interfaces.
2025-12-17 16:23:34.182 [main] INFO  o.springframework.cloud.context.scope.GenericScope - BeanFactory id=7323b37b-843d-3afa-aa2e-80e2dc3f9068
2025-12-17 16:23:34.202 [main] INFO  o.s.c.s.PostProcessorRegistrationDelegate$BeanPostProcessorChecker - Bean 'com.quanxiaoha.xiaohashu.api.DistributedIdGeneratorFeignApi' of type [org.springframework.cloud.openfeign.FeignClientFactoryBean] is not eligible for getting processed by all BeanPostProcessors (for example: not eligible for auto-proxying)
2025-12-17 16:23:34.203 [main] INFO  o.s.c.s.PostProcessorRegistrationDelegate$BeanPostProcessorChecker - Bean 'com.quanxiaoha.xiaohashu.oss.api.fileapi.FileFeignApi' of type [org.springframework.cloud.openfeign.FeignClientFactoryBean] is not eligible for getting processed by all BeanPostProcessors (for example: not eligible for auto-proxying)
2025-12-17 16:23:34.205 [main] INFO  o.s.c.s.PostProcessorRegistrationDelegate$BeanPostProcessorChecker - Bean 'com.quanxiaoha.xiaohashu.user.api.userapi.UserFeignApi' of type [org.springframework.cloud.openfeign.FeignClientFactoryBean] is not eligible for getting processed by all BeanPostProcessors (for example: not eligible for auto-proxying)
2025-12-17 16:23:34.510 [main] INFO  o.s.boot.web.embedded.tomcat.TomcatWebServer - Tomcat initialized with port(s): 8082 (http)
2025-12-17 16:23:34.516 [main] INFO  org.apache.catalina.core.StandardService - Starting service [Tomcat]
2025-12-17 16:23:34.516 [main] INFO  org.apache.catalina.core.StandardEngine - Starting Servlet engine: [Apache Tomcat/10.1.5]
2025-12-17 16:23:34.570 [main] INFO  o.a.c.core.ContainerBase.[Tomcat].[localhost].[/] - Initializing Spring embedded WebApplicationContext
2025-12-17 16:23:34.570 [main] INFO  o.s.b.w.s.c.ServletWebServerApplicationContext - Root WebApplicationContext: initialization completed in 1111 ms
2025-12-17 16:23:34.695 [main] INFO  o.s.cloud.openfeign.FeignClientFactoryBean - For 'xiaohashu-distributed-id-generator' URL not provided. Will try picking an instance via load-balancing.
2025-12-17 16:23:34.721 [main] INFO  c.a.d.s.b.a.DruidDataSourceAutoConfigure - Init DruidDataSource
2025-12-17 16:23:34.938 [main] INFO  com.alibaba.druid.pool.DruidDataSource - {dataSource-1} inited
2025-12-17 16:23:35.132 [main] INFO  o.s.cloud.openfeign.FeignClientFactoryBean - For 'xiaohashu-oss' URL not provided. Will try picking an instance via load-balancing.
2025-12-17 16:23:35.799 [main] INFO  o.s.boot.web.embedded.tomcat.TomcatWebServer - Tomcat started on port(s): 8082 (http) with context path ''
2025-12-17 16:23:35.803 [main] WARN  com.alibaba.nacos.client.logging.NacosLogging - Load Logback Configuration of Nacos fail, message: Could not initialize Logback Nacos logging from classpath:nacos-logback.xml
2025-12-17 16:23:35.803 [main] INFO  com.alibaba.nacos.client.naming - initializer namespace from ans.namespace attribute : null
2025-12-17 16:23:35.803 [main] INFO  com.alibaba.nacos.client.naming - initializer namespace from ALIBABA_ALIWARE_NAMESPACE attribute :null
2025-12-17 16:23:35.804 [main] INFO  com.alibaba.nacos.client.naming - initializer namespace from namespace attribute :null
2025-12-17 16:23:35.819 [main] INFO  com.alibaba.nacos.client.utils.ParamUtil - [settings] [req-serv] nacos-server port:8848
2025-12-17 16:23:35.819 [main] INFO  com.alibaba.nacos.client.utils.ParamUtil - [settings] [http-client] connect timeout:1000
2025-12-17 16:23:35.819 [main] INFO  com.alibaba.nacos.client.utils.ParamUtil - PER_TASK_CONFIG_SIZE: 3000.0
2025-12-17 16:23:35.822 [main] INFO  c.a.n.p.auth.spi.client.ClientAuthPluginManager - [ClientAuthPluginManager] Load ClientAuthService com.alibaba.nacos.client.auth.impl.NacosClientAuthServiceImpl success.
2025-12-17 16:23:35.822 [main] INFO  c.a.n.p.auth.spi.client.ClientAuthPluginManager - [ClientAuthPluginManager] Load ClientAuthService com.alibaba.nacos.client.auth.ram.RamClientAuthServiceImpl success.
2025-12-17 16:23:35.824 [main] INFO  c.a.n.client.auth.ram.identify.CredentialWatcher - null No credential found
2025-12-17 16:23:35.830 [main] INFO  com.alibaba.nacos.common.remote.client - [RpcClientFactory] create a new rpc client of 6108d237-71ca-4ee7-9bf9-17c1e663a27d
2025-12-17 16:23:35.841 [main] INFO  com.alibaba.nacos.common.remote.client - [6108d237-71ca-4ee7-9bf9-17c1e663a27d] RpcClient init, ServerListFactory = com.alibaba.nacos.client.naming.core.ServerListManager
2025-12-17 16:23:35.841 [main] INFO  com.alibaba.nacos.common.remote.client - [6108d237-71ca-4ee7-9bf9-17c1e663a27d] Registry connection listener to current client:com.alibaba.nacos.client.naming.remote.gprc.redo.NamingGrpcRedoService
2025-12-17 16:23:35.841 [main] INFO  com.alibaba.nacos.common.remote.client - [6108d237-71ca-4ee7-9bf9-17c1e663a27d] Register server push request handler:com.alibaba.nacos.client.naming.remote.gprc.NamingPushRequestHandler
2025-12-17 16:23:35.843 [main] INFO  com.alibaba.nacos.common.remote.client - [6108d237-71ca-4ee7-9bf9-17c1e663a27d] Try to connect to server on start up, server: {serverIp = '192.168.88.101', server main port = 8848}
2025-12-17 16:23:35.861 [main] INFO  c.a.nacos.common.remote.client.grpc.GrpcClient - grpc client connection server:192.168.88.101 ip,serverPort:9848,grpcTslConfig:{"sslProvider":"OPENSSL","enableTls":false,"mutualAuthEnable":false,"trustAll":false}
2025-12-17 16:23:36.478 [main] INFO  com.alibaba.nacos.common.remote.client - [6108d237-71ca-4ee7-9bf9-17c1e663a27d] Success to connect to server [192.168.88.101:8848] on start up, connectionId = 1765308857960_192.168.88.1_58261
2025-12-17 16:23:36.479 [com.alibaba.nacos.client.remote.worker] INFO  com.alibaba.nacos.common.remote.client - [6108d237-71ca-4ee7-9bf9-17c1e663a27d] Notify connected event to listeners.
2025-12-17 16:23:36.479 [com.alibaba.nacos.client.remote.worker] INFO  com.alibaba.nacos.client.naming - Grpc connection connect
2025-12-17 16:23:36.479 [main] INFO  com.alibaba.nacos.common.remote.client - [6108d237-71ca-4ee7-9bf9-17c1e663a27d] Register server push request handler:com.alibaba.nacos.common.remote.client.RpcClient$ConnectResetRequestHandler
2025-12-17 16:23:36.479 [main] INFO  com.alibaba.nacos.common.remote.client - [6108d237-71ca-4ee7-9bf9-17c1e663a27d] Register server push request handler:com.alibaba.nacos.common.remote.client.RpcClient$$Lambda$1260/0x0000022b56923a90
2025-12-17 16:23:36.480 [main] INFO  com.alibaba.nacos.client.naming - [REGISTER-SERVICE] xiaohashu registering service xiaohashu-user with instance Instance{instanceId='null', ip='172.28.129.13', port=8082, weight=1.0, healthy=true, enabled=true, ephemeral=true, clusterName='DEFAULT', serviceName='null', metadata={IPv6=[2001:da8:c800:9000:0:0:1:c7d9], preserved.register.source=SPRING_CLOUD}}
2025-12-17 16:23:36.491 [main] INFO  c.a.cloud.nacos.registry.NacosServiceRegistry - nacos registry, DEFAULT_GROUP xiaohashu-user 172.28.129.13:8082 register finished
2025-12-17 16:23:36.572 [main] INFO  c.q.xiaohashu.user.biz.XiaohashuUserApplication - Started XiaohashuUserApplication in 3.938 seconds (process running for 4.254)
2025-12-17 16:23:36.573 [main] INFO  c.q.x.u.biz.runner.PushRolePermissions2RedisRunner - ==> 服务启动，开始同步角色权限数据到 Redis 中...
2025-12-17 16:23:36.867 [main] WARN  c.q.x.u.biz.runner.PushRolePermissions2RedisRunner - ==> 角色权限数据已经同步至 Redis 中，不再同步...
2025-12-17 16:23:42.133 [http-nio-8082-exec-1] INFO  o.a.c.core.ContainerBase.[Tomcat].[localhost].[/] - Initializing Spring DispatcherServlet 'dispatcherServlet'
2025-12-17 16:23:42.134 [http-nio-8082-exec-1] INFO  org.springframework.web.servlet.DispatcherServlet - Initializing Servlet 'dispatcherServlet'
2025-12-17 16:23:42.135 [http-nio-8082-exec-1] INFO  org.springframework.web.servlet.DispatcherServlet - Completed initialization in 0 ms
2025-12-17 16:23:42.143 [http-nio-8082-exec-1] INFO  c.q.xiaohashu.context.filter.UserIdContextFilter - =====从请求头中获取userId 2100
2025-12-17 16:23:42.209 [http-nio-8082-exec-1] INFO  c.q.x.operationlog.aspect.ApiOperationLogAspect - ====== 请求开始: [通过用户Id查询用户信息], 入参: {"userId":2100}, 请求类: UserContorller, 请求方法: findById =================================== 
2025-12-17 16:23:42.352 [http-nio-8082-exec-1] INFO  c.q.x.user.biz.service.impl.UserServiceImpl - ========从数据库中读取到了用户2100的信息
2025-12-17 16:23:42.354 [UserExecutor-1] INFO  c.q.x.user.biz.service.impl.UserServiceImpl - ========将用户2100的信息写入Redis
2025-12-17 16:23:42.354 [http-nio-8082-exec-1] INFO  c.q.x.operationlog.aspect.ApiOperationLogAspect - ====== 请求结束: [通过用户Id查询用户信息], 耗时: 146ms, 出参: {"success":true,"message":null,"errorCode":null,"data":{"userId":2100,"nickName":"小红薯12100","avatar":null,"introduction":null}} =================================== 
2025-12-17 16:23:42.364 [http-nio-8082-exec-1] INFO  c.q.xiaohashu.context.filter.UserIdContextFilter - ======删除ThreadLocal userId 2100
2025-12-17 16:23:42.377 [http-nio-8082-exec-4] INFO  c.q.xiaohashu.context.filter.UserIdContextFilter - =====从请求头中获取userId 2100
2025-12-17 16:23:42.378 [http-nio-8082-exec-4] INFO  c.q.x.operationlog.aspect.ApiOperationLogAspect - ====== 请求开始: [通过用户Id查询用户信息], 入参: {"userId":2100}, 请求类: UserContorller, 请求方法: findById =================================== 
2025-12-17 16:23:42.383 [http-nio-8082-exec-4] INFO  c.q.x.user.biz.service.impl.UserServiceImpl - ========从Reids中读取到了用户2100的信息
2025-12-17 16:23:42.390 [http-nio-8082-exec-4] INFO  c.q.x.operationlog.aspect.ApiOperationLogAspect - ====== 请求结束: [通过用户Id查询用户信息], 耗时: 11ms, 出参: {"success":true,"message":null,"errorCode":null,"data":{"userId":2100,"nickName":"小红薯12100","avatar":null,"introduction":null}} =================================== 
2025-12-17 16:23:42.390 [http-nio-8082-exec-4] INFO  c.q.xiaohashu.context.filter.UserIdContextFilter - ======删除ThreadLocal userId 2100
2025-12-17 16:23:44.650 [http-nio-8082-exec-3] INFO  c.q.xiaohashu.context.filter.UserIdContextFilter - =====从请求头中获取userId 2100
2025-12-17 16:23:44.651 [http-nio-8082-exec-3] INFO  c.q.x.operationlog.aspect.ApiOperationLogAspect - ====== 请求开始: [通过用户Id查询用户信息], 入参: {"userId":2100}, 请求类: UserContorller, 请求方法: findById =================================== 
2025-12-17 16:23:44.655 [http-nio-8082-exec-3] INFO  c.q.x.user.biz.service.impl.UserServiceImpl - ==========从本地缓存中读取用户2100的数据
2025-12-17 16:23:44.655 [http-nio-8082-exec-3] INFO  c.q.x.operationlog.aspect.ApiOperationLogAspect - ====== 请求结束: [通过用户Id查询用户信息], 耗时: 4ms, 出参: {"success":true,"message":null,"errorCode":null,"data":{"userId":2100,"nickName":"小红薯12100","avatar":null,"introduction":null}} =================================== 
2025-12-17 16:23:44.656 [http-nio-8082-exec-3] INFO  c.q.xiaohashu.context.filter.UserIdContextFilter - ======删除ThreadLocal userId 2100
2025-12-17 16:23:44.659 [http-nio-8082-exec-2] INFO  c.q.xiaohashu.context.filter.UserIdContextFilter - =====从请求头中获取userId 2100
2025-12-17 16:23:44.660 [http-nio-8082-exec-2] INFO  c.q.x.operationlog.aspect.ApiOperationLogAspect - ====== 请求开始: [通过用户Id查询用户信息], 入参: {"userId":2100}, 请求类: UserContorller, 请求方法: findById =================================== 
2025-12-17 16:23:44.661 [http-nio-8082-exec-2] INFO  c.q.x.user.biz.service.impl.UserServiceImpl - ==========从本地缓存中读取用户2100的数据
2025-12-17 16:23:44.661 [http-nio-8082-exec-2] INFO  c.q.x.operationlog.aspect.ApiOperationLogAspect - ====== 请求结束: [通过用户Id查询用户信息], 耗时: 1ms, 出参: {"success":true,"message":null,"errorCode":null,"data":{"userId":2100,"nickName":"小红薯12100","avatar":null,"introduction":null}} =================================== 
2025-12-17 16:23:44.661 [http-nio-8082-exec-2] INFO  c.q.xiaohashu.context.filter.UserIdContextFilter - ======删除ThreadLocal userId 2100
2025-12-17 16:24:01.947 [http-nio-8082-exec-5] INFO  c.q.xiaohashu.context.filter.UserIdContextFilter - =====从请求头中获取userId 2100
2025-12-17 16:24:01.948 [http-nio-8082-exec-5] INFO  c.q.x.operationlog.aspect.ApiOperationLogAspect - ====== 请求开始: [通过用户Id查询用户信息], 入参: {"userId":2100}, 请求类: UserContorller, 请求方法: findById =================================== 
2025-12-17 16:24:01.948 [http-nio-8082-exec-5] INFO  c.q.x.user.biz.service.impl.UserServiceImpl - ==========从本地缓存中读取用户2100的数据
2025-12-17 16:24:01.948 [http-nio-8082-exec-5] INFO  c.q.x.operationlog.aspect.ApiOperationLogAspect - ====== 请求结束: [通过用户Id查询用户信息], 耗时: 0ms, 出参: {"success":true,"message":null,"errorCode":null,"data":{"userId":2100,"nickName":"小红薯12100","avatar":null,"introduction":null}} =================================== 
2025-12-17 16:24:01.949 [http-nio-8082-exec-5] INFO  c.q.xiaohashu.context.filter.UserIdContextFilter - ======删除ThreadLocal userId 2100
2025-12-17 16:24:01.953 [http-nio-8082-exec-6] INFO  c.q.xiaohashu.context.filter.UserIdContextFilter - =====从请求头中获取userId 2100
2025-12-17 16:24:01.954 [http-nio-8082-exec-6] INFO  c.q.x.operationlog.aspect.ApiOperationLogAspect - ====== 请求开始: [通过用户Id查询用户信息], 入参: {"userId":2100}, 请求类: UserContorller, 请求方法: findById =================================== 
2025-12-17 16:24:01.954 [http-nio-8082-exec-6] INFO  c.q.x.user.biz.service.impl.UserServiceImpl - ==========从本地缓存中读取用户2100的数据
2025-12-17 16:24:01.954 [http-nio-8082-exec-6] INFO  c.q.x.operationlog.aspect.ApiOperationLogAspect - ====== 请求结束: [通过用户Id查询用户信息], 耗时: 0ms, 出参: {"success":true,"message":null,"errorCode":null,"data":{"userId":2100,"nickName":"小红薯12100","avatar":null,"introduction":null}} =================================== 
2025-12-17 16:24:01.955 [http-nio-8082-exec-6] INFO  c.q.xiaohashu.context.filter.UserIdContextFilter - ======删除ThreadLocal userId 2100
2025-12-17 16:25:37.063 [http-nio-8082-exec-8] INFO  c.q.xiaohashu.context.filter.UserIdContextFilter - =====从请求头中获取userId 2100
2025-12-17 16:25:37.065 [http-nio-8082-exec-8] INFO  c.q.x.operationlog.aspect.ApiOperationLogAspect - ====== 请求开始: [通过用户Id查询用户信息], 入参: {"userId":2100}, 请求类: UserContorller, 请求方法: findById =================================== 
2025-12-17 16:25:37.065 [http-nio-8082-exec-8] INFO  c.q.x.user.biz.service.impl.UserServiceImpl - ==========从本地缓存中读取用户2100的数据
2025-12-17 16:25:37.065 [http-nio-8082-exec-8] INFO  c.q.x.operationlog.aspect.ApiOperationLogAspect - ====== 请求结束: [通过用户Id查询用户信息], 耗时: 2ms, 出参: {"success":true,"message":null,"errorCode":null,"data":{"userId":2100,"nickName":"小红薯12100","avatar":null,"introduction":null}} =================================== 
2025-12-17 16:25:37.066 [http-nio-8082-exec-8] INFO  c.q.xiaohashu.context.filter.UserIdContextFilter - ======删除ThreadLocal userId 2100
2025-12-17 16:25:37.070 [http-nio-8082-exec-9] INFO  c.q.xiaohashu.context.filter.UserIdContextFilter - =====从请求头中获取userId 2100
2025-12-17 16:25:37.071 [http-nio-8082-exec-9] INFO  c.q.x.operationlog.aspect.ApiOperationLogAspect - ====== 请求开始: [通过用户Id查询用户信息], 入参: {"userId":2100}, 请求类: UserContorller, 请求方法: findById =================================== 
2025-12-17 16:25:37.071 [http-nio-8082-exec-9] INFO  c.q.x.user.biz.service.impl.UserServiceImpl - ==========从本地缓存中读取用户2100的数据
2025-12-17 16:25:37.071 [http-nio-8082-exec-9] INFO  c.q.x.operationlog.aspect.ApiOperationLogAspect - ====== 请求结束: [通过用户Id查询用户信息], 耗时: 0ms, 出参: {"success":true,"message":null,"errorCode":null,"data":{"userId":2100,"nickName":"小红薯12100","avatar":null,"introduction":null}} =================================== 
2025-12-17 16:25:37.071 [http-nio-8082-exec-9] INFO  c.q.xiaohashu.context.filter.UserIdContextFilter - ======删除ThreadLocal userId 2100
2025-12-17 17:28:26.597 [Thread-5] WARN  com.alibaba.nacos.common.notify.NotifyCenter - [NotifyCenter] Start destroying Publisher
2025-12-17 17:28:26.597 [Thread-8] WARN  c.alibaba.nacos.common.http.HttpClientBeanHolder - [HttpClientBeanHolder] Start destroying common HttpClient
2025-12-17 17:28:26.602 [Thread-5] WARN  com.alibaba.nacos.common.notify.NotifyCenter - [NotifyCenter] Destruction of the end
2025-12-17 17:28:26.606 [Thread-8] WARN  c.alibaba.nacos.common.http.HttpClientBeanHolder - [HttpClientBeanHolder] Destruction of the end
2025-12-17 17:28:26.706 [SpringApplicationShutdownHook] INFO  c.a.cloud.nacos.registry.NacosServiceRegistry - De-registering from Nacos Server now...
2025-12-17 17:28:26.706 [SpringApplicationShutdownHook] INFO  com.alibaba.nacos.client.naming - [DEREGISTER-SERVICE] xiaohashu deregistering service xiaohashu-user with instance: Instance{instanceId='null', ip='172.28.129.13', port=8082, weight=1.0, healthy=true, enabled=true, ephemeral=true, clusterName='DEFAULT', serviceName='null', metadata={}}
2025-12-17 17:28:26.713 [SpringApplicationShutdownHook] INFO  c.a.cloud.nacos.registry.NacosServiceRegistry - De-registration finished.
2025-12-17 17:28:26.713 [SpringApplicationShutdownHook] INFO  com.alibaba.nacos.client.naming - com.alibaba.nacos.client.naming.cache.ServiceInfoHolder do shutdown begin
2025-12-17 17:28:26.713 [SpringApplicationShutdownHook] INFO  com.alibaba.nacos.client.naming - com.alibaba.nacos.client.naming.backups.FailoverReactor do shutdown begin
2025-12-17 17:28:26.713 [SpringApplicationShutdownHook] INFO  com.alibaba.nacos.client.naming - com.alibaba.nacos.client.naming.backups.FailoverReactor do shutdown stop
2025-12-17 17:28:26.713 [SpringApplicationShutdownHook] INFO  com.alibaba.nacos.client.naming - com.alibaba.nacos.client.naming.cache.ServiceInfoHolder do shutdown stop
2025-12-17 17:28:26.713 [SpringApplicationShutdownHook] INFO  com.alibaba.nacos.client.naming - com.alibaba.nacos.client.naming.remote.NamingClientProxyDelegate do shutdown begin
2025-12-17 17:28:26.713 [SpringApplicationShutdownHook] INFO  com.alibaba.nacos.client.naming - com.alibaba.nacos.client.naming.core.ServiceInfoUpdateService do shutdown begin
2025-12-17 17:28:26.713 [SpringApplicationShutdownHook] INFO  com.alibaba.nacos.client.naming - com.alibaba.nacos.client.naming.core.ServiceInfoUpdateService do shutdown stop
2025-12-17 17:28:26.713 [SpringApplicationShutdownHook] INFO  com.alibaba.nacos.client.naming - com.alibaba.nacos.client.naming.core.ServerListManager do shutdown begin
2025-12-17 17:28:26.713 [SpringApplicationShutdownHook] WARN  com.alibaba.nacos.client.naming - [NamingHttpClientManager] Start destroying NacosRestTemplate
2025-12-17 17:28:26.714 [SpringApplicationShutdownHook] WARN  com.alibaba.nacos.client.naming - [NamingHttpClientManager] Destruction of the end
2025-12-17 17:28:26.714 [SpringApplicationShutdownHook] INFO  com.alibaba.nacos.client.naming - com.alibaba.nacos.client.naming.core.ServerListManager do shutdown stop
2025-12-17 17:28:26.714 [SpringApplicationShutdownHook] INFO  com.alibaba.nacos.client.naming - com.alibaba.nacos.client.naming.remote.http.NamingHttpClientProxy do shutdown begin
2025-12-17 17:28:26.714 [SpringApplicationShutdownHook] WARN  com.alibaba.nacos.client.naming - [NamingHttpClientManager] Start destroying NacosRestTemplate
2025-12-17 17:28:26.714 [SpringApplicationShutdownHook] WARN  com.alibaba.nacos.client.naming - [NamingHttpClientManager] Destruction of the end
2025-12-17 17:28:26.715 [SpringApplicationShutdownHook] INFO  com.alibaba.nacos.client.naming - com.alibaba.nacos.client.naming.remote.http.NamingHttpClientProxy do shutdown stop
2025-12-17 17:28:26.715 [SpringApplicationShutdownHook] INFO  com.alibaba.nacos.common.remote.client - Shutdown rpc client, set status to shutdown
2025-12-17 17:28:26.715 [SpringApplicationShutdownHook] INFO  com.alibaba.nacos.common.remote.client - Shutdown client event executor java.util.concurrent.ScheduledThreadPoolExecutor@3ad3b2b8[Running, pool size = 2, active threads = 2, queued tasks = 0, completed tasks = 0]
2025-12-17 17:28:26.715 [SpringApplicationShutdownHook] INFO  com.alibaba.nacos.common.remote.client - Close current connection 1765308857960_192.168.88.1_58261
2025-12-17 17:28:26.717 [nacos-grpc-client-executor-192.168.88.101-796] INFO  c.a.nacos.common.remote.client.grpc.GrpcClient - [1765308857960_192.168.88.1_58261]Ignore complete event,isRunning:false,isAbandon=false
2025-12-17 17:28:26.718 [SpringApplicationShutdownHook] INFO  c.a.nacos.common.remote.client.grpc.GrpcClient - Shutdown grpc executor java.util.concurrent.ThreadPoolExecutor@7794bfcb[Running, pool size = 4, active threads = 0, queued tasks = 0, completed tasks = 797]
2025-12-17 17:28:26.718 [SpringApplicationShutdownHook] INFO  com.alibaba.nacos.client.naming - Shutdown grpc redo service executor java.util.concurrent.ScheduledThreadPoolExecutor@5efaea3e[Running, pool size = 1, active threads = 0, queued tasks = 1, completed tasks = 1293]
2025-12-17 17:28:26.719 [SpringApplicationShutdownHook] INFO  c.a.n.client.auth.ram.identify.CredentialWatcher - [null] CredentialWatcher is stopped
2025-12-17 17:28:26.719 [SpringApplicationShutdownHook] INFO  c.a.n.client.auth.ram.identify.CredentialService - [null] CredentialService is freed
2025-12-17 17:28:26.719 [SpringApplicationShutdownHook] INFO  com.alibaba.nacos.client.naming - com.alibaba.nacos.client.naming.remote.NamingClientProxyDelegate do shutdown stop
2025-12-17 17:28:26.856 [SpringApplicationShutdownHook] INFO  com.alibaba.druid.pool.DruidDataSource - {dataSource-1} closing ...
2025-12-17 17:28:26.858 [SpringApplicationShutdownHook] INFO  com.alibaba.druid.pool.DruidDataSource - {dataSource-1} closed
