2026-03-04 21:14:59.715 [main] WARN  com.alibaba.nacos.client.logging.NacosLogging - Load Logback Configuration of Nacos fail, message: Could not initialize Logback Nacos logging from classpath:nacos-logback.xml
2026-03-04 21:14:59.778 [main] WARN  com.alibaba.nacos.client.logging.NacosLogging - Load Logback Configuration of Nacos fail, message: Could not initialize Logback Nacos logging from classpath:nacos-logback.xml
2026-03-04 21:15:00.135 [main] WARN  com.alibaba.nacos.client.logging.NacosLogging - Load Logback Configuration of Nacos fail, message: Could not initialize Logback Nacos logging from classpath:nacos-logback.xml
2026-03-04 21:15:00.147 [main] WARN  com.alibaba.nacos.client.logging.NacosLogging - Load Logback Configuration of Nacos fail, message: Could not initialize Logback Nacos logging from classpath:nacos-logback.xml
2026-03-04 21:15:00.147 [main] INFO  c.q.xiaohashu.user.biz.XiaohashuUserApplication - The following 1 profile is active: "dev"
2026-03-04 21:15:00.643 [main] INFO  o.s.d.r.config.RepositoryConfigurationDelegate - Multiple Spring Data modules found, entering strict repository configuration mode
2026-03-04 21:15:00.646 [main] INFO  o.s.d.r.config.RepositoryConfigurationDelegate - Bootstrapping Spring Data Redis repositories in DEFAULT mode.
2026-03-04 21:15:00.663 [main] INFO  o.s.d.r.config.RepositoryConfigurationDelegate - Finished Spring Data repository scanning in 6 ms. Found 0 Redis repository interfaces.
2026-03-04 21:15:00.830 [main] INFO  o.springframework.cloud.context.scope.GenericScope - BeanFactory id=7323b37b-843d-3afa-aa2e-80e2dc3f9068
2026-03-04 21:15:00.859 [main] INFO  o.s.c.s.PostProcessorRegistrationDelegate$BeanPostProcessorChecker - Bean 'com.quanxiaoha.xiaohashu.api.DistributedIdGeneratorFeignApi' of type [org.springframework.cloud.openfeign.FeignClientFactoryBean] is not eligible for getting processed by all BeanPostProcessors (for example: not eligible for auto-proxying)
2026-03-04 21:15:00.861 [main] INFO  o.s.c.s.PostProcessorRegistrationDelegate$BeanPostProcessorChecker - Bean 'com.quanxiaoha.xiaohashu.oss.api.fileapi.FileFeignApi' of type [org.springframework.cloud.openfeign.FeignClientFactoryBean] is not eligible for getting processed by all BeanPostProcessors (for example: not eligible for auto-proxying)
2026-03-04 21:15:00.862 [main] INFO  o.s.c.s.PostProcessorRegistrationDelegate$BeanPostProcessorChecker - Bean 'com.quanxiaoha.xiaohashu.user.api.userapi.UserFeignApi' of type [org.springframework.cloud.openfeign.FeignClientFactoryBean] is not eligible for getting processed by all BeanPostProcessors (for example: not eligible for auto-proxying)
2026-03-04 21:15:01.276 [main] INFO  o.s.boot.web.embedded.tomcat.TomcatWebServer - Tomcat initialized with port(s): 8082 (http)
2026-03-04 21:15:01.283 [main] INFO  org.apache.catalina.core.StandardService - Starting service [Tomcat]
2026-03-04 21:15:01.284 [main] INFO  org.apache.catalina.core.StandardEngine - Starting Servlet engine: [Apache Tomcat/10.1.5]
2026-03-04 21:15:01.358 [main] INFO  o.a.c.core.ContainerBase.[Tomcat].[localhost].[/] - Initializing Spring embedded WebApplicationContext
2026-03-04 21:15:01.359 [main] INFO  o.s.b.w.s.c.ServletWebServerApplicationContext - Root WebApplicationContext: initialization completed in 1193 ms
2026-03-04 21:15:01.557 [main] INFO  o.s.cloud.openfeign.FeignClientFactoryBean - For 'xiaohashu-distributed-id-generator' URL not provided. Will try picking an instance via load-balancing.
2026-03-04 21:15:01.605 [main] INFO  c.a.d.s.b.a.DruidDataSourceAutoConfigure - Init DruidDataSource
2026-03-04 21:15:02.017 [main] INFO  com.alibaba.druid.pool.DruidDataSource - {dataSource-1} inited
2026-03-04 21:15:02.253 [main] INFO  o.s.cloud.openfeign.FeignClientFactoryBean - For 'xiaohashu-oss' URL not provided. Will try picking an instance via load-balancing.
2026-03-04 21:15:03.102 [main] INFO  o.s.boot.web.embedded.tomcat.TomcatWebServer - Tomcat started on port(s): 8082 (http) with context path ''
2026-03-04 21:15:03.108 [main] WARN  com.alibaba.nacos.client.logging.NacosLogging - Load Logback Configuration of Nacos fail, message: Could not initialize Logback Nacos logging from classpath:nacos-logback.xml
2026-03-04 21:15:03.108 [main] INFO  com.alibaba.nacos.client.naming - initializer namespace from ans.namespace attribute : null
2026-03-04 21:15:03.108 [main] INFO  com.alibaba.nacos.client.naming - initializer namespace from ALIBABA_ALIWARE_NAMESPACE attribute :null
2026-03-04 21:15:03.108 [main] INFO  com.alibaba.nacos.client.naming - initializer namespace from namespace attribute :null
2026-03-04 21:15:03.126 [main] INFO  com.alibaba.nacos.client.utils.ParamUtil - [settings] [req-serv] nacos-server port:8848
2026-03-04 21:15:03.126 [main] INFO  com.alibaba.nacos.client.utils.ParamUtil - [settings] [http-client] connect timeout:1000
2026-03-04 21:15:03.127 [main] INFO  com.alibaba.nacos.client.utils.ParamUtil - PER_TASK_CONFIG_SIZE: 3000.0
2026-03-04 21:15:03.130 [main] INFO  c.a.n.p.auth.spi.client.ClientAuthPluginManager - [ClientAuthPluginManager] Load ClientAuthService com.alibaba.nacos.client.auth.impl.NacosClientAuthServiceImpl success.
2026-03-04 21:15:03.130 [main] INFO  c.a.n.p.auth.spi.client.ClientAuthPluginManager - [ClientAuthPluginManager] Load ClientAuthService com.alibaba.nacos.client.auth.ram.RamClientAuthServiceImpl success.
2026-03-04 21:15:03.132 [main] INFO  c.a.n.client.auth.ram.identify.CredentialWatcher - null No credential found
2026-03-04 21:15:03.138 [main] INFO  com.alibaba.nacos.common.remote.client - [RpcClientFactory] create a new rpc client of 8118ef35-ba54-4892-bb8b-7654bca819ce
2026-03-04 21:15:03.152 [main] INFO  com.alibaba.nacos.common.remote.client - [8118ef35-ba54-4892-bb8b-7654bca819ce] RpcClient init, ServerListFactory = com.alibaba.nacos.client.naming.core.ServerListManager
2026-03-04 21:15:03.153 [main] INFO  com.alibaba.nacos.common.remote.client - [8118ef35-ba54-4892-bb8b-7654bca819ce] Registry connection listener to current client:com.alibaba.nacos.client.naming.remote.gprc.redo.NamingGrpcRedoService
2026-03-04 21:15:03.153 [main] INFO  com.alibaba.nacos.common.remote.client - [8118ef35-ba54-4892-bb8b-7654bca819ce] Register server push request handler:com.alibaba.nacos.client.naming.remote.gprc.NamingPushRequestHandler
2026-03-04 21:15:03.155 [main] INFO  com.alibaba.nacos.common.remote.client - [8118ef35-ba54-4892-bb8b-7654bca819ce] Try to connect to server on start up, server: {serverIp = '192.168.88.101', server main port = 8848}
2026-03-04 21:15:03.175 [main] INFO  c.a.nacos.common.remote.client.grpc.GrpcClient - grpc client connection server:192.168.88.101 ip,serverPort:9848,grpcTslConfig:{"sslProvider":"OPENSSL","enableTls":false,"mutualAuthEnable":false,"trustAll":false}
2026-03-04 21:15:03.891 [main] INFO  com.alibaba.nacos.common.remote.client - [8118ef35-ba54-4892-bb8b-7654bca819ce] Success to connect to server [192.168.88.101:8848] on start up, connectionId = 1765365570850_192.168.88.1_52902
2026-03-04 21:15:03.891 [com.alibaba.nacos.client.remote.worker] INFO  com.alibaba.nacos.common.remote.client - [8118ef35-ba54-4892-bb8b-7654bca819ce] Notify connected event to listeners.
2026-03-04 21:15:03.891 [com.alibaba.nacos.client.remote.worker] INFO  com.alibaba.nacos.client.naming - Grpc connection connect
2026-03-04 21:15:03.891 [main] INFO  com.alibaba.nacos.common.remote.client - [8118ef35-ba54-4892-bb8b-7654bca819ce] Register server push request handler:com.alibaba.nacos.common.remote.client.RpcClient$ConnectResetRequestHandler
2026-03-04 21:15:03.892 [main] INFO  com.alibaba.nacos.common.remote.client - [8118ef35-ba54-4892-bb8b-7654bca819ce] Register server push request handler:com.alibaba.nacos.common.remote.client.RpcClient$$Lambda$1260/0x0000021451923520
2026-03-04 21:15:03.892 [main] INFO  com.alibaba.nacos.client.naming - [REGISTER-SERVICE] xiaohashu registering service xiaohashu-user with instance Instance{instanceId='null', ip='172.28.130.149', port=8082, weight=1.0, healthy=true, enabled=true, ephemeral=true, clusterName='DEFAULT', serviceName='null', metadata={IPv6=[2001:da8:c800:9000:0:0:0:edb8], preserved.register.source=SPRING_CLOUD}}
2026-03-04 21:15:03.906 [main] INFO  c.a.cloud.nacos.registry.NacosServiceRegistry - nacos registry, DEFAULT_GROUP xiaohashu-user 172.28.130.149:8082 register finished
2026-03-04 21:15:03.994 [main] INFO  c.q.xiaohashu.user.biz.XiaohashuUserApplication - Started XiaohashuUserApplication in 4.77 seconds (process running for 5.135)
2026-03-04 21:15:03.995 [main] INFO  c.q.x.u.biz.runner.PushRolePermissions2RedisRunner - ==> 服务启动，开始同步角色权限数据到 Redis 中...
2026-03-04 21:15:04.635 [main] INFO  c.q.x.u.biz.runner.PushRolePermissions2RedisRunner - roelKeyRoleDO(id=1, roleName=普通用户, roleKey=common_user, status=null, sort=null, remark=null, createTime=null, updateTime=null, isDeleted=null)
2026-03-04 21:15:04.645 [main] INFO  c.q.x.u.biz.runner.PushRolePermissions2RedisRunner - ==> 服务启动，成功同步角色权限数据到 Redis 中...
2026-03-04 21:31:01.013 [Thread-8] WARN  c.alibaba.nacos.common.http.HttpClientBeanHolder - [HttpClientBeanHolder] Start destroying common HttpClient
2026-03-04 21:31:01.013 [Thread-5] WARN  com.alibaba.nacos.common.notify.NotifyCenter - [NotifyCenter] Start destroying Publisher
2026-03-04 21:31:01.036 [Thread-5] WARN  com.alibaba.nacos.common.notify.NotifyCenter - [NotifyCenter] Destruction of the end
2026-03-04 21:31:01.038 [Thread-8] WARN  c.alibaba.nacos.common.http.HttpClientBeanHolder - [HttpClientBeanHolder] Destruction of the end
2026-03-04 21:31:01.241 [SpringApplicationShutdownHook] INFO  c.a.cloud.nacos.registry.NacosServiceRegistry - De-registering from Nacos Server now...
2026-03-04 21:31:01.243 [SpringApplicationShutdownHook] INFO  com.alibaba.nacos.client.naming - [DEREGISTER-SERVICE] xiaohashu deregistering service xiaohashu-user with instance: Instance{instanceId='null', ip='172.28.130.149', port=8082, weight=1.0, healthy=true, enabled=true, ephemeral=true, clusterName='DEFAULT', serviceName='null', metadata={}}
2026-03-04 21:31:01.262 [SpringApplicationShutdownHook] INFO  c.a.cloud.nacos.registry.NacosServiceRegistry - De-registration finished.
2026-03-04 21:31:01.264 [SpringApplicationShutdownHook] INFO  com.alibaba.nacos.client.naming - com.alibaba.nacos.client.naming.cache.ServiceInfoHolder do shutdown begin
2026-03-04 21:31:01.264 [SpringApplicationShutdownHook] INFO  com.alibaba.nacos.client.naming - com.alibaba.nacos.client.naming.backups.FailoverReactor do shutdown begin
2026-03-04 21:31:01.265 [SpringApplicationShutdownHook] INFO  com.alibaba.nacos.client.naming - com.alibaba.nacos.client.naming.backups.FailoverReactor do shutdown stop
2026-03-04 21:31:01.266 [SpringApplicationShutdownHook] INFO  com.alibaba.nacos.client.naming - com.alibaba.nacos.client.naming.cache.ServiceInfoHolder do shutdown stop
2026-03-04 21:31:01.266 [SpringApplicationShutdownHook] INFO  com.alibaba.nacos.client.naming - com.alibaba.nacos.client.naming.remote.NamingClientProxyDelegate do shutdown begin
2026-03-04 21:31:01.266 [SpringApplicationShutdownHook] INFO  com.alibaba.nacos.client.naming - com.alibaba.nacos.client.naming.core.ServiceInfoUpdateService do shutdown begin
2026-03-04 21:31:01.267 [SpringApplicationShutdownHook] INFO  com.alibaba.nacos.client.naming - com.alibaba.nacos.client.naming.core.ServiceInfoUpdateService do shutdown stop
2026-03-04 21:31:01.267 [SpringApplicationShutdownHook] INFO  com.alibaba.nacos.client.naming - com.alibaba.nacos.client.naming.core.ServerListManager do shutdown begin
2026-03-04 21:31:01.267 [SpringApplicationShutdownHook] WARN  com.alibaba.nacos.client.naming - [NamingHttpClientManager] Start destroying NacosRestTemplate
2026-03-04 21:31:01.267 [SpringApplicationShutdownHook] WARN  com.alibaba.nacos.client.naming - [NamingHttpClientManager] Destruction of the end
2026-03-04 21:31:01.267 [SpringApplicationShutdownHook] INFO  com.alibaba.nacos.client.naming - com.alibaba.nacos.client.naming.core.ServerListManager do shutdown stop
2026-03-04 21:31:01.268 [SpringApplicationShutdownHook] INFO  com.alibaba.nacos.client.naming - com.alibaba.nacos.client.naming.remote.http.NamingHttpClientProxy do shutdown begin
2026-03-04 21:31:01.269 [SpringApplicationShutdownHook] WARN  com.alibaba.nacos.client.naming - [NamingHttpClientManager] Start destroying NacosRestTemplate
2026-03-04 21:31:01.270 [SpringApplicationShutdownHook] WARN  com.alibaba.nacos.client.naming - [NamingHttpClientManager] Destruction of the end
2026-03-04 21:31:01.271 [SpringApplicationShutdownHook] INFO  com.alibaba.nacos.client.naming - com.alibaba.nacos.client.naming.remote.http.NamingHttpClientProxy do shutdown stop
2026-03-04 21:31:01.272 [SpringApplicationShutdownHook] INFO  com.alibaba.nacos.common.remote.client - Shutdown rpc client, set status to shutdown
2026-03-04 21:31:01.273 [SpringApplicationShutdownHook] INFO  com.alibaba.nacos.common.remote.client - Shutdown client event executor java.util.concurrent.ScheduledThreadPoolExecutor@534764fd[Running, pool size = 2, active threads = 2, queued tasks = 0, completed tasks = 0]
2026-03-04 21:31:01.274 [SpringApplicationShutdownHook] INFO  com.alibaba.nacos.common.remote.client - Close current connection 1765365570850_192.168.88.1_52902
2026-03-04 21:31:01.284 [nacos-grpc-client-executor-192.168.88.101-209] INFO  c.a.nacos.common.remote.client.grpc.GrpcClient - [1765365570850_192.168.88.1_52902]Ignore complete event,isRunning:false,isAbandon=false
2026-03-04 21:31:01.307 [SpringApplicationShutdownHook] INFO  c.a.nacos.common.remote.client.grpc.GrpcClient - Shutdown grpc executor java.util.concurrent.ThreadPoolExecutor@2f1f535e[Running, pool size = 4, active threads = 0, queued tasks = 0, completed tasks = 210]
2026-03-04 21:31:01.309 [SpringApplicationShutdownHook] INFO  com.alibaba.nacos.client.naming - Shutdown grpc redo service executor java.util.concurrent.ScheduledThreadPoolExecutor@2b453586[Running, pool size = 1, active threads = 0, queued tasks = 1, completed tasks = 318]
2026-03-04 21:31:01.310 [SpringApplicationShutdownHook] INFO  c.a.n.client.auth.ram.identify.CredentialWatcher - [null] CredentialWatcher is stopped
2026-03-04 21:31:01.310 [SpringApplicationShutdownHook] INFO  c.a.n.client.auth.ram.identify.CredentialService - [null] CredentialService is freed
2026-03-04 21:31:01.311 [SpringApplicationShutdownHook] INFO  com.alibaba.nacos.client.naming - com.alibaba.nacos.client.naming.remote.NamingClientProxyDelegate do shutdown stop
2026-03-04 21:31:01.522 [SpringApplicationShutdownHook] INFO  com.alibaba.druid.pool.DruidDataSource - {dataSource-1} closing ...
2026-03-04 21:31:01.528 [SpringApplicationShutdownHook] INFO  com.alibaba.druid.pool.DruidDataSource - {dataSource-1} closed
