2025-12-05 17:14:54.607 [main] WARN  com.alibaba.nacos.client.logging.NacosLogging - Load Logback Configuration of Nacos fail, message: Could not initialize Logback Nacos logging from classpath:nacos-logback.xml
2025-12-05 17:14:54.654 [main] WARN  com.alibaba.nacos.client.logging.NacosLogging - Load Logback Configuration of Nacos fail, message: Could not initialize Logback Nacos logging from classpath:nacos-logback.xml
2025-12-05 17:14:54.964 [main] WARN  com.alibaba.nacos.client.logging.NacosLogging - Load Logback Configuration of Nacos fail, message: Could not initialize Logback Nacos logging from classpath:nacos-logback.xml
2025-12-05 17:14:54.974 [main] WARN  com.alibaba.nacos.client.logging.NacosLogging - Load Logback Configuration of Nacos fail, message: Could not initialize Logback Nacos logging from classpath:nacos-logback.xml
2025-12-05 17:14:54.974 [main] INFO  c.q.x.u.r.biz.XiaohashuUserRelationBizApplication - The following 1 profile is active: "dev"
2025-12-05 17:14:55.254 [main] WARN  org.mybatis.spring.mapper.ClassPathMapperScanner - No MyBatis mapper was found in '[com.quanxiaoha.xiaohashu.user.relation.biz]' package. Please check your configuration.
2025-12-05 17:14:55.294 [main] INFO  o.springframework.cloud.context.scope.GenericScope - BeanFactory id=e2f8604b-7fd9-361d-a655-2bbb9c7ef458
2025-12-05 17:14:55.514 [main] INFO  o.s.boot.web.embedded.tomcat.TomcatWebServer - Tomcat initialized with port(s): 8087 (http)
2025-12-05 17:14:55.520 [main] INFO  org.apache.catalina.core.StandardService - Starting service [Tomcat]
2025-12-05 17:14:55.520 [main] INFO  org.apache.catalina.core.StandardEngine - Starting Servlet engine: [Apache Tomcat/10.1.5]
2025-12-05 17:14:55.568 [main] INFO  o.a.c.core.ContainerBase.[Tomcat].[localhost].[/] - Initializing Spring embedded WebApplicationContext
2025-12-05 17:14:55.568 [main] INFO  o.s.b.w.s.c.ServletWebServerApplicationContext - Root WebApplicationContext: initialization completed in 587 ms
2025-12-05 17:14:57.138 [main] INFO  c.a.d.s.b.a.DruidDataSourceAutoConfigure - Init DruidDataSource
2025-12-05 17:14:57.320 [main] INFO  com.alibaba.druid.pool.DruidDataSource - {dataSource-1} inited
2025-12-05 17:14:57.550 [main] INFO  o.s.boot.web.embedded.tomcat.TomcatWebServer - Tomcat started on port(s): 8087 (http) with context path ''
2025-12-05 17:14:57.555 [main] WARN  com.alibaba.nacos.client.logging.NacosLogging - Load Logback Configuration of Nacos fail, message: Could not initialize Logback Nacos logging from classpath:nacos-logback.xml
2025-12-05 17:14:57.556 [main] INFO  com.alibaba.nacos.client.naming - initializer namespace from ans.namespace attribute : null
2025-12-05 17:14:57.556 [main] INFO  com.alibaba.nacos.client.naming - initializer namespace from ALIBABA_ALIWARE_NAMESPACE attribute :null
2025-12-05 17:14:57.556 [main] INFO  com.alibaba.nacos.client.naming - initializer namespace from namespace attribute :null
2025-12-05 17:14:57.573 [main] INFO  com.alibaba.nacos.client.utils.ParamUtil - [settings] [req-serv] nacos-server port:8848
2025-12-05 17:14:57.573 [main] INFO  com.alibaba.nacos.client.utils.ParamUtil - [settings] [http-client] connect timeout:1000
2025-12-05 17:14:57.573 [main] INFO  com.alibaba.nacos.client.utils.ParamUtil - PER_TASK_CONFIG_SIZE: 3000.0
2025-12-05 17:14:57.576 [main] INFO  c.a.n.p.auth.spi.client.ClientAuthPluginManager - [ClientAuthPluginManager] Load ClientAuthService com.alibaba.nacos.client.auth.impl.NacosClientAuthServiceImpl success.
2025-12-05 17:14:57.577 [main] INFO  c.a.n.p.auth.spi.client.ClientAuthPluginManager - [ClientAuthPluginManager] Load ClientAuthService com.alibaba.nacos.client.auth.ram.RamClientAuthServiceImpl success.
2025-12-05 17:14:57.578 [main] INFO  c.a.n.client.auth.ram.identify.CredentialWatcher - null No credential found
2025-12-05 17:14:57.585 [main] INFO  com.alibaba.nacos.common.remote.client - [RpcClientFactory] create a new rpc client of e01944c9-b5dd-4e5c-a7dc-30a3a9e7e803
2025-12-05 17:14:57.601 [main] INFO  com.alibaba.nacos.common.remote.client - [e01944c9-b5dd-4e5c-a7dc-30a3a9e7e803] RpcClient init, ServerListFactory = com.alibaba.nacos.client.naming.core.ServerListManager
2025-12-05 17:14:57.601 [main] INFO  com.alibaba.nacos.common.remote.client - [e01944c9-b5dd-4e5c-a7dc-30a3a9e7e803] Registry connection listener to current client:com.alibaba.nacos.client.naming.remote.gprc.redo.NamingGrpcRedoService
2025-12-05 17:14:57.601 [main] INFO  com.alibaba.nacos.common.remote.client - [e01944c9-b5dd-4e5c-a7dc-30a3a9e7e803] Register server push request handler:com.alibaba.nacos.client.naming.remote.gprc.NamingPushRequestHandler
2025-12-05 17:14:57.603 [main] INFO  com.alibaba.nacos.common.remote.client - [e01944c9-b5dd-4e5c-a7dc-30a3a9e7e803] Try to connect to server on start up, server: {serverIp = '192.168.88.101', server main port = 8848}
2025-12-05 17:14:57.621 [main] INFO  c.a.nacos.common.remote.client.grpc.GrpcClient - grpc client connection server:192.168.88.101 ip,serverPort:9848,grpcTslConfig:{"sslProvider":"OPENSSL","enableTls":false,"mutualAuthEnable":false,"trustAll":false}
2025-12-05 17:14:58.347 [main] INFO  com.alibaba.nacos.common.remote.client - [e01944c9-b5dd-4e5c-a7dc-30a3a9e7e803] Success to connect to server [192.168.88.101:8848] on start up, connectionId = 1764926097087_192.168.88.1_57191
2025-12-05 17:14:58.347 [com.alibaba.nacos.client.remote.worker] INFO  com.alibaba.nacos.common.remote.client - [e01944c9-b5dd-4e5c-a7dc-30a3a9e7e803] Notify connected event to listeners.
2025-12-05 17:14:58.347 [com.alibaba.nacos.client.remote.worker] INFO  com.alibaba.nacos.client.naming - Grpc connection connect
2025-12-05 17:14:58.347 [main] INFO  com.alibaba.nacos.common.remote.client - [e01944c9-b5dd-4e5c-a7dc-30a3a9e7e803] Register server push request handler:com.alibaba.nacos.common.remote.client.RpcClient$ConnectResetRequestHandler
2025-12-05 17:14:58.347 [main] INFO  com.alibaba.nacos.common.remote.client - [e01944c9-b5dd-4e5c-a7dc-30a3a9e7e803] Register server push request handler:com.alibaba.nacos.common.remote.client.RpcClient$$Lambda$1007/0x000001f00175d180
2025-12-05 17:14:58.349 [main] INFO  com.alibaba.nacos.client.naming - [REGISTER-SERVICE] xiaohashu registering service xiaohashu-user-relation with instance Instance{instanceId='null', ip='172.28.129.13', port=8087, weight=1.0, healthy=true, enabled=true, ephemeral=true, clusterName='DEFAULT', serviceName='null', metadata={IPv6=[fc00:1000:5:35fb:8122:7bed:d0af:a185], preserved.register.source=SPRING_CLOUD}}
2025-12-05 17:14:58.360 [main] INFO  c.a.cloud.nacos.registry.NacosServiceRegistry - nacos registry, DEFAULT_GROUP xiaohashu-user-relation 172.28.129.13:8087 register finished
2025-12-05 17:14:58.447 [main] INFO  c.q.x.u.r.biz.XiaohashuUserRelationBizApplication - Started XiaohashuUserRelationBizApplication in 4.273 seconds (process running for 4.574)
2025-12-05 17:15:00.023 [Thread-5] WARN  com.alibaba.nacos.common.notify.NotifyCenter - [NotifyCenter] Start destroying Publisher
2025-12-05 17:15:00.023 [Thread-8] WARN  c.alibaba.nacos.common.http.HttpClientBeanHolder - [HttpClientBeanHolder] Start destroying common HttpClient
2025-12-05 17:15:00.023 [Thread-5] WARN  com.alibaba.nacos.common.notify.NotifyCenter - [NotifyCenter] Destruction of the end
2025-12-05 17:15:00.024 [Thread-8] WARN  c.alibaba.nacos.common.http.HttpClientBeanHolder - [HttpClientBeanHolder] Destruction of the end
2025-12-05 17:15:00.044 [SpringApplicationShutdownHook] INFO  com.alibaba.druid.pool.DruidDataSource - {dataSource-1} closing ...
2025-12-05 17:15:00.046 [SpringApplicationShutdownHook] INFO  com.alibaba.druid.pool.DruidDataSource - {dataSource-1} closed
2025-12-05 17:15:00.048 [SpringApplicationShutdownHook] INFO  c.a.cloud.nacos.registry.NacosServiceRegistry - De-registering from Nacos Server now...
2025-12-05 17:15:00.049 [SpringApplicationShutdownHook] INFO  com.alibaba.nacos.client.naming - [DEREGISTER-SERVICE] xiaohashu deregistering service xiaohashu-user-relation with instance: Instance{instanceId='null', ip='172.28.129.13', port=8087, weight=1.0, healthy=true, enabled=true, ephemeral=true, clusterName='DEFAULT', serviceName='null', metadata={}}
2025-12-05 17:15:00.053 [SpringApplicationShutdownHook] INFO  c.a.cloud.nacos.registry.NacosServiceRegistry - De-registration finished.
2025-12-05 17:15:00.053 [SpringApplicationShutdownHook] INFO  com.alibaba.nacos.client.naming - com.alibaba.nacos.client.naming.cache.ServiceInfoHolder do shutdown begin
2025-12-05 17:15:00.053 [SpringApplicationShutdownHook] INFO  com.alibaba.nacos.client.naming - com.alibaba.nacos.client.naming.backups.FailoverReactor do shutdown begin
2025-12-05 17:15:00.374 [SpringApplicationShutdownHook] INFO  com.alibaba.nacos.client.naming - com.alibaba.nacos.client.naming.backups.FailoverReactor do shutdown stop
2025-12-05 17:15:00.374 [SpringApplicationShutdownHook] INFO  com.alibaba.nacos.client.naming - com.alibaba.nacos.client.naming.cache.ServiceInfoHolder do shutdown stop
2025-12-05 17:15:00.374 [SpringApplicationShutdownHook] INFO  com.alibaba.nacos.client.naming - com.alibaba.nacos.client.naming.remote.NamingClientProxyDelegate do shutdown begin
2025-12-05 17:15:00.374 [SpringApplicationShutdownHook] INFO  com.alibaba.nacos.client.naming - com.alibaba.nacos.client.naming.core.ServiceInfoUpdateService do shutdown begin
2025-12-05 17:15:00.374 [SpringApplicationShutdownHook] INFO  com.alibaba.nacos.client.naming - com.alibaba.nacos.client.naming.core.ServiceInfoUpdateService do shutdown stop
2025-12-05 17:15:00.374 [SpringApplicationShutdownHook] INFO  com.alibaba.nacos.client.naming - com.alibaba.nacos.client.naming.core.ServerListManager do shutdown begin
2025-12-05 17:15:00.374 [SpringApplicationShutdownHook] WARN  com.alibaba.nacos.client.naming - [NamingHttpClientManager] Start destroying NacosRestTemplate
2025-12-05 17:15:00.374 [SpringApplicationShutdownHook] WARN  com.alibaba.nacos.client.naming - [NamingHttpClientManager] Destruction of the end
2025-12-05 17:15:00.374 [SpringApplicationShutdownHook] INFO  com.alibaba.nacos.client.naming - com.alibaba.nacos.client.naming.core.ServerListManager do shutdown stop
2025-12-05 17:15:00.374 [SpringApplicationShutdownHook] INFO  com.alibaba.nacos.client.naming - com.alibaba.nacos.client.naming.remote.http.NamingHttpClientProxy do shutdown begin
2025-12-05 17:15:00.374 [SpringApplicationShutdownHook] WARN  com.alibaba.nacos.client.naming - [NamingHttpClientManager] Start destroying NacosRestTemplate
2025-12-05 17:15:00.374 [SpringApplicationShutdownHook] WARN  com.alibaba.nacos.client.naming - [NamingHttpClientManager] Destruction of the end
2025-12-05 17:15:00.375 [SpringApplicationShutdownHook] INFO  com.alibaba.nacos.client.naming - com.alibaba.nacos.client.naming.remote.http.NamingHttpClientProxy do shutdown stop
2025-12-05 17:15:00.375 [SpringApplicationShutdownHook] INFO  com.alibaba.nacos.common.remote.client - Shutdown rpc client, set status to shutdown
2025-12-05 17:15:00.375 [SpringApplicationShutdownHook] INFO  com.alibaba.nacos.common.remote.client - Shutdown client event executor java.util.concurrent.ScheduledThreadPoolExecutor@1f101a86[Running, pool size = 2, active threads = 2, queued tasks = 0, completed tasks = 0]
2025-12-05 17:15:00.375 [SpringApplicationShutdownHook] INFO  com.alibaba.nacos.common.remote.client - Close current connection 1764926097087_192.168.88.1_57191
2025-12-05 17:15:00.377 [nacos-grpc-client-executor-192.168.88.101-10] WARN  c.a.nacos.common.remote.client.grpc.GrpcClient - [1764926097087_192.168.88.1_57191]Ignore error event,isRunning:false,isAbandon=false
2025-12-05 17:15:00.378 [SpringApplicationShutdownHook] INFO  c.a.nacos.common.remote.client.grpc.GrpcClient - Shutdown grpc executor java.util.concurrent.ThreadPoolExecutor@2a4d67e1[Running, pool size = 11, active threads = 0, queued tasks = 0, completed tasks = 11]
2025-12-05 17:15:00.378 [SpringApplicationShutdownHook] INFO  com.alibaba.nacos.client.naming - Shutdown grpc redo service executor java.util.concurrent.ScheduledThreadPoolExecutor@1f9dbd69[Running, pool size = 1, active threads = 0, queued tasks = 1, completed tasks = 0]
2025-12-05 17:15:00.379 [SpringApplicationShutdownHook] INFO  c.a.n.client.auth.ram.identify.CredentialWatcher - [null] CredentialWatcher is stopped
2025-12-05 17:15:00.379 [SpringApplicationShutdownHook] INFO  c.a.n.client.auth.ram.identify.CredentialService - [null] CredentialService is freed
2025-12-05 17:15:00.379 [SpringApplicationShutdownHook] INFO  com.alibaba.nacos.client.naming - com.alibaba.nacos.client.naming.remote.NamingClientProxyDelegate do shutdown stop
2025-12-05 17:21:37.443 [main] WARN  com.alibaba.nacos.client.logging.NacosLogging - Load Logback Configuration of Nacos fail, message: Could not initialize Logback Nacos logging from classpath:nacos-logback.xml
2025-12-05 17:21:37.487 [main] WARN  com.alibaba.nacos.client.logging.NacosLogging - Load Logback Configuration of Nacos fail, message: Could not initialize Logback Nacos logging from classpath:nacos-logback.xml
2025-12-05 17:21:37.802 [main] WARN  com.alibaba.nacos.client.logging.NacosLogging - Load Logback Configuration of Nacos fail, message: Could not initialize Logback Nacos logging from classpath:nacos-logback.xml
2025-12-05 17:21:37.813 [main] WARN  com.alibaba.nacos.client.logging.NacosLogging - Load Logback Configuration of Nacos fail, message: Could not initialize Logback Nacos logging from classpath:nacos-logback.xml
2025-12-05 17:21:37.813 [main] INFO  c.q.x.u.r.biz.XiaohashuUserRelationBizApplication - The following 1 profile is active: "dev"
2025-12-05 17:21:38.189 [main] INFO  o.s.d.r.config.RepositoryConfigurationDelegate - Multiple Spring Data modules found, entering strict repository configuration mode
2025-12-05 17:21:38.192 [main] INFO  o.s.d.r.config.RepositoryConfigurationDelegate - Bootstrapping Spring Data Redis repositories in DEFAULT mode.
2025-12-05 17:21:38.212 [main] INFO  o.s.d.r.config.RepositoryConfigurationDelegate - Finished Spring Data repository scanning in 5 ms. Found 0 Redis repository interfaces.
2025-12-05 17:21:38.275 [main] WARN  org.mybatis.spring.mapper.ClassPathMapperScanner - No MyBatis mapper was found in '[com.quanxiaoha.xiaohashu.user.relation.biz]' package. Please check your configuration.
2025-12-05 17:21:38.320 [main] INFO  o.springframework.cloud.context.scope.GenericScope - BeanFactory id=161039e4-864d-32f1-89a8-609487724b82
2025-12-05 17:21:38.652 [main] INFO  o.s.boot.web.embedded.tomcat.TomcatWebServer - Tomcat initialized with port(s): 8087 (http)
2025-12-05 17:21:38.658 [main] INFO  org.apache.catalina.core.StandardService - Starting service [Tomcat]
2025-12-05 17:21:38.658 [main] INFO  org.apache.catalina.core.StandardEngine - Starting Servlet engine: [Apache Tomcat/10.1.5]
2025-12-05 17:21:38.711 [main] INFO  o.a.c.core.ContainerBase.[Tomcat].[localhost].[/] - Initializing Spring embedded WebApplicationContext
2025-12-05 17:21:38.711 [main] INFO  o.s.b.w.s.c.ServletWebServerApplicationContext - Root WebApplicationContext: initialization completed in 888 ms
2025-12-05 17:21:40.628 [main] INFO  c.a.d.s.b.a.DruidDataSourceAutoConfigure - Init DruidDataSource
2025-12-05 17:21:40.782 [main] INFO  com.alibaba.druid.pool.DruidDataSource - {dataSource-1} inited
2025-12-05 17:21:41.120 [main] INFO  o.s.boot.web.embedded.tomcat.TomcatWebServer - Tomcat started on port(s): 8087 (http) with context path ''
2025-12-05 17:21:41.124 [main] WARN  com.alibaba.nacos.client.logging.NacosLogging - Load Logback Configuration of Nacos fail, message: Could not initialize Logback Nacos logging from classpath:nacos-logback.xml
2025-12-05 17:21:41.124 [main] INFO  com.alibaba.nacos.client.naming - initializer namespace from ans.namespace attribute : null
2025-12-05 17:21:41.124 [main] INFO  com.alibaba.nacos.client.naming - initializer namespace from ALIBABA_ALIWARE_NAMESPACE attribute :null
2025-12-05 17:21:41.125 [main] INFO  com.alibaba.nacos.client.naming - initializer namespace from namespace attribute :null
2025-12-05 17:21:41.137 [main] INFO  com.alibaba.nacos.client.utils.ParamUtil - [settings] [req-serv] nacos-server port:8848
2025-12-05 17:21:41.137 [main] INFO  com.alibaba.nacos.client.utils.ParamUtil - [settings] [http-client] connect timeout:1000
2025-12-05 17:21:41.138 [main] INFO  com.alibaba.nacos.client.utils.ParamUtil - PER_TASK_CONFIG_SIZE: 3000.0
2025-12-05 17:21:41.141 [main] INFO  c.a.n.p.auth.spi.client.ClientAuthPluginManager - [ClientAuthPluginManager] Load ClientAuthService com.alibaba.nacos.client.auth.impl.NacosClientAuthServiceImpl success.
2025-12-05 17:21:41.141 [main] INFO  c.a.n.p.auth.spi.client.ClientAuthPluginManager - [ClientAuthPluginManager] Load ClientAuthService com.alibaba.nacos.client.auth.ram.RamClientAuthServiceImpl success.
2025-12-05 17:21:41.142 [main] INFO  c.a.n.client.auth.ram.identify.CredentialWatcher - null No credential found
2025-12-05 17:21:41.148 [main] INFO  com.alibaba.nacos.common.remote.client - [RpcClientFactory] create a new rpc client of d0fc438c-6315-4c32-8b2d-89cb5c966cf7
2025-12-05 17:21:41.159 [main] INFO  com.alibaba.nacos.common.remote.client - [d0fc438c-6315-4c32-8b2d-89cb5c966cf7] RpcClient init, ServerListFactory = com.alibaba.nacos.client.naming.core.ServerListManager
2025-12-05 17:21:41.159 [main] INFO  com.alibaba.nacos.common.remote.client - [d0fc438c-6315-4c32-8b2d-89cb5c966cf7] Registry connection listener to current client:com.alibaba.nacos.client.naming.remote.gprc.redo.NamingGrpcRedoService
2025-12-05 17:21:41.159 [main] INFO  com.alibaba.nacos.common.remote.client - [d0fc438c-6315-4c32-8b2d-89cb5c966cf7] Register server push request handler:com.alibaba.nacos.client.naming.remote.gprc.NamingPushRequestHandler
2025-12-05 17:21:41.160 [main] INFO  com.alibaba.nacos.common.remote.client - [d0fc438c-6315-4c32-8b2d-89cb5c966cf7] Try to connect to server on start up, server: {serverIp = '192.168.88.101', server main port = 8848}
2025-12-05 17:21:41.179 [main] INFO  c.a.nacos.common.remote.client.grpc.GrpcClient - grpc client connection server:192.168.88.101 ip,serverPort:9848,grpcTslConfig:{"sslProvider":"OPENSSL","enableTls":false,"mutualAuthEnable":false,"trustAll":false}
2025-12-05 17:21:41.849 [main] INFO  com.alibaba.nacos.common.remote.client - [d0fc438c-6315-4c32-8b2d-89cb5c966cf7] Success to connect to server [192.168.88.101:8848] on start up, connectionId = 1764926500594_192.168.88.1_53153
2025-12-05 17:21:41.849 [com.alibaba.nacos.client.remote.worker] INFO  com.alibaba.nacos.common.remote.client - [d0fc438c-6315-4c32-8b2d-89cb5c966cf7] Notify connected event to listeners.
2025-12-05 17:21:41.850 [com.alibaba.nacos.client.remote.worker] INFO  com.alibaba.nacos.client.naming - Grpc connection connect
2025-12-05 17:21:41.850 [main] INFO  com.alibaba.nacos.common.remote.client - [d0fc438c-6315-4c32-8b2d-89cb5c966cf7] Register server push request handler:com.alibaba.nacos.common.remote.client.RpcClient$ConnectResetRequestHandler
2025-12-05 17:21:41.850 [main] INFO  com.alibaba.nacos.common.remote.client - [d0fc438c-6315-4c32-8b2d-89cb5c966cf7] Register server push request handler:com.alibaba.nacos.common.remote.client.RpcClient$$Lambda$1213/0x000001e3bf88c810
2025-12-05 17:21:41.851 [main] INFO  com.alibaba.nacos.client.naming - [REGISTER-SERVICE] xiaohashu registering service xiaohashu-user-relation with instance Instance{instanceId='null', ip='172.28.129.13', port=8087, weight=1.0, healthy=true, enabled=true, ephemeral=true, clusterName='DEFAULT', serviceName='null', metadata={IPv6=[fc00:1000:5:35fb:8122:7bed:d0af:a185], preserved.register.source=SPRING_CLOUD}}
2025-12-05 17:21:41.861 [main] INFO  c.a.cloud.nacos.registry.NacosServiceRegistry - nacos registry, DEFAULT_GROUP xiaohashu-user-relation 172.28.129.13:8087 register finished
2025-12-05 17:21:41.940 [main] INFO  c.q.x.u.r.biz.XiaohashuUserRelationBizApplication - Started XiaohashuUserRelationBizApplication in 4.883 seconds (process running for 5.177)
2025-12-05 17:22:00.044 [Thread-8] WARN  c.alibaba.nacos.common.http.HttpClientBeanHolder - [HttpClientBeanHolder] Start destroying common HttpClient
2025-12-05 17:22:00.044 [Thread-5] WARN  com.alibaba.nacos.common.notify.NotifyCenter - [NotifyCenter] Start destroying Publisher
2025-12-05 17:22:00.044 [Thread-5] WARN  com.alibaba.nacos.common.notify.NotifyCenter - [NotifyCenter] Destruction of the end
2025-12-05 17:22:00.045 [Thread-8] WARN  c.alibaba.nacos.common.http.HttpClientBeanHolder - [HttpClientBeanHolder] Destruction of the end
2025-12-05 17:22:00.065 [SpringApplicationShutdownHook] INFO  com.alibaba.druid.pool.DruidDataSource - {dataSource-1} closing ...
2025-12-05 17:22:00.069 [SpringApplicationShutdownHook] INFO  com.alibaba.druid.pool.DruidDataSource - {dataSource-1} closed
2025-12-05 17:22:00.069 [SpringApplicationShutdownHook] INFO  c.a.cloud.nacos.registry.NacosServiceRegistry - De-registering from Nacos Server now...
2025-12-05 17:22:00.069 [SpringApplicationShutdownHook] INFO  com.alibaba.nacos.client.naming - [DEREGISTER-SERVICE] xiaohashu deregistering service xiaohashu-user-relation with instance: Instance{instanceId='null', ip='172.28.129.13', port=8087, weight=1.0, healthy=true, enabled=true, ephemeral=true, clusterName='DEFAULT', serviceName='null', metadata={}}
2025-12-05 17:22:00.073 [SpringApplicationShutdownHook] INFO  c.a.cloud.nacos.registry.NacosServiceRegistry - De-registration finished.
2025-12-05 17:22:00.073 [SpringApplicationShutdownHook] INFO  com.alibaba.nacos.client.naming - com.alibaba.nacos.client.naming.cache.ServiceInfoHolder do shutdown begin
2025-12-05 17:22:00.073 [SpringApplicationShutdownHook] INFO  com.alibaba.nacos.client.naming - com.alibaba.nacos.client.naming.backups.FailoverReactor do shutdown begin
2025-12-05 17:22:00.073 [SpringApplicationShutdownHook] INFO  com.alibaba.nacos.client.naming - com.alibaba.nacos.client.naming.backups.FailoverReactor do shutdown stop
2025-12-05 17:22:00.073 [SpringApplicationShutdownHook] INFO  com.alibaba.nacos.client.naming - com.alibaba.nacos.client.naming.cache.ServiceInfoHolder do shutdown stop
2025-12-05 17:22:00.073 [SpringApplicationShutdownHook] INFO  com.alibaba.nacos.client.naming - com.alibaba.nacos.client.naming.remote.NamingClientProxyDelegate do shutdown begin
2025-12-05 17:22:00.073 [SpringApplicationShutdownHook] INFO  com.alibaba.nacos.client.naming - com.alibaba.nacos.client.naming.core.ServiceInfoUpdateService do shutdown begin
2025-12-05 17:22:00.073 [SpringApplicationShutdownHook] INFO  com.alibaba.nacos.client.naming - com.alibaba.nacos.client.naming.core.ServiceInfoUpdateService do shutdown stop
2025-12-05 17:22:00.073 [SpringApplicationShutdownHook] INFO  com.alibaba.nacos.client.naming - com.alibaba.nacos.client.naming.core.ServerListManager do shutdown begin
2025-12-05 17:22:00.073 [SpringApplicationShutdownHook] WARN  com.alibaba.nacos.client.naming - [NamingHttpClientManager] Start destroying NacosRestTemplate
2025-12-05 17:22:00.073 [SpringApplicationShutdownHook] WARN  com.alibaba.nacos.client.naming - [NamingHttpClientManager] Destruction of the end
2025-12-05 17:22:00.073 [SpringApplicationShutdownHook] INFO  com.alibaba.nacos.client.naming - com.alibaba.nacos.client.naming.core.ServerListManager do shutdown stop
2025-12-05 17:22:00.073 [SpringApplicationShutdownHook] INFO  com.alibaba.nacos.client.naming - com.alibaba.nacos.client.naming.remote.http.NamingHttpClientProxy do shutdown begin
2025-12-05 17:22:00.073 [SpringApplicationShutdownHook] WARN  com.alibaba.nacos.client.naming - [NamingHttpClientManager] Start destroying NacosRestTemplate
2025-12-05 17:22:00.073 [SpringApplicationShutdownHook] WARN  com.alibaba.nacos.client.naming - [NamingHttpClientManager] Destruction of the end
2025-12-05 17:22:00.073 [SpringApplicationShutdownHook] INFO  com.alibaba.nacos.client.naming - com.alibaba.nacos.client.naming.remote.http.NamingHttpClientProxy do shutdown stop
2025-12-05 17:22:00.073 [SpringApplicationShutdownHook] INFO  com.alibaba.nacos.common.remote.client - Shutdown rpc client, set status to shutdown
2025-12-05 17:22:00.073 [SpringApplicationShutdownHook] INFO  com.alibaba.nacos.common.remote.client - Shutdown client event executor java.util.concurrent.ScheduledThreadPoolExecutor@7ce3fe9f[Running, pool size = 2, active threads = 2, queued tasks = 0, completed tasks = 0]
2025-12-05 17:22:00.073 [SpringApplicationShutdownHook] INFO  com.alibaba.nacos.common.remote.client - Close current connection 1764926500594_192.168.88.1_53153
2025-12-05 17:22:00.076 [nacos-grpc-client-executor-192.168.88.101-13] INFO  c.a.nacos.common.remote.client.grpc.GrpcClient - [1764926500594_192.168.88.1_53153]Ignore complete event,isRunning:false,isAbandon=false
2025-12-05 17:22:00.077 [SpringApplicationShutdownHook] INFO  c.a.nacos.common.remote.client.grpc.GrpcClient - Shutdown grpc executor java.util.concurrent.ThreadPoolExecutor@4d07fda4[Running, pool size = 6, active threads = 0, queued tasks = 0, completed tasks = 14]
2025-12-05 17:22:00.077 [SpringApplicationShutdownHook] INFO  com.alibaba.nacos.client.naming - Shutdown grpc redo service executor java.util.concurrent.ScheduledThreadPoolExecutor@627f6baf[Running, pool size = 1, active threads = 0, queued tasks = 1, completed tasks = 6]
2025-12-05 17:22:00.077 [SpringApplicationShutdownHook] INFO  c.a.n.client.auth.ram.identify.CredentialWatcher - [null] CredentialWatcher is stopped
2025-12-05 17:22:00.077 [SpringApplicationShutdownHook] INFO  c.a.n.client.auth.ram.identify.CredentialService - [null] CredentialService is freed
2025-12-05 17:22:00.077 [SpringApplicationShutdownHook] INFO  com.alibaba.nacos.client.naming - com.alibaba.nacos.client.naming.remote.NamingClientProxyDelegate do shutdown stop
2025-12-05 17:56:55.467 [main] WARN  com.alibaba.nacos.client.logging.NacosLogging - Load Logback Configuration of Nacos fail, message: Could not initialize Logback Nacos logging from classpath:nacos-logback.xml
2025-12-05 17:56:55.546 [main] WARN  com.alibaba.nacos.client.logging.NacosLogging - Load Logback Configuration of Nacos fail, message: Could not initialize Logback Nacos logging from classpath:nacos-logback.xml
2025-12-05 17:56:56.011 [main] WARN  com.alibaba.nacos.client.logging.NacosLogging - Load Logback Configuration of Nacos fail, message: Could not initialize Logback Nacos logging from classpath:nacos-logback.xml
2025-12-05 17:56:56.025 [main] WARN  com.alibaba.nacos.client.logging.NacosLogging - Load Logback Configuration of Nacos fail, message: Could not initialize Logback Nacos logging from classpath:nacos-logback.xml
2025-12-05 17:56:56.025 [main] INFO  c.q.x.u.r.biz.XiaohashuUserRelationBizApplication - The following 1 profile is active: "dev"
2025-12-05 17:56:56.754 [main] INFO  o.s.d.r.config.RepositoryConfigurationDelegate - Multiple Spring Data modules found, entering strict repository configuration mode
2025-12-05 17:56:56.757 [main] INFO  o.s.d.r.config.RepositoryConfigurationDelegate - Bootstrapping Spring Data Redis repositories in DEFAULT mode.
2025-12-05 17:56:56.778 [main] INFO  o.s.d.r.config.RepositoryConfigurationDelegate - Finished Spring Data repository scanning in 6 ms. Found 0 Redis repository interfaces.
2025-12-05 17:56:56.894 [main] WARN  org.mybatis.spring.mapper.ClassPathMapperScanner - No MyBatis mapper was found in '[com.quanxiaoha.xiaohashu.user.relation.biz]' package. Please check your configuration.
2025-12-05 17:56:56.970 [main] INFO  o.springframework.cloud.context.scope.GenericScope - BeanFactory id=d5399808-1c13-3439-95ad-96395220a8c1
2025-12-05 17:56:57.556 [main] INFO  o.s.boot.web.embedded.tomcat.TomcatWebServer - Tomcat initialized with port(s): 8087 (http)
2025-12-05 17:56:57.567 [main] INFO  org.apache.catalina.core.StandardService - Starting service [Tomcat]
2025-12-05 17:56:57.568 [main] INFO  org.apache.catalina.core.StandardEngine - Starting Servlet engine: [Apache Tomcat/10.1.5]
2025-12-05 17:56:57.657 [main] INFO  o.a.c.core.ContainerBase.[Tomcat].[localhost].[/] - Initializing Spring embedded WebApplicationContext
2025-12-05 17:56:57.657 [main] INFO  o.s.b.w.s.c.ServletWebServerApplicationContext - Root WebApplicationContext: initialization completed in 1619 ms
2025-12-05 17:56:57.823 [main] INFO  o.s.cloud.openfeign.FeignClientFactoryBean - For 'xiaohashu-user' URL not provided. Will try picking an instance via load-balancing.
2025-12-05 17:56:59.879 [main] INFO  c.a.d.s.b.a.DruidDataSourceAutoConfigure - Init DruidDataSource
2025-12-05 17:57:00.174 [main] INFO  com.alibaba.druid.pool.DruidDataSource - {dataSource-1} inited
2025-12-05 17:57:00.638 [main] WARN  o.s.c.l.c.LoadBalancerCacheAutoConfiguration$LoadBalancerCaffeineWarnLogger - Spring Cloud LoadBalancer is currently working with the default cache. While this cache implementation is useful for development and tests, it's recommended to use Caffeine cache in production.You can switch to using Caffeine cache, by adding it and org.springframework.cache.caffeine.CaffeineCacheManager to the classpath.
2025-12-05 17:57:00.718 [main] INFO  o.s.boot.web.embedded.tomcat.TomcatWebServer - Tomcat started on port(s): 8087 (http) with context path ''
2025-12-05 17:57:00.725 [main] WARN  com.alibaba.nacos.client.logging.NacosLogging - Load Logback Configuration of Nacos fail, message: Could not initialize Logback Nacos logging from classpath:nacos-logback.xml
2025-12-05 17:57:00.726 [main] INFO  com.alibaba.nacos.client.naming - initializer namespace from ans.namespace attribute : null
2025-12-05 17:57:00.726 [main] INFO  com.alibaba.nacos.client.naming - initializer namespace from ALIBABA_ALIWARE_NAMESPACE attribute :null
2025-12-05 17:57:00.726 [main] INFO  com.alibaba.nacos.client.naming - initializer namespace from namespace attribute :null
2025-12-05 17:57:00.754 [main] INFO  com.alibaba.nacos.client.utils.ParamUtil - [settings] [req-serv] nacos-server port:8848
2025-12-05 17:57:00.754 [main] INFO  com.alibaba.nacos.client.utils.ParamUtil - [settings] [http-client] connect timeout:1000
2025-12-05 17:57:00.755 [main] INFO  com.alibaba.nacos.client.utils.ParamUtil - PER_TASK_CONFIG_SIZE: 3000.0
2025-12-05 17:57:00.760 [main] INFO  c.a.n.p.auth.spi.client.ClientAuthPluginManager - [ClientAuthPluginManager] Load ClientAuthService com.alibaba.nacos.client.auth.impl.NacosClientAuthServiceImpl success.
2025-12-05 17:57:00.760 [main] INFO  c.a.n.p.auth.spi.client.ClientAuthPluginManager - [ClientAuthPluginManager] Load ClientAuthService com.alibaba.nacos.client.auth.ram.RamClientAuthServiceImpl success.
2025-12-05 17:57:00.763 [main] INFO  c.a.n.client.auth.ram.identify.CredentialWatcher - null No credential found
2025-12-05 17:57:00.774 [main] INFO  com.alibaba.nacos.common.remote.client - [RpcClientFactory] create a new rpc client of d8403524-0d6d-4f0a-8891-239fa12b1584
2025-12-05 17:57:00.799 [main] INFO  com.alibaba.nacos.common.remote.client - [d8403524-0d6d-4f0a-8891-239fa12b1584] RpcClient init, ServerListFactory = com.alibaba.nacos.client.naming.core.ServerListManager
2025-12-05 17:57:00.799 [main] INFO  com.alibaba.nacos.common.remote.client - [d8403524-0d6d-4f0a-8891-239fa12b1584] Registry connection listener to current client:com.alibaba.nacos.client.naming.remote.gprc.redo.NamingGrpcRedoService
2025-12-05 17:57:00.799 [main] INFO  com.alibaba.nacos.common.remote.client - [d8403524-0d6d-4f0a-8891-239fa12b1584] Register server push request handler:com.alibaba.nacos.client.naming.remote.gprc.NamingPushRequestHandler
2025-12-05 17:57:00.802 [main] INFO  com.alibaba.nacos.common.remote.client - [d8403524-0d6d-4f0a-8891-239fa12b1584] Try to connect to server on start up, server: {serverIp = '192.168.88.101', server main port = 8848}
2025-12-05 17:57:00.827 [main] INFO  c.a.nacos.common.remote.client.grpc.GrpcClient - grpc client connection server:192.168.88.101 ip,serverPort:9848,grpcTslConfig:{"sslProvider":"OPENSSL","enableTls":false,"mutualAuthEnable":false,"trustAll":false}
2025-12-05 17:57:01.859 [main] INFO  com.alibaba.nacos.common.remote.client - [d8403524-0d6d-4f0a-8891-239fa12b1584] Success to connect to server [192.168.88.101:8848] on start up, connectionId = 1764928620564_192.168.88.1_55135
2025-12-05 17:57:01.861 [com.alibaba.nacos.client.remote.worker] INFO  com.alibaba.nacos.common.remote.client - [d8403524-0d6d-4f0a-8891-239fa12b1584] Notify connected event to listeners.
2025-12-05 17:57:01.861 [com.alibaba.nacos.client.remote.worker] INFO  com.alibaba.nacos.client.naming - Grpc connection connect
2025-12-05 17:57:01.861 [main] INFO  com.alibaba.nacos.common.remote.client - [d8403524-0d6d-4f0a-8891-239fa12b1584] Register server push request handler:com.alibaba.nacos.common.remote.client.RpcClient$ConnectResetRequestHandler
2025-12-05 17:57:01.862 [main] INFO  com.alibaba.nacos.common.remote.client - [d8403524-0d6d-4f0a-8891-239fa12b1584] Register server push request handler:com.alibaba.nacos.common.remote.client.RpcClient$$Lambda$1255/0x0000017ab78e2bc8
2025-12-05 17:57:01.863 [main] INFO  com.alibaba.nacos.client.naming - [REGISTER-SERVICE] xiaohashu registering service xiaohashu-user-relation with instance Instance{instanceId='null', ip='172.28.129.13', port=8087, weight=1.0, healthy=true, enabled=true, ephemeral=true, clusterName='DEFAULT', serviceName='null', metadata={IPv6=[fc00:1000:5:35fb:8122:7bed:d0af:a185], preserved.register.source=SPRING_CLOUD}}
2025-12-05 17:57:01.881 [main] INFO  c.a.cloud.nacos.registry.NacosServiceRegistry - nacos registry, DEFAULT_GROUP xiaohashu-user-relation 172.28.129.13:8087 register finished
2025-12-05 17:57:02.003 [main] INFO  c.q.x.u.r.biz.XiaohashuUserRelationBizApplication - Started XiaohashuUserRelationBizApplication in 7.158 seconds (process running for 7.721)
2025-12-05 17:59:05.729 [http-nio-8087-exec-1] INFO  o.a.c.core.ContainerBase.[Tomcat].[localhost].[/] - Initializing Spring DispatcherServlet 'dispatcherServlet'
2025-12-05 17:59:05.729 [http-nio-8087-exec-1] INFO  org.springframework.web.servlet.DispatcherServlet - Initializing Servlet 'dispatcherServlet'
2025-12-05 17:59:05.730 [http-nio-8087-exec-1] INFO  org.springframework.web.servlet.DispatcherServlet - Completed initialization in 1 ms
2025-12-05 17:59:05.737 [http-nio-8087-exec-1] INFO  c.q.xiaohashu.context.filter.UserIdContextFilter - =====从请求头中获取userId 2100
2025-12-05 17:59:05.791 [http-nio-8087-exec-1] INFO  c.q.x.operationlog.aspect.ApiOperationLogAspect - ====== 请求开始: [关注用户], 入参: {"followUserId":1}, 请求类: UserRelationController, 请求方法: follow =================================== 
2025-12-05 17:59:05.793 [http-nio-8087-exec-1] WARN  c.q.x.u.r.biz.exception.GlobalExceptionHandler - /relation/follow request fail, errorCode: RELATION-20001, errorMessage: 无法关注自己
2025-12-05 17:59:05.802 [http-nio-8087-exec-1] INFO  c.q.xiaohashu.context.filter.UserIdContextFilter - ======删除ThreadLocal userId 2100
2025-12-05 17:59:13.262 [http-nio-8087-exec-2] INFO  c.q.xiaohashu.context.filter.UserIdContextFilter - =====从请求头中获取userId 2100
2025-12-05 17:59:13.263 [http-nio-8087-exec-2] INFO  c.q.x.operationlog.aspect.ApiOperationLogAspect - ====== 请求开始: [关注用户], 入参: {"followUserId":2001}, 请求类: UserRelationController, 请求方法: follow =================================== 
2025-12-05 17:59:13.264 [http-nio-8087-exec-2] WARN  c.q.x.u.r.biz.exception.GlobalExceptionHandler - /relation/follow request fail, errorCode: RELATION-20001, errorMessage: 无法关注自己
2025-12-05 17:59:13.264 [http-nio-8087-exec-2] INFO  c.q.xiaohashu.context.filter.UserIdContextFilter - ======删除ThreadLocal userId 2100
2025-12-05 17:59:58.737 [Thread-8] WARN  c.alibaba.nacos.common.http.HttpClientBeanHolder - [HttpClientBeanHolder] Start destroying common HttpClient
2025-12-05 17:59:58.737 [Thread-5] WARN  com.alibaba.nacos.common.notify.NotifyCenter - [NotifyCenter] Start destroying Publisher
2025-12-05 17:59:58.737 [Thread-5] WARN  com.alibaba.nacos.common.notify.NotifyCenter - [NotifyCenter] Destruction of the end
2025-12-05 17:59:58.737 [Thread-8] WARN  c.alibaba.nacos.common.http.HttpClientBeanHolder - [HttpClientBeanHolder] Destruction of the end
2025-12-05 17:59:58.791 [SpringApplicationShutdownHook] INFO  com.alibaba.druid.pool.DruidDataSource - {dataSource-1} closing ...
2025-12-05 17:59:58.798 [SpringApplicationShutdownHook] INFO  com.alibaba.druid.pool.DruidDataSource - {dataSource-1} closed
2025-12-05 17:59:58.798 [SpringApplicationShutdownHook] INFO  c.a.cloud.nacos.registry.NacosServiceRegistry - De-registering from Nacos Server now...
2025-12-05 17:59:58.799 [SpringApplicationShutdownHook] INFO  com.alibaba.nacos.client.naming - [DEREGISTER-SERVICE] xiaohashu deregistering service xiaohashu-user-relation with instance: Instance{instanceId='null', ip='172.28.129.13', port=8087, weight=1.0, healthy=true, enabled=true, ephemeral=true, clusterName='DEFAULT', serviceName='null', metadata={}}
2025-12-05 17:59:58.803 [SpringApplicationShutdownHook] INFO  c.a.cloud.nacos.registry.NacosServiceRegistry - De-registration finished.
2025-12-05 17:59:58.803 [SpringApplicationShutdownHook] INFO  com.alibaba.nacos.client.naming - com.alibaba.nacos.client.naming.cache.ServiceInfoHolder do shutdown begin
2025-12-05 17:59:58.803 [SpringApplicationShutdownHook] INFO  com.alibaba.nacos.client.naming - com.alibaba.nacos.client.naming.backups.FailoverReactor do shutdown begin
2025-12-05 17:59:58.803 [SpringApplicationShutdownHook] INFO  com.alibaba.nacos.client.naming - com.alibaba.nacos.client.naming.backups.FailoverReactor do shutdown stop
2025-12-05 17:59:58.803 [SpringApplicationShutdownHook] INFO  com.alibaba.nacos.client.naming - com.alibaba.nacos.client.naming.cache.ServiceInfoHolder do shutdown stop
2025-12-05 17:59:58.803 [SpringApplicationShutdownHook] INFO  com.alibaba.nacos.client.naming - com.alibaba.nacos.client.naming.remote.NamingClientProxyDelegate do shutdown begin
2025-12-05 17:59:58.803 [SpringApplicationShutdownHook] INFO  com.alibaba.nacos.client.naming - com.alibaba.nacos.client.naming.core.ServiceInfoUpdateService do shutdown begin
2025-12-05 17:59:58.803 [SpringApplicationShutdownHook] INFO  com.alibaba.nacos.client.naming - com.alibaba.nacos.client.naming.core.ServiceInfoUpdateService do shutdown stop
2025-12-05 17:59:58.803 [SpringApplicationShutdownHook] INFO  com.alibaba.nacos.client.naming - com.alibaba.nacos.client.naming.core.ServerListManager do shutdown begin
2025-12-05 17:59:58.803 [SpringApplicationShutdownHook] WARN  com.alibaba.nacos.client.naming - [NamingHttpClientManager] Start destroying NacosRestTemplate
2025-12-05 17:59:58.803 [SpringApplicationShutdownHook] WARN  com.alibaba.nacos.client.naming - [NamingHttpClientManager] Destruction of the end
2025-12-05 17:59:58.803 [SpringApplicationShutdownHook] INFO  com.alibaba.nacos.client.naming - com.alibaba.nacos.client.naming.core.ServerListManager do shutdown stop
2025-12-05 17:59:58.803 [SpringApplicationShutdownHook] INFO  com.alibaba.nacos.client.naming - com.alibaba.nacos.client.naming.remote.http.NamingHttpClientProxy do shutdown begin
2025-12-05 17:59:58.803 [SpringApplicationShutdownHook] WARN  com.alibaba.nacos.client.naming - [NamingHttpClientManager] Start destroying NacosRestTemplate
2025-12-05 17:59:58.803 [SpringApplicationShutdownHook] WARN  com.alibaba.nacos.client.naming - [NamingHttpClientManager] Destruction of the end
2025-12-05 17:59:58.803 [SpringApplicationShutdownHook] INFO  com.alibaba.nacos.client.naming - com.alibaba.nacos.client.naming.remote.http.NamingHttpClientProxy do shutdown stop
2025-12-05 17:59:58.803 [SpringApplicationShutdownHook] INFO  com.alibaba.nacos.common.remote.client - Shutdown rpc client, set status to shutdown
2025-12-05 17:59:58.803 [SpringApplicationShutdownHook] INFO  com.alibaba.nacos.common.remote.client - Shutdown client event executor java.util.concurrent.ScheduledThreadPoolExecutor@108ac0a8[Running, pool size = 2, active threads = 2, queued tasks = 0, completed tasks = 0]
2025-12-05 17:59:58.804 [SpringApplicationShutdownHook] INFO  com.alibaba.nacos.common.remote.client - Close current connection 1764928620564_192.168.88.1_55135
2025-12-05 17:59:58.806 [nacos-grpc-client-executor-192.168.88.101-51] WARN  c.a.nacos.common.remote.client.grpc.GrpcClient - [1764928620564_192.168.88.1_55135]Ignore error event,isRunning:false,isAbandon=false
2025-12-05 17:59:58.807 [SpringApplicationShutdownHook] INFO  c.a.nacos.common.remote.client.grpc.GrpcClient - Shutdown grpc executor java.util.concurrent.ThreadPoolExecutor@453b43f4[Running, pool size = 5, active threads = 0, queued tasks = 0, completed tasks = 52]
2025-12-05 17:59:58.807 [SpringApplicationShutdownHook] INFO  com.alibaba.nacos.client.naming - Shutdown grpc redo service executor java.util.concurrent.ScheduledThreadPoolExecutor@29aabb73[Running, pool size = 1, active threads = 0, queued tasks = 1, completed tasks = 59]
2025-12-05 17:59:58.807 [SpringApplicationShutdownHook] INFO  c.a.n.client.auth.ram.identify.CredentialWatcher - [null] CredentialWatcher is stopped
2025-12-05 17:59:58.807 [SpringApplicationShutdownHook] INFO  c.a.n.client.auth.ram.identify.CredentialService - [null] CredentialService is freed
2025-12-05 17:59:58.807 [SpringApplicationShutdownHook] INFO  com.alibaba.nacos.client.naming - com.alibaba.nacos.client.naming.remote.NamingClientProxyDelegate do shutdown stop
2025-12-05 18:00:01.866 [main] WARN  com.alibaba.nacos.client.logging.NacosLogging - Load Logback Configuration of Nacos fail, message: Could not initialize Logback Nacos logging from classpath:nacos-logback.xml
2025-12-05 18:00:01.914 [main] WARN  com.alibaba.nacos.client.logging.NacosLogging - Load Logback Configuration of Nacos fail, message: Could not initialize Logback Nacos logging from classpath:nacos-logback.xml
2025-12-05 18:00:02.219 [main] WARN  com.alibaba.nacos.client.logging.NacosLogging - Load Logback Configuration of Nacos fail, message: Could not initialize Logback Nacos logging from classpath:nacos-logback.xml
2025-12-05 18:00:02.228 [main] WARN  com.alibaba.nacos.client.logging.NacosLogging - Load Logback Configuration of Nacos fail, message: Could not initialize Logback Nacos logging from classpath:nacos-logback.xml
2025-12-05 18:00:02.229 [main] INFO  c.q.x.u.r.biz.XiaohashuUserRelationBizApplication - The following 1 profile is active: "dev"
2025-12-05 18:00:02.578 [main] INFO  o.s.d.r.config.RepositoryConfigurationDelegate - Multiple Spring Data modules found, entering strict repository configuration mode
2025-12-05 18:00:02.580 [main] INFO  o.s.d.r.config.RepositoryConfigurationDelegate - Bootstrapping Spring Data Redis repositories in DEFAULT mode.
2025-12-05 18:00:02.593 [main] INFO  o.s.d.r.config.RepositoryConfigurationDelegate - Finished Spring Data repository scanning in 4 ms. Found 0 Redis repository interfaces.
2025-12-05 18:00:02.668 [main] WARN  org.mybatis.spring.mapper.ClassPathMapperScanner - No MyBatis mapper was found in '[com.quanxiaoha.xiaohashu.user.relation.biz]' package. Please check your configuration.
2025-12-05 18:00:02.715 [main] INFO  o.springframework.cloud.context.scope.GenericScope - BeanFactory id=d5399808-1c13-3439-95ad-96395220a8c1
2025-12-05 18:00:03.035 [main] INFO  o.s.boot.web.embedded.tomcat.TomcatWebServer - Tomcat initialized with port(s): 8087 (http)
2025-12-05 18:00:03.043 [main] INFO  org.apache.catalina.core.StandardService - Starting service [Tomcat]
2025-12-05 18:00:03.043 [main] INFO  org.apache.catalina.core.StandardEngine - Starting Servlet engine: [Apache Tomcat/10.1.5]
2025-12-05 18:00:03.101 [main] INFO  o.a.c.core.ContainerBase.[Tomcat].[localhost].[/] - Initializing Spring embedded WebApplicationContext
2025-12-05 18:00:03.101 [main] INFO  o.s.b.w.s.c.ServletWebServerApplicationContext - Root WebApplicationContext: initialization completed in 862 ms
2025-12-05 18:00:03.209 [main] INFO  o.s.cloud.openfeign.FeignClientFactoryBean - For 'xiaohashu-user' URL not provided. Will try picking an instance via load-balancing.
2025-12-05 18:00:04.897 [main] INFO  c.a.d.s.b.a.DruidDataSourceAutoConfigure - Init DruidDataSource
2025-12-05 18:00:05.077 [main] INFO  com.alibaba.druid.pool.DruidDataSource - {dataSource-1} inited
2025-12-05 18:00:05.371 [main] WARN  o.s.c.l.c.LoadBalancerCacheAutoConfiguration$LoadBalancerCaffeineWarnLogger - Spring Cloud LoadBalancer is currently working with the default cache. While this cache implementation is useful for development and tests, it's recommended to use Caffeine cache in production.You can switch to using Caffeine cache, by adding it and org.springframework.cache.caffeine.CaffeineCacheManager to the classpath.
2025-12-05 18:00:05.417 [main] INFO  o.s.boot.web.embedded.tomcat.TomcatWebServer - Tomcat started on port(s): 8087 (http) with context path ''
2025-12-05 18:00:05.422 [main] WARN  com.alibaba.nacos.client.logging.NacosLogging - Load Logback Configuration of Nacos fail, message: Could not initialize Logback Nacos logging from classpath:nacos-logback.xml
2025-12-05 18:00:05.422 [main] INFO  com.alibaba.nacos.client.naming - initializer namespace from ans.namespace attribute : null
2025-12-05 18:00:05.422 [main] INFO  com.alibaba.nacos.client.naming - initializer namespace from ALIBABA_ALIWARE_NAMESPACE attribute :null
2025-12-05 18:00:05.422 [main] INFO  com.alibaba.nacos.client.naming - initializer namespace from namespace attribute :null
2025-12-05 18:00:05.438 [main] INFO  com.alibaba.nacos.client.utils.ParamUtil - [settings] [req-serv] nacos-server port:8848
2025-12-05 18:00:05.438 [main] INFO  com.alibaba.nacos.client.utils.ParamUtil - [settings] [http-client] connect timeout:1000
2025-12-05 18:00:05.438 [main] INFO  com.alibaba.nacos.client.utils.ParamUtil - PER_TASK_CONFIG_SIZE: 3000.0
2025-12-05 18:00:05.440 [main] INFO  c.a.n.p.auth.spi.client.ClientAuthPluginManager - [ClientAuthPluginManager] Load ClientAuthService com.alibaba.nacos.client.auth.impl.NacosClientAuthServiceImpl success.
2025-12-05 18:00:05.440 [main] INFO  c.a.n.p.auth.spi.client.ClientAuthPluginManager - [ClientAuthPluginManager] Load ClientAuthService com.alibaba.nacos.client.auth.ram.RamClientAuthServiceImpl success.
2025-12-05 18:00:05.442 [main] INFO  c.a.n.client.auth.ram.identify.CredentialWatcher - null No credential found
2025-12-05 18:00:05.447 [main] INFO  com.alibaba.nacos.common.remote.client - [RpcClientFactory] create a new rpc client of 5fc28b50-19bb-452a-bbd9-e463774c9e24
2025-12-05 18:00:05.458 [main] INFO  com.alibaba.nacos.common.remote.client - [5fc28b50-19bb-452a-bbd9-e463774c9e24] RpcClient init, ServerListFactory = com.alibaba.nacos.client.naming.core.ServerListManager
2025-12-05 18:00:05.458 [main] INFO  com.alibaba.nacos.common.remote.client - [5fc28b50-19bb-452a-bbd9-e463774c9e24] Registry connection listener to current client:com.alibaba.nacos.client.naming.remote.gprc.redo.NamingGrpcRedoService
2025-12-05 18:00:05.459 [main] INFO  com.alibaba.nacos.common.remote.client - [5fc28b50-19bb-452a-bbd9-e463774c9e24] Register server push request handler:com.alibaba.nacos.client.naming.remote.gprc.NamingPushRequestHandler
2025-12-05 18:00:05.461 [main] INFO  com.alibaba.nacos.common.remote.client - [5fc28b50-19bb-452a-bbd9-e463774c9e24] Try to connect to server on start up, server: {serverIp = '192.168.88.101', server main port = 8848}
2025-12-05 18:00:05.477 [main] INFO  c.a.nacos.common.remote.client.grpc.GrpcClient - grpc client connection server:192.168.88.101 ip,serverPort:9848,grpcTslConfig:{"sslProvider":"OPENSSL","enableTls":false,"mutualAuthEnable":false,"trustAll":false}
2025-12-05 18:00:06.083 [main] INFO  com.alibaba.nacos.common.remote.client - [5fc28b50-19bb-452a-bbd9-e463774c9e24] Success to connect to server [192.168.88.101:8848] on start up, connectionId = 1764928804830_192.168.88.1_55292
2025-12-05 18:00:06.084 [com.alibaba.nacos.client.remote.worker] INFO  com.alibaba.nacos.common.remote.client - [5fc28b50-19bb-452a-bbd9-e463774c9e24] Notify connected event to listeners.
2025-12-05 18:00:06.084 [main] INFO  com.alibaba.nacos.common.remote.client - [5fc28b50-19bb-452a-bbd9-e463774c9e24] Register server push request handler:com.alibaba.nacos.common.remote.client.RpcClient$ConnectResetRequestHandler
2025-12-05 18:00:06.084 [com.alibaba.nacos.client.remote.worker] INFO  com.alibaba.nacos.client.naming - Grpc connection connect
2025-12-05 18:00:06.084 [main] INFO  com.alibaba.nacos.common.remote.client - [5fc28b50-19bb-452a-bbd9-e463774c9e24] Register server push request handler:com.alibaba.nacos.common.remote.client.RpcClient$$Lambda$1255/0x0000017f818e5ae0
2025-12-05 18:00:06.085 [main] INFO  com.alibaba.nacos.client.naming - [REGISTER-SERVICE] xiaohashu registering service xiaohashu-user-relation with instance Instance{instanceId='null', ip='172.28.129.13', port=8087, weight=1.0, healthy=true, enabled=true, ephemeral=true, clusterName='DEFAULT', serviceName='null', metadata={IPv6=[fc00:1000:5:35fb:8122:7bed:d0af:a185], preserved.register.source=SPRING_CLOUD}}
2025-12-05 18:00:06.095 [main] INFO  c.a.cloud.nacos.registry.NacosServiceRegistry - nacos registry, DEFAULT_GROUP xiaohashu-user-relation 172.28.129.13:8087 register finished
2025-12-05 18:00:06.177 [main] INFO  c.q.x.u.r.biz.XiaohashuUserRelationBizApplication - Started XiaohashuUserRelationBizApplication in 4.747 seconds (process running for 5.09)
2025-12-05 18:00:13.276 [http-nio-8087-exec-1] INFO  o.a.c.core.ContainerBase.[Tomcat].[localhost].[/] - Initializing Spring DispatcherServlet 'dispatcherServlet'
2025-12-05 18:00:13.276 [http-nio-8087-exec-1] INFO  org.springframework.web.servlet.DispatcherServlet - Initializing Servlet 'dispatcherServlet'
2025-12-05 18:00:13.277 [http-nio-8087-exec-1] INFO  org.springframework.web.servlet.DispatcherServlet - Completed initialization in 1 ms
2025-12-05 18:00:13.284 [http-nio-8087-exec-1] INFO  c.q.xiaohashu.context.filter.UserIdContextFilter - =====从请求头中获取userId 2100
2025-12-05 18:00:13.339 [http-nio-8087-exec-1] INFO  c.q.x.operationlog.aspect.ApiOperationLogAspect - ====== 请求开始: [关注用户], 入参: {"followUserId":2001}, 请求类: UserRelationController, 请求方法: follow =================================== 
2025-12-05 18:00:13.344 [http-nio-8087-exec-1] INFO  c.q.x.context.Interceptor.FeignRequestInterceptor - ========feign 请求头添加userid 2100
2025-12-05 18:00:13.377 [http-nio-8087-exec-1] INFO  com.alibaba.nacos.client.naming - [SUBSCRIBE-SERVICE] service:xiaohashu-user, group:DEFAULT_GROUP, clusters: 
2025-12-05 18:00:13.388 [http-nio-8087-exec-1] INFO  com.alibaba.nacos.client.naming - init new ips(1) service: DEFAULT_GROUP@@xiaohashu-user -> [{"ip":"172.28.129.13","port":8082,"weight":1.0,"healthy":true,"enabled":true,"ephemeral":true,"clusterName":"DEFAULT","serviceName":"DEFAULT_GROUP@@xiaohashu-user","metadata":{"preserved.register.source":"SPRING_CLOUD","IPv6":"[fc00:1000:5:35fb:8122:7bed:d0af:a185]"},"ipDeleteTimeout":30000,"instanceHeartBeatInterval":5000,"instanceHeartBeatTimeOut":15000}]
2025-12-05 18:00:13.393 [http-nio-8087-exec-1] INFO  com.alibaba.nacos.client.naming - current ips:(1) service: DEFAULT_GROUP@@xiaohashu-user -> [{"ip":"172.28.129.13","port":8082,"weight":1.0,"healthy":true,"enabled":true,"ephemeral":true,"clusterName":"DEFAULT","serviceName":"DEFAULT_GROUP@@xiaohashu-user","metadata":{"preserved.register.source":"SPRING_CLOUD","IPv6":"[fc00:1000:5:35fb:8122:7bed:d0af:a185]"},"ipDeleteTimeout":30000,"instanceHeartBeatInterval":5000,"instanceHeartBeatTimeOut":15000}]
2025-12-05 18:00:13.722 [http-nio-8087-exec-1] WARN  c.q.x.u.r.biz.exception.GlobalExceptionHandler - /relation/follow request fail, errorCode: RELATION-20002, errorMessage: 关注的用户不存在
2025-12-05 18:00:13.728 [http-nio-8087-exec-1] INFO  c.q.xiaohashu.context.filter.UserIdContextFilter - ======删除ThreadLocal userId 2100
2025-12-05 18:00:13.996 [nacos-grpc-client-executor-192.168.88.101-10] INFO  com.alibaba.nacos.common.remote.client - [5fc28b50-19bb-452a-bbd9-e463774c9e24] Receive server push request, request = NotifySubscriberRequest, requestId = 16
2025-12-05 18:00:13.996 [nacos-grpc-client-executor-192.168.88.101-10] INFO  com.alibaba.nacos.common.remote.client - [5fc28b50-19bb-452a-bbd9-e463774c9e24] Ack server push request, request = NotifySubscriberRequest, requestId = 16
2025-12-05 18:00:17.037 [Thread-8] WARN  c.alibaba.nacos.common.http.HttpClientBeanHolder - [HttpClientBeanHolder] Start destroying common HttpClient
2025-12-05 18:00:17.037 [Thread-5] WARN  com.alibaba.nacos.common.notify.NotifyCenter - [NotifyCenter] Start destroying Publisher
2025-12-05 18:00:17.037 [Thread-5] WARN  com.alibaba.nacos.common.notify.NotifyCenter - [NotifyCenter] Destruction of the end
2025-12-05 18:00:17.037 [Thread-8] WARN  c.alibaba.nacos.common.http.HttpClientBeanHolder - [HttpClientBeanHolder] Destruction of the end
2025-12-05 18:00:17.072 [SpringApplicationShutdownHook] INFO  com.alibaba.druid.pool.DruidDataSource - {dataSource-1} closing ...
2025-12-05 18:00:17.079 [SpringApplicationShutdownHook] INFO  com.alibaba.druid.pool.DruidDataSource - {dataSource-1} closed
2025-12-05 18:00:17.080 [SpringApplicationShutdownHook] INFO  c.a.cloud.nacos.registry.NacosServiceRegistry - De-registering from Nacos Server now...
2025-12-05 18:00:17.080 [SpringApplicationShutdownHook] INFO  com.alibaba.nacos.client.naming - [DEREGISTER-SERVICE] xiaohashu deregistering service xiaohashu-user-relation with instance: Instance{instanceId='null', ip='172.28.129.13', port=8087, weight=1.0, healthy=true, enabled=true, ephemeral=true, clusterName='DEFAULT', serviceName='null', metadata={}}
2025-12-05 18:00:17.088 [SpringApplicationShutdownHook] INFO  c.a.cloud.nacos.registry.NacosServiceRegistry - De-registration finished.
2025-12-05 18:00:17.089 [SpringApplicationShutdownHook] INFO  com.alibaba.nacos.client.naming - com.alibaba.nacos.client.naming.cache.ServiceInfoHolder do shutdown begin
2025-12-05 18:00:17.089 [SpringApplicationShutdownHook] INFO  com.alibaba.nacos.client.naming - com.alibaba.nacos.client.naming.backups.FailoverReactor do shutdown begin
2025-12-05 18:00:17.090 [SpringApplicationShutdownHook] INFO  com.alibaba.nacos.client.naming - com.alibaba.nacos.client.naming.backups.FailoverReactor do shutdown stop
2025-12-05 18:00:17.090 [SpringApplicationShutdownHook] INFO  com.alibaba.nacos.client.naming - com.alibaba.nacos.client.naming.cache.ServiceInfoHolder do shutdown stop
2025-12-05 18:00:17.090 [SpringApplicationShutdownHook] INFO  com.alibaba.nacos.client.naming - com.alibaba.nacos.client.naming.remote.NamingClientProxyDelegate do shutdown begin
2025-12-05 18:00:17.090 [SpringApplicationShutdownHook] INFO  com.alibaba.nacos.client.naming - com.alibaba.nacos.client.naming.core.ServiceInfoUpdateService do shutdown begin
2025-12-05 18:00:17.090 [SpringApplicationShutdownHook] INFO  com.alibaba.nacos.client.naming - com.alibaba.nacos.client.naming.core.ServiceInfoUpdateService do shutdown stop
2025-12-05 18:00:17.090 [SpringApplicationShutdownHook] INFO  com.alibaba.nacos.client.naming - com.alibaba.nacos.client.naming.core.ServerListManager do shutdown begin
2025-12-05 18:00:17.090 [SpringApplicationShutdownHook] WARN  com.alibaba.nacos.client.naming - [NamingHttpClientManager] Start destroying NacosRestTemplate
2025-12-05 18:00:17.090 [SpringApplicationShutdownHook] WARN  com.alibaba.nacos.client.naming - [NamingHttpClientManager] Destruction of the end
2025-12-05 18:00:17.090 [SpringApplicationShutdownHook] INFO  com.alibaba.nacos.client.naming - com.alibaba.nacos.client.naming.core.ServerListManager do shutdown stop
2025-12-05 18:00:17.090 [SpringApplicationShutdownHook] INFO  com.alibaba.nacos.client.naming - com.alibaba.nacos.client.naming.remote.http.NamingHttpClientProxy do shutdown begin
2025-12-05 18:00:17.090 [SpringApplicationShutdownHook] WARN  com.alibaba.nacos.client.naming - [NamingHttpClientManager] Start destroying NacosRestTemplate
2025-12-05 18:00:17.090 [SpringApplicationShutdownHook] WARN  com.alibaba.nacos.client.naming - [NamingHttpClientManager] Destruction of the end
2025-12-05 18:00:17.090 [SpringApplicationShutdownHook] INFO  com.alibaba.nacos.client.naming - com.alibaba.nacos.client.naming.remote.http.NamingHttpClientProxy do shutdown stop
2025-12-05 18:00:17.090 [SpringApplicationShutdownHook] INFO  com.alibaba.nacos.common.remote.client - Shutdown rpc client, set status to shutdown
2025-12-05 18:00:17.090 [SpringApplicationShutdownHook] INFO  com.alibaba.nacos.common.remote.client - Shutdown client event executor java.util.concurrent.ScheduledThreadPoolExecutor@fcbbb9c[Running, pool size = 2, active threads = 2, queued tasks = 0, completed tasks = 0]
2025-12-05 18:00:17.090 [SpringApplicationShutdownHook] INFO  com.alibaba.nacos.common.remote.client - Close current connection 1764928804830_192.168.88.1_55292
2025-12-05 18:00:17.092 [nacos-grpc-client-executor-192.168.88.101-13] INFO  c.a.nacos.common.remote.client.grpc.GrpcClient - [1764928804830_192.168.88.1_55292]Ignore complete event,isRunning:false,isAbandon=false
2025-12-05 18:00:17.093 [SpringApplicationShutdownHook] INFO  c.a.nacos.common.remote.client.grpc.GrpcClient - Shutdown grpc executor java.util.concurrent.ThreadPoolExecutor@7fe8dab4[Running, pool size = 7, active threads = 0, queued tasks = 0, completed tasks = 14]
2025-12-05 18:00:17.093 [SpringApplicationShutdownHook] INFO  com.alibaba.nacos.client.naming - Shutdown grpc redo service executor java.util.concurrent.ScheduledThreadPoolExecutor@66475bf6[Running, pool size = 1, active threads = 0, queued tasks = 1, completed tasks = 3]
2025-12-05 18:00:17.093 [SpringApplicationShutdownHook] INFO  c.a.n.client.auth.ram.identify.CredentialWatcher - [null] CredentialWatcher is stopped
2025-12-05 18:00:17.093 [SpringApplicationShutdownHook] INFO  c.a.n.client.auth.ram.identify.CredentialService - [null] CredentialService is freed
2025-12-05 18:00:17.093 [SpringApplicationShutdownHook] INFO  com.alibaba.nacos.client.naming - com.alibaba.nacos.client.naming.remote.NamingClientProxyDelegate do shutdown stop
