2025-12-07 19:12:42.662 [main] WARN  com.alibaba.nacos.client.logging.NacosLogging - Load Logback Configuration of Nacos fail, message: Could not initialize Logback Nacos logging from classpath:nacos-logback.xml
2025-12-07 19:12:42.741 [main] WARN  com.alibaba.nacos.client.logging.NacosLogging - Load Logback Configuration of Nacos fail, message: Could not initialize Logback Nacos logging from classpath:nacos-logback.xml
2025-12-07 19:12:43.235 [main] WARN  com.alibaba.nacos.client.logging.NacosLogging - Load Logback Configuration of Nacos fail, message: Could not initialize Logback Nacos logging from classpath:nacos-logback.xml
2025-12-07 19:12:43.249 [main] WARN  com.alibaba.nacos.client.logging.NacosLogging - Load Logback Configuration of Nacos fail, message: Could not initialize Logback Nacos logging from classpath:nacos-logback.xml
2025-12-07 19:12:43.250 [main] INFO  c.q.xiaohashu.user.biz.XiaohashuUserApplication - The following 1 profile is active: "dev"
2025-12-07 19:12:44.054 [main] INFO  o.s.d.r.config.RepositoryConfigurationDelegate - Multiple Spring Data modules found, entering strict repository configuration mode
2025-12-07 19:12:44.058 [main] INFO  o.s.d.r.config.RepositoryConfigurationDelegate - Bootstrapping Spring Data Redis repositories in DEFAULT mode.
2025-12-07 19:12:44.081 [main] INFO  o.s.d.r.config.RepositoryConfigurationDelegate - Finished Spring Data repository scanning in 8 ms. Found 0 Redis repository interfaces.
2025-12-07 19:12:44.296 [main] INFO  o.springframework.cloud.context.scope.GenericScope - BeanFactory id=7323b37b-843d-3afa-aa2e-80e2dc3f9068
2025-12-07 19:12:44.327 [main] INFO  o.s.c.s.PostProcessorRegistrationDelegate$BeanPostProcessorChecker - Bean 'com.quanxiaoha.xiaohashu.api.DistributedIdGeneratorFeignApi' of type [org.springframework.cloud.openfeign.FeignClientFactoryBean] is not eligible for getting processed by all BeanPostProcessors (for example: not eligible for auto-proxying)
2025-12-07 19:12:44.329 [main] INFO  o.s.c.s.PostProcessorRegistrationDelegate$BeanPostProcessorChecker - Bean 'com.quanxiaoha.xiaohashu.oss.api.fileapi.FileFeignApi' of type [org.springframework.cloud.openfeign.FeignClientFactoryBean] is not eligible for getting processed by all BeanPostProcessors (for example: not eligible for auto-proxying)
2025-12-07 19:12:44.330 [main] INFO  o.s.c.s.PostProcessorRegistrationDelegate$BeanPostProcessorChecker - Bean 'com.quanxiaoha.xiaohashu.user.api.userapi.UserFeignApi' of type [org.springframework.cloud.openfeign.FeignClientFactoryBean] is not eligible for getting processed by all BeanPostProcessors (for example: not eligible for auto-proxying)
2025-12-07 19:12:44.907 [main] INFO  o.s.boot.web.embedded.tomcat.TomcatWebServer - Tomcat initialized with port(s): 8082 (http)
2025-12-07 19:12:44.916 [main] INFO  org.apache.catalina.core.StandardService - Starting service [Tomcat]
2025-12-07 19:12:44.917 [main] INFO  org.apache.catalina.core.StandardEngine - Starting Servlet engine: [Apache Tomcat/10.1.5]
2025-12-07 19:12:45.003 [main] INFO  o.a.c.core.ContainerBase.[Tomcat].[localhost].[/] - Initializing Spring embedded WebApplicationContext
2025-12-07 19:12:45.003 [main] INFO  o.s.b.w.s.c.ServletWebServerApplicationContext - Root WebApplicationContext: initialization completed in 1735 ms
2025-12-07 19:12:45.229 [main] INFO  o.s.cloud.openfeign.FeignClientFactoryBean - For 'xiaohashu-distributed-id-generator' URL not provided. Will try picking an instance via load-balancing.
2025-12-07 19:12:45.278 [main] INFO  c.a.d.s.b.a.DruidDataSourceAutoConfigure - Init DruidDataSource
2025-12-07 19:12:45.654 [main] INFO  com.alibaba.druid.pool.DruidDataSource - {dataSource-1} inited
2025-12-07 19:12:45.925 [main] INFO  o.s.cloud.openfeign.FeignClientFactoryBean - For 'xiaohashu-oss' URL not provided. Will try picking an instance via load-balancing.
2025-12-07 19:12:47.129 [main] INFO  o.s.boot.web.embedded.tomcat.TomcatWebServer - Tomcat started on port(s): 8082 (http) with context path ''
2025-12-07 19:12:47.157 [main] WARN  com.alibaba.nacos.client.logging.NacosLogging - Load Logback Configuration of Nacos fail, message: Could not initialize Logback Nacos logging from classpath:nacos-logback.xml
2025-12-07 19:12:47.166 [main] INFO  com.alibaba.nacos.client.naming - initializer namespace from ans.namespace attribute : null
2025-12-07 19:12:47.168 [main] INFO  com.alibaba.nacos.client.naming - initializer namespace from ALIBABA_ALIWARE_NAMESPACE attribute :null
2025-12-07 19:12:47.168 [main] INFO  com.alibaba.nacos.client.naming - initializer namespace from namespace attribute :null
2025-12-07 19:12:47.199 [main] INFO  com.alibaba.nacos.client.utils.ParamUtil - [settings] [req-serv] nacos-server port:8848
2025-12-07 19:12:47.199 [main] INFO  com.alibaba.nacos.client.utils.ParamUtil - [settings] [http-client] connect timeout:1000
2025-12-07 19:12:47.199 [main] INFO  com.alibaba.nacos.client.utils.ParamUtil - PER_TASK_CONFIG_SIZE: 3000.0
2025-12-07 19:12:47.205 [main] INFO  c.a.n.p.auth.spi.client.ClientAuthPluginManager - [ClientAuthPluginManager] Load ClientAuthService com.alibaba.nacos.client.auth.impl.NacosClientAuthServiceImpl success.
2025-12-07 19:12:47.205 [main] INFO  c.a.n.p.auth.spi.client.ClientAuthPluginManager - [ClientAuthPluginManager] Load ClientAuthService com.alibaba.nacos.client.auth.ram.RamClientAuthServiceImpl success.
2025-12-07 19:12:47.210 [main] INFO  c.a.n.client.auth.ram.identify.CredentialWatcher - null No credential found
2025-12-07 19:12:47.228 [main] INFO  com.alibaba.nacos.common.remote.client - [RpcClientFactory] create a new rpc client of b166b804-cc7f-462d-8a3f-1280118a36d4
2025-12-07 19:12:47.252 [main] INFO  com.alibaba.nacos.common.remote.client - [b166b804-cc7f-462d-8a3f-1280118a36d4] RpcClient init, ServerListFactory = com.alibaba.nacos.client.naming.core.ServerListManager
2025-12-07 19:12:47.252 [main] INFO  com.alibaba.nacos.common.remote.client - [b166b804-cc7f-462d-8a3f-1280118a36d4] Registry connection listener to current client:com.alibaba.nacos.client.naming.remote.gprc.redo.NamingGrpcRedoService
2025-12-07 19:12:47.252 [main] INFO  com.alibaba.nacos.common.remote.client - [b166b804-cc7f-462d-8a3f-1280118a36d4] Register server push request handler:com.alibaba.nacos.client.naming.remote.gprc.NamingPushRequestHandler
2025-12-07 19:12:47.255 [main] INFO  com.alibaba.nacos.common.remote.client - [b166b804-cc7f-462d-8a3f-1280118a36d4] Try to connect to server on start up, server: {serverIp = '192.168.88.101', server main port = 8848}
2025-12-07 19:12:47.289 [main] INFO  c.a.nacos.common.remote.client.grpc.GrpcClient - grpc client connection server:192.168.88.101 ip,serverPort:9848,grpcTslConfig:{"sslProvider":"OPENSSL","enableTls":false,"mutualAuthEnable":false,"trustAll":false}
2025-12-07 19:12:48.718 [main] INFO  com.alibaba.nacos.common.remote.client - [b166b804-cc7f-462d-8a3f-1280118a36d4] Success to connect to server [192.168.88.101:8848] on start up, connectionId = 1764955981688_192.168.88.1_55228
2025-12-07 19:12:48.719 [com.alibaba.nacos.client.remote.worker] INFO  com.alibaba.nacos.common.remote.client - [b166b804-cc7f-462d-8a3f-1280118a36d4] Notify connected event to listeners.
2025-12-07 19:12:48.720 [com.alibaba.nacos.client.remote.worker] INFO  com.alibaba.nacos.client.naming - Grpc connection connect
2025-12-07 19:12:48.720 [main] INFO  com.alibaba.nacos.common.remote.client - [b166b804-cc7f-462d-8a3f-1280118a36d4] Register server push request handler:com.alibaba.nacos.common.remote.client.RpcClient$ConnectResetRequestHandler
2025-12-07 19:12:48.720 [main] INFO  com.alibaba.nacos.common.remote.client - [b166b804-cc7f-462d-8a3f-1280118a36d4] Register server push request handler:com.alibaba.nacos.common.remote.client.RpcClient$$Lambda$1260/0x000001afd2922bc8
2025-12-07 19:12:48.721 [main] INFO  com.alibaba.nacos.client.naming - [REGISTER-SERVICE] xiaohashu registering service xiaohashu-user with instance Instance{instanceId='null', ip='10.244.202.78', port=8082, weight=1.0, healthy=true, enabled=true, ephemeral=true, clusterName='DEFAULT', serviceName='null', metadata={IPv6=null, preserved.register.source=SPRING_CLOUD}}
2025-12-07 19:12:48.752 [main] INFO  c.a.cloud.nacos.registry.NacosServiceRegistry - nacos registry, DEFAULT_GROUP xiaohashu-user 10.244.202.78:8082 register finished
2025-12-07 19:12:48.891 [main] INFO  c.q.xiaohashu.user.biz.XiaohashuUserApplication - Started XiaohashuUserApplication in 6.943 seconds (process running for 9.306)
2025-12-07 19:12:48.893 [main] INFO  c.q.x.u.biz.runner.PushRolePermissions2RedisRunner - ==> 服务启动，开始同步角色权限数据到 Redis 中...
2025-12-07 19:12:49.931 [main] INFO  c.q.x.u.biz.runner.PushRolePermissions2RedisRunner - roelKeyRoleDO(id=1, roleName=普通用户, roleKey=common_user, status=null, sort=null, remark=null, createTime=null, updateTime=null, isDeleted=null)
2025-12-07 19:12:49.944 [main] INFO  c.q.x.u.biz.runner.PushRolePermissions2RedisRunner - ==> 服务启动，成功同步角色权限数据到 Redis 中...
2025-12-07 19:14:03.699 [http-nio-8082-exec-1] INFO  o.a.c.core.ContainerBase.[Tomcat].[localhost].[/] - Initializing Spring DispatcherServlet 'dispatcherServlet'
2025-12-07 19:14:03.699 [http-nio-8082-exec-1] INFO  org.springframework.web.servlet.DispatcherServlet - Initializing Servlet 'dispatcherServlet'
2025-12-07 19:14:03.701 [http-nio-8082-exec-1] INFO  org.springframework.web.servlet.DispatcherServlet - Completed initialization in 2 ms
2025-12-07 19:14:03.764 [http-nio-8082-exec-1] INFO  c.q.x.operationlog.aspect.ApiOperationLogAspect - ====== 请求开始: [通过手机号查询用户信息], 入参: {"phone":"18115487706"}, 请求类: UserContorller, 请求方法: findUserByPhone =================================== 
2025-12-07 19:14:03.780 [http-nio-8082-exec-1] INFO  c.q.x.operationlog.aspect.ApiOperationLogAspect - ====== 请求结束: [通过手机号查询用户信息], 耗时: 17ms, 出参: {"success":true,"message":null,"errorCode":null,"data":{"id":2100,"password":"$2a$10$IdN8Qyn9ECU3q1FeiUP0vudl/WaXdsZAdyFAJABFXuXxHQYP8v2ry"}} =================================== 
2025-12-07 19:14:15.284 [http-nio-8082-exec-2] INFO  c.q.x.operationlog.aspect.ApiOperationLogAspect - ====== 请求开始: [通过手机号查询用户信息], 入参: {"phone":"18115487706"}, 请求类: UserContorller, 请求方法: findUserByPhone =================================== 
2025-12-07 19:14:15.287 [http-nio-8082-exec-2] INFO  c.q.x.operationlog.aspect.ApiOperationLogAspect - ====== 请求结束: [通过手机号查询用户信息], 耗时: 3ms, 出参: {"success":true,"message":null,"errorCode":null,"data":{"id":2100,"password":"$2a$10$IdN8Qyn9ECU3q1FeiUP0vudl/WaXdsZAdyFAJABFXuXxHQYP8v2ry"}} =================================== 
2025-12-07 19:14:54.709 [http-nio-8082-exec-3] INFO  c.q.xiaohashu.context.filter.UserIdContextFilter - =====从请求头中获取userId 2100
2025-12-07 19:14:54.716 [http-nio-8082-exec-3] INFO  c.q.x.operationlog.aspect.ApiOperationLogAspect - ====== 请求开始: [通过用户Id查询用户信息], 入参: {"userId":4100}, 请求类: UserContorller, 请求方法: findById =================================== 
2025-12-07 19:14:54.723 [http-nio-8082-exec-3] INFO  c.q.x.user.biz.service.impl.UserServiceImpl - ========从数据库中读取到了用户4100的信息
2025-12-07 19:14:54.724 [UserExecutor-1] INFO  c.q.x.user.biz.service.impl.UserServiceImpl - ========将用户4100的信息写入Redis
2025-12-07 19:14:54.724 [http-nio-8082-exec-3] INFO  c.q.x.operationlog.aspect.ApiOperationLogAspect - ====== 请求结束: [通过用户Id查询用户信息], 耗时: 8ms, 出参: {"success":true,"message":null,"errorCode":null,"data":{"userId":4100,"nickName":"小红薯14100","avatar":null}} =================================== 
2025-12-07 19:14:54.725 [http-nio-8082-exec-3] INFO  c.q.xiaohashu.context.filter.UserIdContextFilter - ======删除ThreadLocal userId 2100
2025-12-07 19:21:05.353 [http-nio-8082-exec-6] INFO  c.q.xiaohashu.context.filter.UserIdContextFilter - =====从请求头中获取userId 2100
2025-12-07 19:21:05.353 [http-nio-8082-exec-6] INFO  c.q.x.operationlog.aspect.ApiOperationLogAspect - ====== 请求开始: [通过用户Id查询用户信息], 入参: {"userId":2100}, 请求类: UserContorller, 请求方法: findById =================================== 
2025-12-07 19:21:05.360 [http-nio-8082-exec-6] INFO  c.q.x.user.biz.service.impl.UserServiceImpl - ========从数据库中读取到了用户2100的信息
2025-12-07 19:21:05.360 [UserExecutor-2] INFO  c.q.x.user.biz.service.impl.UserServiceImpl - ========将用户2100的信息写入Redis
2025-12-07 19:21:05.360 [http-nio-8082-exec-6] INFO  c.q.x.operationlog.aspect.ApiOperationLogAspect - ====== 请求结束: [通过用户Id查询用户信息], 耗时: 7ms, 出参: {"success":true,"message":null,"errorCode":null,"data":{"userId":2100,"nickName":"小红薯12100","avatar":null}} =================================== 
2025-12-07 19:21:05.360 [http-nio-8082-exec-6] INFO  c.q.xiaohashu.context.filter.UserIdContextFilter - ======删除ThreadLocal userId 2100
2025-12-07 19:21:05.378 [http-nio-8082-exec-7] INFO  c.q.xiaohashu.context.filter.UserIdContextFilter - =====从请求头中获取userId 2100
2025-12-07 19:21:05.379 [http-nio-8082-exec-7] INFO  c.q.x.operationlog.aspect.ApiOperationLogAspect - ====== 请求开始: [通过用户Id查询用户信息], 入参: {"userId":2100}, 请求类: UserContorller, 请求方法: findById =================================== 
2025-12-07 19:21:05.389 [http-nio-8082-exec-7] INFO  c.q.x.user.biz.service.impl.UserServiceImpl - ========从Reids中读取到了用户2100的信息
2025-12-07 19:21:05.398 [http-nio-8082-exec-7] INFO  c.q.x.operationlog.aspect.ApiOperationLogAspect - ====== 请求结束: [通过用户Id查询用户信息], 耗时: 18ms, 出参: {"success":true,"message":null,"errorCode":null,"data":{"userId":2100,"nickName":"小红薯12100","avatar":null}} =================================== 
2025-12-07 19:21:05.398 [http-nio-8082-exec-7] INFO  c.q.xiaohashu.context.filter.UserIdContextFilter - ======删除ThreadLocal userId 2100
2025-12-07 19:24:00.097 [http-nio-8082-exec-9] INFO  c.q.x.operationlog.aspect.ApiOperationLogAspect - ====== 请求开始: [通过手机号查询用户信息], 入参: {"phone":"18115487706"}, 请求类: UserContorller, 请求方法: findUserByPhone =================================== 
2025-12-07 19:24:00.104 [http-nio-8082-exec-9] INFO  c.q.x.operationlog.aspect.ApiOperationLogAspect - ====== 请求结束: [通过手机号查询用户信息], 耗时: 7ms, 出参: {"success":true,"message":null,"errorCode":null,"data":{"id":2100,"password":"$2a$10$IdN8Qyn9ECU3q1FeiUP0vudl/WaXdsZAdyFAJABFXuXxHQYP8v2ry"}} =================================== 
2025-12-07 19:24:10.155 [http-nio-8082-exec-10] INFO  c.q.xiaohashu.context.filter.UserIdContextFilter - =====从请求头中获取userId 2100
2025-12-07 19:24:10.157 [http-nio-8082-exec-10] INFO  c.q.x.operationlog.aspect.ApiOperationLogAspect - ====== 请求开始: [通过用户Id查询用户信息], 入参: {"userId":4100}, 请求类: UserContorller, 请求方法: findById =================================== 
2025-12-07 19:24:10.161 [http-nio-8082-exec-10] INFO  c.q.x.user.biz.service.impl.UserServiceImpl - ========从数据库中读取到了用户4100的信息
2025-12-07 19:24:10.162 [http-nio-8082-exec-10] INFO  c.q.x.operationlog.aspect.ApiOperationLogAspect - ====== 请求结束: [通过用户Id查询用户信息], 耗时: 5ms, 出参: {"success":true,"message":null,"errorCode":null,"data":{"userId":4100,"nickName":"小红薯14100","avatar":null}} =================================== 
2025-12-07 19:24:10.162 [UserExecutor-4] INFO  c.q.x.user.biz.service.impl.UserServiceImpl - ========将用户4100的信息写入Redis
2025-12-07 19:24:10.162 [http-nio-8082-exec-10] INFO  c.q.xiaohashu.context.filter.UserIdContextFilter - ======删除ThreadLocal userId 2100
2025-12-07 19:24:44.778 [Thread-5] WARN  com.alibaba.nacos.common.notify.NotifyCenter - [NotifyCenter] Start destroying Publisher
2025-12-07 19:24:44.778 [Thread-8] WARN  c.alibaba.nacos.common.http.HttpClientBeanHolder - [HttpClientBeanHolder] Start destroying common HttpClient
2025-12-07 19:24:44.780 [Thread-5] WARN  com.alibaba.nacos.common.notify.NotifyCenter - [NotifyCenter] Destruction of the end
2025-12-07 19:24:44.780 [Thread-8] WARN  c.alibaba.nacos.common.http.HttpClientBeanHolder - [HttpClientBeanHolder] Destruction of the end
2025-12-07 19:24:44.842 [SpringApplicationShutdownHook] INFO  c.a.cloud.nacos.registry.NacosServiceRegistry - De-registering from Nacos Server now...
2025-12-07 19:24:44.842 [SpringApplicationShutdownHook] INFO  com.alibaba.nacos.client.naming - [DEREGISTER-SERVICE] xiaohashu deregistering service xiaohashu-user with instance: Instance{instanceId='null', ip='10.244.202.78', port=8082, weight=1.0, healthy=true, enabled=true, ephemeral=true, clusterName='DEFAULT', serviceName='null', metadata={}}
2025-12-07 19:24:44.847 [SpringApplicationShutdownHook] INFO  c.a.cloud.nacos.registry.NacosServiceRegistry - De-registration finished.
2025-12-07 19:24:44.848 [SpringApplicationShutdownHook] INFO  com.alibaba.nacos.client.naming - com.alibaba.nacos.client.naming.cache.ServiceInfoHolder do shutdown begin
2025-12-07 19:24:44.848 [SpringApplicationShutdownHook] INFO  com.alibaba.nacos.client.naming - com.alibaba.nacos.client.naming.backups.FailoverReactor do shutdown begin
2025-12-07 19:24:44.848 [SpringApplicationShutdownHook] INFO  com.alibaba.nacos.client.naming - com.alibaba.nacos.client.naming.backups.FailoverReactor do shutdown stop
2025-12-07 19:24:44.848 [SpringApplicationShutdownHook] INFO  com.alibaba.nacos.client.naming - com.alibaba.nacos.client.naming.cache.ServiceInfoHolder do shutdown stop
2025-12-07 19:24:44.848 [SpringApplicationShutdownHook] INFO  com.alibaba.nacos.client.naming - com.alibaba.nacos.client.naming.remote.NamingClientProxyDelegate do shutdown begin
2025-12-07 19:24:44.848 [SpringApplicationShutdownHook] INFO  com.alibaba.nacos.client.naming - com.alibaba.nacos.client.naming.core.ServiceInfoUpdateService do shutdown begin
2025-12-07 19:24:44.848 [SpringApplicationShutdownHook] INFO  com.alibaba.nacos.client.naming - com.alibaba.nacos.client.naming.core.ServiceInfoUpdateService do shutdown stop
2025-12-07 19:24:44.848 [SpringApplicationShutdownHook] INFO  com.alibaba.nacos.client.naming - com.alibaba.nacos.client.naming.core.ServerListManager do shutdown begin
2025-12-07 19:24:44.848 [SpringApplicationShutdownHook] WARN  com.alibaba.nacos.client.naming - [NamingHttpClientManager] Start destroying NacosRestTemplate
2025-12-07 19:24:44.848 [SpringApplicationShutdownHook] WARN  com.alibaba.nacos.client.naming - [NamingHttpClientManager] Destruction of the end
2025-12-07 19:24:44.848 [SpringApplicationShutdownHook] INFO  com.alibaba.nacos.client.naming - com.alibaba.nacos.client.naming.core.ServerListManager do shutdown stop
2025-12-07 19:24:44.848 [SpringApplicationShutdownHook] INFO  com.alibaba.nacos.client.naming - com.alibaba.nacos.client.naming.remote.http.NamingHttpClientProxy do shutdown begin
2025-12-07 19:24:44.848 [SpringApplicationShutdownHook] WARN  com.alibaba.nacos.client.naming - [NamingHttpClientManager] Start destroying NacosRestTemplate
2025-12-07 19:24:44.848 [SpringApplicationShutdownHook] WARN  com.alibaba.nacos.client.naming - [NamingHttpClientManager] Destruction of the end
2025-12-07 19:24:44.848 [SpringApplicationShutdownHook] INFO  com.alibaba.nacos.client.naming - com.alibaba.nacos.client.naming.remote.http.NamingHttpClientProxy do shutdown stop
2025-12-07 19:24:44.848 [SpringApplicationShutdownHook] INFO  com.alibaba.nacos.common.remote.client - Shutdown rpc client, set status to shutdown
2025-12-07 19:24:44.848 [SpringApplicationShutdownHook] INFO  com.alibaba.nacos.common.remote.client - Shutdown client event executor java.util.concurrent.ScheduledThreadPoolExecutor@49a65b3c[Running, pool size = 2, active threads = 2, queued tasks = 0, completed tasks = 0]
2025-12-07 19:24:44.848 [SpringApplicationShutdownHook] INFO  com.alibaba.nacos.common.remote.client - Close current connection 1764955981688_192.168.88.1_55228
2025-12-07 19:24:44.852 [SpringApplicationShutdownHook] INFO  c.a.nacos.common.remote.client.grpc.GrpcClient - Shutdown grpc executor java.util.concurrent.ThreadPoolExecutor@5a60fbd8[Running, pool size = 3, active threads = 0, queued tasks = 0, completed tasks = 161]
2025-12-07 19:24:44.852 [SpringApplicationShutdownHook] INFO  com.alibaba.nacos.client.naming - Shutdown grpc redo service executor java.util.concurrent.ScheduledThreadPoolExecutor@650f5082[Running, pool size = 1, active threads = 0, queued tasks = 1, completed tasks = 238]
2025-12-07 19:24:44.852 [SpringApplicationShutdownHook] INFO  c.a.n.client.auth.ram.identify.CredentialWatcher - [null] CredentialWatcher is stopped
2025-12-07 19:24:44.852 [SpringApplicationShutdownHook] INFO  c.a.n.client.auth.ram.identify.CredentialService - [null] CredentialService is freed
2025-12-07 19:24:44.852 [SpringApplicationShutdownHook] INFO  com.alibaba.nacos.client.naming - com.alibaba.nacos.client.naming.remote.NamingClientProxyDelegate do shutdown stop
2025-12-07 19:24:44.992 [SpringApplicationShutdownHook] INFO  com.alibaba.druid.pool.DruidDataSource - {dataSource-1} closing ...
2025-12-07 19:24:44.999 [SpringApplicationShutdownHook] INFO  com.alibaba.druid.pool.DruidDataSource - {dataSource-1} closed
